-----------------------------before filter-----------------------
----->>>> train
Dataset({
    features: ['input_values', 'input_length', 'labels'],
    num_rows: 28539
})
----->>>> valid
Dataset({
    features: ['input_values', 'input_length', 'labels'],
    num_rows: 2703
})
----->>>> test
Dataset({
    features: ['input_values', 'input_length', 'labels'],
    num_rows: 2620
})
-----------------------------after filter-----------------------
----->>>> train
Dataset({
    features: ['input_values', 'input_length', 'labels'],
    num_rows: 28538
})
----->>>> valid
Dataset({
    features: ['input_values', 'input_length', 'labels'],
    num_rows: 2642
})
----->>>> test
Dataset({
    features: ['input_values', 'input_length', 'labels'],
    num_rows: 2528
})

 #Train: 28538, #Valid: 2642, #Test: 2528 
------>>> Trainable params(before freeze): 311259294
------>>> Trainable params(after  freeze): 311259294
{'loss': 7.9418, 'learning_rate': 6.000000000000001e-07, 'epoch': 0.06}
{'loss': 7.671, 'learning_rate': 1.1940000000000001e-06, 'epoch': 0.11}
{'loss': 6.9605, 'learning_rate': 1.794e-06, 'epoch': 0.17}
{'loss': 4.8481, 'learning_rate': 2.394e-06, 'epoch': 0.22}
{'loss': 3.3739, 'learning_rate': 2.988e-06, 'epoch': 0.28}
{'eval_loss': 3.1340441703796387, 'eval_wer': 1.0, 'eval_runtime': 129.1535, 'eval_samples_per_second': 20.456, 'eval_steps_per_second': 1.285, 'epoch': 0.28}
{'loss': 3.049, 'learning_rate': 3.588e-06, 'epoch': 0.34}
{'loss': 2.9643, 'learning_rate': 4.188e-06, 'epoch': 0.39}
{'loss': 2.9273, 'learning_rate': 4.788e-06, 'epoch': 0.45}
{'loss': 2.911, 'learning_rate': 5.388000000000001e-06, 'epoch': 0.5}
{'loss': 2.891, 'learning_rate': 5.988e-06, 'epoch': 0.56}
{'eval_loss': 2.9183292388916016, 'eval_wer': 1.0, 'eval_runtime': 129.6118, 'eval_samples_per_second': 20.384, 'eval_steps_per_second': 1.281, 'epoch': 0.56}
{'loss': 2.8862, 'learning_rate': 6.5879999999999994e-06, 'epoch': 0.62}
{'loss': 2.8742, 'learning_rate': 7.1880000000000005e-06, 'epoch': 0.67}
{'loss': 2.8706, 'learning_rate': 7.788e-06, 'epoch': 0.73}
{'loss': 2.8679, 'learning_rate': 8.388e-06, 'epoch': 0.78}
{'loss': 2.8619, 'learning_rate': 8.988e-06, 'epoch': 0.84}
{'eval_loss': 2.891948699951172, 'eval_wer': 1.0, 'eval_runtime': 128.9929, 'eval_samples_per_second': 20.482, 'eval_steps_per_second': 1.287, 'epoch': 0.84}
{'loss': 2.8579, 'learning_rate': 9.588e-06, 'epoch': 0.9}
{'loss': 2.8594, 'learning_rate': 1.0188000000000001e-05, 'epoch': 0.95}
{'loss': 2.855, 'learning_rate': 1.0787999999999999e-05, 'epoch': 1.01}
{'loss': 2.8551, 'learning_rate': 1.1388e-05, 'epoch': 1.07}
{'loss': 2.853, 'learning_rate': 1.1988000000000001e-05, 'epoch': 1.12}
{'eval_loss': 2.8697779178619385, 'eval_wer': 1.0, 'eval_runtime': 129.3879, 'eval_samples_per_second': 20.419, 'eval_steps_per_second': 1.283, 'epoch': 1.12}
{'loss': 2.8291, 'learning_rate': 1.2587999999999999e-05, 'epoch': 1.18}
{'loss': 2.5475, 'learning_rate': 1.3188e-05, 'epoch': 1.23}
{'loss': 1.5299, 'learning_rate': 1.3788e-05, 'epoch': 1.29}
{'loss': 1.0441, 'learning_rate': 1.4388000000000002e-05, 'epoch': 1.35}
{'loss': 0.9501, 'learning_rate': 1.4988e-05, 'epoch': 1.4}
{'eval_loss': 0.3623935878276825, 'eval_wer': 0.13193177310591037, 'eval_runtime': 130.2082, 'eval_samples_per_second': 20.291, 'eval_steps_per_second': 1.275, 'epoch': 1.4}
{'loss': 0.8758, 'learning_rate': 1.5588e-05, 'epoch': 1.46}
{'loss': 0.8252, 'learning_rate': 1.6187999999999998e-05, 'epoch': 1.51}
{'loss': 0.7905, 'learning_rate': 1.6788e-05, 'epoch': 1.57}
{'loss': 0.7691, 'learning_rate': 1.7388e-05, 'epoch': 1.63}
{'loss': 0.733, 'learning_rate': 1.7988e-05, 'epoch': 1.68}
{'eval_loss': 0.2351948320865631, 'eval_wer': 0.10803252677508925, 'eval_runtime': 129.5282, 'eval_samples_per_second': 20.397, 'eval_steps_per_second': 1.282, 'epoch': 1.68}
{'loss': 0.7325, 'learning_rate': 1.8588000000000002e-05, 'epoch': 1.74}
{'loss': 0.724, 'learning_rate': 1.9188e-05, 'epoch': 1.79}
{'loss': 0.7149, 'learning_rate': 1.9788e-05, 'epoch': 1.85}
{'loss': 0.7128, 'learning_rate': 2.0388e-05, 'epoch': 1.91}
{'loss': 0.7063, 'learning_rate': 2.0988e-05, 'epoch': 1.96}
{'eval_loss': 0.20246128737926483, 'eval_wer': 0.09793732645775485, 'eval_runtime': 130.0109, 'eval_samples_per_second': 20.321, 'eval_steps_per_second': 1.277, 'epoch': 1.96}
{'loss': 0.6795, 'learning_rate': 2.1588e-05, 'epoch': 2.02}
{'loss': 0.68, 'learning_rate': 2.2188e-05, 'epoch': 2.07}
{'loss': 0.6525, 'learning_rate': 2.2788000000000003e-05, 'epoch': 2.13}
{'loss': 0.6501, 'learning_rate': 2.3388e-05, 'epoch': 2.19}
{'loss': 0.6609, 'learning_rate': 2.3988e-05, 'epoch': 2.24}
{'eval_loss': 0.19807328283786774, 'eval_wer': 0.09698532328441095, 'eval_runtime': 129.4484, 'eval_samples_per_second': 20.41, 'eval_steps_per_second': 1.282, 'epoch': 2.24}
{'loss': 0.6648, 'learning_rate': 2.4588e-05, 'epoch': 2.3}
{'loss': 0.6498, 'learning_rate': 2.5188e-05, 'epoch': 2.35}
{'loss': 0.6475, 'learning_rate': 2.5788e-05, 'epoch': 2.41}
{'loss': 0.6585, 'learning_rate': 2.6388000000000002e-05, 'epoch': 2.47}
{'loss': 0.6512, 'learning_rate': 2.6988e-05, 'epoch': 2.52}
{'eval_loss': 0.20295138657093048, 'eval_wer': 0.09591431971439905, 'eval_runtime': 129.3979, 'eval_samples_per_second': 20.418, 'eval_steps_per_second': 1.283, 'epoch': 2.52}
{'loss': 0.6397, 'learning_rate': 2.7588e-05, 'epoch': 2.58}
{'loss': 0.6581, 'learning_rate': 2.8188000000000002e-05, 'epoch': 2.63}
{'loss': 0.6482, 'learning_rate': 2.8788e-05, 'epoch': 2.69}
{'loss': 0.645, 'learning_rate': 2.9388e-05, 'epoch': 2.75}
{'loss': 0.639, 'learning_rate': 2.9988e-05, 'epoch': 2.8}
{'eval_loss': 0.18355591595172882, 'eval_wer': 0.09387147957159857, 'eval_runtime': 129.3969, 'eval_samples_per_second': 20.418, 'eval_steps_per_second': 1.283, 'epoch': 2.8}
{'loss': 0.6346, 'learning_rate': 3e-05, 'epoch': 2.86}
{'loss': 0.6466, 'learning_rate': 3e-05, 'epoch': 2.91}
{'loss': 0.6371, 'learning_rate': 3e-05, 'epoch': 2.97}
{'loss': 0.5645, 'learning_rate': 3e-05, 'epoch': 3.03}
{'loss': 0.6188, 'learning_rate': 3e-05, 'epoch': 3.08}
{'eval_loss': 0.1697613149881363, 'eval_wer': 0.0886156287187624, 'eval_runtime': 129.902, 'eval_samples_per_second': 20.338, 'eval_steps_per_second': 1.278, 'epoch': 3.08}
{'loss': 0.6029, 'learning_rate': 3e-05, 'epoch': 3.14}
{'loss': 0.6169, 'learning_rate': 3e-05, 'epoch': 3.2}
{'loss': 0.6255, 'learning_rate': 3e-05, 'epoch': 3.25}
{'loss': 0.6377, 'learning_rate': 3e-05, 'epoch': 3.31}
{'loss': 0.6365, 'learning_rate': 3e-05, 'epoch': 3.36}
{'eval_loss': 0.16808313131332397, 'eval_wer': 0.08972629908766362, 'eval_runtime': 129.6748, 'eval_samples_per_second': 20.374, 'eval_steps_per_second': 1.28, 'epoch': 3.36}
{'loss': 0.6221, 'learning_rate': 3e-05, 'epoch': 3.42}
{'loss': 0.6136, 'learning_rate': 3e-05, 'epoch': 3.48}
{'loss': 0.596, 'learning_rate': 3e-05, 'epoch': 3.53}
{'loss': 0.5959, 'learning_rate': 3e-05, 'epoch': 3.59}
{'loss': 0.6078, 'learning_rate': 3e-05, 'epoch': 3.64}
{'eval_loss': 0.16546525061130524, 'eval_wer': 0.08851646172153907, 'eval_runtime': 129.8162, 'eval_samples_per_second': 20.352, 'eval_steps_per_second': 1.279, 'epoch': 3.64}
{'loss': 0.5992, 'learning_rate': 3e-05, 'epoch': 3.7}
{'loss': 0.6121, 'learning_rate': 3e-05, 'epoch': 3.76}
{'loss': 0.611, 'learning_rate': 3e-05, 'epoch': 3.81}
{'loss': 0.5848, 'learning_rate': 3e-05, 'epoch': 3.87}
{'loss': 0.5932, 'learning_rate': 3e-05, 'epoch': 3.92}
{'eval_loss': 0.16543671488761902, 'eval_wer': 0.08829829432764776, 'eval_runtime': 129.2313, 'eval_samples_per_second': 20.444, 'eval_steps_per_second': 1.285, 'epoch': 3.92}
{'loss': 0.5879, 'learning_rate': 3e-05, 'epoch': 3.98}
{'loss': 0.6477, 'learning_rate': 3e-05, 'epoch': 4.04}
{'loss': 0.5877, 'learning_rate': 3e-05, 'epoch': 4.09}
{'loss': 0.5828, 'learning_rate': 3e-05, 'epoch': 4.15}
{'loss': 0.5968, 'learning_rate': 3e-05, 'epoch': 4.2}
{'eval_loss': 0.16188360750675201, 'eval_wer': 0.08984529948433162, 'eval_runtime': 129.9208, 'eval_samples_per_second': 20.335, 'eval_steps_per_second': 1.278, 'epoch': 4.2}
{'loss': 0.5828, 'learning_rate': 3e-05, 'epoch': 4.26}
{'loss': 0.5948, 'learning_rate': 3e-05, 'epoch': 4.32}
{'loss': 0.5887, 'learning_rate': 3e-05, 'epoch': 4.37}
{'loss': 0.5831, 'learning_rate': 3e-05, 'epoch': 4.43}
{'loss': 0.5898, 'learning_rate': 3e-05, 'epoch': 4.48}
{'eval_loss': 0.15831845998764038, 'eval_wer': 0.08909163030543435, 'eval_runtime': 129.082, 'eval_samples_per_second': 20.468, 'eval_steps_per_second': 1.286, 'epoch': 4.48}
{'loss': 0.57, 'learning_rate': 3e-05, 'epoch': 4.54}
{'loss': 0.5892, 'learning_rate': 3e-05, 'epoch': 4.6}
{'loss': 0.5902, 'learning_rate': 3e-05, 'epoch': 4.65}
{'loss': 0.5874, 'learning_rate': 3e-05, 'epoch': 4.71}
{'loss': 0.5783, 'learning_rate': 3e-05, 'epoch': 4.76}
{'eval_loss': 0.1566438525915146, 'eval_wer': 0.08958746529155097, 'eval_runtime': 129.387, 'eval_samples_per_second': 20.419, 'eval_steps_per_second': 1.283, 'epoch': 4.76}
{'loss': 0.5783, 'learning_rate': 3e-05, 'epoch': 4.82}
{'loss': 0.5665, 'learning_rate': 3e-05, 'epoch': 4.88}
{'loss': 0.5854, 'learning_rate': 3e-05, 'epoch': 4.93}
{'loss': 0.5691, 'learning_rate': 3e-05, 'epoch': 4.99}
{'loss': 0.5997, 'learning_rate': 3e-05, 'epoch': 5.04}
{'eval_loss': 0.16284090280532837, 'eval_wer': 0.08901229670765569, 'eval_runtime': 129.2364, 'eval_samples_per_second': 20.443, 'eval_steps_per_second': 1.284, 'epoch': 5.04}
{'loss': 0.5715, 'learning_rate': 3e-05, 'epoch': 5.1}
{'loss': 0.5767, 'learning_rate': 3e-05, 'epoch': 5.16}
{'loss': 0.5722, 'learning_rate': 3e-05, 'epoch': 5.21}
{'loss': 0.5678, 'learning_rate': 3e-05, 'epoch': 5.27}
{'loss': 0.5679, 'learning_rate': 3e-05, 'epoch': 5.33}
{'eval_loss': 0.16527023911476135, 'eval_wer': 0.09053946846489488, 'eval_runtime': 129.2055, 'eval_samples_per_second': 20.448, 'eval_steps_per_second': 1.285, 'epoch': 5.33}
{'loss': 0.5724, 'learning_rate': 3e-05, 'epoch': 5.38}
{'loss': 0.5781, 'learning_rate': 3e-05, 'epoch': 5.44}
{'loss': 0.5608, 'learning_rate': 3e-05, 'epoch': 5.49}
{'loss': 0.5613, 'learning_rate': 3e-05, 'epoch': 5.55}
{'loss': 0.5647, 'learning_rate': 3e-05, 'epoch': 5.61}
{'eval_loss': 0.16177351772785187, 'eval_wer': 0.08948829829432765, 'eval_runtime': 129.1602, 'eval_samples_per_second': 20.455, 'eval_steps_per_second': 1.285, 'epoch': 5.61}
{'loss': 0.5621, 'learning_rate': 3e-05, 'epoch': 5.66}
{'loss': 0.5636, 'learning_rate': 3e-05, 'epoch': 5.72}
{'loss': 0.5743, 'learning_rate': 3e-05, 'epoch': 5.77}
{'loss': 0.5735, 'learning_rate': 3e-05, 'epoch': 5.83}
{'loss': 0.5608, 'learning_rate': 3e-05, 'epoch': 5.89}
{'eval_loss': 0.16055074334144592, 'eval_wer': 0.08819912733042444, 'eval_runtime': 129.6122, 'eval_samples_per_second': 20.384, 'eval_steps_per_second': 1.281, 'epoch': 5.89}
{'loss': 0.5538, 'learning_rate': 3e-05, 'epoch': 5.94}
{'loss': 0.5017, 'learning_rate': 3e-05, 'epoch': 6.0}
{'loss': 0.551, 'learning_rate': 3e-05, 'epoch': 6.05}
{'loss': 0.5404, 'learning_rate': 3e-05, 'epoch': 6.11}
{'loss': 0.5638, 'learning_rate': 3e-05, 'epoch': 6.17}
{'eval_loss': 0.1625933200120926, 'eval_wer': 0.0868107893692979, 'eval_runtime': 129.0832, 'eval_samples_per_second': 20.467, 'eval_steps_per_second': 1.286, 'epoch': 6.17}
{'loss': 0.583, 'learning_rate': 3e-05, 'epoch': 6.22}
{'loss': 0.5494, 'learning_rate': 3e-05, 'epoch': 6.28}
{'loss': 0.5542, 'learning_rate': 3e-05, 'epoch': 6.33}
{'loss': 0.569, 'learning_rate': 3e-05, 'epoch': 6.39}
{'loss': 0.5696, 'learning_rate': 3e-05, 'epoch': 6.45}
{'eval_loss': 0.16430838406085968, 'eval_wer': 0.08696945656485522, 'eval_runtime': 129.5276, 'eval_samples_per_second': 20.397, 'eval_steps_per_second': 1.282, 'epoch': 6.45}
{'loss': 0.5624, 'learning_rate': 3e-05, 'epoch': 6.5}
{'loss': 0.5621, 'learning_rate': 3e-05, 'epoch': 6.56}
{'loss': 0.5501, 'learning_rate': 3e-05, 'epoch': 6.61}
{'loss': 0.5576, 'learning_rate': 3e-05, 'epoch': 6.67}
{'loss': 0.5325, 'learning_rate': 3e-05, 'epoch': 6.73}
{'eval_loss': 0.16103342175483704, 'eval_wer': 0.085680285600952, 'eval_runtime': 129.5586, 'eval_samples_per_second': 20.392, 'eval_steps_per_second': 1.281, 'epoch': 6.73}
{'loss': 0.5421, 'learning_rate': 3e-05, 'epoch': 6.78}
{'loss': 0.5481, 'learning_rate': 3e-05, 'epoch': 6.84}
{'loss': 0.5442, 'learning_rate': 3e-05, 'epoch': 6.89}
{'loss': 0.5599, 'learning_rate': 3e-05, 'epoch': 6.95}
{'loss': 0.5806, 'learning_rate': 3e-05, 'epoch': 7.01}
{'eval_loss': 0.15382120013237, 'eval_wer': 0.08813962713209043, 'eval_runtime': 129.7059, 'eval_samples_per_second': 20.369, 'eval_steps_per_second': 1.28, 'epoch': 7.01}
{'loss': 0.5432, 'learning_rate': 3e-05, 'epoch': 7.06}
{'loss': 0.5397, 'learning_rate': 3e-05, 'epoch': 7.12}
{'loss': 0.5514, 'learning_rate': 3e-05, 'epoch': 7.17}
{'loss': 0.549, 'learning_rate': 3e-05, 'epoch': 7.23}
{'loss': 0.5348, 'learning_rate': 3e-05, 'epoch': 7.29}
{'eval_loss': 0.15727420151233673, 'eval_wer': 0.0886156287187624, 'eval_runtime': 129.4459, 'eval_samples_per_second': 20.41, 'eval_steps_per_second': 1.282, 'epoch': 7.29}
{'loss': 0.5513, 'learning_rate': 3e-05, 'epoch': 7.34}
{'loss': 0.5521, 'learning_rate': 3e-05, 'epoch': 7.4}
{'loss': 0.5358, 'learning_rate': 3e-05, 'epoch': 7.46}
{'loss': 0.5355, 'learning_rate': 3e-05, 'epoch': 7.51}
{'loss': 0.5421, 'learning_rate': 3e-05, 'epoch': 7.57}
{'eval_loss': 0.15749084949493408, 'eval_wer': 0.08851646172153907, 'eval_runtime': 129.4264, 'eval_samples_per_second': 20.413, 'eval_steps_per_second': 1.283, 'epoch': 7.57}
{'loss': 0.5257, 'learning_rate': 3e-05, 'epoch': 7.62}
{'loss': 0.5445, 'learning_rate': 3e-05, 'epoch': 7.68}
{'loss': 0.5298, 'learning_rate': 3e-05, 'epoch': 7.74}
{'loss': 0.5409, 'learning_rate': 3e-05, 'epoch': 7.79}
{'loss': 0.5447, 'learning_rate': 3e-05, 'epoch': 7.85}
{'eval_loss': 0.15653859078884125, 'eval_wer': 0.08702895676318921, 'eval_runtime': 129.558, 'eval_samples_per_second': 20.392, 'eval_steps_per_second': 1.281, 'epoch': 7.85}
{'loss': 0.5467, 'learning_rate': 3e-05, 'epoch': 7.9}
{'loss': 0.5387, 'learning_rate': 3e-05, 'epoch': 7.96}
{'loss': 0.5516, 'learning_rate': 3e-05, 'epoch': 8.02}
{'loss': 0.5264, 'learning_rate': 3e-05, 'epoch': 8.07}
{'loss': 0.5272, 'learning_rate': 3e-05, 'epoch': 8.13}
{'eval_loss': 0.16044653952121735, 'eval_wer': 0.09044030146767155, 'eval_runtime': 129.6174, 'eval_samples_per_second': 20.383, 'eval_steps_per_second': 1.281, 'epoch': 8.13}
{'loss': 0.5127, 'learning_rate': 3e-05, 'epoch': 8.18}
{'loss': 0.5325, 'learning_rate': 3e-05, 'epoch': 8.24}
{'loss': 0.5414, 'learning_rate': 3e-05, 'epoch': 8.3}
{'loss': 0.5253, 'learning_rate': 3e-05, 'epoch': 8.35}
{'loss': 0.5316, 'learning_rate': 3e-05, 'epoch': 8.41}
{'eval_loss': 0.15607920289039612, 'eval_wer': 0.09012296707655693, 'eval_runtime': 129.8775, 'eval_samples_per_second': 20.342, 'eval_steps_per_second': 1.278, 'epoch': 8.41}
{'loss': 0.551, 'learning_rate': 3e-05, 'epoch': 8.46}
{'loss': 0.5283, 'learning_rate': 3e-05, 'epoch': 8.52}
{'loss': 0.5182, 'learning_rate': 3e-05, 'epoch': 8.58}
{'loss': 0.5372, 'learning_rate': 3e-05, 'epoch': 8.63}
{'loss': 0.5362, 'learning_rate': 3e-05, 'epoch': 8.69}
{'eval_loss': 0.1576078087091446, 'eval_wer': 0.08952796509321698, 'eval_runtime': 132.6959, 'eval_samples_per_second': 19.91, 'eval_steps_per_second': 1.251, 'epoch': 8.69}
{'loss': 0.5373, 'learning_rate': 3e-05, 'epoch': 8.74}
{'loss': 0.5218, 'learning_rate': 3e-05, 'epoch': 8.8}
{'loss': 0.5182, 'learning_rate': 3e-05, 'epoch': 8.86}
{'loss': 0.5334, 'learning_rate': 3e-05, 'epoch': 8.91}
{'loss': 0.5333, 'learning_rate': 3e-05, 'epoch': 8.97}
{'eval_loss': 0.1610744744539261, 'eval_wer': 0.08792145973819913, 'eval_runtime': 132.615, 'eval_samples_per_second': 19.922, 'eval_steps_per_second': 1.252, 'epoch': 8.97}
{'loss': 0.4563, 'learning_rate': 3e-05, 'epoch': 9.02}
{'loss': 0.5306, 'learning_rate': 3e-05, 'epoch': 9.08}
{'loss': 0.5059, 'learning_rate': 3e-05, 'epoch': 9.14}
{'loss': 0.5041, 'learning_rate': 3e-05, 'epoch': 9.19}
{'loss': 0.5354, 'learning_rate': 3e-05, 'epoch': 9.25}
{'eval_loss': 0.16457206010818481, 'eval_wer': 0.08817929393097977, 'eval_runtime': 129.964, 'eval_samples_per_second': 20.329, 'eval_steps_per_second': 1.277, 'epoch': 9.25}
{'loss': 0.513, 'learning_rate': 3e-05, 'epoch': 9.3}
{'loss': 0.5169, 'learning_rate': 3e-05, 'epoch': 9.36}
{'loss': 0.5262, 'learning_rate': 3e-05, 'epoch': 9.42}
{'loss': 0.5259, 'learning_rate': 3e-05, 'epoch': 9.47}
{'loss': 0.5403, 'learning_rate': 3e-05, 'epoch': 9.53}
{'eval_loss': 0.16497290134429932, 'eval_wer': 0.08585878619595398, 'eval_runtime': 129.6363, 'eval_samples_per_second': 20.38, 'eval_steps_per_second': 1.281, 'epoch': 9.53}
{'loss': 0.5113, 'learning_rate': 3e-05, 'epoch': 9.59}
{'loss': 0.5028, 'learning_rate': 3e-05, 'epoch': 9.64}
{'loss': 0.5205, 'learning_rate': 3e-05, 'epoch': 9.7}
{'loss': 0.5097, 'learning_rate': 3e-05, 'epoch': 9.75}
{'loss': 0.5037, 'learning_rate': 3e-05, 'epoch': 9.81}
{'eval_loss': 0.16518668830394745, 'eval_wer': 0.08625545418484729, 'eval_runtime': 130.1633, 'eval_samples_per_second': 20.298, 'eval_steps_per_second': 1.275, 'epoch': 9.81}
{'loss': 0.5284, 'learning_rate': 3e-05, 'epoch': 9.87}
{'loss': 0.5388, 'learning_rate': 3e-05, 'epoch': 9.92}
{'loss': 0.5134, 'learning_rate': 3e-05, 'epoch': 9.98}
{'loss': 0.5366, 'learning_rate': 3e-05, 'epoch': 10.03}
{'loss': 0.5047, 'learning_rate': 3e-05, 'epoch': 10.09}
{'eval_loss': 0.1632613241672516, 'eval_wer': 0.0882784609282031, 'eval_runtime': 130.0335, 'eval_samples_per_second': 20.318, 'eval_steps_per_second': 1.277, 'epoch': 10.09}
{'loss': 0.5064, 'learning_rate': 3e-05, 'epoch': 10.15}
{'loss': 0.5108, 'learning_rate': 3e-05, 'epoch': 10.2}
{'loss': 0.4993, 'learning_rate': 3e-05, 'epoch': 10.26}
{'loss': 0.5107, 'learning_rate': 3e-05, 'epoch': 10.31}
{'loss': 0.5199, 'learning_rate': 3e-05, 'epoch': 10.37}
{'eval_loss': 0.16353736817836761, 'eval_wer': 0.085739785799286, 'eval_runtime': 130.1708, 'eval_samples_per_second': 20.296, 'eval_steps_per_second': 1.275, 'epoch': 10.37}
{'loss': 0.5053, 'learning_rate': 3e-05, 'epoch': 10.43}
{'loss': 0.5101, 'learning_rate': 3e-05, 'epoch': 10.48}
{'loss': 0.4987, 'learning_rate': 3e-05, 'epoch': 10.54}
{'loss': 0.488, 'learning_rate': 3e-05, 'epoch': 10.59}
{'loss': 0.506, 'learning_rate': 3e-05, 'epoch': 10.65}
{'eval_loss': 0.16059510409832, 'eval_wer': 0.08692978976596588, 'eval_runtime': 130.1515, 'eval_samples_per_second': 20.299, 'eval_steps_per_second': 1.275, 'epoch': 10.65}
{'loss': 0.5212, 'learning_rate': 3e-05, 'epoch': 10.71}
{'loss': 0.5146, 'learning_rate': 3e-05, 'epoch': 10.76}
{'loss': 0.509, 'learning_rate': 3e-05, 'epoch': 10.82}
{'loss': 0.5114, 'learning_rate': 3e-05, 'epoch': 10.87}
{'loss': 0.5074, 'learning_rate': 3e-05, 'epoch': 10.93}
{'eval_loss': 0.1619257777929306, 'eval_wer': 0.08744545815152717, 'eval_runtime': 130.0518, 'eval_samples_per_second': 20.315, 'eval_steps_per_second': 1.276, 'epoch': 10.93}
{'loss': 0.5049, 'learning_rate': 3e-05, 'epoch': 10.99}
{'loss': 0.5152, 'learning_rate': 3e-05, 'epoch': 11.04}
{'loss': 0.5005, 'learning_rate': 3e-05, 'epoch': 11.1}
{'loss': 0.4959, 'learning_rate': 3e-05, 'epoch': 11.15}
{'loss': 0.493, 'learning_rate': 3e-05, 'epoch': 11.21}
{'eval_loss': 0.1590198278427124, 'eval_wer': 0.08883379611265371, 'eval_runtime': 129.7701, 'eval_samples_per_second': 20.359, 'eval_steps_per_second': 1.279, 'epoch': 11.21}
{'loss': 0.4952, 'learning_rate': 3e-05, 'epoch': 11.27}
{'loss': 0.5024, 'learning_rate': 3e-05, 'epoch': 11.32}
{'loss': 0.4765, 'learning_rate': 3e-05, 'epoch': 11.38}
{'loss': 0.5013, 'learning_rate': 3e-05, 'epoch': 11.43}
{'loss': 0.4964, 'learning_rate': 3e-05, 'epoch': 11.49}
{'eval_loss': 0.15691794455051422, 'eval_wer': 0.0870884569615232, 'eval_runtime': 130.0627, 'eval_samples_per_second': 20.313, 'eval_steps_per_second': 1.276, 'epoch': 11.49}
{'loss': 0.5003, 'learning_rate': 3e-05, 'epoch': 11.55}
{'loss': 0.4936, 'learning_rate': 3e-05, 'epoch': 11.6}
{'loss': 0.4979, 'learning_rate': 3e-05, 'epoch': 11.66}
{'loss': 0.4988, 'learning_rate': 3e-05, 'epoch': 11.72}
{'loss': 0.5, 'learning_rate': 3e-05, 'epoch': 11.77}
{'eval_loss': 0.15852439403533936, 'eval_wer': 0.08865529551765172, 'eval_runtime': 130.3784, 'eval_samples_per_second': 20.264, 'eval_steps_per_second': 1.273, 'epoch': 11.77}
{'loss': 0.492, 'learning_rate': 3e-05, 'epoch': 11.83}
{'loss': 0.4896, 'learning_rate': 3e-05, 'epoch': 11.88}
{'loss': 0.4966, 'learning_rate': 3e-05, 'epoch': 11.94}
{'loss': 0.4607, 'learning_rate': 3e-05, 'epoch': 12.0}
{'loss': 0.4946, 'learning_rate': 3e-05, 'epoch': 12.05}
{'eval_loss': 0.16822203993797302, 'eval_wer': 0.08857596191987306, 'eval_runtime': 129.5986, 'eval_samples_per_second': 20.386, 'eval_steps_per_second': 1.281, 'epoch': 12.05}
{'loss': 0.4794, 'learning_rate': 3e-05, 'epoch': 12.11}
{'loss': 0.4731, 'learning_rate': 3e-05, 'epoch': 12.16}
{'loss': 0.4733, 'learning_rate': 3e-05, 'epoch': 12.22}
{'loss': 0.4998, 'learning_rate': 3e-05, 'epoch': 12.28}
{'loss': 0.4981, 'learning_rate': 3e-05, 'epoch': 12.33}
{'eval_loss': 0.16841132938861847, 'eval_wer': 0.08627528758429195, 'eval_runtime': 129.7533, 'eval_samples_per_second': 20.362, 'eval_steps_per_second': 1.279, 'epoch': 12.33}
{'loss': 0.4648, 'learning_rate': 3e-05, 'epoch': 12.39}
{'loss': 0.4788, 'learning_rate': 3e-05, 'epoch': 12.44}
{'loss': 0.4939, 'learning_rate': 3e-05, 'epoch': 12.5}
{'loss': 0.4861, 'learning_rate': 3e-05, 'epoch': 12.56}
{'loss': 0.4572, 'learning_rate': 3e-05, 'epoch': 12.61}
{'eval_loss': 0.17111584544181824, 'eval_wer': 0.08589845299484332, 'eval_runtime': 130.3414, 'eval_samples_per_second': 20.27, 'eval_steps_per_second': 1.274, 'epoch': 12.61}
{'loss': 0.4663, 'learning_rate': 3e-05, 'epoch': 12.67}
{'loss': 0.483, 'learning_rate': 3e-05, 'epoch': 12.72}
{'loss': 0.4879, 'learning_rate': 3e-05, 'epoch': 12.78}
{'loss': 0.479, 'learning_rate': 3e-05, 'epoch': 12.84}
{'loss': 0.5034, 'learning_rate': 3e-05, 'epoch': 12.89}
{'eval_loss': 0.16780561208724976, 'eval_wer': 0.08669178897262991, 'eval_runtime': 129.7306, 'eval_samples_per_second': 20.365, 'eval_steps_per_second': 1.28, 'epoch': 12.89}
{'loss': 0.5025, 'learning_rate': 3e-05, 'epoch': 12.95}
{'loss': 0.4719, 'learning_rate': 3e-05, 'epoch': 13.0}
{'loss': 0.4645, 'learning_rate': 3e-05, 'epoch': 13.06}
{'loss': 0.4628, 'learning_rate': 3e-05, 'epoch': 13.12}
{'loss': 0.4759, 'learning_rate': 3e-05, 'epoch': 13.17}
{'eval_loss': 0.1678333431482315, 'eval_wer': 0.0874851249504165, 'eval_runtime': 129.5947, 'eval_samples_per_second': 20.387, 'eval_steps_per_second': 1.281, 'epoch': 13.17}
{'loss': 0.4719, 'learning_rate': 3e-05, 'epoch': 13.23}
{'loss': 0.472, 'learning_rate': 3e-05, 'epoch': 13.28}
{'loss': 0.4654, 'learning_rate': 3e-05, 'epoch': 13.34}
{'loss': 0.4688, 'learning_rate': 3e-05, 'epoch': 13.4}
{'loss': 0.4775, 'learning_rate': 3e-05, 'epoch': 13.45}
{'eval_loss': 0.1701381355524063, 'eval_wer': 0.08665212217374058, 'eval_runtime': 130.1586, 'eval_samples_per_second': 20.298, 'eval_steps_per_second': 1.275, 'epoch': 13.45}
{'loss': 0.4859, 'learning_rate': 3e-05, 'epoch': 13.51}
{'loss': 0.4721, 'learning_rate': 3e-05, 'epoch': 13.57}
{'loss': 0.48, 'learning_rate': 3e-05, 'epoch': 13.62}
{'loss': 0.4717, 'learning_rate': 3e-05, 'epoch': 13.68}
{'loss': 0.4755, 'learning_rate': 3e-05, 'epoch': 13.73}
{'eval_loss': 0.16902422904968262, 'eval_wer': 0.08760412534708449, 'eval_runtime': 130.4763, 'eval_samples_per_second': 20.249, 'eval_steps_per_second': 1.272, 'epoch': 13.73}
{'loss': 0.4818, 'learning_rate': 3e-05, 'epoch': 13.79}
{'loss': 0.4654, 'learning_rate': 3e-05, 'epoch': 13.85}
{'loss': 0.4738, 'learning_rate': 3e-05, 'epoch': 13.9}
{'loss': 0.4593, 'learning_rate': 3e-05, 'epoch': 13.96}
{'loss': 0.4962, 'learning_rate': 3e-05, 'epoch': 14.01}
{'eval_loss': 0.1667875498533249, 'eval_wer': 0.08887346291154304, 'eval_runtime': 130.2111, 'eval_samples_per_second': 20.29, 'eval_steps_per_second': 1.275, 'epoch': 14.01}
{'loss': 0.4433, 'learning_rate': 1.6606666666666668e-05, 'epoch': 14.07}
{'loss': 0.44, 'learning_rate': 1.654e-05, 'epoch': 14.13}
{'loss': 0.4368, 'learning_rate': 1.6473333333333334e-05, 'epoch': 14.18}
{'loss': 0.4722, 'learning_rate': 1.6406666666666667e-05, 'epoch': 14.24}
{'loss': 0.4579, 'learning_rate': 1.634e-05, 'epoch': 14.29}
{'eval_loss': 0.16889099776744843, 'eval_wer': 0.08736612455374851, 'eval_runtime': 130.5829, 'eval_samples_per_second': 20.232, 'eval_steps_per_second': 1.271, 'epoch': 14.29}
{'loss': 0.4443, 'learning_rate': 1.6273333333333332e-05, 'epoch': 14.35}
{'loss': 0.4566, 'learning_rate': 1.6207333333333333e-05, 'epoch': 14.41}
{'loss': 0.4643, 'learning_rate': 1.6140666666666666e-05, 'epoch': 14.46}
{'loss': 0.4517, 'learning_rate': 1.6074000000000002e-05, 'epoch': 14.52}
{'loss': 0.4455, 'learning_rate': 1.6007333333333335e-05, 'epoch': 14.57}
{'eval_loss': 0.16556017100811005, 'eval_wer': 0.08813962713209043, 'eval_runtime': 129.8309, 'eval_samples_per_second': 20.35, 'eval_steps_per_second': 1.279, 'epoch': 14.57}
{'loss': 0.4296, 'learning_rate': 1.5940666666666668e-05, 'epoch': 14.63}
{'loss': 0.4558, 'learning_rate': 1.5874e-05, 'epoch': 14.69}
{'loss': 0.4459, 'learning_rate': 1.5807333333333334e-05, 'epoch': 14.74}
{'loss': 0.444, 'learning_rate': 1.5740666666666667e-05, 'epoch': 14.8}
{'loss': 0.4712, 'learning_rate': 1.5674e-05, 'epoch': 14.85}
{'eval_loss': 0.16530141234397888, 'eval_wer': 0.08804046013486712, 'eval_runtime': 130.39, 'eval_samples_per_second': 20.262, 'eval_steps_per_second': 1.273, 'epoch': 14.85}
{'loss': 0.4569, 'learning_rate': 1.5607333333333332e-05, 'epoch': 14.91}
{'loss': 0.4542, 'learning_rate': 1.554066666666667e-05, 'epoch': 14.97}
{'loss': 0.4167, 'learning_rate': 1.5474e-05, 'epoch': 15.02}
{'loss': 0.4456, 'learning_rate': 1.5407333333333334e-05, 'epoch': 15.08}
{'loss': 0.4643, 'learning_rate': 1.5340666666666667e-05, 'epoch': 15.13}
{'eval_loss': 0.17299474775791168, 'eval_wer': 0.08716779055930186, 'eval_runtime': 130.1977, 'eval_samples_per_second': 20.292, 'eval_steps_per_second': 1.275, 'epoch': 15.13}
{'loss': 0.4524, 'learning_rate': 1.5274e-05, 'epoch': 15.19}
{'loss': 0.4437, 'learning_rate': 1.5207333333333333e-05, 'epoch': 15.25}
{'loss': 0.4304, 'learning_rate': 1.5140666666666665e-05, 'epoch': 15.3}
{'loss': 0.457, 'learning_rate': 1.5073999999999998e-05, 'epoch': 15.36}
{'loss': 0.4382, 'learning_rate': 1.5007333333333335e-05, 'epoch': 15.41}
{'eval_loss': 0.17823587357997894, 'eval_wer': 0.0874851249504165, 'eval_runtime': 130.4318, 'eval_samples_per_second': 20.256, 'eval_steps_per_second': 1.273, 'epoch': 15.41}
{'loss': 0.4372, 'learning_rate': 1.4940666666666666e-05, 'epoch': 15.47}
{'loss': 0.4462, 'learning_rate': 1.4874e-05, 'epoch': 15.53}
{'loss': 0.4407, 'learning_rate': 1.4807333333333333e-05, 'epoch': 15.58}
{'loss': 0.4417, 'learning_rate': 1.4740666666666666e-05, 'epoch': 15.64}
{'loss': 0.4322, 'learning_rate': 1.4674e-05, 'epoch': 15.7}
{'eval_loss': 0.1731560081243515, 'eval_wer': 0.08720745735819119, 'eval_runtime': 130.1206, 'eval_samples_per_second': 20.304, 'eval_steps_per_second': 1.276, 'epoch': 15.7}
{'loss': 0.4315, 'learning_rate': 1.4607333333333335e-05, 'epoch': 15.75}
{'loss': 0.451, 'learning_rate': 1.4540666666666668e-05, 'epoch': 15.81}
{'loss': 0.43, 'learning_rate': 1.4474e-05, 'epoch': 15.86}
{'loss': 0.4401, 'learning_rate': 1.4407333333333334e-05, 'epoch': 15.92}
{'loss': 0.4398, 'learning_rate': 1.4340666666666668e-05, 'epoch': 15.98}
{'eval_loss': 0.17181485891342163, 'eval_wer': 0.08778262594208647, 'eval_runtime': 130.1848, 'eval_samples_per_second': 20.294, 'eval_steps_per_second': 1.275, 'epoch': 15.98}
{'loss': 0.4194, 'learning_rate': 1.4274000000000001e-05, 'epoch': 16.03}
{'loss': 0.4413, 'learning_rate': 1.4207333333333334e-05, 'epoch': 16.09}
{'loss': 0.4468, 'learning_rate': 1.4140666666666668e-05, 'epoch': 16.14}
{'loss': 0.4286, 'learning_rate': 1.4074000000000001e-05, 'epoch': 16.2}
{'loss': 0.4309, 'learning_rate': 1.4007333333333334e-05, 'epoch': 16.26}
{'eval_loss': 0.1763310581445694, 'eval_wer': 0.08609678698928996, 'eval_runtime': 130.3462, 'eval_samples_per_second': 20.269, 'eval_steps_per_second': 1.274, 'epoch': 16.26}
{'loss': 0.4345, 'learning_rate': 1.3940666666666667e-05, 'epoch': 16.31}
{'loss': 0.4386, 'learning_rate': 1.3874000000000001e-05, 'epoch': 16.37}
{'loss': 0.452, 'learning_rate': 1.3807333333333334e-05, 'epoch': 16.42}
{'loss': 0.4376, 'learning_rate': 1.3740666666666667e-05, 'epoch': 16.48}
{'loss': 0.4253, 'learning_rate': 1.3674e-05, 'epoch': 16.54}
{'eval_loss': 0.17652295529842377, 'eval_wer': 0.08641412138040461, 'eval_runtime': 130.1091, 'eval_samples_per_second': 20.306, 'eval_steps_per_second': 1.276, 'epoch': 16.54}
{'loss': 0.4413, 'learning_rate': 1.3607333333333334e-05, 'epoch': 16.59}
{'loss': 0.4316, 'learning_rate': 1.3540666666666667e-05, 'epoch': 16.65}
{'loss': 0.4463, 'learning_rate': 1.3474e-05, 'epoch': 16.7}
{'loss': 0.4445, 'learning_rate': 1.3408000000000001e-05, 'epoch': 16.76}
{'loss': 0.4352, 'learning_rate': 1.3341333333333334e-05, 'epoch': 16.82}
{'eval_loss': 0.17514850199222565, 'eval_wer': 0.08546211820706069, 'eval_runtime': 130.0067, 'eval_samples_per_second': 20.322, 'eval_steps_per_second': 1.277, 'epoch': 16.82}
{'loss': 0.429, 'learning_rate': 1.3274666666666667e-05, 'epoch': 16.87}
{'loss': 0.4319, 'learning_rate': 1.3208e-05, 'epoch': 16.93}
{'loss': 0.4322, 'learning_rate': 1.3141333333333334e-05, 'epoch': 16.98}
{'loss': 0.4778, 'learning_rate': 1.3074666666666667e-05, 'epoch': 17.04}
{'loss': 0.4339, 'learning_rate': 1.3008e-05, 'epoch': 17.1}
{'eval_loss': 0.17402127385139465, 'eval_wer': 0.08639428798095994, 'eval_runtime': 130.5308, 'eval_samples_per_second': 20.24, 'eval_steps_per_second': 1.272, 'epoch': 17.1}
{'loss': 0.4267, 'learning_rate': 1.2941333333333334e-05, 'epoch': 17.15}
{'loss': 0.4281, 'learning_rate': 1.2874666666666667e-05, 'epoch': 17.21}
{'loss': 0.4379, 'learning_rate': 1.2808e-05, 'epoch': 17.26}
{'loss': 0.4238, 'learning_rate': 1.2741333333333333e-05, 'epoch': 17.32}
{'loss': 0.4364, 'learning_rate': 1.2674666666666667e-05, 'epoch': 17.38}
{'eval_loss': 0.1759287565946579, 'eval_wer': 0.08728679095596985, 'eval_runtime': 130.6433, 'eval_samples_per_second': 20.223, 'eval_steps_per_second': 1.271, 'epoch': 17.38}
{'loss': 0.4357, 'learning_rate': 1.2608e-05, 'epoch': 17.43}
{'loss': 0.4395, 'learning_rate': 1.2541333333333333e-05, 'epoch': 17.49}
{'loss': 0.4367, 'learning_rate': 1.2474666666666666e-05, 'epoch': 17.54}
{'loss': 0.4206, 'learning_rate': 1.2408e-05, 'epoch': 17.6}
{'loss': 0.4199, 'learning_rate': 1.2341333333333333e-05, 'epoch': 17.66}
{'eval_loss': 0.17507511377334595, 'eval_wer': 0.0867512891709639, 'eval_runtime': 130.1334, 'eval_samples_per_second': 20.302, 'eval_steps_per_second': 1.276, 'epoch': 17.66}
{'loss': 0.4387, 'learning_rate': 1.2274666666666666e-05, 'epoch': 17.71}
{'loss': 0.4326, 'learning_rate': 1.2207999999999999e-05, 'epoch': 17.77}
{'loss': 0.4351, 'learning_rate': 1.2141333333333334e-05, 'epoch': 17.83}
{'loss': 0.4388, 'learning_rate': 1.2074666666666666e-05, 'epoch': 17.88}
{'loss': 0.4128, 'learning_rate': 1.2008000000000001e-05, 'epoch': 17.94}
{'eval_loss': 0.1785329282283783, 'eval_wer': 0.08613645378817929, 'eval_runtime': 130.3119, 'eval_samples_per_second': 20.274, 'eval_steps_per_second': 1.274, 'epoch': 17.94}
{'loss': 0.3962, 'learning_rate': 1.1941333333333334e-05, 'epoch': 17.99}
{'loss': 0.4297, 'learning_rate': 1.1875333333333333e-05, 'epoch': 18.05}
{'loss': 0.4238, 'learning_rate': 1.1808666666666666e-05, 'epoch': 18.11}
{'loss': 0.4243, 'learning_rate': 1.1742e-05, 'epoch': 18.16}
{'loss': 0.4117, 'learning_rate': 1.1675333333333333e-05, 'epoch': 18.22}
{'eval_loss': 0.18145404756069183, 'eval_wer': 0.08532328441094804, 'eval_runtime': 130.6672, 'eval_samples_per_second': 20.219, 'eval_steps_per_second': 1.27, 'epoch': 18.22}
{'loss': 0.4382, 'learning_rate': 1.1608666666666666e-05, 'epoch': 18.27}
{'loss': 0.4164, 'learning_rate': 1.1541999999999999e-05, 'epoch': 18.33}
{'loss': 0.4345, 'learning_rate': 1.1475333333333335e-05, 'epoch': 18.39}
{'loss': 0.4049, 'learning_rate': 1.1408666666666668e-05, 'epoch': 18.44}
{'loss': 0.4416, 'learning_rate': 1.1342e-05, 'epoch': 18.5}
{'eval_loss': 0.17987078428268433, 'eval_wer': 0.08548195160650536, 'eval_runtime': 130.2018, 'eval_samples_per_second': 20.292, 'eval_steps_per_second': 1.275, 'epoch': 18.5}
{'loss': 0.4354, 'learning_rate': 1.1275333333333334e-05, 'epoch': 18.55}
{'loss': 0.4032, 'learning_rate': 1.1208666666666668e-05, 'epoch': 18.61}
{'loss': 0.4351, 'learning_rate': 1.1142000000000001e-05, 'epoch': 18.67}
{'loss': 0.4088, 'learning_rate': 1.1075333333333334e-05, 'epoch': 18.72}
{'loss': 0.4177, 'learning_rate': 1.1008666666666667e-05, 'epoch': 18.78}
{'eval_loss': 0.17662177979946136, 'eval_wer': 0.08609678698928996, 'eval_runtime': 130.3078, 'eval_samples_per_second': 20.275, 'eval_steps_per_second': 1.274, 'epoch': 18.78}
{'loss': 0.4198, 'learning_rate': 1.0942000000000001e-05, 'epoch': 18.83}
{'loss': 0.4396, 'learning_rate': 1.0875333333333334e-05, 'epoch': 18.89}
{'loss': 0.4302, 'learning_rate': 1.0808666666666667e-05, 'epoch': 18.95}
{'loss': 0.4005, 'learning_rate': 1.0742e-05, 'epoch': 19.0}
{'loss': 0.4321, 'learning_rate': 1.0675333333333334e-05, 'epoch': 19.06}
{'eval_loss': 0.1792251467704773, 'eval_wer': 0.0861959539865133, 'eval_runtime': 130.4762, 'eval_samples_per_second': 20.249, 'eval_steps_per_second': 1.272, 'epoch': 19.06}
{'loss': 0.427, 'learning_rate': 1.0608666666666667e-05, 'epoch': 19.11}
{'loss': 0.411, 'learning_rate': 1.0542e-05, 'epoch': 19.17}
{'loss': 0.4217, 'learning_rate': 1.0475333333333333e-05, 'epoch': 19.23}
{'loss': 0.4356, 'learning_rate': 1.0408666666666667e-05, 'epoch': 19.28}
{'loss': 0.4247, 'learning_rate': 1.0342e-05, 'epoch': 19.34}
{'eval_loss': 0.18405739963054657, 'eval_wer': 0.08488694962316541, 'eval_runtime': 129.9877, 'eval_samples_per_second': 20.325, 'eval_steps_per_second': 1.277, 'epoch': 19.34}
{'loss': 0.4194, 'learning_rate': 1.0276000000000001e-05, 'epoch': 19.39}
{'loss': 0.4117, 'learning_rate': 1.0209333333333334e-05, 'epoch': 19.45}
{'loss': 0.421, 'learning_rate': 1.0142666666666667e-05, 'epoch': 19.51}
{'loss': 0.4184, 'learning_rate': 1.0076e-05, 'epoch': 19.56}
{'loss': 0.4177, 'learning_rate': 1.0009333333333334e-05, 'epoch': 19.62}
{'eval_loss': 0.1823238879442215, 'eval_wer': 0.08581911939706466, 'eval_runtime': 130.5831, 'eval_samples_per_second': 20.232, 'eval_steps_per_second': 1.271, 'epoch': 19.62}
{'loss': 0.4236, 'learning_rate': 9.942666666666667e-06, 'epoch': 19.67}
{'loss': 0.4202, 'learning_rate': 9.876e-06, 'epoch': 19.73}
{'loss': 0.4228, 'learning_rate': 9.809333333333333e-06, 'epoch': 19.79}
{'loss': 0.4134, 'learning_rate': 9.742666666666667e-06, 'epoch': 19.84}
{'loss': 0.427, 'learning_rate': 9.676e-06, 'epoch': 19.9}
{'eval_loss': 0.18095970153808594, 'eval_wer': 0.08631495438318128, 'eval_runtime': 130.3989, 'eval_samples_per_second': 20.261, 'eval_steps_per_second': 1.273, 'epoch': 19.9}
{'loss': 0.4086, 'learning_rate': 9.609333333333333e-06, 'epoch': 19.96}
{'loss': 0.446, 'learning_rate': 9.542666666666666e-06, 'epoch': 20.01}
{'loss': 0.4212, 'learning_rate': 9.476e-06, 'epoch': 20.07}
{'loss': 0.4065, 'learning_rate': 9.409333333333333e-06, 'epoch': 20.12}
{'loss': 0.4217, 'learning_rate': 9.342666666666666e-06, 'epoch': 20.18}
{'eval_loss': 0.1795109659433365, 'eval_wer': 0.08585878619595398, 'eval_runtime': 130.4917, 'eval_samples_per_second': 20.247, 'eval_steps_per_second': 1.272, 'epoch': 20.18}
{'loss': 0.4206, 'learning_rate': 9.275999999999999e-06, 'epoch': 20.24}
{'loss': 0.4195, 'learning_rate': 9.209333333333333e-06, 'epoch': 20.29}
{'loss': 0.4109, 'learning_rate': 9.142666666666666e-06, 'epoch': 20.35}
{'loss': 0.4171, 'learning_rate': 9.076e-06, 'epoch': 20.4}
{'loss': 0.4073, 'learning_rate': 9.009333333333332e-06, 'epoch': 20.46}
{'eval_loss': 0.17972420156002045, 'eval_wer': 0.08581911939706466, 'eval_runtime': 130.3722, 'eval_samples_per_second': 20.265, 'eval_steps_per_second': 1.273, 'epoch': 20.46}
{'loss': 0.4013, 'learning_rate': 8.942666666666667e-06, 'epoch': 20.52}
{'loss': 0.3996, 'learning_rate': 8.876e-06, 'epoch': 20.57}
{'loss': 0.4228, 'learning_rate': 8.809333333333334e-06, 'epoch': 20.63}
{'loss': 0.4133, 'learning_rate': 8.742666666666668e-06, 'epoch': 20.68}
{'loss': 0.4224, 'learning_rate': 8.676000000000001e-06, 'epoch': 20.74}
{'eval_loss': 0.18144285678863525, 'eval_wer': 0.08530345101150337, 'eval_runtime': 130.2654, 'eval_samples_per_second': 20.282, 'eval_steps_per_second': 1.274, 'epoch': 20.74}
{'loss': 0.4141, 'learning_rate': 8.609999999999999e-06, 'epoch': 20.8}
{'loss': 0.4157, 'learning_rate': 8.543333333333333e-06, 'epoch': 20.85}
{'loss': 0.4118, 'learning_rate': 8.476666666666666e-06, 'epoch': 20.91}
{'loss': 0.411, 'learning_rate': 8.409999999999999e-06, 'epoch': 20.96}
{'loss': 0.405, 'learning_rate': 8.343333333333334e-06, 'epoch': 21.02}
{'eval_loss': 0.1837085485458374, 'eval_wer': 0.0860769535898453, 'eval_runtime': 130.7542, 'eval_samples_per_second': 20.206, 'eval_steps_per_second': 1.27, 'epoch': 21.02}
{'loss': 0.3979, 'learning_rate': 8.276666666666668e-06, 'epoch': 21.08}
{'loss': 0.4093, 'learning_rate': 8.210000000000001e-06, 'epoch': 21.13}
{'loss': 0.4054, 'learning_rate': 8.143333333333334e-06, 'epoch': 21.19}
{'loss': 0.4081, 'learning_rate': 8.076666666666667e-06, 'epoch': 21.24}
{'loss': 0.4053, 'learning_rate': 8.010000000000001e-06, 'epoch': 21.3}
{'eval_loss': 0.1821133941411972, 'eval_wer': 0.08575961919873067, 'eval_runtime': 130.7324, 'eval_samples_per_second': 20.209, 'eval_steps_per_second': 1.27, 'epoch': 21.3}
{'loss': 0.4322, 'learning_rate': 7.943333333333334e-06, 'epoch': 21.36}
{'loss': 0.4266, 'learning_rate': 7.876666666666667e-06, 'epoch': 21.41}
{'loss': 0.4131, 'learning_rate': 7.810000000000001e-06, 'epoch': 21.47}
{'loss': 0.4125, 'learning_rate': 7.743333333333334e-06, 'epoch': 21.52}
{'loss': 0.4022, 'learning_rate': 7.677333333333334e-06, 'epoch': 21.58}
{'eval_loss': 0.18572789430618286, 'eval_wer': 0.08530345101150337, 'eval_runtime': 130.5434, 'eval_samples_per_second': 20.238, 'eval_steps_per_second': 1.272, 'epoch': 21.58}
{'loss': 0.4005, 'learning_rate': 7.610666666666667e-06, 'epoch': 21.64}
{'loss': 0.4198, 'learning_rate': 7.544e-06, 'epoch': 21.69}
{'loss': 0.4216, 'learning_rate': 7.477333333333333e-06, 'epoch': 21.75}
{'loss': 0.4062, 'learning_rate': 7.410666666666667e-06, 'epoch': 21.8}
{'loss': 0.4012, 'learning_rate': 7.3439999999999995e-06, 'epoch': 21.86}
{'eval_loss': 0.1826016902923584, 'eval_wer': 0.08643395477984926, 'eval_runtime': 130.932, 'eval_samples_per_second': 20.178, 'eval_steps_per_second': 1.268, 'epoch': 21.86}
{'loss': 0.4007, 'learning_rate': 7.277333333333334e-06, 'epoch': 21.92}
{'loss': 0.4009, 'learning_rate': 7.211333333333333e-06, 'epoch': 21.97}
{'loss': 0.3829, 'learning_rate': 7.144666666666667e-06, 'epoch': 22.03}
{'loss': 0.3995, 'learning_rate': 7.078e-06, 'epoch': 22.09}
{'loss': 0.4122, 'learning_rate': 7.0113333333333335e-06, 'epoch': 22.14}
{'eval_loss': 0.18862541019916534, 'eval_wer': 0.08510511701705673, 'eval_runtime': 130.5985, 'eval_samples_per_second': 20.23, 'eval_steps_per_second': 1.271, 'epoch': 22.14}
{'loss': 0.3985, 'learning_rate': 6.944666666666666e-06, 'epoch': 22.2}
{'loss': 0.3872, 'learning_rate': 6.878e-06, 'epoch': 22.25}
{'loss': 0.4166, 'learning_rate': 6.811333333333333e-06, 'epoch': 22.31}
{'loss': 0.4056, 'learning_rate': 6.7446666666666674e-06, 'epoch': 22.37}
{'loss': 0.4101, 'learning_rate': 6.678e-06, 'epoch': 22.42}
{'eval_loss': 0.18588055670261383, 'eval_wer': 0.08536295120983736, 'eval_runtime': 130.6685, 'eval_samples_per_second': 20.219, 'eval_steps_per_second': 1.27, 'epoch': 22.42}
{'loss': 0.4178, 'learning_rate': 6.611333333333334e-06, 'epoch': 22.48}
{'loss': 0.4046, 'learning_rate': 6.544666666666667e-06, 'epoch': 22.53}
{'loss': 0.4007, 'learning_rate': 6.4780000000000005e-06, 'epoch': 22.59}
{'loss': 0.4035, 'learning_rate': 6.411333333333333e-06, 'epoch': 22.65}
{'loss': 0.4235, 'learning_rate': 6.344666666666667e-06, 'epoch': 22.7}
{'eval_loss': 0.18838970363140106, 'eval_wer': 0.08530345101150337, 'eval_runtime': 130.6808, 'eval_samples_per_second': 20.217, 'eval_steps_per_second': 1.27, 'epoch': 22.7}
{'loss': 0.4162, 'learning_rate': 6.278e-06, 'epoch': 22.76}
{'loss': 0.4074, 'learning_rate': 6.2113333333333336e-06, 'epoch': 22.81}
{'loss': 0.4011, 'learning_rate': 6.144666666666666e-06, 'epoch': 22.87}
{'loss': 0.3956, 'learning_rate': 6.078e-06, 'epoch': 22.93}
{'loss': 0.3946, 'learning_rate': 6.011333333333333e-06, 'epoch': 22.98}
{'eval_loss': 0.18881525099277496, 'eval_wer': 0.08468861562871877, 'eval_runtime': 131.1788, 'eval_samples_per_second': 20.14, 'eval_steps_per_second': 1.265, 'epoch': 22.98}
{'loss': 0.4541, 'learning_rate': 5.944666666666667e-06, 'epoch': 23.04}
{'loss': 0.4041, 'learning_rate': 5.8779999999999995e-06, 'epoch': 23.09}
{'loss': 0.3999, 'learning_rate': 5.811333333333333e-06, 'epoch': 23.15}
{'loss': 0.4029, 'learning_rate': 5.744666666666666e-06, 'epoch': 23.21}
{'loss': 0.413, 'learning_rate': 5.6780000000000005e-06, 'epoch': 23.26}
{'eval_loss': 0.18429690599441528, 'eval_wer': 0.08625545418484729, 'eval_runtime': 130.7519, 'eval_samples_per_second': 20.206, 'eval_steps_per_second': 1.27, 'epoch': 23.26}
{'loss': 0.4, 'learning_rate': 5.611333333333334e-06, 'epoch': 23.32}
{'loss': 0.4032, 'learning_rate': 5.544666666666667e-06, 'epoch': 23.37}
{'loss': 0.4023, 'learning_rate': 5.478000000000001e-06, 'epoch': 23.43}
{'loss': 0.4084, 'learning_rate': 5.411333333333334e-06, 'epoch': 23.49}
{'loss': 0.41, 'learning_rate': 5.344666666666667e-06, 'epoch': 23.54}
{'eval_loss': 0.18461307883262634, 'eval_wer': 0.08611662038873463, 'eval_runtime': 130.9924, 'eval_samples_per_second': 20.169, 'eval_steps_per_second': 1.267, 'epoch': 23.54}
{'loss': 0.4067, 'learning_rate': 5.278e-06, 'epoch': 23.6}
{'loss': 0.4082, 'learning_rate': 5.211333333333334e-06, 'epoch': 23.65}
{'loss': 0.3929, 'learning_rate': 5.144666666666667e-06, 'epoch': 23.71}
{'loss': 0.4037, 'learning_rate': 5.078e-06, 'epoch': 23.77}
{'loss': 0.3986, 'learning_rate': 5.011333333333333e-06, 'epoch': 23.82}
{'eval_loss': 0.18493518233299255, 'eval_wer': 0.08591828639428799, 'eval_runtime': 130.5878, 'eval_samples_per_second': 20.232, 'eval_steps_per_second': 1.271, 'epoch': 23.82}
{'loss': 0.3927, 'learning_rate': 4.944666666666667e-06, 'epoch': 23.88}
{'loss': 0.4051, 'learning_rate': 4.878e-06, 'epoch': 23.93}
{'loss': 0.3819, 'learning_rate': 4.811333333333333e-06, 'epoch': 23.99}
{'loss': 0.4069, 'learning_rate': 4.744666666666666e-06, 'epoch': 24.05}
{'loss': 0.4185, 'learning_rate': 4.678e-06, 'epoch': 24.1}
{'eval_loss': 0.18719491362571716, 'eval_wer': 0.08544228480761602, 'eval_runtime': 130.7059, 'eval_samples_per_second': 20.213, 'eval_steps_per_second': 1.27, 'epoch': 24.1}
{'loss': 0.3858, 'learning_rate': 4.611333333333334e-06, 'epoch': 24.16}
{'loss': 0.3901, 'learning_rate': 4.544666666666667e-06, 'epoch': 24.22}
{'loss': 0.4069, 'learning_rate': 4.478e-06, 'epoch': 24.27}
{'loss': 0.4003, 'learning_rate': 4.411333333333334e-06, 'epoch': 24.33}
{'loss': 0.4028, 'learning_rate': 4.344666666666667e-06, 'epoch': 24.38}
{'eval_loss': 0.18642906844615936, 'eval_wer': 0.0860174533915113, 'eval_runtime': 130.8967, 'eval_samples_per_second': 20.184, 'eval_steps_per_second': 1.268, 'epoch': 24.38}
{'loss': 0.3912, 'learning_rate': 4.278e-06, 'epoch': 24.44}
{'loss': 0.3928, 'learning_rate': 4.211333333333333e-06, 'epoch': 24.5}
{'loss': 0.415, 'learning_rate': 4.144666666666667e-06, 'epoch': 24.55}
{'loss': 0.4177, 'learning_rate': 4.078e-06, 'epoch': 24.61}
{'loss': 0.4043, 'learning_rate': 4.0113333333333334e-06, 'epoch': 24.66}
{'eval_loss': 0.18778501451015472, 'eval_wer': 0.08488694962316541, 'eval_runtime': 131.3474, 'eval_samples_per_second': 20.115, 'eval_steps_per_second': 1.264, 'epoch': 24.66}
{'loss': 0.3923, 'learning_rate': 3.944666666666666e-06, 'epoch': 24.72}
{'loss': 0.3904, 'learning_rate': 3.878e-06, 'epoch': 24.78}
{'loss': 0.392, 'learning_rate': 3.8113333333333332e-06, 'epoch': 24.83}
{'loss': 0.4032, 'learning_rate': 3.744666666666667e-06, 'epoch': 24.89}
{'loss': 0.4129, 'learning_rate': 3.678e-06, 'epoch': 24.94}
{'eval_loss': 0.18501222133636475, 'eval_wer': 0.08502578341927806, 'eval_runtime': 130.8141, 'eval_samples_per_second': 20.197, 'eval_steps_per_second': 1.269, 'epoch': 24.94}
{'loss': 0.3482, 'learning_rate': 3.6113333333333335e-06, 'epoch': 25.0}
{'loss': 0.3994, 'learning_rate': 3.5446666666666667e-06, 'epoch': 25.06}
{'loss': 0.396, 'learning_rate': 3.478e-06, 'epoch': 25.11}
{'loss': 0.382, 'learning_rate': 3.4113333333333333e-06, 'epoch': 25.17}
{'loss': 0.3973, 'learning_rate': 3.3446666666666665e-06, 'epoch': 25.22}
{'eval_loss': 0.18838383257389069, 'eval_wer': 0.0851249504165014, 'eval_runtime': 131.4333, 'eval_samples_per_second': 20.101, 'eval_steps_per_second': 1.263, 'epoch': 25.22}
{'loss': 0.4122, 'learning_rate': 3.278e-06, 'epoch': 25.28}
{'loss': 0.4107, 'learning_rate': 3.2113333333333335e-06, 'epoch': 25.34}
{'loss': 0.3959, 'learning_rate': 3.1446666666666667e-06, 'epoch': 25.39}
{'loss': 0.3739, 'learning_rate': 3.078e-06, 'epoch': 25.45}
{'loss': 0.3857, 'learning_rate': 3.0113333333333333e-06, 'epoch': 25.5}
{'eval_loss': 0.19063244760036469, 'eval_wer': 0.08445061483538278, 'eval_runtime': 130.6452, 'eval_samples_per_second': 20.223, 'eval_steps_per_second': 1.271, 'epoch': 25.5}
{'loss': 0.3961, 'learning_rate': 2.9446666666666665e-06, 'epoch': 25.56}
{'loss': 0.3962, 'learning_rate': 2.878e-06, 'epoch': 25.62}
{'loss': 0.4017, 'learning_rate': 2.811333333333333e-06, 'epoch': 25.67}
{'loss': 0.4137, 'learning_rate': 2.7453333333333336e-06, 'epoch': 25.73}
{'loss': 0.4013, 'learning_rate': 2.678666666666667e-06, 'epoch': 25.78}
{'eval_loss': 0.1887548267841339, 'eval_wer': 0.08518445061483539, 'eval_runtime': 130.4227, 'eval_samples_per_second': 20.257, 'eval_steps_per_second': 1.273, 'epoch': 25.78}
{'loss': 0.3952, 'learning_rate': 2.612e-06, 'epoch': 25.84}
{'loss': 0.4183, 'learning_rate': 2.5453333333333334e-06, 'epoch': 25.9}
{'loss': 0.3963, 'learning_rate': 2.4786666666666667e-06, 'epoch': 25.95}
{'loss': 0.463, 'learning_rate': 2.412e-06, 'epoch': 26.01}
{'loss': 0.4016, 'learning_rate': 2.345333333333333e-06, 'epoch': 26.07}
{'eval_loss': 0.1867915391921997, 'eval_wer': 0.08591828639428799, 'eval_runtime': 130.7962, 'eval_samples_per_second': 20.199, 'eval_steps_per_second': 1.269, 'epoch': 26.07}
{'loss': 0.3978, 'learning_rate': 2.2786666666666665e-06, 'epoch': 26.12}
{'loss': 0.41, 'learning_rate': 2.212e-06, 'epoch': 26.18}
{'loss': 0.403, 'learning_rate': 2.1453333333333334e-06, 'epoch': 26.23}
{'loss': 0.3975, 'learning_rate': 2.0786666666666667e-06, 'epoch': 26.29}
{'loss': 0.3907, 'learning_rate': 2.012e-06, 'epoch': 26.35}
{'eval_loss': 0.18845964968204498, 'eval_wer': 0.08530345101150337, 'eval_runtime': 130.8574, 'eval_samples_per_second': 20.19, 'eval_steps_per_second': 1.269, 'epoch': 26.35}
{'loss': 0.4061, 'learning_rate': 1.9453333333333332e-06, 'epoch': 26.4}
{'loss': 0.398, 'learning_rate': 1.8786666666666665e-06, 'epoch': 26.46}
{'loss': 0.4016, 'learning_rate': 1.8120000000000002e-06, 'epoch': 26.51}
{'loss': 0.385, 'learning_rate': 1.7453333333333335e-06, 'epoch': 26.57}
{'loss': 0.3969, 'learning_rate': 1.6786666666666667e-06, 'epoch': 26.63}
{'eval_loss': 0.18648481369018555, 'eval_wer': 0.08558111860372868, 'eval_runtime': 131.2225, 'eval_samples_per_second': 20.134, 'eval_steps_per_second': 1.265, 'epoch': 26.63}
{'loss': 0.391, 'learning_rate': 1.612e-06, 'epoch': 26.68}
{'loss': 0.394, 'learning_rate': 1.5453333333333335e-06, 'epoch': 26.74}
{'loss': 0.3751, 'learning_rate': 1.4786666666666667e-06, 'epoch': 26.79}
{'loss': 0.3761, 'learning_rate': 1.412e-06, 'epoch': 26.85}
{'loss': 0.4009, 'learning_rate': 1.346e-06, 'epoch': 26.91}
{'eval_loss': 0.18886128067970276, 'eval_wer': 0.08577945259817532, 'eval_runtime': 131.4426, 'eval_samples_per_second': 20.1, 'eval_steps_per_second': 1.263, 'epoch': 26.91}
{'loss': 0.391, 'learning_rate': 1.2793333333333334e-06, 'epoch': 26.96}
{'loss': 0.3887, 'learning_rate': 1.2126666666666666e-06, 'epoch': 27.02}
{'loss': 0.3967, 'learning_rate': 1.146e-06, 'epoch': 27.07}
{'loss': 0.4092, 'learning_rate': 1.0793333333333332e-06, 'epoch': 27.13}
{'loss': 0.3878, 'learning_rate': 1.0126666666666667e-06, 'epoch': 27.19}
{'eval_loss': 0.19002218544483185, 'eval_wer': 0.08585878619595398, 'eval_runtime': 131.7975, 'eval_samples_per_second': 20.046, 'eval_steps_per_second': 1.26, 'epoch': 27.19}
{'loss': 0.3891, 'learning_rate': 9.459999999999999e-07, 'epoch': 27.24}
{'loss': 0.4037, 'learning_rate': 8.793333333333333e-07, 'epoch': 27.3}
{'loss': 0.391, 'learning_rate': 8.126666666666667e-07, 'epoch': 27.35}
{'loss': 0.4003, 'learning_rate': 7.459999999999999e-07, 'epoch': 27.41}
{'loss': 0.3998, 'learning_rate': 6.793333333333333e-07, 'epoch': 27.47}
{'eval_loss': 0.18992094695568085, 'eval_wer': 0.08552161840539468, 'eval_runtime': 131.2271, 'eval_samples_per_second': 20.133, 'eval_steps_per_second': 1.265, 'epoch': 27.47}
{'loss': 0.3833, 'learning_rate': 6.126666666666667e-07, 'epoch': 27.52}
{'loss': 0.3891, 'learning_rate': 5.46e-07, 'epoch': 27.58}
{'loss': 0.3948, 'learning_rate': 4.793333333333333e-07, 'epoch': 27.63}
{'loss': 0.4003, 'learning_rate': 4.126666666666667e-07, 'epoch': 27.69}
{'loss': 0.3993, 'learning_rate': 3.46e-07, 'epoch': 27.75}
{'eval_loss': 0.18951252102851868, 'eval_wer': 0.08532328441094804, 'eval_runtime': 130.7535, 'eval_samples_per_second': 20.206, 'eval_steps_per_second': 1.27, 'epoch': 27.75}
{'loss': 0.3843, 'learning_rate': 2.793333333333333e-07, 'epoch': 27.8}
{'loss': 0.3816, 'learning_rate': 2.1266666666666667e-07, 'epoch': 27.86}
{'loss': 0.4008, 'learning_rate': 1.46e-07, 'epoch': 27.91}
{'loss': 0.385, 'learning_rate': 7.933333333333334e-08, 'epoch': 27.97}
{'loss': 0.347, 'learning_rate': 1.2666666666666668e-08, 'epoch': 28.03}
{'eval_loss': 0.18989716470241547, 'eval_wer': 0.08510511701705673, 'eval_runtime': 131.2636, 'eval_samples_per_second': 20.127, 'eval_steps_per_second': 1.265, 'epoch': 28.03}
{'train_runtime': 187452.1892, 'train_samples_per_second': 4.268, 'train_steps_per_second': 0.267, 'train_loss': 0.622823717956543, 'epoch': 28.03}
{'test_loss': 0.21337030827999115, 'test_wer': 0.0902954661232807, 'test_runtime': 126.904, 'test_samples_per_second': 19.921, 'test_steps_per_second': 1.245}
