----->>>> train
Dataset({
    features: ['input_values', 'input_length', 'labels'],
    num_rows: 28539
})
----->>>> valid
Dataset({
    features: ['input_values', 'input_length', 'labels'],
    num_rows: 2703
})
----->>>> test
Dataset({
    features: ['input_values', 'input_length', 'labels'],
    num_rows: 2620
})

 #Train: 28539, #Valid: 2703, #Test: 2620 
------>>> Trainable params(before freeze): 314663070
------>>> Trainable params(after  freeze): 3434526
{'loss': 7.9457, 'learning_rate': 4.000000000000001e-06, 'epoch': 0.45}
{'loss': 7.5845, 'learning_rate': 8.000000000000001e-06, 'epoch': 0.9}
{'loss': 6.725, 'learning_rate': 1.2e-05, 'epoch': 1.35}
{'loss': 5.8635, 'learning_rate': 1.6000000000000003e-05, 'epoch': 1.79}
{'loss': 4.7278, 'learning_rate': 2e-05, 'epoch': 2.24}
{'eval_loss': 4.276731491088867, 'eval_wer': 0.8825778464027058, 'eval_runtime': 331.2884, 'eval_samples_per_second': 8.159, 'eval_steps_per_second': 0.066, 'epoch': 2.24}
{'loss': 3.4621, 'learning_rate': 2.4e-05, 'epoch': 2.69}
{'loss': 2.38, 'learning_rate': 2.8000000000000003e-05, 'epoch': 3.14}
{'loss': 1.688, 'learning_rate': 3.2000000000000005e-05, 'epoch': 3.59}
{'loss': 1.2079, 'learning_rate': 3.6e-05, 'epoch': 4.04}
{'loss': 0.9236, 'learning_rate': 4e-05, 'epoch': 4.48}
{'eval_loss': 1.0701587200164795, 'eval_wer': 0.9100216903790301, 'eval_runtime': 326.8259, 'eval_samples_per_second': 8.27, 'eval_steps_per_second': 0.067, 'epoch': 4.48}
{'loss': 0.7863, 'learning_rate': 4.4000000000000006e-05, 'epoch': 4.93}
{'loss': 0.7103, 'learning_rate': 4.8e-05, 'epoch': 5.38}
{'loss': 0.6742, 'learning_rate': 5.2000000000000004e-05, 'epoch': 5.83}
{'loss': 0.6494, 'learning_rate': 5.6000000000000006e-05, 'epoch': 6.28}
{'loss': 0.6189, 'learning_rate': 6e-05, 'epoch': 6.73}
{'eval_loss': 0.7399704456329346, 'eval_wer': 0.8274144332928937, 'eval_runtime': 329.1763, 'eval_samples_per_second': 8.211, 'eval_steps_per_second': 0.067, 'epoch': 6.73}
{'loss': 0.5945, 'learning_rate': 6.400000000000001e-05, 'epoch': 7.17}
{'loss': 0.5869, 'learning_rate': 6.800000000000001e-05, 'epoch': 7.62}
{'loss': 0.5796, 'learning_rate': 7.2e-05, 'epoch': 8.07}
{'loss': 0.5652, 'learning_rate': 7.6e-05, 'epoch': 8.52}
{'loss': 0.5512, 'learning_rate': 8e-05, 'epoch': 8.97}
{'eval_loss': 0.6346640586853027, 'eval_wer': 0.7758354472262049, 'eval_runtime': 336.041, 'eval_samples_per_second': 8.044, 'eval_steps_per_second': 0.065, 'epoch': 8.97}
{'loss': 0.5466, 'learning_rate': 8.4e-05, 'epoch': 9.42}
{'loss': 0.5437, 'learning_rate': 8.800000000000001e-05, 'epoch': 9.87}
{'loss': 0.5425, 'learning_rate': 9.200000000000001e-05, 'epoch': 10.31}
{'loss': 0.5346, 'learning_rate': 9.6e-05, 'epoch': 10.76}
{'loss': 0.5233, 'learning_rate': 0.0001, 'epoch': 11.21}
{'eval_loss': 0.5868557691574097, 'eval_wer': 0.7762030807690894, 'eval_runtime': 332.9523, 'eval_samples_per_second': 8.118, 'eval_steps_per_second': 0.066, 'epoch': 11.21}
{'loss': 0.5268, 'learning_rate': 0.00010400000000000001, 'epoch': 11.66}
{'loss': 0.5276, 'learning_rate': 0.00010800000000000001, 'epoch': 12.11}
{'loss': 0.522, 'learning_rate': 0.00011200000000000001, 'epoch': 12.56}
{'loss': 0.5163, 'learning_rate': 0.000116, 'epoch': 13.0}
{'loss': 0.5148, 'learning_rate': 0.00012, 'epoch': 13.45}
{'eval_loss': 0.5609220862388611, 'eval_wer': 0.765688761442594, 'eval_runtime': 312.7132, 'eval_samples_per_second': 8.644, 'eval_steps_per_second': 0.07, 'epoch': 13.45}
{'loss': 0.5145, 'learning_rate': 0.000124, 'epoch': 13.9}
{'loss': 0.5136, 'learning_rate': 0.00012800000000000002, 'epoch': 14.35}
{'loss': 0.5102, 'learning_rate': 0.000132, 'epoch': 14.8}
{'loss': 0.5075, 'learning_rate': 0.00013600000000000003, 'epoch': 15.25}
{'loss': 0.5074, 'learning_rate': 0.00014, 'epoch': 15.7}
{'eval_loss': 0.54073166847229, 'eval_wer': 0.7570861365390978, 'eval_runtime': 313.9931, 'eval_samples_per_second': 8.608, 'eval_steps_per_second': 0.07, 'epoch': 15.7}
{'loss': 0.5028, 'learning_rate': 0.000144, 'epoch': 16.14}
{'loss': 0.5051, 'learning_rate': 0.000148, 'epoch': 16.59}
{'loss': 0.5024, 'learning_rate': 0.000152, 'epoch': 17.04}
{'loss': 0.5016, 'learning_rate': 0.00015600000000000002, 'epoch': 17.49}
{'loss': 0.4995, 'learning_rate': 0.00016, 'epoch': 17.94}
{'eval_loss': 0.5197619795799255, 'eval_wer': 0.7531524576302342, 'eval_runtime': 311.9343, 'eval_samples_per_second': 8.665, 'eval_steps_per_second': 0.071, 'epoch': 17.94}
{'loss': 0.4945, 'learning_rate': 0.000164, 'epoch': 18.39}
{'loss': 0.4972, 'learning_rate': 0.000168, 'epoch': 18.83}
{'loss': 0.4987, 'learning_rate': 0.000172, 'epoch': 19.28}
{'loss': 0.4973, 'learning_rate': 0.00017600000000000002, 'epoch': 19.73}
{'loss': 0.4875, 'learning_rate': 0.00018, 'epoch': 20.18}
{'eval_loss': 0.5070697665214539, 'eval_wer': 0.7455608249696702, 'eval_runtime': 312.2317, 'eval_samples_per_second': 8.657, 'eval_steps_per_second': 0.07, 'epoch': 20.18}
{'loss': 0.496, 'learning_rate': 0.00018400000000000003, 'epoch': 20.63}
{'loss': 0.4983, 'learning_rate': 0.000188, 'epoch': 21.08}
{'loss': 0.4928, 'learning_rate': 0.000192, 'epoch': 21.52}
{'loss': 0.4887, 'learning_rate': 0.000196, 'epoch': 21.97}
{'loss': 0.4848, 'learning_rate': 0.0002, 'epoch': 22.42}
{'eval_loss': 0.499578058719635, 'eval_wer': 0.7364618947832801, 'eval_runtime': 328.2594, 'eval_samples_per_second': 8.234, 'eval_steps_per_second': 0.067, 'epoch': 22.42}
{'loss': 0.4928, 'learning_rate': 0.0002, 'epoch': 22.87}
{'loss': 0.4928, 'learning_rate': 0.0002, 'epoch': 23.32}
{'loss': 0.49, 'learning_rate': 0.0002, 'epoch': 23.77}
{'loss': 0.4785, 'learning_rate': 0.0002, 'epoch': 24.22}
{'loss': 0.4898, 'learning_rate': 0.0002, 'epoch': 24.66}
{'eval_loss': 0.49814271926879883, 'eval_wer': 0.7309106282857248, 'eval_runtime': 333.7479, 'eval_samples_per_second': 8.099, 'eval_steps_per_second': 0.066, 'epoch': 24.66}
{'loss': 0.492, 'learning_rate': 0.0002, 'epoch': 25.11}
{'loss': 0.4883, 'learning_rate': 0.0002, 'epoch': 25.56}
{'loss': 0.4855, 'learning_rate': 0.0002, 'epoch': 26.01}
{'loss': 0.4813, 'learning_rate': 0.0002, 'epoch': 26.46}
{'loss': 0.4867, 'learning_rate': 0.0002, 'epoch': 26.91}
{'eval_loss': 0.4914402663707733, 'eval_wer': 0.7277673614940627, 'eval_runtime': 331.2837, 'eval_samples_per_second': 8.159, 'eval_steps_per_second': 0.066, 'epoch': 26.91}
{'loss': 0.4864, 'learning_rate': 0.0002, 'epoch': 27.35}
{'loss': 0.4863, 'learning_rate': 0.0002, 'epoch': 27.8}
{'loss': 0.4812, 'learning_rate': 0.0002, 'epoch': 28.25}
{'loss': 0.4856, 'learning_rate': 0.0002, 'epoch': 28.7}
{'loss': 0.4788, 'learning_rate': 0.0002, 'epoch': 29.15}
{'eval_loss': 0.47755640745162964, 'eval_wer': 0.729605529208485, 'eval_runtime': 328.5141, 'eval_samples_per_second': 8.228, 'eval_steps_per_second': 0.067, 'epoch': 29.15}
{'loss': 0.4855, 'learning_rate': 0.0002, 'epoch': 29.6}
{'loss': 0.4847, 'learning_rate': 0.0002, 'epoch': 30.04}
{'loss': 0.4818, 'learning_rate': 0.0002, 'epoch': 30.49}
{'loss': 0.4812, 'learning_rate': 0.0002, 'epoch': 30.94}
{'loss': 0.4781, 'learning_rate': 0.0002, 'epoch': 31.39}
{'eval_loss': 0.47211363911628723, 'eval_wer': 0.7273445829197456, 'eval_runtime': 327.3264, 'eval_samples_per_second': 8.258, 'eval_steps_per_second': 0.067, 'epoch': 31.39}
{'loss': 0.4835, 'learning_rate': 0.0002, 'epoch': 31.84}
{'loss': 0.4805, 'learning_rate': 0.0002, 'epoch': 32.29}
{'loss': 0.4838, 'learning_rate': 0.0002, 'epoch': 32.74}
{'loss': 0.4725, 'learning_rate': 0.0002, 'epoch': 33.18}
{'loss': 0.482, 'learning_rate': 0.0002, 'epoch': 33.63}
{'eval_loss': 0.46500685811042786, 'eval_wer': 0.7226572552479689, 'eval_runtime': 328.8392, 'eval_samples_per_second': 8.22, 'eval_steps_per_second': 0.067, 'epoch': 33.63}
{'loss': 0.4836, 'learning_rate': 0.0002, 'epoch': 34.08}
{'loss': 0.4798, 'learning_rate': 0.0002, 'epoch': 34.53}
{'loss': 0.4757, 'learning_rate': 0.0002, 'epoch': 34.98}
{'loss': 0.4744, 'learning_rate': 0.0002, 'epoch': 35.43}
{'loss': 0.4804, 'learning_rate': 0.0002, 'epoch': 35.87}
{'eval_loss': 0.4648033678531647, 'eval_wer': 0.7172898055218558, 'eval_runtime': 332.4373, 'eval_samples_per_second': 8.131, 'eval_steps_per_second': 0.066, 'epoch': 35.87}
{'loss': 0.4826, 'learning_rate': 0.0002, 'epoch': 36.32}
{'loss': 0.481, 'learning_rate': 0.0002, 'epoch': 36.77}
{'loss': 0.4684, 'learning_rate': 0.0002, 'epoch': 37.22}
{'loss': 0.4792, 'learning_rate': 0.0002, 'epoch': 37.67}
{'loss': 0.4831, 'learning_rate': 0.0002, 'epoch': 38.12}
{'eval_loss': 0.4734891951084137, 'eval_wer': 0.7242932245138046, 'eval_runtime': 335.2681, 'eval_samples_per_second': 8.062, 'eval_steps_per_second': 0.066, 'epoch': 38.12}
{'loss': 0.4781, 'learning_rate': 0.0002, 'epoch': 38.57}
{'loss': 0.4761, 'learning_rate': 0.0002, 'epoch': 39.01}
{'loss': 0.4752, 'learning_rate': 0.0002, 'epoch': 39.46}
{'loss': 0.4782, 'learning_rate': 0.0002, 'epoch': 39.91}
{'loss': 0.4778, 'learning_rate': 0.0002, 'epoch': 40.36}
{'eval_loss': 0.4763330817222595, 'eval_wer': 0.7242932245138046, 'eval_runtime': 329.5627, 'eval_samples_per_second': 8.202, 'eval_steps_per_second': 0.067, 'epoch': 40.36}
{'loss': 0.4789, 'learning_rate': 0.0002, 'epoch': 40.81}
{'loss': 0.4745, 'learning_rate': 0.0002, 'epoch': 41.26}
{'loss': 0.4786, 'learning_rate': 0.0002, 'epoch': 41.7}
{'loss': 0.473, 'learning_rate': 0.0002, 'epoch': 42.15}
{'loss': 0.4783, 'learning_rate': 0.0002, 'epoch': 42.6}
{'eval_loss': 0.46692991256713867, 'eval_wer': 0.7212786294621522, 'eval_runtime': 326.3438, 'eval_samples_per_second': 8.283, 'eval_steps_per_second': 0.067, 'epoch': 42.6}
{'loss': 0.4764, 'learning_rate': 0.0002, 'epoch': 43.05}
{'loss': 0.4763, 'learning_rate': 0.0002, 'epoch': 43.5}
{'loss': 0.475, 'learning_rate': 0.0002, 'epoch': 43.95}
{'loss': 0.473, 'learning_rate': 0.0002, 'epoch': 44.39}
{'loss': 0.4765, 'learning_rate': 0.0002, 'epoch': 44.84}
{'eval_loss': 0.4525677263736725, 'eval_wer': 0.7124186610786368, 'eval_runtime': 330.3883, 'eval_samples_per_second': 8.181, 'eval_steps_per_second': 0.067, 'epoch': 44.84}
{'loss': 0.4769, 'learning_rate': 0.0002, 'epoch': 45.29}
