-----------------------------before filter-----------------------
----->>>> train
Dataset({
    features: ['input_values', 'input_length', 'labels'],
    num_rows: 28539
})
----->>>> valid
Dataset({
    features: ['input_values', 'input_length', 'labels'],
    num_rows: 2703
})
----->>>> test
Dataset({
    features: ['input_values', 'input_length', 'labels'],
    num_rows: 2620
})
-----------------------------after filter-----------------------
----->>>> train
Dataset({
    features: ['input_values', 'input_length', 'labels'],
    num_rows: 28538
})
----->>>> valid
Dataset({
    features: ['input_values', 'input_length', 'labels'],
    num_rows: 2642
})
----->>>> test
Dataset({
    features: ['input_values', 'input_length', 'labels'],
    num_rows: 2528
})

 #Train: 28538, #Valid: 2642, #Test: 2528 
------>>> Trainable params(before freeze): 312733854
------>>> Trainable params(after  freeze): 1505310
{'loss': 7.9565, 'learning_rate': 5.999999999999999e-06, 'epoch': 0.06}
{'loss': 7.6424, 'learning_rate': 1.1999999999999999e-05, 'epoch': 0.11}
{'loss': 7.0648, 'learning_rate': 1.7999999999999997e-05, 'epoch': 0.17}
{'loss': 6.2412, 'learning_rate': 2.3939999999999998e-05, 'epoch': 0.22}
{'loss': 5.141, 'learning_rate': 2.9939999999999998e-05, 'epoch': 0.28}
{'eval_loss': 4.732637882232666, 'eval_wer': 0.9909758032526775, 'eval_runtime': 140.5793, 'eval_samples_per_second': 18.794, 'eval_steps_per_second': 1.181, 'epoch': 0.28}
{'loss': 3.9991, 'learning_rate': 3.594e-05, 'epoch': 0.34}
{'loss': 2.8557, 'learning_rate': 4.194e-05, 'epoch': 0.39}
{'loss': 1.7242, 'learning_rate': 4.794e-05, 'epoch': 0.45}
{'loss': 1.2815, 'learning_rate': 5.393999999999999e-05, 'epoch': 0.5}
{'loss': 1.0786, 'learning_rate': 5.994e-05, 'epoch': 0.56}
{'eval_loss': 0.430826872587204, 'eval_wer': 0.12703292344307815, 'eval_runtime': 140.9791, 'eval_samples_per_second': 18.74, 'eval_steps_per_second': 1.177, 'epoch': 0.56}
{'loss': 1.0414, 'learning_rate': 6.594e-05, 'epoch': 0.62}
{'loss': 1.0199, 'learning_rate': 7.193999999999999e-05, 'epoch': 0.67}
{'loss': 0.9992, 'learning_rate': 7.793999999999999e-05, 'epoch': 0.73}
{'loss': 0.9939, 'learning_rate': 8.393999999999999e-05, 'epoch': 0.78}
{'loss': 0.9735, 'learning_rate': 8.994e-05, 'epoch': 0.84}
{'eval_loss': 0.3444598615169525, 'eval_wer': 0.10714002380007934, 'eval_runtime': 140.9349, 'eval_samples_per_second': 18.746, 'eval_steps_per_second': 1.178, 'epoch': 0.84}
{'loss': 0.9964, 'learning_rate': 9.593999999999998e-05, 'epoch': 0.9}
{'loss': 0.9302, 'learning_rate': 0.00010193999999999999, 'epoch': 0.95}
{'loss': 1.09, 'learning_rate': 0.00010794, 'epoch': 1.01}
{'loss': 0.9768, 'learning_rate': 0.00011394, 'epoch': 1.07}
{'loss': 0.9468, 'learning_rate': 0.00011993999999999998, 'epoch': 1.12}
{'eval_loss': 0.3148825764656067, 'eval_wer': 0.10297500991669972, 'eval_runtime': 141.1038, 'eval_samples_per_second': 18.724, 'eval_steps_per_second': 1.176, 'epoch': 1.12}
{'loss': 0.9354, 'learning_rate': 0.00012594, 'epoch': 1.18}
{'loss': 0.9473, 'learning_rate': 0.00013194, 'epoch': 1.23}
{'loss': 0.9542, 'learning_rate': 0.00013794, 'epoch': 1.29}
{'loss': 0.9414, 'learning_rate': 0.00014393999999999998, 'epoch': 1.35}
{'loss': 0.9674, 'learning_rate': 0.00014994, 'epoch': 1.4}
{'eval_loss': 0.30028191208839417, 'eval_wer': 0.09924633082110274, 'eval_runtime': 141.4134, 'eval_samples_per_second': 18.683, 'eval_steps_per_second': 1.174, 'epoch': 1.4}
{'loss': 0.9551, 'learning_rate': 0.00015594, 'epoch': 1.46}
{'loss': 0.9563, 'learning_rate': 0.00016193999999999996, 'epoch': 1.51}
{'loss': 0.9334, 'learning_rate': 0.00016793999999999997, 'epoch': 1.57}
{'loss': 0.9598, 'learning_rate': 0.00017393999999999998, 'epoch': 1.63}
{'loss': 0.9349, 'learning_rate': 0.00017994, 'epoch': 1.68}
{'eval_loss': 0.28517016768455505, 'eval_wer': 0.09835382784609283, 'eval_runtime': 140.8333, 'eval_samples_per_second': 18.76, 'eval_steps_per_second': 1.179, 'epoch': 1.68}
{'loss': 0.9373, 'learning_rate': 0.00018594, 'epoch': 1.74}
{'loss': 0.9414, 'learning_rate': 0.00019193999999999998, 'epoch': 1.79}
{'loss': 0.9499, 'learning_rate': 0.00019794, 'epoch': 1.85}
{'loss': 0.9613, 'learning_rate': 0.00020393999999999998, 'epoch': 1.91}
{'loss': 0.9587, 'learning_rate': 0.00020993999999999999, 'epoch': 1.96}
{'eval_loss': 0.2790655195713043, 'eval_wer': 0.09758032526775089, 'eval_runtime': 141.1269, 'eval_samples_per_second': 18.721, 'eval_steps_per_second': 1.176, 'epoch': 1.96}
{'loss': 0.9337, 'learning_rate': 0.00021593999999999997, 'epoch': 2.02}
{'loss': 0.9536, 'learning_rate': 0.00022193999999999998, 'epoch': 2.07}
{'loss': 0.9102, 'learning_rate': 0.00022794, 'epoch': 2.13}
{'loss': 0.9169, 'learning_rate': 0.00023394, 'epoch': 2.19}
{'loss': 0.9179, 'learning_rate': 0.00023993999999999996, 'epoch': 2.24}
{'eval_loss': 0.2957252562046051, 'eval_wer': 0.09619198730662436, 'eval_runtime': 140.9481, 'eval_samples_per_second': 18.744, 'eval_steps_per_second': 1.178, 'epoch': 2.24}
{'loss': 0.9331, 'learning_rate': 0.00024594, 'epoch': 2.3}
{'loss': 0.9376, 'learning_rate': 0.00025194, 'epoch': 2.35}
{'loss': 0.9353, 'learning_rate': 0.00025793999999999996, 'epoch': 2.41}
{'loss': 0.9558, 'learning_rate': 0.00026394, 'epoch': 2.47}
{'loss': 0.9395, 'learning_rate': 0.00026994, 'epoch': 2.52}
{'eval_loss': 0.30254802107810974, 'eval_wer': 0.09601348671162237, 'eval_runtime': 141.017, 'eval_samples_per_second': 18.735, 'eval_steps_per_second': 1.177, 'epoch': 2.52}
{'loss': 0.9313, 'learning_rate': 0.00027593999999999996, 'epoch': 2.58}
{'loss': 0.9473, 'learning_rate': 0.00028193999999999995, 'epoch': 2.63}
{'loss': 0.9303, 'learning_rate': 0.00028794, 'epoch': 2.69}
{'loss': 0.9567, 'learning_rate': 0.00029393999999999997, 'epoch': 2.75}
{'loss': 0.9391, 'learning_rate': 0.00029994, 'epoch': 2.8}
{'eval_loss': 0.29954373836517334, 'eval_wer': 0.09627132090440302, 'eval_runtime': 141.2129, 'eval_samples_per_second': 18.709, 'eval_steps_per_second': 1.176, 'epoch': 2.8}
{'loss': 0.9413, 'learning_rate': 0.0003, 'epoch': 2.86}
{'loss': 0.9529, 'learning_rate': 0.0003, 'epoch': 2.91}
{'loss': 0.9409, 'learning_rate': 0.0003, 'epoch': 2.97}
{'loss': 0.8577, 'learning_rate': 0.0003, 'epoch': 3.03}
{'loss': 0.9281, 'learning_rate': 0.0003, 'epoch': 3.08}
{'eval_loss': 0.25381946563720703, 'eval_wer': 0.09970249900833003, 'eval_runtime': 140.8969, 'eval_samples_per_second': 18.751, 'eval_steps_per_second': 1.178, 'epoch': 3.08}
{'loss': 0.9224, 'learning_rate': 0.0003, 'epoch': 3.14}
{'loss': 0.9406, 'learning_rate': 0.0003, 'epoch': 3.2}
{'loss': 0.9425, 'learning_rate': 0.0003, 'epoch': 3.25}
{'loss': 0.9408, 'learning_rate': 0.0003, 'epoch': 3.31}
{'loss': 0.9517, 'learning_rate': 0.0003, 'epoch': 3.36}
{'eval_loss': 0.25224632024765015, 'eval_wer': 0.09988099960333201, 'eval_runtime': 140.6585, 'eval_samples_per_second': 18.783, 'eval_steps_per_second': 1.18, 'epoch': 3.36}
{'loss': 0.9438, 'learning_rate': 0.0003, 'epoch': 3.42}
{'loss': 0.9354, 'learning_rate': 0.0003, 'epoch': 3.48}
{'loss': 0.9161, 'learning_rate': 0.0003, 'epoch': 3.53}
{'loss': 0.9181, 'learning_rate': 0.0003, 'epoch': 3.59}
{'loss': 0.924, 'learning_rate': 0.0003, 'epoch': 3.64}
{'eval_loss': 0.24991486966609955, 'eval_wer': 0.09904799682665609, 'eval_runtime': 141.4555, 'eval_samples_per_second': 18.677, 'eval_steps_per_second': 1.174, 'epoch': 3.64}
{'loss': 0.9238, 'learning_rate': 0.0003, 'epoch': 3.7}
{'loss': 0.9382, 'learning_rate': 0.0003, 'epoch': 3.76}
{'loss': 0.9374, 'learning_rate': 0.0003, 'epoch': 3.81}
{'loss': 0.9048, 'learning_rate': 0.0003, 'epoch': 3.87}
{'loss': 0.9082, 'learning_rate': 0.0003, 'epoch': 3.92}
{'eval_loss': 0.24805837869644165, 'eval_wer': 0.10011900039666799, 'eval_runtime': 141.0487, 'eval_samples_per_second': 18.731, 'eval_steps_per_second': 1.177, 'epoch': 3.92}
{'loss': 0.9127, 'learning_rate': 0.0003, 'epoch': 3.98}
{'loss': 1.002, 'learning_rate': 0.0003, 'epoch': 4.04}
{'loss': 0.9345, 'learning_rate': 0.0003, 'epoch': 4.09}
{'loss': 0.9069, 'learning_rate': 0.0003, 'epoch': 4.15}
{'loss': 0.9191, 'learning_rate': 0.0003, 'epoch': 4.2}
{'eval_loss': 0.25463181734085083, 'eval_wer': 0.09637048790162633, 'eval_runtime': 141.0988, 'eval_samples_per_second': 18.724, 'eval_steps_per_second': 1.176, 'epoch': 4.2}
{'loss': 0.9132, 'learning_rate': 0.0003, 'epoch': 4.26}
{'loss': 0.9459, 'learning_rate': 0.0003, 'epoch': 4.32}
{'loss': 0.9286, 'learning_rate': 0.0003, 'epoch': 4.37}
{'loss': 0.9215, 'learning_rate': 0.0003, 'epoch': 4.43}
{'loss': 0.9141, 'learning_rate': 0.0003, 'epoch': 4.48}
{'eval_loss': 0.2517354488372803, 'eval_wer': 0.09686632288774295, 'eval_runtime': 141.1746, 'eval_samples_per_second': 18.714, 'eval_steps_per_second': 1.176, 'epoch': 4.48}
{'loss': 0.9043, 'learning_rate': 0.0003, 'epoch': 4.54}
{'loss': 0.9204, 'learning_rate': 0.0003, 'epoch': 4.6}
{'loss': 0.9285, 'learning_rate': 0.0003, 'epoch': 4.65}
{'loss': 0.9295, 'learning_rate': 0.0003, 'epoch': 4.71}
{'loss': 0.9187, 'learning_rate': 0.0003, 'epoch': 4.76}
{'eval_loss': 0.25360989570617676, 'eval_wer': 0.09627132090440302, 'eval_runtime': 140.6863, 'eval_samples_per_second': 18.779, 'eval_steps_per_second': 1.18, 'epoch': 4.76}
{'loss': 0.9115, 'learning_rate': 0.0003, 'epoch': 4.82}
{'loss': 0.9009, 'learning_rate': 0.0003, 'epoch': 4.88}
{'loss': 0.9245, 'learning_rate': 0.0003, 'epoch': 4.93}
{'loss': 0.9067, 'learning_rate': 0.0003, 'epoch': 4.99}
{'loss': 0.9511, 'learning_rate': 0.0003, 'epoch': 5.04}
{'eval_loss': 0.2953619062900543, 'eval_wer': 0.0956564855216184, 'eval_runtime': 141.3809, 'eval_samples_per_second': 18.687, 'eval_steps_per_second': 1.174, 'epoch': 5.04}
{'loss': 0.9209, 'learning_rate': 0.0003, 'epoch': 5.1}
{'loss': 0.9121, 'learning_rate': 0.0003, 'epoch': 5.16}
{'loss': 0.9311, 'learning_rate': 0.0003, 'epoch': 5.21}
{'loss': 0.902, 'learning_rate': 0.0003, 'epoch': 5.27}
{'loss': 0.9141, 'learning_rate': 0.0003, 'epoch': 5.33}
{'eval_loss': 0.2894021272659302, 'eval_wer': 0.0957159857199524, 'eval_runtime': 141.0832, 'eval_samples_per_second': 18.727, 'eval_steps_per_second': 1.177, 'epoch': 5.33}
{'loss': 0.9142, 'learning_rate': 0.0003, 'epoch': 5.38}
{'loss': 0.9317, 'learning_rate': 0.0003, 'epoch': 5.44}
{'loss': 0.9138, 'learning_rate': 0.0003, 'epoch': 5.49}
{'loss': 0.8997, 'learning_rate': 0.0003, 'epoch': 5.55}
{'loss': 0.9131, 'learning_rate': 0.0003, 'epoch': 5.61}
{'eval_loss': 0.28209805488586426, 'eval_wer': 0.0959341531138437, 'eval_runtime': 140.7821, 'eval_samples_per_second': 18.767, 'eval_steps_per_second': 1.179, 'epoch': 5.61}
{'loss': 0.9019, 'learning_rate': 0.0003, 'epoch': 5.66}
{'loss': 0.9016, 'learning_rate': 0.0003, 'epoch': 5.72}
{'loss': 0.9249, 'learning_rate': 0.0003, 'epoch': 5.77}
{'loss': 0.9201, 'learning_rate': 0.0003, 'epoch': 5.83}
{'loss': 0.9054, 'learning_rate': 0.0003, 'epoch': 5.89}
{'eval_loss': 0.2803654670715332, 'eval_wer': 0.09589448631495438, 'eval_runtime': 141.2139, 'eval_samples_per_second': 18.709, 'eval_steps_per_second': 1.176, 'epoch': 5.89}
{'loss': 0.9083, 'learning_rate': 0.0003, 'epoch': 5.94}
{'loss': 0.8308, 'learning_rate': 0.0003, 'epoch': 6.0}
{'loss': 0.902, 'learning_rate': 0.0003, 'epoch': 6.05}
{'loss': 0.8936, 'learning_rate': 0.0003, 'epoch': 6.11}
{'loss': 0.9186, 'learning_rate': 0.0003, 'epoch': 6.17}
{'eval_loss': 0.24595846235752106, 'eval_wer': 0.09857199523998414, 'eval_runtime': 141.4626, 'eval_samples_per_second': 18.676, 'eval_steps_per_second': 1.173, 'epoch': 6.17}
{'loss': 0.9469, 'learning_rate': 0.0003, 'epoch': 6.22}
{'loss': 0.9084, 'learning_rate': 0.0003, 'epoch': 6.28}
{'loss': 0.9162, 'learning_rate': 0.0003, 'epoch': 6.33}
{'loss': 0.9262, 'learning_rate': 0.0003, 'epoch': 6.39}
{'loss': 0.9242, 'learning_rate': 0.0003, 'epoch': 6.45}
{'eval_loss': 0.24576497077941895, 'eval_wer': 0.09835382784609283, 'eval_runtime': 141.1355, 'eval_samples_per_second': 18.72, 'eval_steps_per_second': 1.176, 'epoch': 6.45}
{'loss': 0.912, 'learning_rate': 0.0003, 'epoch': 6.5}
{'loss': 0.9074, 'learning_rate': 0.0003, 'epoch': 6.56}
{'loss': 0.9178, 'learning_rate': 0.0003, 'epoch': 6.61}
{'loss': 0.924, 'learning_rate': 0.0003, 'epoch': 6.67}
{'loss': 0.8916, 'learning_rate': 0.0003, 'epoch': 6.73}
{'eval_loss': 0.24381142854690552, 'eval_wer': 0.09900833002776675, 'eval_runtime': 141.1373, 'eval_samples_per_second': 18.719, 'eval_steps_per_second': 1.176, 'epoch': 6.73}
{'loss': 0.8944, 'learning_rate': 0.0003, 'epoch': 6.78}
{'loss': 0.9023, 'learning_rate': 0.0003, 'epoch': 6.84}
{'loss': 0.8989, 'learning_rate': 0.0003, 'epoch': 6.89}
{'loss': 0.9128, 'learning_rate': 0.0003, 'epoch': 6.95}
{'loss': 0.962, 'learning_rate': 0.0003, 'epoch': 7.01}
{'eval_loss': 0.2565506398677826, 'eval_wer': 0.09629115430384767, 'eval_runtime': 141.2236, 'eval_samples_per_second': 18.708, 'eval_steps_per_second': 1.175, 'epoch': 7.01}
{'loss': 0.911, 'learning_rate': 0.0003, 'epoch': 7.06}
{'loss': 0.9078, 'learning_rate': 0.0003, 'epoch': 7.12}
{'loss': 0.9203, 'learning_rate': 0.0003, 'epoch': 7.17}
{'loss': 0.9095, 'learning_rate': 0.0003, 'epoch': 7.23}
{'loss': 0.9009, 'learning_rate': 0.0003, 'epoch': 7.29}
{'eval_loss': 0.2450031042098999, 'eval_wer': 0.09797699325664419, 'eval_runtime': 141.2748, 'eval_samples_per_second': 18.701, 'eval_steps_per_second': 1.175, 'epoch': 7.29}
{'loss': 0.9246, 'learning_rate': 0.0003, 'epoch': 7.34}
{'loss': 0.9204, 'learning_rate': 0.0003, 'epoch': 7.4}
{'loss': 0.9011, 'learning_rate': 0.0003, 'epoch': 7.46}
{'loss': 0.8948, 'learning_rate': 0.0003, 'epoch': 7.51}
{'loss': 0.9083, 'learning_rate': 0.0003, 'epoch': 7.57}
{'eval_loss': 0.24426205456256866, 'eval_wer': 0.09726299087663626, 'eval_runtime': 140.9556, 'eval_samples_per_second': 18.743, 'eval_steps_per_second': 1.178, 'epoch': 7.57}
{'loss': 0.8883, 'learning_rate': 0.0003, 'epoch': 7.62}
{'loss': 0.9133, 'learning_rate': 0.0003, 'epoch': 7.68}
{'loss': 0.9035, 'learning_rate': 0.0003, 'epoch': 7.74}
{'loss': 0.9072, 'learning_rate': 0.0003, 'epoch': 7.79}
{'loss': 0.9203, 'learning_rate': 0.0003, 'epoch': 7.85}
{'eval_loss': 0.24377642571926117, 'eval_wer': 0.09742165807219358, 'eval_runtime': 140.9974, 'eval_samples_per_second': 18.738, 'eval_steps_per_second': 1.177, 'epoch': 7.85}
{'loss': 0.9161, 'learning_rate': 0.0003, 'epoch': 7.9}
{'loss': 0.9026, 'learning_rate': 0.0003, 'epoch': 7.96}
{'loss': 0.9375, 'learning_rate': 0.0003, 'epoch': 8.02}
{'loss': 0.9043, 'learning_rate': 0.0003, 'epoch': 8.07}
{'loss': 0.9066, 'learning_rate': 0.0003, 'epoch': 8.13}
{'eval_loss': 0.28168731927871704, 'eval_wer': 0.09599365331217771, 'eval_runtime': 141.0118, 'eval_samples_per_second': 18.736, 'eval_steps_per_second': 1.177, 'epoch': 8.13}
{'loss': 0.8876, 'learning_rate': 0.0003, 'epoch': 8.18}
{'loss': 0.9097, 'learning_rate': 0.0003, 'epoch': 8.24}
{'loss': 0.9223, 'learning_rate': 0.0003, 'epoch': 8.3}
{'loss': 0.8964, 'learning_rate': 0.0003, 'epoch': 8.35}
{'loss': 0.9148, 'learning_rate': 0.0003, 'epoch': 8.41}
{'eval_loss': 0.2837214469909668, 'eval_wer': 0.09597381991273304, 'eval_runtime': 140.9967, 'eval_samples_per_second': 18.738, 'eval_steps_per_second': 1.177, 'epoch': 8.41}
{'loss': 0.935, 'learning_rate': 0.0003, 'epoch': 8.46}
{'loss': 0.9074, 'learning_rate': 0.0003, 'epoch': 8.52}
{'loss': 0.8911, 'learning_rate': 0.0003, 'epoch': 8.58}
{'loss': 0.9037, 'learning_rate': 0.0003, 'epoch': 8.63}
{'loss': 0.9145, 'learning_rate': 0.0003, 'epoch': 8.69}
{'eval_loss': 0.28295865654945374, 'eval_wer': 0.09613248710829037, 'eval_runtime': 141.1845, 'eval_samples_per_second': 18.713, 'eval_steps_per_second': 1.176, 'epoch': 8.69}
{'loss': 0.9165, 'learning_rate': 0.0003, 'epoch': 8.74}
{'loss': 0.8888, 'learning_rate': 0.0003, 'epoch': 8.8}
{'loss': 0.8942, 'learning_rate': 0.0003, 'epoch': 8.86}
{'loss': 0.9143, 'learning_rate': 0.0003, 'epoch': 8.91}
{'loss': 0.9064, 'learning_rate': 0.0003, 'epoch': 8.97}
{'eval_loss': 0.2809049189090729, 'eval_wer': 0.09631098770329234, 'eval_runtime': 141.4739, 'eval_samples_per_second': 18.675, 'eval_steps_per_second': 1.173, 'epoch': 8.97}
{'loss': 0.7956, 'learning_rate': 0.0003, 'epoch': 9.02}
{'loss': 0.912, 'learning_rate': 0.0003, 'epoch': 9.08}
{'loss': 0.9014, 'learning_rate': 0.0003, 'epoch': 9.14}
{'loss': 0.8899, 'learning_rate': 0.0003, 'epoch': 9.19}
{'loss': 0.9194, 'learning_rate': 0.0003, 'epoch': 9.25}
{'eval_loss': 0.24521172046661377, 'eval_wer': 0.09867116223720745, 'eval_runtime': 141.1218, 'eval_samples_per_second': 18.721, 'eval_steps_per_second': 1.176, 'epoch': 9.25}
{'loss': 0.8928, 'learning_rate': 0.0003, 'epoch': 9.3}
{'loss': 0.904, 'learning_rate': 0.0003, 'epoch': 9.36}
{'loss': 0.9177, 'learning_rate': 0.0003, 'epoch': 9.42}
{'loss': 0.9231, 'learning_rate': 0.0003, 'epoch': 9.47}
{'loss': 0.9286, 'learning_rate': 0.0003, 'epoch': 9.53}
{'eval_loss': 0.24387645721435547, 'eval_wer': 0.09865132883776279, 'eval_runtime': 143.1442, 'eval_samples_per_second': 18.457, 'eval_steps_per_second': 1.16, 'epoch': 9.53}
{'loss': 0.8853, 'learning_rate': 0.0003, 'epoch': 9.59}
{'loss': 0.8776, 'learning_rate': 0.0003, 'epoch': 9.64}
{'loss': 0.9102, 'learning_rate': 0.0003, 'epoch': 9.7}
{'loss': 0.8968, 'learning_rate': 0.0003, 'epoch': 9.75}
{'loss': 0.9021, 'learning_rate': 0.0003, 'epoch': 9.81}
{'eval_loss': 0.24254927039146423, 'eval_wer': 0.09867116223720745, 'eval_runtime': 143.5327, 'eval_samples_per_second': 18.407, 'eval_steps_per_second': 1.157, 'epoch': 9.81}
{'loss': 0.9191, 'learning_rate': 0.0003, 'epoch': 9.87}
{'loss': 0.9454, 'learning_rate': 0.0003, 'epoch': 9.92}
{'loss': 0.8943, 'learning_rate': 0.0003, 'epoch': 9.98}
{'loss': 0.9459, 'learning_rate': 0.0003, 'epoch': 10.03}
{'loss': 0.9043, 'learning_rate': 0.0003, 'epoch': 10.09}
{'eval_loss': 0.24069544672966003, 'eval_wer': 0.09793732645775485, 'eval_runtime': 146.8206, 'eval_samples_per_second': 17.995, 'eval_steps_per_second': 1.131, 'epoch': 10.09}
{'loss': 0.8999, 'learning_rate': 0.0003, 'epoch': 10.15}
{'loss': 0.9025, 'learning_rate': 0.0003, 'epoch': 10.2}
{'loss': 0.9007, 'learning_rate': 0.0003, 'epoch': 10.26}
{'loss': 0.903, 'learning_rate': 0.0003, 'epoch': 10.31}
{'loss': 0.9141, 'learning_rate': 0.0003, 'epoch': 10.37}
{'eval_loss': 0.23973321914672852, 'eval_wer': 0.0982546608488695, 'eval_runtime': 146.252, 'eval_samples_per_second': 18.065, 'eval_steps_per_second': 1.135, 'epoch': 10.37}
{'loss': 0.9061, 'learning_rate': 0.0003, 'epoch': 10.43}
{'loss': 0.8983, 'learning_rate': 0.0003, 'epoch': 10.48}
{'loss': 0.8865, 'learning_rate': 0.0003, 'epoch': 10.54}
{'loss': 0.8737, 'learning_rate': 0.0003, 'epoch': 10.59}
{'loss': 0.8988, 'learning_rate': 0.0003, 'epoch': 10.65}
{'eval_loss': 0.23943403363227844, 'eval_wer': 0.09833399444664816, 'eval_runtime': 148.3434, 'eval_samples_per_second': 17.81, 'eval_steps_per_second': 1.119, 'epoch': 10.65}
{'loss': 0.9114, 'learning_rate': 0.0003, 'epoch': 10.71}
{'loss': 0.9292, 'learning_rate': 0.0003, 'epoch': 10.76}
{'loss': 0.92, 'learning_rate': 0.0003, 'epoch': 10.82}
{'loss': 0.9148, 'learning_rate': 0.0003, 'epoch': 10.87}
{'loss': 0.9013, 'learning_rate': 0.0003, 'epoch': 10.93}
{'eval_loss': 0.23895379900932312, 'eval_wer': 0.09831416104720349, 'eval_runtime': 149.8734, 'eval_samples_per_second': 17.628, 'eval_steps_per_second': 1.108, 'epoch': 10.93}
{'loss': 0.9025, 'learning_rate': 0.0003, 'epoch': 10.99}
{'loss': 0.9374, 'learning_rate': 0.0003, 'epoch': 11.04}
{'loss': 0.9148, 'learning_rate': 0.0003, 'epoch': 11.1}
{'loss': 0.9194, 'learning_rate': 0.0003, 'epoch': 11.15}
{'loss': 0.8989, 'learning_rate': 0.0003, 'epoch': 11.21}
{'eval_loss': 0.28439635038375854, 'eval_wer': 0.09627132090440302, 'eval_runtime': 150.1613, 'eval_samples_per_second': 17.594, 'eval_steps_per_second': 1.105, 'epoch': 11.21}
{'loss': 0.9032, 'learning_rate': 0.0003, 'epoch': 11.27}
{'loss': 0.9061, 'learning_rate': 0.0003, 'epoch': 11.32}
{'loss': 0.8776, 'learning_rate': 0.0003, 'epoch': 11.38}
{'loss': 0.9119, 'learning_rate': 0.0003, 'epoch': 11.43}
{'loss': 0.8981, 'learning_rate': 0.0003, 'epoch': 11.49}
{'eval_loss': 0.2770901024341583, 'eval_wer': 0.09641015470051567, 'eval_runtime': 149.4332, 'eval_samples_per_second': 17.68, 'eval_steps_per_second': 1.111, 'epoch': 11.49}
{'loss': 0.9184, 'learning_rate': 0.0003, 'epoch': 11.55}
{'loss': 0.902, 'learning_rate': 0.0003, 'epoch': 11.6}
{'loss': 0.9041, 'learning_rate': 0.0003, 'epoch': 11.66}
{'loss': 0.9003, 'learning_rate': 0.0003, 'epoch': 11.72}
{'loss': 0.8999, 'learning_rate': 0.0003, 'epoch': 11.77}
{'eval_loss': 0.28228649497032166, 'eval_wer': 0.0959341531138437, 'eval_runtime': 146.9674, 'eval_samples_per_second': 17.977, 'eval_steps_per_second': 1.13, 'epoch': 11.77}
{'loss': 0.9037, 'learning_rate': 0.0003, 'epoch': 11.83}
{'loss': 0.8848, 'learning_rate': 0.0003, 'epoch': 11.88}
{'loss': 0.9071, 'learning_rate': 0.0003, 'epoch': 11.94}
{'loss': 0.8406, 'learning_rate': 0.0003, 'epoch': 12.0}
{'loss': 0.9256, 'learning_rate': 0.0003, 'epoch': 12.05}
{'eval_loss': 0.24875707924365997, 'eval_wer': 0.09702499008330027, 'eval_runtime': 146.8524, 'eval_samples_per_second': 17.991, 'eval_steps_per_second': 1.13, 'epoch': 12.05}
{'loss': 0.9008, 'learning_rate': 0.0003, 'epoch': 12.11}
{'loss': 0.888, 'learning_rate': 0.0003, 'epoch': 12.16}
{'loss': 0.8875, 'learning_rate': 0.0003, 'epoch': 12.22}
{'loss': 0.9243, 'learning_rate': 0.0003, 'epoch': 12.28}
{'loss': 0.9127, 'learning_rate': 0.0003, 'epoch': 12.33}
{'eval_loss': 0.24502114951610565, 'eval_wer': 0.09793732645775485, 'eval_runtime': 148.5502, 'eval_samples_per_second': 17.785, 'eval_steps_per_second': 1.117, 'epoch': 12.33}
{'loss': 0.8797, 'learning_rate': 0.0003, 'epoch': 12.39}
{'loss': 0.8964, 'learning_rate': 0.0003, 'epoch': 12.44}
{'loss': 0.9251, 'learning_rate': 0.0003, 'epoch': 12.5}
{'loss': 0.904, 'learning_rate': 0.0003, 'epoch': 12.56}
{'loss': 0.8686, 'learning_rate': 0.0003, 'epoch': 12.61}
{'eval_loss': 0.24362093210220337, 'eval_wer': 0.09754065846886156, 'eval_runtime': 150.9831, 'eval_samples_per_second': 17.499, 'eval_steps_per_second': 1.099, 'epoch': 12.61}
{'loss': 0.877, 'learning_rate': 0.0003, 'epoch': 12.67}
{'loss': 0.9072, 'learning_rate': 0.0003, 'epoch': 12.72}
{'loss': 0.8952, 'learning_rate': 0.0003, 'epoch': 12.78}
{'loss': 0.9051, 'learning_rate': 0.0003, 'epoch': 12.84}
{'loss': 0.941, 'learning_rate': 0.0003, 'epoch': 12.89}
{'eval_loss': 0.2457827925682068, 'eval_wer': 0.09765965886552955, 'eval_runtime': 150.2292, 'eval_samples_per_second': 17.586, 'eval_steps_per_second': 1.105, 'epoch': 12.89}
{'loss': 0.9118, 'learning_rate': 0.0003, 'epoch': 12.95}
{'loss': 0.9038, 'learning_rate': 0.0003, 'epoch': 13.0}
{'loss': 0.8893, 'learning_rate': 0.0003, 'epoch': 13.06}
{'loss': 0.8865, 'learning_rate': 0.0003, 'epoch': 13.12}
{'loss': 0.8873, 'learning_rate': 0.0003, 'epoch': 13.17}
{'eval_loss': 0.23752637207508087, 'eval_wer': 0.09880999603332011, 'eval_runtime': 149.5956, 'eval_samples_per_second': 17.661, 'eval_steps_per_second': 1.11, 'epoch': 13.17}
{'loss': 0.9, 'learning_rate': 0.0003, 'epoch': 13.23}
{'loss': 0.9108, 'learning_rate': 0.0003, 'epoch': 13.28}
{'loss': 0.9086, 'learning_rate': 0.0003, 'epoch': 13.34}
{'loss': 0.902, 'learning_rate': 0.0003, 'epoch': 13.4}
{'loss': 0.9111, 'learning_rate': 0.0003, 'epoch': 13.45}
{'eval_loss': 0.23779509961605072, 'eval_wer': 0.09863149543831813, 'eval_runtime': 147.302, 'eval_samples_per_second': 17.936, 'eval_steps_per_second': 1.127, 'epoch': 13.45}
{'loss': 0.9092, 'learning_rate': 0.0003, 'epoch': 13.51}
{'loss': 0.8971, 'learning_rate': 0.0003, 'epoch': 13.57}
{'loss': 0.9176, 'learning_rate': 0.0003, 'epoch': 13.62}
{'loss': 0.903, 'learning_rate': 0.0003, 'epoch': 13.68}
{'loss': 0.9043, 'learning_rate': 0.0003, 'epoch': 13.73}
{'eval_loss': 0.23790831863880157, 'eval_wer': 0.0988694962316541, 'eval_runtime': 146.5566, 'eval_samples_per_second': 18.027, 'eval_steps_per_second': 1.133, 'epoch': 13.73}
{'loss': 0.9165, 'learning_rate': 0.0003, 'epoch': 13.79}
{'loss': 0.8768, 'learning_rate': 0.0003, 'epoch': 13.85}
{'loss': 0.8998, 'learning_rate': 0.0003, 'epoch': 13.9}
{'loss': 0.8871, 'learning_rate': 0.0003, 'epoch': 13.96}
{'loss': 0.9443, 'learning_rate': 0.0003, 'epoch': 14.01}
{'eval_loss': 0.2870653569698334, 'eval_wer': 0.09609282030940103, 'eval_runtime': 148.9959, 'eval_samples_per_second': 17.732, 'eval_steps_per_second': 1.114, 'epoch': 14.01}
{'loss': 0.8957, 'learning_rate': 0.00029890799999999996, 'epoch': 14.07}
{'loss': 0.8836, 'learning_rate': 0.000297708, 'epoch': 14.13}
{'loss': 0.8793, 'learning_rate': 0.00029650799999999996, 'epoch': 14.18}
{'loss': 0.9341, 'learning_rate': 0.000295308, 'epoch': 14.24}
{'loss': 0.9044, 'learning_rate': 0.00029410799999999996, 'epoch': 14.29}
{'eval_loss': 0.2723180949687958, 'eval_wer': 0.09621182070606903, 'eval_runtime': 150.3828, 'eval_samples_per_second': 17.568, 'eval_steps_per_second': 1.104, 'epoch': 14.29}
{'loss': 0.8879, 'learning_rate': 0.000292908, 'epoch': 14.35}
{'loss': 0.9031, 'learning_rate': 0.00029170799999999995, 'epoch': 14.41}
{'loss': 0.9203, 'learning_rate': 0.000290508, 'epoch': 14.46}
{'loss': 0.9065, 'learning_rate': 0.00028930799999999995, 'epoch': 14.52}
{'loss': 0.894, 'learning_rate': 0.000288108, 'epoch': 14.57}
{'eval_loss': 0.2735203802585602, 'eval_wer': 0.09627132090440302, 'eval_runtime': 150.9099, 'eval_samples_per_second': 17.507, 'eval_steps_per_second': 1.1, 'epoch': 14.57}
{'loss': 0.8747, 'learning_rate': 0.000286908, 'epoch': 14.63}
{'loss': 0.9019, 'learning_rate': 0.00028570799999999997, 'epoch': 14.69}
{'loss': 0.8877, 'learning_rate': 0.000284508, 'epoch': 14.74}
{'loss': 0.8858, 'learning_rate': 0.00028332, 'epoch': 14.8}
{'loss': 0.936, 'learning_rate': 0.00028211999999999996, 'epoch': 14.85}
{'eval_loss': 0.2786348760128021, 'eval_wer': 0.09641015470051567, 'eval_runtime': 150.2049, 'eval_samples_per_second': 17.589, 'eval_steps_per_second': 1.105, 'epoch': 14.85}
{'loss': 0.9035, 'learning_rate': 0.00028092, 'epoch': 14.91}
{'loss': 0.904, 'learning_rate': 0.00027971999999999996, 'epoch': 14.97}
{'loss': 0.8244, 'learning_rate': 0.00027852, 'epoch': 15.02}
{'loss': 0.9095, 'learning_rate': 0.00027731999999999995, 'epoch': 15.08}
{'loss': 0.92, 'learning_rate': 0.00027612, 'epoch': 15.13}
{'eval_loss': 0.2529190480709076, 'eval_wer': 0.09720349067830227, 'eval_runtime': 148.4057, 'eval_samples_per_second': 17.803, 'eval_steps_per_second': 1.119, 'epoch': 15.13}
{'loss': 0.9038, 'learning_rate': 0.00027491999999999995, 'epoch': 15.19}
{'loss': 0.8947, 'learning_rate': 0.00027372, 'epoch': 15.25}
{'loss': 0.8771, 'learning_rate': 0.00027251999999999995, 'epoch': 15.3}
{'loss': 0.9204, 'learning_rate': 0.00027131999999999997, 'epoch': 15.36}
{'loss': 0.8947, 'learning_rate': 0.00027012, 'epoch': 15.41}
{'eval_loss': 0.24834440648555756, 'eval_wer': 0.09714399047996827, 'eval_runtime': 147.3412, 'eval_samples_per_second': 17.931, 'eval_steps_per_second': 1.127, 'epoch': 15.41}
{'loss': 0.8834, 'learning_rate': 0.00026891999999999997, 'epoch': 15.47}
{'loss': 0.899, 'learning_rate': 0.00026772, 'epoch': 15.53}
{'loss': 0.8972, 'learning_rate': 0.00026651999999999996, 'epoch': 15.58}
{'loss': 0.8978, 'learning_rate': 0.00026532, 'epoch': 15.64}
{'loss': 0.8757, 'learning_rate': 0.00026411999999999996, 'epoch': 15.7}
{'eval_loss': 0.2449806034564972, 'eval_wer': 0.09728282427608093, 'eval_runtime': 147.1351, 'eval_samples_per_second': 17.956, 'eval_steps_per_second': 1.128, 'epoch': 15.7}
{'loss': 0.8769, 'learning_rate': 0.00026292, 'epoch': 15.75}
{'loss': 0.9098, 'learning_rate': 0.00026171999999999995, 'epoch': 15.81}
{'loss': 0.8671, 'learning_rate': 0.00026052, 'epoch': 15.86}
{'loss': 0.8961, 'learning_rate': 0.00025931999999999995, 'epoch': 15.92}
{'loss': 0.9052, 'learning_rate': 0.00025812, 'epoch': 15.98}
{'eval_loss': 0.24940252304077148, 'eval_wer': 0.09714399047996827, 'eval_runtime': 150.6839, 'eval_samples_per_second': 17.533, 'eval_steps_per_second': 1.102, 'epoch': 15.98}
{'loss': 0.8666, 'learning_rate': 0.00025692, 'epoch': 16.03}
{'loss': 0.8995, 'learning_rate': 0.00025571999999999997, 'epoch': 16.09}
{'loss': 0.9007, 'learning_rate': 0.00025453199999999997, 'epoch': 16.14}
{'loss': 0.8736, 'learning_rate': 0.000253332, 'epoch': 16.2}
{'loss': 0.8864, 'learning_rate': 0.00025213199999999996, 'epoch': 16.26}
{'eval_loss': 0.2370140701532364, 'eval_wer': 0.09916699722332407, 'eval_runtime': 151.4269, 'eval_samples_per_second': 17.447, 'eval_steps_per_second': 1.096, 'epoch': 16.26}
{'loss': 0.8898, 'learning_rate': 0.000250932, 'epoch': 16.31}
{'loss': 0.9021, 'learning_rate': 0.00024973199999999996, 'epoch': 16.37}
{'loss': 0.9081, 'learning_rate': 0.000248532, 'epoch': 16.42}
{'loss': 0.8811, 'learning_rate': 0.00024733199999999996, 'epoch': 16.48}
{'loss': 0.8776, 'learning_rate': 0.000246132, 'epoch': 16.54}
{'eval_loss': 0.23667818307876587, 'eval_wer': 0.09918683062276874, 'eval_runtime': 151.3115, 'eval_samples_per_second': 17.461, 'eval_steps_per_second': 1.097, 'epoch': 16.54}
{'loss': 0.9134, 'learning_rate': 0.000244932, 'epoch': 16.59}
{'loss': 0.8872, 'learning_rate': 0.000243732, 'epoch': 16.65}
{'loss': 0.9048, 'learning_rate': 0.000242532, 'epoch': 16.7}
{'loss': 0.9071, 'learning_rate': 0.000241332, 'epoch': 16.76}
{'loss': 0.8794, 'learning_rate': 0.000240132, 'epoch': 16.82}
{'eval_loss': 0.23712602257728577, 'eval_wer': 0.0993256644188814, 'eval_runtime': 148.9936, 'eval_samples_per_second': 17.732, 'eval_steps_per_second': 1.114, 'epoch': 16.82}
{'loss': 0.8872, 'learning_rate': 0.000238932, 'epoch': 16.87}
{'loss': 0.8889, 'learning_rate': 0.000237732, 'epoch': 16.93}
{'loss': 0.8781, 'learning_rate': 0.000236532, 'epoch': 16.98}
{'loss': 0.9649, 'learning_rate': 0.000235332, 'epoch': 17.04}
{'loss': 0.8988, 'learning_rate': 0.000234132, 'epoch': 17.1}
{'eval_loss': 0.2640329599380493, 'eval_wer': 0.09641015470051567, 'eval_runtime': 146.7253, 'eval_samples_per_second': 18.006, 'eval_steps_per_second': 1.131, 'epoch': 17.1}
{'loss': 0.8787, 'learning_rate': 0.00023293199999999998, 'epoch': 17.15}
{'loss': 0.8901, 'learning_rate': 0.00023173199999999998, 'epoch': 17.21}
{'loss': 0.8899, 'learning_rate': 0.00023053199999999998, 'epoch': 17.26}
{'loss': 0.8708, 'learning_rate': 0.00022933199999999998, 'epoch': 17.32}
{'loss': 0.8949, 'learning_rate': 0.000228144, 'epoch': 17.38}
{'eval_loss': 0.25953409075737, 'eval_wer': 0.09627132090440302, 'eval_runtime': 147.0977, 'eval_samples_per_second': 17.961, 'eval_steps_per_second': 1.129, 'epoch': 17.38}
{'loss': 0.902, 'learning_rate': 0.000226944, 'epoch': 17.43}
{'loss': 0.9131, 'learning_rate': 0.000225744, 'epoch': 17.49}
{'loss': 0.8944, 'learning_rate': 0.000224544, 'epoch': 17.54}
{'loss': 0.8712, 'learning_rate': 0.000223344, 'epoch': 17.6}
{'loss': 0.8781, 'learning_rate': 0.000222144, 'epoch': 17.66}
{'eval_loss': 0.2601636052131653, 'eval_wer': 0.09623165410551368, 'eval_runtime': 150.5833, 'eval_samples_per_second': 17.545, 'eval_steps_per_second': 1.102, 'epoch': 17.66}
{'loss': 0.8917, 'learning_rate': 0.000220944, 'epoch': 17.71}
{'loss': 0.8971, 'learning_rate': 0.000219744, 'epoch': 17.77}
{'loss': 0.8973, 'learning_rate': 0.000218544, 'epoch': 17.83}
{'loss': 0.9116, 'learning_rate': 0.00021734399999999998, 'epoch': 17.88}
{'loss': 0.8605, 'learning_rate': 0.00021614399999999998, 'epoch': 17.94}
{'eval_loss': 0.2586513161659241, 'eval_wer': 0.09642998809996034, 'eval_runtime': 151.7104, 'eval_samples_per_second': 17.415, 'eval_steps_per_second': 1.094, 'epoch': 17.94}
{'loss': 0.8166, 'learning_rate': 0.00021494399999999998, 'epoch': 17.99}
{'loss': 0.8959, 'learning_rate': 0.00021374399999999998, 'epoch': 18.05}
{'loss': 0.8826, 'learning_rate': 0.00021254399999999998, 'epoch': 18.11}
{'loss': 0.8882, 'learning_rate': 0.00021134399999999997, 'epoch': 18.16}
{'loss': 0.863, 'learning_rate': 0.00021014399999999997, 'epoch': 18.22}
{'eval_loss': 0.25106000900268555, 'eval_wer': 0.09694565648552161, 'eval_runtime': 151.1294, 'eval_samples_per_second': 17.482, 'eval_steps_per_second': 1.098, 'epoch': 18.22}
{'loss': 0.8989, 'learning_rate': 0.00020894399999999997, 'epoch': 18.27}
{'loss': 0.8794, 'learning_rate': 0.00020774399999999997, 'epoch': 18.33}
{'loss': 0.898, 'learning_rate': 0.00020654399999999997, 'epoch': 18.39}
{'loss': 0.864, 'learning_rate': 0.00020534399999999996, 'epoch': 18.44}
{'loss': 0.9113, 'learning_rate': 0.00020414399999999996, 'epoch': 18.5}
{'eval_loss': 0.2553958296775818, 'eval_wer': 0.09706465688218961, 'eval_runtime': 148.3982, 'eval_samples_per_second': 17.803, 'eval_steps_per_second': 1.119, 'epoch': 18.5}
{'loss': 0.8957, 'learning_rate': 0.000202944, 'epoch': 18.55}
{'loss': 0.8594, 'learning_rate': 0.00020174399999999998, 'epoch': 18.61}
{'loss': 0.907, 'learning_rate': 0.00020054399999999998, 'epoch': 18.67}
{'loss': 0.8602, 'learning_rate': 0.00019934399999999998, 'epoch': 18.72}
{'loss': 0.8739, 'learning_rate': 0.00019815599999999998, 'epoch': 18.78}
{'eval_loss': 0.25120964646339417, 'eval_wer': 0.09686632288774295, 'eval_runtime': 147.2047, 'eval_samples_per_second': 17.948, 'eval_steps_per_second': 1.128, 'epoch': 18.78}
{'loss': 0.8826, 'learning_rate': 0.00019695599999999998, 'epoch': 18.83}
{'loss': 0.9098, 'learning_rate': 0.00019575599999999997, 'epoch': 18.89}
{'loss': 0.8929, 'learning_rate': 0.00019455599999999997, 'epoch': 18.95}
{'loss': 0.8573, 'learning_rate': 0.00019335599999999997, 'epoch': 19.0}
{'loss': 0.9047, 'learning_rate': 0.00019215599999999997, 'epoch': 19.06}
{'eval_loss': 0.23949918150901794, 'eval_wer': 0.09877032923443078, 'eval_runtime': 148.0741, 'eval_samples_per_second': 17.842, 'eval_steps_per_second': 1.121, 'epoch': 19.06}
{'loss': 0.8878, 'learning_rate': 0.00019095599999999997, 'epoch': 19.11}
{'loss': 0.853, 'learning_rate': 0.00018975599999999996, 'epoch': 19.17}
{'loss': 0.8747, 'learning_rate': 0.00018855599999999996, 'epoch': 19.23}
{'loss': 0.9149, 'learning_rate': 0.00018735599999999999, 'epoch': 19.28}
{'loss': 0.89, 'learning_rate': 0.00018615599999999998, 'epoch': 19.34}
{'eval_loss': 0.23780424892902374, 'eval_wer': 0.09867116223720745, 'eval_runtime': 150.8819, 'eval_samples_per_second': 17.51, 'eval_steps_per_second': 1.1, 'epoch': 19.34}
{'loss': 0.8824, 'learning_rate': 0.00018495599999999998, 'epoch': 19.39}
{'loss': 0.8741, 'learning_rate': 0.00018375599999999998, 'epoch': 19.45}
{'loss': 0.8912, 'learning_rate': 0.00018255599999999998, 'epoch': 19.51}
{'loss': 0.8858, 'learning_rate': 0.00018135599999999998, 'epoch': 19.56}
{'loss': 0.8806, 'learning_rate': 0.000180156, 'epoch': 19.62}
{'eval_loss': 0.23801229894161224, 'eval_wer': 0.09845299484331614, 'eval_runtime': 151.4325, 'eval_samples_per_second': 17.447, 'eval_steps_per_second': 1.096, 'epoch': 19.62}
{'loss': 0.8905, 'learning_rate': 0.000178956, 'epoch': 19.67}
{'loss': 0.8928, 'learning_rate': 0.000177756, 'epoch': 19.73}
{'loss': 0.8925, 'learning_rate': 0.000176556, 'epoch': 19.79}
{'loss': 0.8751, 'learning_rate': 0.000175356, 'epoch': 19.84}
{'loss': 0.9053, 'learning_rate': 0.000174156, 'epoch': 19.9}
{'eval_loss': 0.2390553504228592, 'eval_wer': 0.09916699722332407, 'eval_runtime': 150.8127, 'eval_samples_per_second': 17.518, 'eval_steps_per_second': 1.101, 'epoch': 19.9}
{'loss': 0.8637, 'learning_rate': 0.000172956, 'epoch': 19.96}
{'loss': 0.9387, 'learning_rate': 0.00017176799999999999, 'epoch': 20.01}
{'loss': 0.8971, 'learning_rate': 0.00017056799999999998, 'epoch': 20.07}
{'loss': 0.8789, 'learning_rate': 0.00016936799999999998, 'epoch': 20.12}
{'loss': 0.895, 'learning_rate': 0.00016816799999999998, 'epoch': 20.18}
{'eval_loss': 0.2525474429130554, 'eval_wer': 0.09664815549385164, 'eval_runtime': 147.9287, 'eval_samples_per_second': 17.86, 'eval_steps_per_second': 1.122, 'epoch': 20.18}
{'loss': 0.8857, 'learning_rate': 0.000166968, 'epoch': 20.24}
{'loss': 0.8963, 'learning_rate': 0.000165768, 'epoch': 20.29}
{'loss': 0.8785, 'learning_rate': 0.000164568, 'epoch': 20.35}
{'loss': 0.8809, 'learning_rate': 0.000163368, 'epoch': 20.4}
{'loss': 0.8682, 'learning_rate': 0.000162168, 'epoch': 20.46}
{'eval_loss': 0.2506272792816162, 'eval_wer': 0.09676715589051964, 'eval_runtime': 148.0631, 'eval_samples_per_second': 17.844, 'eval_steps_per_second': 1.121, 'epoch': 20.46}
{'loss': 0.8595, 'learning_rate': 0.000160968, 'epoch': 20.52}
{'loss': 0.8583, 'learning_rate': 0.000159768, 'epoch': 20.57}
{'loss': 0.8903, 'learning_rate': 0.000158568, 'epoch': 20.63}
{'loss': 0.8796, 'learning_rate': 0.000157368, 'epoch': 20.68}
{'loss': 0.8921, 'learning_rate': 0.00015616799999999999, 'epoch': 20.74}
{'eval_loss': 0.25633734464645386, 'eval_wer': 0.09660848869496232, 'eval_runtime': 147.7464, 'eval_samples_per_second': 17.882, 'eval_steps_per_second': 1.124, 'epoch': 20.74}
{'loss': 0.8683, 'learning_rate': 0.00015496799999999998, 'epoch': 20.8}
{'loss': 0.8767, 'learning_rate': 0.00015376799999999998, 'epoch': 20.85}
{'loss': 0.8864, 'learning_rate': 0.00015256799999999998, 'epoch': 20.91}
{'loss': 0.8755, 'learning_rate': 0.00015136799999999998, 'epoch': 20.96}
{'loss': 0.8368, 'learning_rate': 0.00015016799999999998, 'epoch': 21.02}
{'eval_loss': 0.25883933901786804, 'eval_wer': 0.09662832209440698, 'eval_runtime': 150.7517, 'eval_samples_per_second': 17.526, 'eval_steps_per_second': 1.101, 'epoch': 21.02}
{'loss': 0.8546, 'learning_rate': 0.000148968, 'epoch': 21.08}
{'loss': 0.883, 'learning_rate': 0.000147768, 'epoch': 21.13}
{'loss': 0.8643, 'learning_rate': 0.000146568, 'epoch': 21.19}
{'loss': 0.8756, 'learning_rate': 0.000145368, 'epoch': 21.24}
{'loss': 0.8684, 'learning_rate': 0.000144168, 'epoch': 21.3}
{'eval_loss': 0.2562631368637085, 'eval_wer': 0.09676715589051964, 'eval_runtime': 150.9295, 'eval_samples_per_second': 17.505, 'eval_steps_per_second': 1.1, 'epoch': 21.3}
{'loss': 0.93, 'learning_rate': 0.000142968, 'epoch': 21.36}
{'loss': 0.9019, 'learning_rate': 0.000141768, 'epoch': 21.41}
{'loss': 0.878, 'learning_rate': 0.00014056799999999999, 'epoch': 21.47}
{'loss': 0.8872, 'learning_rate': 0.00013936799999999998, 'epoch': 21.52}
{'loss': 0.8523, 'learning_rate': 0.00013816799999999998, 'epoch': 21.58}
{'eval_loss': 0.2548219561576843, 'eval_wer': 0.09652915509718366, 'eval_runtime': 151.5795, 'eval_samples_per_second': 17.43, 'eval_steps_per_second': 1.095, 'epoch': 21.58}
{'loss': 0.8691, 'learning_rate': 0.000136968, 'epoch': 21.64}
{'loss': 0.8955, 'learning_rate': 0.000135768, 'epoch': 21.69}
{'loss': 0.9115, 'learning_rate': 0.000134568, 'epoch': 21.75}
{'loss': 0.8791, 'learning_rate': 0.00013338, 'epoch': 21.8}
{'loss': 0.8496, 'learning_rate': 0.00013218, 'epoch': 21.86}
{'eval_loss': 0.25059717893600464, 'eval_wer': 0.09694565648552161, 'eval_runtime': 148.3782, 'eval_samples_per_second': 17.806, 'eval_steps_per_second': 1.119, 'epoch': 21.86}
{'loss': 0.8696, 'learning_rate': 0.00013098, 'epoch': 21.92}
{'loss': 0.8568, 'learning_rate': 0.00012978, 'epoch': 21.97}
{'loss': 0.8512, 'learning_rate': 0.00012858, 'epoch': 22.03}
{'loss': 0.869, 'learning_rate': 0.00012738, 'epoch': 22.09}
{'loss': 0.8813, 'learning_rate': 0.00012618, 'epoch': 22.14}
{'eval_loss': 0.24040676653385162, 'eval_wer': 0.09839349464498215, 'eval_runtime': 147.5238, 'eval_samples_per_second': 17.909, 'eval_steps_per_second': 1.125, 'epoch': 22.14}
{'loss': 0.869, 'learning_rate': 0.00012497999999999999, 'epoch': 22.2}
{'loss': 0.8493, 'learning_rate': 0.00012377999999999998, 'epoch': 22.25}
{'loss': 0.889, 'learning_rate': 0.00012257999999999998, 'epoch': 22.31}
{'loss': 0.8692, 'learning_rate': 0.00012137999999999999, 'epoch': 22.37}
{'loss': 0.8791, 'learning_rate': 0.00012017999999999999, 'epoch': 22.42}
{'eval_loss': 0.24052250385284424, 'eval_wer': 0.0985918286394288, 'eval_runtime': 148.3104, 'eval_samples_per_second': 17.814, 'eval_steps_per_second': 1.119, 'epoch': 22.42}
{'loss': 0.8942, 'learning_rate': 0.00011897999999999999, 'epoch': 22.48}
{'loss': 0.8708, 'learning_rate': 0.00011777999999999999, 'epoch': 22.53}
{'loss': 0.8629, 'learning_rate': 0.00011657999999999998, 'epoch': 22.59}
{'loss': 0.8687, 'learning_rate': 0.00011537999999999998, 'epoch': 22.65}
{'loss': 0.9018, 'learning_rate': 0.00011418, 'epoch': 22.7}
{'eval_loss': 0.24291636049747467, 'eval_wer': 0.09815549385164617, 'eval_runtime': 151.0157, 'eval_samples_per_second': 17.495, 'eval_steps_per_second': 1.099, 'epoch': 22.7}
{'loss': 0.9018, 'learning_rate': 0.00011297999999999999, 'epoch': 22.76}
{'loss': 0.8769, 'learning_rate': 0.00011177999999999999, 'epoch': 22.81}
{'loss': 0.863, 'learning_rate': 0.00011057999999999999, 'epoch': 22.87}
{'loss': 0.8695, 'learning_rate': 0.00010937999999999999, 'epoch': 22.93}
{'loss': 0.8555, 'learning_rate': 0.00010817999999999998, 'epoch': 22.98}
{'eval_loss': 0.23990824818611145, 'eval_wer': 0.09841332804442682, 'eval_runtime': 150.0173, 'eval_samples_per_second': 17.611, 'eval_steps_per_second': 1.107, 'epoch': 22.98}
{'loss': 0.9781, 'learning_rate': 0.00010697999999999998, 'epoch': 23.04}
{'loss': 0.8731, 'learning_rate': 0.00010578, 'epoch': 23.09}
{'loss': 0.8706, 'learning_rate': 0.00010457999999999999, 'epoch': 23.15}
{'loss': 0.8675, 'learning_rate': 0.00010338, 'epoch': 23.21}
{'loss': 0.8748, 'learning_rate': 0.00010218, 'epoch': 23.26}
{'eval_loss': 0.2508545517921448, 'eval_wer': 0.09724315747719159, 'eval_runtime': 151.3148, 'eval_samples_per_second': 17.46, 'eval_steps_per_second': 1.097, 'epoch': 23.26}
{'loss': 0.8621, 'learning_rate': 0.00010098, 'epoch': 23.32}
{'loss': 0.8764, 'learning_rate': 9.978e-05, 'epoch': 23.37}
{'loss': 0.8656, 'learning_rate': 9.858e-05, 'epoch': 23.43}
{'loss': 0.8789, 'learning_rate': 9.737999999999999e-05, 'epoch': 23.49}
{'loss': 0.8844, 'learning_rate': 9.617999999999999e-05, 'epoch': 23.54}
{'eval_loss': 0.24858473241329193, 'eval_wer': 0.0974613248710829, 'eval_runtime': 148.1098, 'eval_samples_per_second': 17.838, 'eval_steps_per_second': 1.121, 'epoch': 23.54}
{'loss': 0.8814, 'learning_rate': 9.497999999999999e-05, 'epoch': 23.6}
{'loss': 0.8969, 'learning_rate': 9.377999999999999e-05, 'epoch': 23.65}
{'loss': 0.866, 'learning_rate': 9.257999999999998e-05, 'epoch': 23.71}
{'loss': 0.8664, 'learning_rate': 9.137999999999998e-05, 'epoch': 23.77}
{'loss': 0.8612, 'learning_rate': 9.017999999999998e-05, 'epoch': 23.82}
{'eval_loss': 0.24970988929271698, 'eval_wer': 0.09740182467274891, 'eval_runtime': 146.9503, 'eval_samples_per_second': 17.979, 'eval_steps_per_second': 1.13, 'epoch': 23.82}
{'loss': 0.8524, 'learning_rate': 8.897999999999998e-05, 'epoch': 23.88}
{'loss': 0.8727, 'learning_rate': 8.778e-05, 'epoch': 23.93}
{'loss': 0.8311, 'learning_rate': 8.658e-05, 'epoch': 23.99}
{'loss': 0.8718, 'learning_rate': 8.5392e-05, 'epoch': 24.05}
{'loss': 0.9105, 'learning_rate': 8.4192e-05, 'epoch': 24.1}
{'eval_loss': 0.2550954222679138, 'eval_wer': 0.09708449028163427, 'eval_runtime': 149.5213, 'eval_samples_per_second': 17.67, 'eval_steps_per_second': 1.11, 'epoch': 24.1}
{'loss': 0.8514, 'learning_rate': 8.2992e-05, 'epoch': 24.16}
{'loss': 0.8701, 'learning_rate': 8.179199999999999e-05, 'epoch': 24.22}
{'loss': 0.8784, 'learning_rate': 8.059199999999999e-05, 'epoch': 24.27}
{'loss': 0.8641, 'learning_rate': 7.939199999999999e-05, 'epoch': 24.33}
{'loss': 0.8686, 'learning_rate': 7.819199999999999e-05, 'epoch': 24.38}
{'eval_loss': 0.2535770833492279, 'eval_wer': 0.09692582308607696, 'eval_runtime': 150.8736, 'eval_samples_per_second': 17.511, 'eval_steps_per_second': 1.1, 'epoch': 24.38}
{'loss': 0.8573, 'learning_rate': 7.699199999999998e-05, 'epoch': 24.44}
{'loss': 0.8647, 'learning_rate': 7.579199999999998e-05, 'epoch': 24.5}
{'loss': 0.8852, 'learning_rate': 7.4592e-05, 'epoch': 24.55}
{'loss': 0.8818, 'learning_rate': 7.339199999999999e-05, 'epoch': 24.61}
{'loss': 0.8831, 'learning_rate': 7.219199999999999e-05, 'epoch': 24.66}
{'eval_loss': 0.2533332109451294, 'eval_wer': 0.09704482348274494, 'eval_runtime': 151.3118, 'eval_samples_per_second': 17.461, 'eval_steps_per_second': 1.097, 'epoch': 24.66}
{'loss': 0.8578, 'learning_rate': 7.099199999999999e-05, 'epoch': 24.72}
{'loss': 0.851, 'learning_rate': 6.9792e-05, 'epoch': 24.78}
{'loss': 0.8478, 'learning_rate': 6.8592e-05, 'epoch': 24.83}
{'loss': 0.8745, 'learning_rate': 6.7392e-05, 'epoch': 24.89}
{'loss': 0.8928, 'learning_rate': 6.619199999999999e-05, 'epoch': 24.94}
{'eval_loss': 0.2528392970561981, 'eval_wer': 0.09720349067830227, 'eval_runtime': 150.3434, 'eval_samples_per_second': 17.573, 'eval_steps_per_second': 1.104, 'epoch': 24.94}
{'loss': 0.7828, 'learning_rate': 6.499199999999999e-05, 'epoch': 25.0}
{'loss': 0.8636, 'learning_rate': 6.379199999999999e-05, 'epoch': 25.06}
{'loss': 0.8688, 'learning_rate': 6.259199999999999e-05, 'epoch': 25.11}
{'loss': 0.8349, 'learning_rate': 6.1404e-05, 'epoch': 25.17}
{'loss': 0.873, 'learning_rate': 6.0203999999999995e-05, 'epoch': 25.22}
{'eval_loss': 0.24332822859287262, 'eval_wer': 0.09815549385164617, 'eval_runtime': 147.8959, 'eval_samples_per_second': 17.864, 'eval_steps_per_second': 1.122, 'epoch': 25.22}
{'loss': 0.8903, 'learning_rate': 5.900399999999999e-05, 'epoch': 25.28}
{'loss': 0.8909, 'learning_rate': 5.780399999999999e-05, 'epoch': 25.34}
{'loss': 0.8664, 'learning_rate': 5.660399999999999e-05, 'epoch': 25.39}
{'loss': 0.8261, 'learning_rate': 5.5404e-05, 'epoch': 25.45}
{'loss': 0.8474, 'learning_rate': 5.4204e-05, 'epoch': 25.5}
{'eval_loss': 0.24361728131771088, 'eval_wer': 0.0979174930583102, 'eval_runtime': 146.6571, 'eval_samples_per_second': 18.015, 'eval_steps_per_second': 1.132, 'epoch': 25.5}
{'loss': 0.8494, 'learning_rate': 5.3003999999999996e-05, 'epoch': 25.56}
{'loss': 0.8621, 'learning_rate': 5.1803999999999994e-05, 'epoch': 25.62}
{'loss': 0.8797, 'learning_rate': 5.060399999999999e-05, 'epoch': 25.67}
{'loss': 0.8976, 'learning_rate': 4.9403999999999997e-05, 'epoch': 25.73}
{'loss': 0.8892, 'learning_rate': 4.8203999999999995e-05, 'epoch': 25.78}
{'eval_loss': 0.24582988023757935, 'eval_wer': 0.09789765965886553, 'eval_runtime': 147.7728, 'eval_samples_per_second': 17.879, 'eval_steps_per_second': 1.123, 'epoch': 25.78}
{'loss': 0.8666, 'learning_rate': 4.7004e-05, 'epoch': 25.84}
{'loss': 0.9098, 'learning_rate': 4.5804e-05, 'epoch': 25.9}
{'loss': 0.8697, 'learning_rate': 4.4603999999999995e-05, 'epoch': 25.95}
{'loss': 0.9837, 'learning_rate': 4.3404e-05, 'epoch': 26.01}
{'loss': 0.876, 'learning_rate': 4.2204e-05, 'epoch': 26.07}
{'eval_loss': 0.24885040521621704, 'eval_wer': 0.09773899246330821, 'eval_runtime': 150.5696, 'eval_samples_per_second': 17.547, 'eval_steps_per_second': 1.102, 'epoch': 26.07}
{'loss': 0.8805, 'learning_rate': 4.1016e-05, 'epoch': 26.12}
{'loss': 0.8893, 'learning_rate': 3.9816e-05, 'epoch': 26.18}
{'loss': 0.8694, 'learning_rate': 3.8616e-05, 'epoch': 26.23}
{'loss': 0.8816, 'learning_rate': 3.7415999999999995e-05, 'epoch': 26.29}
{'loss': 0.8615, 'learning_rate': 3.6215999999999993e-05, 'epoch': 26.35}
{'eval_loss': 0.2480592131614685, 'eval_wer': 0.09777865926219755, 'eval_runtime': 150.6303, 'eval_samples_per_second': 17.54, 'eval_steps_per_second': 1.102, 'epoch': 26.35}
{'loss': 0.8778, 'learning_rate': 3.5016e-05, 'epoch': 26.4}
{'loss': 0.8715, 'learning_rate': 3.3815999999999996e-05, 'epoch': 26.46}
{'loss': 0.8796, 'learning_rate': 3.2615999999999994e-05, 'epoch': 26.51}
{'loss': 0.8489, 'learning_rate': 3.1416e-05, 'epoch': 26.57}
{'loss': 0.8789, 'learning_rate': 3.0216e-05, 'epoch': 26.63}
{'eval_loss': 0.2484813928604126, 'eval_wer': 0.0974613248710829, 'eval_runtime': 151.5506, 'eval_samples_per_second': 17.433, 'eval_steps_per_second': 1.095, 'epoch': 26.63}
{'loss': 0.8642, 'learning_rate': 2.9015999999999998e-05, 'epoch': 26.68}
{'loss': 0.8667, 'learning_rate': 2.7815999999999996e-05, 'epoch': 26.74}
{'loss': 0.8358, 'learning_rate': 2.6615999999999997e-05, 'epoch': 26.79}
{'loss': 0.8292, 'learning_rate': 2.5416e-05, 'epoch': 26.85}
{'loss': 0.8824, 'learning_rate': 2.4215999999999997e-05, 'epoch': 26.91}
{'eval_loss': 0.24757136404514313, 'eval_wer': 0.09771915906386354, 'eval_runtime': 147.8643, 'eval_samples_per_second': 17.868, 'eval_steps_per_second': 1.123, 'epoch': 26.91}
{'loss': 0.8556, 'learning_rate': 2.3015999999999998e-05, 'epoch': 26.96}
{'loss': 0.8534, 'learning_rate': 2.1816e-05, 'epoch': 27.02}
{'loss': 0.8666, 'learning_rate': 2.0616e-05, 'epoch': 27.07}
{'loss': 0.8874, 'learning_rate': 1.9416e-05, 'epoch': 27.13}
{'loss': 0.8357, 'learning_rate': 1.8216e-05, 'epoch': 27.19}
{'eval_loss': 0.24932612478733063, 'eval_wer': 0.09771915906386354, 'eval_runtime': 147.3239, 'eval_samples_per_second': 17.933, 'eval_steps_per_second': 1.127, 'epoch': 27.19}
{'loss': 0.8619, 'learning_rate': 1.7015999999999998e-05, 'epoch': 27.24}
{'loss': 0.8846, 'learning_rate': 1.5816e-05, 'epoch': 27.3}
{'loss': 0.8673, 'learning_rate': 1.4615999999999999e-05, 'epoch': 27.35}
{'loss': 0.8674, 'learning_rate': 1.3416e-05, 'epoch': 27.41}
{'loss': 0.8848, 'learning_rate': 1.2215999999999998e-05, 'epoch': 27.47}
{'eval_loss': 0.2498106062412262, 'eval_wer': 0.09750099166997224, 'eval_runtime': 148.9731, 'eval_samples_per_second': 17.735, 'eval_steps_per_second': 1.114, 'epoch': 27.47}
{'loss': 0.8493, 'learning_rate': 1.1016e-05, 'epoch': 27.52}
{'loss': 0.8585, 'learning_rate': 9.815999999999999e-06, 'epoch': 27.58}
{'loss': 0.8683, 'learning_rate': 8.615999999999998e-06, 'epoch': 27.63}
{'loss': 0.8815, 'learning_rate': 7.415999999999999e-06, 'epoch': 27.69}
{'loss': 0.8814, 'learning_rate': 6.2159999999999994e-06, 'epoch': 27.75}
{'eval_loss': 0.24913758039474487, 'eval_wer': 0.09758032526775089, 'eval_runtime': 150.2943, 'eval_samples_per_second': 17.579, 'eval_steps_per_second': 1.104, 'epoch': 27.75}
{'loss': 0.8529, 'learning_rate': 5.015999999999999e-06, 'epoch': 27.8}
{'loss': 0.8422, 'learning_rate': 3.8159999999999995e-06, 'epoch': 27.86}
{'loss': 0.8866, 'learning_rate': 2.616e-06, 'epoch': 27.91}
{'loss': 0.842, 'learning_rate': 1.4159999999999999e-06, 'epoch': 27.97}
{'loss': 0.7802, 'learning_rate': 2.16e-07, 'epoch': 28.03}
{'eval_loss': 0.24848155677318573, 'eval_wer': 0.09771915906386354, 'eval_runtime': 150.8567, 'eval_samples_per_second': 17.513, 'eval_steps_per_second': 1.1, 'epoch': 28.03}
{'train_runtime': 84750.8999, 'train_samples_per_second': 9.439, 'train_steps_per_second': 0.59, 'train_loss': 0.9705180363464355, 'epoch': 28.03}
{'test_loss': 0.3041004240512848, 'test_wer': 0.10222448633044659, 'test_runtime': 144.1096, 'test_samples_per_second': 17.542, 'test_steps_per_second': 1.096}
