-----------------------------before filter-----------------------
----->>>> train
Dataset({
    features: ['input_values', 'input_length', 'labels'],
    num_rows: 28539
})
----->>>> valid
Dataset({
    features: ['input_values', 'input_length', 'labels'],
    num_rows: 2703
})
----->>>> test
Dataset({
    features: ['input_values', 'input_length', 'labels'],
    num_rows: 2620
})
-----------------------------after filter-----------------------
----->>>> train
Dataset({
    features: ['input_values', 'input_length', 'labels'],
    num_rows: 28538
})
----->>>> valid
Dataset({
    features: ['input_values', 'input_length', 'labels'],
    num_rows: 2642
})
----->>>> test
Dataset({
    features: ['input_values', 'input_length', 'labels'],
    num_rows: 2528
})

 #Train: 28538, #Valid: 2642, #Test: 2528 
------>>> Trainable params(before freeze): 314663070
------>>> Trainable params(after  freeze): 3434526
-----------------------------before filter-----------------------
----->>>> train
Dataset({
    features: ['input_values', 'input_length', 'labels'],
    num_rows: 28539
})
----->>>> valid
Dataset({
    features: ['input_values', 'input_length', 'labels'],
    num_rows: 2703
})
----->>>> test
Dataset({
    features: ['input_values', 'input_length', 'labels'],
    num_rows: 2620
})
-----------------------------after filter-----------------------
----->>>> train
Dataset({
    features: ['input_values', 'input_length', 'labels'],
    num_rows: 28538
})
----->>>> valid
Dataset({
    features: ['input_values', 'input_length', 'labels'],
    num_rows: 2642
})
----->>>> test
Dataset({
    features: ['input_values', 'input_length', 'labels'],
    num_rows: 2528
})

 #Train: 28538, #Valid: 2642, #Test: 2528 
------>>> Trainable params(before freeze): 314663070
------>>> Trainable params(after  freeze): 3434526
{'loss': 7.89, 'learning_rate': 5.999999999999999e-06, 'epoch': 0.06}
{'loss': 7.3202, 'learning_rate': 1.1999999999999999e-05, 'epoch': 0.11}
{'loss': 6.2842, 'learning_rate': 1.7999999999999997e-05, 'epoch': 0.17}
{'loss': 4.9341, 'learning_rate': 2.3999999999999997e-05, 'epoch': 0.22}
{'loss': 3.4708, 'learning_rate': 2.9999999999999997e-05, 'epoch': 0.28}
{'eval_loss': 2.997702121734619, 'eval_wer': 0.8495041650138834, 'eval_runtime': 342.5074, 'eval_samples_per_second': 7.714, 'eval_steps_per_second': 0.485, 'epoch': 0.28}
{'loss': 2.2342, 'learning_rate': 3.5999999999999994e-05, 'epoch': 0.34}
{'loss': 1.4343, 'learning_rate': 4.2e-05, 'epoch': 0.39}
{'loss': 0.9866, 'learning_rate': 4.7999999999999994e-05, 'epoch': 0.45}
{'loss': 0.7979, 'learning_rate': 5.399999999999999e-05, 'epoch': 0.5}
{'loss': 0.7129, 'learning_rate': 5.9999999999999995e-05, 'epoch': 0.56}
{'eval_loss': 0.863217830657959, 'eval_wer': 0.9029155097183658, 'eval_runtime': 338.5901, 'eval_samples_per_second': 7.803, 'eval_steps_per_second': 0.49, 'epoch': 0.56}
{'loss': 0.6697, 'learning_rate': 6.599999999999999e-05, 'epoch': 0.62}
{'loss': 0.6309, 'learning_rate': 7.199999999999999e-05, 'epoch': 0.67}
{'loss': 0.6045, 'learning_rate': 7.8e-05, 'epoch': 0.73}
{'loss': 0.589, 'learning_rate': 8.4e-05, 'epoch': 0.78}
{'loss': 0.57, 'learning_rate': 8.999999999999999e-05, 'epoch': 0.84}
{'eval_loss': 0.6622892022132874, 'eval_wer': 0.778044426814756, 'eval_runtime': 335.1284, 'eval_samples_per_second': 7.884, 'eval_steps_per_second': 0.495, 'epoch': 0.84}
{'loss': 0.5632, 'learning_rate': 9.599999999999999e-05, 'epoch': 0.9}
{'loss': 0.5527, 'learning_rate': 0.000102, 'epoch': 0.95}
{'loss': 0.5504, 'learning_rate': 0.00010799999999999998, 'epoch': 1.01}
{'loss': 0.54, 'learning_rate': 0.00011399999999999999, 'epoch': 1.07}
{'loss': 0.5361, 'learning_rate': 0.00011999999999999999, 'epoch': 1.12}
{'eval_loss': 0.5913029313087463, 'eval_wer': 0.7834986116620388, 'eval_runtime': 335.4708, 'eval_samples_per_second': 7.875, 'eval_steps_per_second': 0.495, 'epoch': 1.12}
{'loss': 0.5312, 'learning_rate': 0.00012599999999999997, 'epoch': 1.18}
{'loss': 0.5242, 'learning_rate': 0.00013199999999999998, 'epoch': 1.23}
{'loss': 0.5249, 'learning_rate': 0.000138, 'epoch': 1.29}
{'loss': 0.5247, 'learning_rate': 0.00014399999999999998, 'epoch': 1.35}
{'loss': 0.5151, 'learning_rate': 0.00015, 'epoch': 1.4}
{'eval_loss': 0.5549590587615967, 'eval_wer': 0.778579928599762, 'eval_runtime': 340.1205, 'eval_samples_per_second': 7.768, 'eval_steps_per_second': 0.488, 'epoch': 1.4}
{'loss': 0.5163, 'learning_rate': 0.000156, 'epoch': 1.46}
{'loss': 0.5118, 'learning_rate': 0.000162, 'epoch': 1.51}
{'loss': 0.5107, 'learning_rate': 0.000168, 'epoch': 1.57}
{'loss': 0.5113, 'learning_rate': 0.00017399999999999997, 'epoch': 1.63}
{'loss': 0.5066, 'learning_rate': 0.00017999999999999998, 'epoch': 1.68}
{'eval_loss': 0.5312865376472473, 'eval_wer': 0.7660253867512892, 'eval_runtime': 342.526, 'eval_samples_per_second': 7.713, 'eval_steps_per_second': 0.485, 'epoch': 1.68}
{'loss': 0.5051, 'learning_rate': 0.000186, 'epoch': 1.74}
{'loss': 0.5086, 'learning_rate': 0.00019199999999999998, 'epoch': 1.79}
{'loss': 0.5034, 'learning_rate': 0.000198, 'epoch': 1.85}
{'loss': 0.5042, 'learning_rate': 0.000204, 'epoch': 1.91}
{'loss': 0.5016, 'learning_rate': 0.00020999999999999998, 'epoch': 1.96}
{'eval_loss': 0.5196141600608826, 'eval_wer': 0.7584886949623165, 'eval_runtime': 339.8529, 'eval_samples_per_second': 7.774, 'eval_steps_per_second': 0.488, 'epoch': 1.96}
{'loss': 0.4989, 'learning_rate': 0.00021599999999999996, 'epoch': 2.02}
{'loss': 0.4984, 'learning_rate': 0.00022199999999999998, 'epoch': 2.07}
{'loss': 0.4964, 'learning_rate': 0.00022799999999999999, 'epoch': 2.13}
{'loss': 0.4939, 'learning_rate': 0.000234, 'epoch': 2.19}
{'loss': 0.4994, 'learning_rate': 0.00023999999999999998, 'epoch': 2.24}
{'eval_loss': 0.5105762481689453, 'eval_wer': 0.7496033320111067, 'eval_runtime': 335.9175, 'eval_samples_per_second': 7.865, 'eval_steps_per_second': 0.494, 'epoch': 2.24}
{'loss': 0.4961, 'learning_rate': 0.00024599999999999996, 'epoch': 2.3}
{'loss': 0.4962, 'learning_rate': 0.00025199999999999995, 'epoch': 2.35}
{'loss': 0.4905, 'learning_rate': 0.000258, 'epoch': 2.41}
{'loss': 0.4981, 'learning_rate': 0.00026399999999999997, 'epoch': 2.47}
{'loss': 0.4957, 'learning_rate': 0.00027, 'epoch': 2.52}
{'eval_loss': 0.5026682615280151, 'eval_wer': 0.7439508131693773, 'eval_runtime': 333.2158, 'eval_samples_per_second': 7.929, 'eval_steps_per_second': 0.498, 'epoch': 2.52}
{'loss': 0.4898, 'learning_rate': 0.000276, 'epoch': 2.58}
{'loss': 0.4904, 'learning_rate': 0.00028199999999999997, 'epoch': 2.63}
{'loss': 0.4887, 'learning_rate': 0.00028799999999999995, 'epoch': 2.69}
{'loss': 0.4919, 'learning_rate': 0.000294, 'epoch': 2.75}
{'loss': 0.4965, 'learning_rate': 0.0003, 'epoch': 2.8}
{'eval_loss': 0.5022859573364258, 'eval_wer': 0.739706465688219, 'eval_runtime': 339.047, 'eval_samples_per_second': 7.792, 'eval_steps_per_second': 0.49, 'epoch': 2.8}
{'loss': 0.4945, 'learning_rate': 0.0003, 'epoch': 2.86}
{'loss': 0.4902, 'learning_rate': 0.0003, 'epoch': 2.91}
{'loss': 0.4897, 'learning_rate': 0.0003, 'epoch': 2.97}
{'loss': 0.4834, 'learning_rate': 0.0003, 'epoch': 3.03}
{'loss': 0.4894, 'learning_rate': 0.0003, 'epoch': 3.08}
{'eval_loss': 0.4760926067829132, 'eval_wer': 0.7231455771519238, 'eval_runtime': 343.1797, 'eval_samples_per_second': 7.699, 'eval_steps_per_second': 0.484, 'epoch': 3.08}
{'loss': 0.4867, 'learning_rate': 0.0003, 'epoch': 3.14}
{'loss': 0.4869, 'learning_rate': 0.0003, 'epoch': 3.2}
{'loss': 0.4896, 'learning_rate': 0.0003, 'epoch': 3.25}
{'loss': 0.4901, 'learning_rate': 0.0003, 'epoch': 3.31}
{'loss': 0.4868, 'learning_rate': 0.0003, 'epoch': 3.36}
{'eval_loss': 0.4708852469921112, 'eval_wer': 0.7201309004363348, 'eval_runtime': 340.884, 'eval_samples_per_second': 7.75, 'eval_steps_per_second': 0.487, 'epoch': 3.36}
{'loss': 0.4892, 'learning_rate': 0.0003, 'epoch': 3.42}
{'loss': 0.4867, 'learning_rate': 0.0003, 'epoch': 3.48}
{'loss': 0.4862, 'learning_rate': 0.0003, 'epoch': 3.53}
{'loss': 0.485, 'learning_rate': 0.0003, 'epoch': 3.59}
{'loss': 0.4885, 'learning_rate': 0.0003, 'epoch': 3.64}
{'eval_loss': 0.46298137307167053, 'eval_wer': 0.7133280444268147, 'eval_runtime': 336.8643, 'eval_samples_per_second': 7.843, 'eval_steps_per_second': 0.493, 'epoch': 3.64}
{'loss': 0.4855, 'learning_rate': 0.0003, 'epoch': 3.7}
{'loss': 0.4827, 'learning_rate': 0.0003, 'epoch': 3.76}
{'loss': 0.4863, 'learning_rate': 0.0003, 'epoch': 3.81}
{'loss': 0.4847, 'learning_rate': 0.0003, 'epoch': 3.87}
{'loss': 0.4837, 'learning_rate': 0.0003, 'epoch': 3.92}
{'eval_loss': 0.4611540138721466, 'eval_wer': 0.7115827052756842, 'eval_runtime': 334.3646, 'eval_samples_per_second': 7.902, 'eval_steps_per_second': 0.496, 'epoch': 3.92}
{'loss': 0.4835, 'learning_rate': 0.0003, 'epoch': 3.98}
{'loss': 0.4979, 'learning_rate': 0.0003, 'epoch': 4.04}
{'loss': 0.4855, 'learning_rate': 0.0003, 'epoch': 4.09}
{'loss': 0.4857, 'learning_rate': 0.0003, 'epoch': 4.15}
{'loss': 0.4852, 'learning_rate': 0.0003, 'epoch': 4.2}
{'eval_loss': 0.4677613377571106, 'eval_wer': 0.7209639032130107, 'eval_runtime': 338.96, 'eval_samples_per_second': 7.794, 'eval_steps_per_second': 0.49, 'epoch': 4.2}
{'loss': 0.4858, 'learning_rate': 0.0003, 'epoch': 4.26}
{'loss': 0.4867, 'learning_rate': 0.0003, 'epoch': 4.32}
{'loss': 0.4833, 'learning_rate': 0.0003, 'epoch': 4.37}
{'loss': 0.4852, 'learning_rate': 0.0003, 'epoch': 4.43}
{'loss': 0.4811, 'learning_rate': 0.0003, 'epoch': 4.48}
{'eval_loss': 0.4575358033180237, 'eval_wer': 0.7125942086473621, 'eval_runtime': 344.0378, 'eval_samples_per_second': 7.679, 'eval_steps_per_second': 0.483, 'epoch': 4.48}
{'loss': 0.48, 'learning_rate': 0.0003, 'epoch': 4.54}
{'loss': 0.4797, 'learning_rate': 0.0003, 'epoch': 4.6}
{'loss': 0.4822, 'learning_rate': 0.0003, 'epoch': 4.65}
{'loss': 0.4823, 'learning_rate': 0.0003, 'epoch': 4.71}
{'loss': 0.4829, 'learning_rate': 0.0003, 'epoch': 4.76}
{'eval_loss': 0.45650216937065125, 'eval_wer': 0.7120190400634668, 'eval_runtime': 342.8666, 'eval_samples_per_second': 7.706, 'eval_steps_per_second': 0.484, 'epoch': 4.76}
{'loss': 0.4809, 'learning_rate': 0.0003, 'epoch': 4.82}
{'loss': 0.4806, 'learning_rate': 0.0003, 'epoch': 4.88}
{'loss': 0.4778, 'learning_rate': 0.0003, 'epoch': 4.93}
{'loss': 0.4767, 'learning_rate': 0.0003, 'epoch': 4.99}
{'loss': 0.4788, 'learning_rate': 0.0003, 'epoch': 5.04}
{'eval_loss': 0.4777081608772278, 'eval_wer': 0.725446251487505, 'eval_runtime': 337.7115, 'eval_samples_per_second': 7.823, 'eval_steps_per_second': 0.492, 'epoch': 5.04}
{'loss': 0.484, 'learning_rate': 0.0003, 'epoch': 5.1}
{'loss': 0.4766, 'learning_rate': 0.0003, 'epoch': 5.16}
{'loss': 0.4828, 'learning_rate': 0.0003, 'epoch': 5.21}
{'loss': 0.479, 'learning_rate': 0.0003, 'epoch': 5.27}
{'loss': 0.4839, 'learning_rate': 0.0003, 'epoch': 5.33}
{'eval_loss': 0.47805991768836975, 'eval_wer': 0.7229274097580325, 'eval_runtime': 334.7898, 'eval_samples_per_second': 7.892, 'eval_steps_per_second': 0.496, 'epoch': 5.33}
{'loss': 0.4826, 'learning_rate': 0.0003, 'epoch': 5.38}
{'loss': 0.4823, 'learning_rate': 0.0003, 'epoch': 5.44}
{'loss': 0.4792, 'learning_rate': 0.0003, 'epoch': 5.49}
{'loss': 0.4817, 'learning_rate': 0.0003, 'epoch': 5.55}
{'loss': 0.4792, 'learning_rate': 0.0003, 'epoch': 5.61}
{'eval_loss': 0.4641888439655304, 'eval_wer': 0.7152915509718366, 'eval_runtime': 335.8575, 'eval_samples_per_second': 7.866, 'eval_steps_per_second': 0.494, 'epoch': 5.61}
{'loss': 0.4803, 'learning_rate': 0.0003, 'epoch': 5.66}
{'loss': 0.4797, 'learning_rate': 0.0003, 'epoch': 5.72}
{'loss': 0.4773, 'learning_rate': 0.0003, 'epoch': 5.77}
{'loss': 0.4805, 'learning_rate': 0.0003, 'epoch': 5.83}
{'loss': 0.4786, 'learning_rate': 0.0003, 'epoch': 5.89}
{'eval_loss': 0.4597471058368683, 'eval_wer': 0.7120388734629115, 'eval_runtime': 339.9055, 'eval_samples_per_second': 7.773, 'eval_steps_per_second': 0.488, 'epoch': 5.89}
{'loss': 0.4769, 'learning_rate': 0.0003, 'epoch': 5.94}
{'loss': 0.476, 'learning_rate': 0.0003, 'epoch': 6.0}
{'loss': 0.4722, 'learning_rate': 0.0003, 'epoch': 6.05}
{'loss': 0.4805, 'learning_rate': 0.0003, 'epoch': 6.11}
{'loss': 0.4748, 'learning_rate': 0.0003, 'epoch': 6.17}
{'eval_loss': 0.4311284124851227, 'eval_wer': 0.6919873066243554, 'eval_runtime': 343.7701, 'eval_samples_per_second': 7.685, 'eval_steps_per_second': 0.483, 'epoch': 6.17}
{'loss': 0.4816, 'learning_rate': 0.0003, 'epoch': 6.22}
{'loss': 0.4793, 'learning_rate': 0.0003, 'epoch': 6.28}
{'loss': 0.4788, 'learning_rate': 0.0003, 'epoch': 6.33}
{'loss': 0.4755, 'learning_rate': 0.0003, 'epoch': 6.39}
{'loss': 0.4844, 'learning_rate': 0.0003, 'epoch': 6.45}
{'eval_loss': 0.43243154883384705, 'eval_wer': 0.6884569615232051, 'eval_runtime': 341.4536, 'eval_samples_per_second': 7.738, 'eval_steps_per_second': 0.486, 'epoch': 6.45}
{'loss': 0.4789, 'learning_rate': 0.0003, 'epoch': 6.5}
{'loss': 0.477, 'learning_rate': 0.0003, 'epoch': 6.56}
{'loss': 0.4783, 'learning_rate': 0.0003, 'epoch': 6.61}
{'loss': 0.4775, 'learning_rate': 0.0003, 'epoch': 6.67}
{'loss': 0.4749, 'learning_rate': 0.0003, 'epoch': 6.73}
{'eval_loss': 0.43211692571640015, 'eval_wer': 0.6811582705275684, 'eval_runtime': 334.1263, 'eval_samples_per_second': 7.907, 'eval_steps_per_second': 0.497, 'epoch': 6.73}
{'loss': 0.4794, 'learning_rate': 0.0003, 'epoch': 6.78}
{'loss': 0.4736, 'learning_rate': 0.0003, 'epoch': 6.84}
{'loss': 0.4792, 'learning_rate': 0.0003, 'epoch': 6.89}
{'loss': 0.4788, 'learning_rate': 0.0003, 'epoch': 6.95}
{'loss': 0.4842, 'learning_rate': 0.0003, 'epoch': 7.01}
{'eval_loss': 0.43521296977996826, 'eval_wer': 0.688813962713209, 'eval_runtime': 334.7241, 'eval_samples_per_second': 7.893, 'eval_steps_per_second': 0.496, 'epoch': 7.01}
{'loss': 0.4772, 'learning_rate': 0.0003, 'epoch': 7.06}
{'loss': 0.4757, 'learning_rate': 0.0003, 'epoch': 7.12}
{'loss': 0.4828, 'learning_rate': 0.0003, 'epoch': 7.17}
{'loss': 0.4772, 'learning_rate': 0.0003, 'epoch': 7.23}
{'loss': 0.4787, 'learning_rate': 0.0003, 'epoch': 7.29}
{'eval_loss': 0.4294157326221466, 'eval_wer': 0.6832407774692583, 'eval_runtime': 339.8194, 'eval_samples_per_second': 7.775, 'eval_steps_per_second': 0.488, 'epoch': 7.29}
{'loss': 0.4803, 'learning_rate': 0.0003, 'epoch': 7.34}
{'loss': 0.4778, 'learning_rate': 0.0003, 'epoch': 7.4}
{'loss': 0.4792, 'learning_rate': 0.0003, 'epoch': 7.46}
{'loss': 0.4731, 'learning_rate': 0.0003, 'epoch': 7.51}
{'loss': 0.4748, 'learning_rate': 0.0003, 'epoch': 7.57}
{'eval_loss': 0.43042176961898804, 'eval_wer': 0.6817334391114637, 'eval_runtime': 342.236, 'eval_samples_per_second': 7.72, 'eval_steps_per_second': 0.485, 'epoch': 7.57}
{'loss': 0.4749, 'learning_rate': 0.0003, 'epoch': 7.62}
{'loss': 0.4747, 'learning_rate': 0.0003, 'epoch': 7.68}
{'loss': 0.4723, 'learning_rate': 0.0003, 'epoch': 7.74}
{'loss': 0.4747, 'learning_rate': 0.0003, 'epoch': 7.79}
{'loss': 0.4792, 'learning_rate': 0.0003, 'epoch': 7.85}
{'eval_loss': 0.42540931701660156, 'eval_wer': 0.678758429194764, 'eval_runtime': 342.8314, 'eval_samples_per_second': 7.706, 'eval_steps_per_second': 0.484, 'epoch': 7.85}
{'loss': 0.4746, 'learning_rate': 0.0003, 'epoch': 7.9}
{'loss': 0.4742, 'learning_rate': 0.0003, 'epoch': 7.96}
{'loss': 0.4725, 'learning_rate': 0.0003, 'epoch': 8.02}
{'loss': 0.474, 'learning_rate': 0.0003, 'epoch': 8.07}
{'loss': 0.4762, 'learning_rate': 0.0003, 'epoch': 8.13}
{'eval_loss': 0.4517902731895447, 'eval_wer': 0.6981158270527569, 'eval_runtime': 336.7337, 'eval_samples_per_second': 7.846, 'eval_steps_per_second': 0.493, 'epoch': 8.13}
{'loss': 0.474, 'learning_rate': 0.0003, 'epoch': 8.18}
{'loss': 0.4745, 'learning_rate': 0.0003, 'epoch': 8.24}
{'loss': 0.4762, 'learning_rate': 0.0003, 'epoch': 8.3}
{'loss': 0.477, 'learning_rate': 0.0003, 'epoch': 8.35}
{'loss': 0.4766, 'learning_rate': 0.0003, 'epoch': 8.41}
{'eval_loss': 0.4548727869987488, 'eval_wer': 0.6982546608488694, 'eval_runtime': 334.5577, 'eval_samples_per_second': 7.897, 'eval_steps_per_second': 0.496, 'epoch': 8.41}
{'loss': 0.478, 'learning_rate': 0.0003, 'epoch': 8.46}
{'loss': 0.477, 'learning_rate': 0.0003, 'epoch': 8.52}
{'loss': 0.472, 'learning_rate': 0.0003, 'epoch': 8.58}
{'loss': 0.4767, 'learning_rate': 0.0003, 'epoch': 8.63}
{'loss': 0.4758, 'learning_rate': 0.0003, 'epoch': 8.69}
{'eval_loss': 0.46523380279541016, 'eval_wer': 0.703133677112257, 'eval_runtime': 339.1475, 'eval_samples_per_second': 7.79, 'eval_steps_per_second': 0.489, 'epoch': 8.69}
{'loss': 0.4744, 'learning_rate': 0.0003, 'epoch': 8.74}
{'loss': 0.4739, 'learning_rate': 0.0003, 'epoch': 8.8}
{'loss': 0.4712, 'learning_rate': 0.0003, 'epoch': 8.86}
{'loss': 0.4745, 'learning_rate': 0.0003, 'epoch': 8.91}
{'loss': 0.4732, 'learning_rate': 0.0003, 'epoch': 8.97}
{'eval_loss': 0.4574397802352905, 'eval_wer': 0.6972629908766362, 'eval_runtime': 343.2173, 'eval_samples_per_second': 7.698, 'eval_steps_per_second': 0.484, 'epoch': 8.97}
{'loss': 0.4624, 'learning_rate': 0.0003, 'epoch': 9.02}
{'loss': 0.4743, 'learning_rate': 0.0003, 'epoch': 9.08}
{'loss': 0.4741, 'learning_rate': 0.0003, 'epoch': 9.14}
{'loss': 0.474, 'learning_rate': 0.0003, 'epoch': 9.19}
{'loss': 0.4764, 'learning_rate': 0.0003, 'epoch': 9.25}
{'eval_loss': 0.417980432510376, 'eval_wer': 0.6708052360174533, 'eval_runtime': 343.8558, 'eval_samples_per_second': 7.683, 'eval_steps_per_second': 0.483, 'epoch': 9.25}
{'loss': 0.4727, 'learning_rate': 0.0003, 'epoch': 9.3}
{'loss': 0.4729, 'learning_rate': 0.0003, 'epoch': 9.36}
{'loss': 0.4762, 'learning_rate': 0.0003, 'epoch': 9.42}
{'loss': 0.4746, 'learning_rate': 0.0003, 'epoch': 9.47}
{'loss': 0.4747, 'learning_rate': 0.0003, 'epoch': 9.53}
{'eval_loss': 0.41796958446502686, 'eval_wer': 0.6704482348274494, 'eval_runtime': 341.5113, 'eval_samples_per_second': 7.736, 'eval_steps_per_second': 0.486, 'epoch': 9.53}
{'loss': 0.4757, 'learning_rate': 0.0003, 'epoch': 9.59}
{'loss': 0.4699, 'learning_rate': 0.0003, 'epoch': 9.64}
{'loss': 0.4707, 'learning_rate': 0.0003, 'epoch': 9.7}
{'loss': 0.477, 'learning_rate': 0.0003, 'epoch': 9.75}
{'loss': 0.4714, 'learning_rate': 0.0003, 'epoch': 9.81}
{'eval_loss': 0.4159143567085266, 'eval_wer': 0.6608092026973423, 'eval_runtime': 337.2809, 'eval_samples_per_second': 7.833, 'eval_steps_per_second': 0.492, 'epoch': 9.81}
{'loss': 0.4753, 'learning_rate': 0.0003, 'epoch': 9.87}
{'loss': 0.4762, 'learning_rate': 0.0003, 'epoch': 9.92}
{'loss': 0.4718, 'learning_rate': 0.0003, 'epoch': 9.98}
{'loss': 0.4752, 'learning_rate': 0.0003, 'epoch': 10.03}
{'loss': 0.4714, 'learning_rate': 0.0003, 'epoch': 10.09}
{'eval_loss': 0.4136495292186737, 'eval_wer': 0.653193177310591, 'eval_runtime': 334.2758, 'eval_samples_per_second': 7.904, 'eval_steps_per_second': 0.497, 'epoch': 10.09}
{'loss': 0.4742, 'learning_rate': 0.0003, 'epoch': 10.15}
{'loss': 0.4765, 'learning_rate': 0.0003, 'epoch': 10.2}
{'loss': 0.4726, 'learning_rate': 0.0003, 'epoch': 10.26}
{'loss': 0.4755, 'learning_rate': 0.0003, 'epoch': 10.31}
{'loss': 0.4737, 'learning_rate': 0.0003, 'epoch': 10.37}
{'eval_loss': 0.4129538834095001, 'eval_wer': 0.6595200317334391, 'eval_runtime': 338.4539, 'eval_samples_per_second': 7.806, 'eval_steps_per_second': 0.49, 'epoch': 10.37}
{'loss': 0.4742, 'learning_rate': 0.0003, 'epoch': 10.43}
{'loss': 0.4719, 'learning_rate': 0.0003, 'epoch': 10.48}
{'loss': 0.474, 'learning_rate': 0.0003, 'epoch': 10.54}
{'loss': 0.4712, 'learning_rate': 0.0003, 'epoch': 10.59}
{'loss': 0.4696, 'learning_rate': 0.0003, 'epoch': 10.65}
{'eval_loss': 0.41208621859550476, 'eval_wer': 0.6528163427211424, 'eval_runtime': 341.1499, 'eval_samples_per_second': 7.744, 'eval_steps_per_second': 0.487, 'epoch': 10.65}
{'loss': 0.4726, 'learning_rate': 0.0003, 'epoch': 10.71}
{'loss': 0.4725, 'learning_rate': 0.0003, 'epoch': 10.76}
{'loss': 0.4758, 'learning_rate': 0.0003, 'epoch': 10.82}
{'loss': 0.4713, 'learning_rate': 0.0003, 'epoch': 10.87}
{'loss': 0.4694, 'learning_rate': 0.0003, 'epoch': 10.93}
{'eval_loss': 0.4119333326816559, 'eval_wer': 0.6522213407378025, 'eval_runtime': 345.0579, 'eval_samples_per_second': 7.657, 'eval_steps_per_second': 0.481, 'epoch': 10.93}
{'loss': 0.4724, 'learning_rate': 0.0003, 'epoch': 10.99}
{'loss': 0.4689, 'learning_rate': 0.0003, 'epoch': 11.04}
{'loss': 0.4735, 'learning_rate': 0.0003, 'epoch': 11.1}
{'loss': 0.4729, 'learning_rate': 0.0003, 'epoch': 11.15}
{'loss': 0.4737, 'learning_rate': 0.0003, 'epoch': 11.21}
{'eval_loss': 0.45741963386535645, 'eval_wer': 0.693316144387148, 'eval_runtime': 343.6433, 'eval_samples_per_second': 7.688, 'eval_steps_per_second': 0.483, 'epoch': 11.21}
{'loss': 0.4738, 'learning_rate': 0.0003, 'epoch': 11.27}
{'loss': 0.4709, 'learning_rate': 0.0003, 'epoch': 11.32}
{'loss': 0.4705, 'learning_rate': 0.0003, 'epoch': 11.38}
{'loss': 0.4738, 'learning_rate': 0.0003, 'epoch': 11.43}
{'loss': 0.4741, 'learning_rate': 0.0003, 'epoch': 11.49}
{'eval_loss': 0.4570627212524414, 'eval_wer': 0.6872867909559699, 'eval_runtime': 340.8083, 'eval_samples_per_second': 7.752, 'eval_steps_per_second': 0.487, 'epoch': 11.49}
{'loss': 0.471, 'learning_rate': 0.0003, 'epoch': 11.55}
{'loss': 0.4741, 'learning_rate': 0.0003, 'epoch': 11.6}
{'loss': 0.4746, 'learning_rate': 0.0003, 'epoch': 11.66}
{'loss': 0.4733, 'learning_rate': 0.0003, 'epoch': 11.72}
{'loss': 0.4681, 'learning_rate': 0.0003, 'epoch': 11.77}
{'eval_loss': 0.45115551352500916, 'eval_wer': 0.6864141213804046, 'eval_runtime': 335.1397, 'eval_samples_per_second': 7.883, 'eval_steps_per_second': 0.495, 'epoch': 11.77}
{'loss': 0.4696, 'learning_rate': 0.0003, 'epoch': 11.83}
{'loss': 0.4723, 'learning_rate': 0.0003, 'epoch': 11.88}
{'loss': 0.4746, 'learning_rate': 0.0003, 'epoch': 11.94}
{'loss': 0.471, 'learning_rate': 0.0003, 'epoch': 12.0}
{'loss': 0.4701, 'learning_rate': 0.0003, 'epoch': 12.05}
{'eval_loss': 0.4118402898311615, 'eval_wer': 0.661364537881793, 'eval_runtime': 337.1178, 'eval_samples_per_second': 7.837, 'eval_steps_per_second': 0.492, 'epoch': 12.05}
{'loss': 0.4709, 'learning_rate': 0.0003, 'epoch': 12.11}
{'loss': 0.4704, 'learning_rate': 0.0003, 'epoch': 12.16}
{'loss': 0.4705, 'learning_rate': 0.0003, 'epoch': 12.22}
{'loss': 0.4723, 'learning_rate': 0.0003, 'epoch': 12.28}
{'loss': 0.4742, 'learning_rate': 0.0003, 'epoch': 12.33}
{'eval_loss': 0.4104260206222534, 'eval_wer': 0.6571201904006346, 'eval_runtime': 340.8576, 'eval_samples_per_second': 7.751, 'eval_steps_per_second': 0.487, 'epoch': 12.33}
{'loss': 0.4697, 'learning_rate': 0.0003, 'epoch': 12.39}
{'loss': 0.4737, 'learning_rate': 0.0003, 'epoch': 12.44}
{'loss': 0.477, 'learning_rate': 0.0003, 'epoch': 12.5}
{'loss': 0.4699, 'learning_rate': 0.0003, 'epoch': 12.56}
{'loss': 0.4683, 'learning_rate': 0.0003, 'epoch': 12.61}
{'eval_loss': 0.4082874059677124, 'eval_wer': 0.6483538278460929, 'eval_runtime': 343.6575, 'eval_samples_per_second': 7.688, 'eval_steps_per_second': 0.483, 'epoch': 12.61}
{'loss': 0.4696, 'learning_rate': 0.0003, 'epoch': 12.67}
{'loss': 0.4704, 'learning_rate': 0.0003, 'epoch': 12.72}
{'loss': 0.4748, 'learning_rate': 0.0003, 'epoch': 12.78}
{'loss': 0.4725, 'learning_rate': 0.0003, 'epoch': 12.84}
{'loss': 0.4757, 'learning_rate': 0.0003, 'epoch': 12.89}
{'eval_loss': 0.408970445394516, 'eval_wer': 0.6526180087266957, 'eval_runtime': 341.5378, 'eval_samples_per_second': 7.736, 'eval_steps_per_second': 0.486, 'epoch': 12.89}
{'loss': 0.4722, 'learning_rate': 0.0003, 'epoch': 12.95}
{'loss': 0.4704, 'learning_rate': 0.0003, 'epoch': 13.0}
{'loss': 0.4674, 'learning_rate': 0.0003, 'epoch': 13.06}
{'loss': 0.4706, 'learning_rate': 0.0003, 'epoch': 13.12}
{'loss': 0.4721, 'learning_rate': 0.0003, 'epoch': 13.17}
{'eval_loss': 0.40547889471054077, 'eval_wer': 0.6387346291154303, 'eval_runtime': 340.3433, 'eval_samples_per_second': 7.763, 'eval_steps_per_second': 0.488, 'epoch': 13.17}
{'loss': 0.4689, 'learning_rate': 0.0003, 'epoch': 13.23}
{'loss': 0.47, 'learning_rate': 0.0003, 'epoch': 13.28}
{'loss': 0.4727, 'learning_rate': 0.0003, 'epoch': 13.34}
{'loss': 0.4686, 'learning_rate': 0.0003, 'epoch': 13.4}
{'loss': 0.4723, 'learning_rate': 0.0003, 'epoch': 13.45}
{'eval_loss': 0.40625494718551636, 'eval_wer': 0.6409559698532329, 'eval_runtime': 334.1748, 'eval_samples_per_second': 7.906, 'eval_steps_per_second': 0.497, 'epoch': 13.45}
{'loss': 0.4699, 'learning_rate': 0.0003, 'epoch': 13.51}
{'loss': 0.4692, 'learning_rate': 0.0003, 'epoch': 13.57}
{'loss': 0.4727, 'learning_rate': 0.0003, 'epoch': 13.62}
{'loss': 0.4719, 'learning_rate': 0.0003, 'epoch': 13.68}
{'loss': 0.4724, 'learning_rate': 0.0003, 'epoch': 13.73}
{'eval_loss': 0.4044456481933594, 'eval_wer': 0.6371082903609678, 'eval_runtime': 336.2232, 'eval_samples_per_second': 7.858, 'eval_steps_per_second': 0.494, 'epoch': 13.73}
{'loss': 0.4726, 'learning_rate': 0.0003, 'epoch': 13.79}
{'loss': 0.472, 'learning_rate': 0.0003, 'epoch': 13.85}
{'loss': 0.4709, 'learning_rate': 0.0003, 'epoch': 13.9}
{'loss': 0.4698, 'learning_rate': 0.0003, 'epoch': 13.96}
{'loss': 0.4706, 'learning_rate': 0.0003, 'epoch': 14.01}
{'eval_loss': 0.43740344047546387, 'eval_wer': 0.6668980563268544, 'eval_runtime': 341.9622, 'eval_samples_per_second': 7.726, 'eval_steps_per_second': 0.485, 'epoch': 14.01}
{'loss': 0.4679, 'learning_rate': 0.00029890799999999996, 'epoch': 14.07}
{'loss': 0.4683, 'learning_rate': 0.000297708, 'epoch': 14.13}
{'loss': 0.4685, 'learning_rate': 0.00029650799999999996, 'epoch': 14.18}
{'loss': 0.4741, 'learning_rate': 0.000295308, 'epoch': 14.24}
{'loss': 0.4701, 'learning_rate': 0.00029410799999999996, 'epoch': 14.29}
{'eval_loss': 0.4411439001560211, 'eval_wer': 0.6740777469258231, 'eval_runtime': 345.3492, 'eval_samples_per_second': 7.65, 'eval_steps_per_second': 0.481, 'epoch': 14.29}
{'loss': 0.4698, 'learning_rate': 0.000292908, 'epoch': 14.35}
{'loss': 0.4721, 'learning_rate': 0.00029170799999999995, 'epoch': 14.41}
{'loss': 0.4718, 'learning_rate': 0.000290508, 'epoch': 14.46}
{'loss': 0.4709, 'learning_rate': 0.00028930799999999995, 'epoch': 14.52}
{'loss': 0.4694, 'learning_rate': 0.000288108, 'epoch': 14.57}
{'eval_loss': 0.4432184398174286, 'eval_wer': 0.667691392304641, 'eval_runtime': 343.7697, 'eval_samples_per_second': 7.685, 'eval_steps_per_second': 0.483, 'epoch': 14.57}
{'loss': 0.4654, 'learning_rate': 0.000286908, 'epoch': 14.63}
{'loss': 0.4704, 'learning_rate': 0.00028570799999999997, 'epoch': 14.69}
{'loss': 0.467, 'learning_rate': 0.000284508, 'epoch': 14.74}
{'loss': 0.4708, 'learning_rate': 0.00028330799999999996, 'epoch': 14.8}
{'loss': 0.4708, 'learning_rate': 0.000282108, 'epoch': 14.85}
{'eval_loss': 0.4450192451477051, 'eval_wer': 0.6801269337564458, 'eval_runtime': 341.2837, 'eval_samples_per_second': 7.741, 'eval_steps_per_second': 0.486, 'epoch': 14.85}
{'loss': 0.4682, 'learning_rate': 0.00028090799999999996, 'epoch': 14.91}
{'loss': 0.4701, 'learning_rate': 0.000279708, 'epoch': 14.97}
{'loss': 0.4628, 'learning_rate': 0.00027850799999999996, 'epoch': 15.02}
{'loss': 0.4677, 'learning_rate': 0.000277308, 'epoch': 15.08}
{'loss': 0.4722, 'learning_rate': 0.00027610799999999995, 'epoch': 15.13}
{'eval_loss': 0.4100872576236725, 'eval_wer': 0.6518841729472432, 'eval_runtime': 335.5766, 'eval_samples_per_second': 7.873, 'eval_steps_per_second': 0.495, 'epoch': 15.13}
{'loss': 0.4719, 'learning_rate': 0.000274908, 'epoch': 15.19}
{'loss': 0.4707, 'learning_rate': 0.00027370799999999995, 'epoch': 15.25}
{'loss': 0.4646, 'learning_rate': 0.000272508, 'epoch': 15.3}
{'loss': 0.4689, 'learning_rate': 0.000271308, 'epoch': 15.36}
{'loss': 0.4712, 'learning_rate': 0.00027010799999999997, 'epoch': 15.41}
{'eval_loss': 0.40858376026153564, 'eval_wer': 0.647223324077747, 'eval_runtime': 337.7096, 'eval_samples_per_second': 7.823, 'eval_steps_per_second': 0.492, 'epoch': 15.41}
{'loss': 0.4656, 'learning_rate': 0.000268908, 'epoch': 15.47}
{'loss': 0.4673, 'learning_rate': 0.00026770799999999997, 'epoch': 15.53}
{'loss': 0.4692, 'learning_rate': 0.000266508, 'epoch': 15.58}
{'loss': 0.4679, 'learning_rate': 0.00026530799999999996, 'epoch': 15.64}
{'loss': 0.4655, 'learning_rate': 0.000264108, 'epoch': 15.7}
{'eval_loss': 0.4071788787841797, 'eval_wer': 0.6481951606505355, 'eval_runtime': 339.5874, 'eval_samples_per_second': 7.78, 'eval_steps_per_second': 0.489, 'epoch': 15.7}
{'loss': 0.4666, 'learning_rate': 0.000262908, 'epoch': 15.75}
{'loss': 0.4691, 'learning_rate': 0.000261708, 'epoch': 15.81}
{'loss': 0.4674, 'learning_rate': 0.000260508, 'epoch': 15.86}
{'loss': 0.4689, 'learning_rate': 0.00025931999999999995, 'epoch': 15.92}
{'loss': 0.4678, 'learning_rate': 0.00025812, 'epoch': 15.98}
