----->>>> train
Dataset({
    features: ['input_values', 'input_length', 'labels'],
    num_rows: 28539
})
----->>>> valid
Dataset({
    features: ['input_values', 'input_length', 'labels'],
    num_rows: 2703
})
----->>>> test
Dataset({
    features: ['input_values', 'input_length', 'labels'],
    num_rows: 2620
})

 #Train: 28539, #Valid: 2703, #Test: 2620 
------>>> Trainable params(before freeze): 314663070
------>>> Trainable params(after  freeze): 3434526
{'loss': 7.4718, 'learning_rate': 3.960000000000001e-05, 'epoch': 0.06}
{'loss': 4.3956, 'learning_rate': 7.960000000000001e-05, 'epoch': 0.11}
{'loss': 1.575, 'learning_rate': 0.00011960000000000001, 'epoch': 0.17}
{'loss': 0.757, 'learning_rate': 0.0001596, 'epoch': 0.22}
{'loss': 0.6326, 'learning_rate': 0.0001996, 'epoch': 0.28}
{'eval_loss': 0.7204956412315369, 'eval_wer': 0.8525789493033344, 'eval_runtime': 354.4542, 'eval_samples_per_second': 7.626, 'eval_steps_per_second': 0.477, 'epoch': 0.28}
{'loss': 0.5788, 'learning_rate': 0.00023960000000000002, 'epoch': 0.34}
{'loss': 0.5581, 'learning_rate': 0.0002796, 'epoch': 0.39}
{'loss': 0.5402, 'learning_rate': 0.0003196, 'epoch': 0.45}
{'loss': 0.5291, 'learning_rate': 0.00035959999999999996, 'epoch': 0.5}
{'loss': 0.5199, 'learning_rate': 0.0003996, 'epoch': 0.56}
{'eval_loss': 0.5756380558013916, 'eval_wer': 0.7649534943568251, 'eval_runtime': 359.2792, 'eval_samples_per_second': 7.523, 'eval_steps_per_second': 0.47, 'epoch': 0.56}
{'loss': 0.5131, 'learning_rate': 0.0004396, 'epoch': 0.62}
{'loss': 0.5099, 'learning_rate': 0.00047960000000000006, 'epoch': 0.67}
{'loss': 0.5015, 'learning_rate': 0.0005195999999999999, 'epoch': 0.73}
{'loss': 0.4957, 'learning_rate': 0.0005596, 'epoch': 0.78}
{'loss': 0.4937, 'learning_rate': 0.0005996, 'epoch': 0.84}
{'eval_loss': 0.5156571269035339, 'eval_wer': 0.7457630234182567, 'eval_runtime': 359.2165, 'eval_samples_per_second': 7.525, 'eval_steps_per_second': 0.47, 'epoch': 0.84}
{'loss': 0.4902, 'learning_rate': 0.0006395999999999999, 'epoch': 0.9}
{'loss': 0.485, 'learning_rate': 0.0006796, 'epoch': 0.95}
{'loss': 0.4976, 'learning_rate': 0.0007196, 'epoch': 1.01}
{'loss': 0.4797, 'learning_rate': 0.0007596, 'epoch': 1.07}
{'loss': 0.48, 'learning_rate': 0.0007996, 'epoch': 1.12}
{'eval_loss': 0.5659646987915039, 'eval_wer': 0.7435204588066615, 'eval_runtime': 354.0609, 'eval_samples_per_second': 7.634, 'eval_steps_per_second': 0.477, 'epoch': 1.12}
{'loss': 0.4791, 'learning_rate': 0.0008396, 'epoch': 1.18}
{'loss': 0.4785, 'learning_rate': 0.0008796, 'epoch': 1.23}
{'loss': 0.4749, 'learning_rate': 0.0009196, 'epoch': 1.29}
{'loss': 0.4719, 'learning_rate': 0.0009596, 'epoch': 1.35}
{'loss': 0.4717, 'learning_rate': 0.0009996, 'epoch': 1.4}
{'eval_loss': 0.5579178929328918, 'eval_wer': 0.7391640013234807, 'eval_runtime': 350.3425, 'eval_samples_per_second': 7.715, 'eval_steps_per_second': 0.482, 'epoch': 1.4}
{'loss': 0.4702, 'learning_rate': 0.0010396000000000001, 'epoch': 1.46}
{'loss': 0.4721, 'learning_rate': 0.0010796, 'epoch': 1.51}
{'loss': 0.4708, 'learning_rate': 0.0011196, 'epoch': 1.57}
{'loss': 0.4689, 'learning_rate': 0.0011596, 'epoch': 1.63}
{'loss': 0.4672, 'learning_rate': 0.0011996, 'epoch': 1.68}
{'eval_loss': 0.48584359884262085, 'eval_wer': 0.7072166464468218, 'eval_runtime': 351.8538, 'eval_samples_per_second': 7.682, 'eval_steps_per_second': 0.48, 'epoch': 1.68}
{'loss': 0.4658, 'learning_rate': 0.0012396, 'epoch': 1.74}
{'loss': 0.4708, 'learning_rate': 0.0012796, 'epoch': 1.79}
{'loss': 0.4672, 'learning_rate': 0.0013196000000000002, 'epoch': 1.85}
{'loss': 0.4676, 'learning_rate': 0.0013595999999999999, 'epoch': 1.91}
{'loss': 0.4691, 'learning_rate': 0.0013996, 'epoch': 1.96}
{'eval_loss': 0.47033268213272095, 'eval_wer': 0.6990000367633543, 'eval_runtime': 355.9574, 'eval_samples_per_second': 7.594, 'eval_steps_per_second': 0.475, 'epoch': 1.96}
{'loss': 0.4654, 'learning_rate': 0.0014396, 'epoch': 2.02}
{'loss': 0.4632, 'learning_rate': 0.0014796, 'epoch': 2.07}
{'loss': 0.4661, 'learning_rate': 0.0015196, 'epoch': 2.13}
{'loss': 0.4693, 'learning_rate': 0.0015596000000000002, 'epoch': 2.19}
{'loss': 0.4664, 'learning_rate': 0.0015995999999999999, 'epoch': 2.24}
{'eval_loss': 0.4413953721523285, 'eval_wer': 0.6890923127826183, 'eval_runtime': 360.0232, 'eval_samples_per_second': 7.508, 'eval_steps_per_second': 0.469, 'epoch': 2.24}
{'loss': 0.4615, 'learning_rate': 0.0016396, 'epoch': 2.3}
{'loss': 0.4652, 'learning_rate': 0.0016796, 'epoch': 2.35}
{'loss': 0.4676, 'learning_rate': 0.0017196, 'epoch': 2.41}
{'loss': 0.4655, 'learning_rate': 0.0017596, 'epoch': 2.47}
{'loss': 0.4665, 'learning_rate': 0.0017996000000000002, 'epoch': 2.52}
{'eval_loss': 0.4496563971042633, 'eval_wer': 0.6860225726995332, 'eval_runtime': 353.9998, 'eval_samples_per_second': 7.636, 'eval_steps_per_second': 0.477, 'epoch': 2.52}
{'loss': 0.4679, 'learning_rate': 0.0018396, 'epoch': 2.58}
{'loss': 0.4671, 'learning_rate': 0.0018796, 'epoch': 2.63}
{'loss': 0.4681, 'learning_rate': 0.0019196, 'epoch': 2.69}
{'loss': 0.4647, 'learning_rate': 0.0019596, 'epoch': 2.75}
{'loss': 0.4598, 'learning_rate': 0.0019996000000000002, 'epoch': 2.8}
{'eval_loss': 0.4316370189189911, 'eval_wer': 0.6636888349693026, 'eval_runtime': 349.1875, 'eval_samples_per_second': 7.741, 'eval_steps_per_second': 0.484, 'epoch': 2.8}
{'loss': 0.46, 'learning_rate': 0.002, 'epoch': 2.86}
{'loss': 0.4628, 'learning_rate': 0.002, 'epoch': 2.91}
{'loss': 0.464, 'learning_rate': 0.002, 'epoch': 2.97}
{'loss': 0.4535, 'learning_rate': 0.002, 'epoch': 3.03}
{'loss': 0.4656, 'learning_rate': 0.002, 'epoch': 3.08}
{'eval_loss': 0.4126260280609131, 'eval_wer': 0.6224219697805228, 'eval_runtime': 350.5773, 'eval_samples_per_second': 7.71, 'eval_steps_per_second': 0.482, 'epoch': 3.08}
{'loss': 0.4647, 'learning_rate': 0.002, 'epoch': 3.14}
{'loss': 0.4659, 'learning_rate': 0.002, 'epoch': 3.2}
{'loss': 0.4644, 'learning_rate': 0.002, 'epoch': 3.25}
{'loss': 0.4625, 'learning_rate': 0.002, 'epoch': 3.31}
{'loss': 0.4635, 'learning_rate': 0.002, 'epoch': 3.36}
{'eval_loss': 0.4164700210094452, 'eval_wer': 0.6148854821513915, 'eval_runtime': 355.0231, 'eval_samples_per_second': 7.614, 'eval_steps_per_second': 0.476, 'epoch': 3.36}
{'loss': 0.4621, 'learning_rate': 0.002, 'epoch': 3.42}
{'loss': 0.4697, 'learning_rate': 0.002, 'epoch': 3.48}
{'loss': 0.464, 'learning_rate': 0.002, 'epoch': 3.53}
{'loss': 0.4605, 'learning_rate': 0.002, 'epoch': 3.59}
{'loss': 0.4663, 'learning_rate': 0.002, 'epoch': 3.64}
{'eval_loss': 0.40689218044281006, 'eval_wer': 0.6085070401823462, 'eval_runtime': 358.7727, 'eval_samples_per_second': 7.534, 'eval_steps_per_second': 0.471, 'epoch': 3.64}
{'loss': 0.4584, 'learning_rate': 0.002, 'epoch': 3.7}
{'loss': 0.4596, 'learning_rate': 0.002, 'epoch': 3.76}
{'loss': 0.4629, 'learning_rate': 0.002, 'epoch': 3.81}
{'loss': 0.4622, 'learning_rate': 0.002, 'epoch': 3.87}
{'loss': 0.4584, 'learning_rate': 0.002, 'epoch': 3.92}
{'eval_loss': 0.40410521626472473, 'eval_wer': 0.6015587662218301, 'eval_runtime': 355.2043, 'eval_samples_per_second': 7.61, 'eval_steps_per_second': 0.476, 'epoch': 3.92}
{'loss': 0.457, 'learning_rate': 0.002, 'epoch': 3.98}
{'loss': 0.4793, 'learning_rate': 0.002, 'epoch': 4.04}
{'loss': 0.4613, 'learning_rate': 0.002, 'epoch': 4.09}
{'loss': 0.4592, 'learning_rate': 0.002, 'epoch': 4.15}
{'loss': 0.4617, 'learning_rate': 0.002, 'epoch': 4.2}
{'eval_loss': 0.44695645570755005, 'eval_wer': 0.633506121098489, 'eval_runtime': 351.239, 'eval_samples_per_second': 7.696, 'eval_steps_per_second': 0.481, 'epoch': 4.2}
{'loss': 0.4622, 'learning_rate': 0.002, 'epoch': 4.26}
{'loss': 0.4642, 'learning_rate': 0.002, 'epoch': 4.32}
{'loss': 0.4594, 'learning_rate': 0.002, 'epoch': 4.37}
{'loss': 0.4584, 'learning_rate': 0.002, 'epoch': 4.43}
{'loss': 0.4619, 'learning_rate': 0.002, 'epoch': 4.48}
{'eval_loss': 0.48871713876724243, 'eval_wer': 0.6675306054924451, 'eval_runtime': 350.5342, 'eval_samples_per_second': 7.711, 'eval_steps_per_second': 0.482, 'epoch': 4.48}
{'loss': 0.4603, 'learning_rate': 0.002, 'epoch': 4.54}
{'loss': 0.4604, 'learning_rate': 0.002, 'epoch': 4.6}
{'loss': 0.4638, 'learning_rate': 0.002, 'epoch': 4.65}
{'loss': 0.4624, 'learning_rate': 0.002, 'epoch': 4.71}
{'loss': 0.4573, 'learning_rate': 0.002, 'epoch': 4.76}
{'eval_loss': 0.4828779995441437, 'eval_wer': 0.6592956141318334, 'eval_runtime': 354.8806, 'eval_samples_per_second': 7.617, 'eval_steps_per_second': 0.476, 'epoch': 4.76}
{'loss': 0.4583, 'learning_rate': 0.002, 'epoch': 4.82}
{'loss': 0.46, 'learning_rate': 0.002, 'epoch': 4.88}
{'loss': 0.4601, 'learning_rate': 0.002, 'epoch': 4.93}
{'loss': 0.462, 'learning_rate': 0.002, 'epoch': 4.99}
{'loss': 0.4596, 'learning_rate': 0.002, 'epoch': 5.04}
{'eval_loss': 0.4143078923225403, 'eval_wer': 0.6382485938016985, 'eval_runtime': 357.7517, 'eval_samples_per_second': 7.556, 'eval_steps_per_second': 0.472, 'epoch': 5.04}
{'loss': 0.4589, 'learning_rate': 0.002, 'epoch': 5.1}
{'loss': 0.4597, 'learning_rate': 0.002, 'epoch': 5.16}
{'loss': 0.4579, 'learning_rate': 0.002, 'epoch': 5.21}
{'loss': 0.457, 'learning_rate': 0.002, 'epoch': 5.27}
{'loss': 0.4625, 'learning_rate': 0.002, 'epoch': 5.33}
{'eval_loss': 0.40905439853668213, 'eval_wer': 0.6237454505349068, 'eval_runtime': 356.9455, 'eval_samples_per_second': 7.573, 'eval_steps_per_second': 0.473, 'epoch': 5.33}
{'loss': 0.4636, 'learning_rate': 0.002, 'epoch': 5.38}
{'loss': 0.4564, 'learning_rate': 0.002, 'epoch': 5.44}
{'loss': 0.4559, 'learning_rate': 0.002, 'epoch': 5.49}
{'loss': 0.4581, 'learning_rate': 0.002, 'epoch': 5.55}
{'loss': 0.455, 'learning_rate': 0.002, 'epoch': 5.61}
{'eval_loss': 0.4104154706001282, 'eval_wer': 0.614591375317084, 'eval_runtime': 351.9381, 'eval_samples_per_second': 7.68, 'eval_steps_per_second': 0.48, 'epoch': 5.61}
{'loss': 0.4581, 'learning_rate': 0.002, 'epoch': 5.66}
{'loss': 0.4591, 'learning_rate': 0.002, 'epoch': 5.72}
{'loss': 0.4632, 'learning_rate': 0.002, 'epoch': 5.77}
{'loss': 0.4601, 'learning_rate': 0.002, 'epoch': 5.83}
{'loss': 0.4579, 'learning_rate': 0.002, 'epoch': 5.89}
{'eval_loss': 0.40550336241722107, 'eval_wer': 0.6155656042057277, 'eval_runtime': 349.6907, 'eval_samples_per_second': 7.73, 'eval_steps_per_second': 0.483, 'epoch': 5.89}
{'loss': 0.4585, 'learning_rate': 0.002, 'epoch': 5.94}
{'loss': 0.4453, 'learning_rate': 0.002, 'epoch': 6.0}
{'loss': 0.4492, 'learning_rate': 0.002, 'epoch': 6.05}
{'loss': 0.4556, 'learning_rate': 0.002, 'epoch': 6.11}
{'loss': 0.4614, 'learning_rate': 0.002, 'epoch': 6.17}
{'eval_loss': 0.3945024311542511, 'eval_wer': 0.5756038380941877, 'eval_runtime': 353.5298, 'eval_samples_per_second': 7.646, 'eval_steps_per_second': 0.478, 'epoch': 6.17}
{'loss': 0.4535, 'learning_rate': 0.002, 'epoch': 6.22}
{'loss': 0.4632, 'learning_rate': 0.002, 'epoch': 6.28}
{'loss': 0.4616, 'learning_rate': 0.002, 'epoch': 6.33}
{'loss': 0.4558, 'learning_rate': 0.002, 'epoch': 6.39}
{'loss': 0.4574, 'learning_rate': 0.002, 'epoch': 6.45}
{'eval_loss': 0.39062586426734924, 'eval_wer': 0.5650895187676923, 'eval_runtime': 356.9291, 'eval_samples_per_second': 7.573, 'eval_steps_per_second': 0.473, 'epoch': 6.45}
{'loss': 0.4567, 'learning_rate': 0.002, 'epoch': 6.5}
{'loss': 0.4577, 'learning_rate': 0.002, 'epoch': 6.56}
{'loss': 0.4502, 'learning_rate': 0.002, 'epoch': 6.61}
{'loss': 0.4595, 'learning_rate': 0.002, 'epoch': 6.67}
{'loss': 0.4552, 'learning_rate': 0.002, 'epoch': 6.73}
{'eval_loss': 0.3925168812274933, 'eval_wer': 0.5693908312194405, 'eval_runtime': 356.9703, 'eval_samples_per_second': 7.572, 'eval_steps_per_second': 0.473, 'epoch': 6.73}
{'loss': 0.4527, 'learning_rate': 0.002, 'epoch': 6.78}
{'loss': 0.4592, 'learning_rate': 0.002, 'epoch': 6.84}
{'loss': 0.462, 'learning_rate': 0.002, 'epoch': 6.89}
{'loss': 0.4551, 'learning_rate': 0.002, 'epoch': 6.95}
{'loss': 0.4674, 'learning_rate': 0.002, 'epoch': 7.01}
{'eval_loss': 0.5257993340492249, 'eval_wer': 0.691628984228521, 'eval_runtime': 352.1557, 'eval_samples_per_second': 7.676, 'eval_steps_per_second': 0.48, 'epoch': 7.01}
{'loss': 0.4576, 'learning_rate': 0.002, 'epoch': 7.06}
{'loss': 0.4561, 'learning_rate': 0.002, 'epoch': 7.12}
{'loss': 0.4577, 'learning_rate': 0.002, 'epoch': 7.17}
{'loss': 0.4502, 'learning_rate': 0.002, 'epoch': 7.23}
{'loss': 0.456, 'learning_rate': 0.002, 'epoch': 7.29}
{'eval_loss': 0.5413858294487, 'eval_wer': 0.6814455350906217, 'eval_runtime': 349.1985, 'eval_samples_per_second': 7.741, 'eval_steps_per_second': 0.484, 'epoch': 7.29}
{'loss': 0.4552, 'learning_rate': 0.002, 'epoch': 7.34}
{'loss': 0.4522, 'learning_rate': 0.002, 'epoch': 7.4}
{'loss': 0.4585, 'learning_rate': 0.002, 'epoch': 7.46}
{'loss': 0.457, 'learning_rate': 0.002, 'epoch': 7.51}
{'loss': 0.459, 'learning_rate': 0.002, 'epoch': 7.57}
{'eval_loss': 0.5485736727714539, 'eval_wer': 0.6942024190287122, 'eval_runtime': 351.8198, 'eval_samples_per_second': 7.683, 'eval_steps_per_second': 0.48, 'epoch': 7.57}
{'loss': 0.4572, 'learning_rate': 0.002, 'epoch': 7.62}
{'loss': 0.4549, 'learning_rate': 0.002, 'epoch': 7.68}
{'loss': 0.4554, 'learning_rate': 0.002, 'epoch': 7.74}
{'loss': 0.4579, 'learning_rate': 0.002, 'epoch': 7.79}
{'loss': 0.4562, 'learning_rate': 0.002, 'epoch': 7.85}
{'eval_loss': 0.5330446362495422, 'eval_wer': 0.6882467556339841, 'eval_runtime': 357.3118, 'eval_samples_per_second': 7.565, 'eval_steps_per_second': 0.473, 'epoch': 7.85}
{'loss': 0.4547, 'learning_rate': 0.002, 'epoch': 7.9}
{'loss': 0.4513, 'learning_rate': 0.002, 'epoch': 7.96}
{'loss': 0.4583, 'learning_rate': 0.002, 'epoch': 8.02}
{'loss': 0.4581, 'learning_rate': 0.002, 'epoch': 8.07}
{'loss': 0.4593, 'learning_rate': 0.002, 'epoch': 8.13}
{'eval_loss': 0.4050688147544861, 'eval_wer': 0.615179588985699, 'eval_runtime': 359.4036, 'eval_samples_per_second': 7.521, 'eval_steps_per_second': 0.47, 'epoch': 8.13}
{'loss': 0.4547, 'learning_rate': 0.002, 'epoch': 8.18}
{'loss': 0.4539, 'learning_rate': 0.002, 'epoch': 8.24}
{'loss': 0.4611, 'learning_rate': 0.002, 'epoch': 8.3}
{'loss': 0.4587, 'learning_rate': 0.002, 'epoch': 8.35}
{'loss': 0.4563, 'learning_rate': 0.002, 'epoch': 8.41}
{'eval_loss': 0.41958197951316833, 'eval_wer': 0.6136171464284401, 'eval_runtime': 354.9158, 'eval_samples_per_second': 7.616, 'eval_steps_per_second': 0.476, 'epoch': 8.41}
{'loss': 0.4587, 'learning_rate': 0.002, 'epoch': 8.46}
{'loss': 0.4557, 'learning_rate': 0.002, 'epoch': 8.52}
{'loss': 0.4552, 'learning_rate': 0.002, 'epoch': 8.58}
{'loss': 0.4503, 'learning_rate': 0.002, 'epoch': 8.63}
{'loss': 0.4578, 'learning_rate': 0.002, 'epoch': 8.69}
{'eval_loss': 0.4078253209590912, 'eval_wer': 0.6181758023602073, 'eval_runtime': 350.367, 'eval_samples_per_second': 7.715, 'eval_steps_per_second': 0.482, 'epoch': 8.69}
{'loss': 0.4531, 'learning_rate': 0.002, 'epoch': 8.74}
{'loss': 0.4595, 'learning_rate': 0.002, 'epoch': 8.8}
{'loss': 0.4516, 'learning_rate': 0.002, 'epoch': 8.86}
{'loss': 0.4567, 'learning_rate': 0.002, 'epoch': 8.91}
{'loss': 0.4557, 'learning_rate': 0.002, 'epoch': 8.97}
{'eval_loss': 0.4103027582168579, 'eval_wer': 0.619554428146024, 'eval_runtime': 351.8799, 'eval_samples_per_second': 7.682, 'eval_steps_per_second': 0.48, 'epoch': 8.97}
{'loss': 0.44, 'learning_rate': 0.002, 'epoch': 9.02}
{'loss': 0.461, 'learning_rate': 0.002, 'epoch': 9.08}
{'loss': 0.4552, 'learning_rate': 0.002, 'epoch': 9.14}
{'loss': 0.4524, 'learning_rate': 0.002, 'epoch': 9.19}
{'loss': 0.4579, 'learning_rate': 0.002, 'epoch': 9.25}
{'eval_loss': 0.3882672190666199, 'eval_wer': 0.5538215506782839, 'eval_runtime': 357.6692, 'eval_samples_per_second': 7.557, 'eval_steps_per_second': 0.473, 'epoch': 9.25}
{'loss': 0.4558, 'learning_rate': 0.002, 'epoch': 9.3}
{'loss': 0.456, 'learning_rate': 0.002, 'epoch': 9.36}
{'loss': 0.456, 'learning_rate': 0.002, 'epoch': 9.42}
{'loss': 0.4566, 'learning_rate': 0.002, 'epoch': 9.47}
{'loss': 0.4583, 'learning_rate': 0.002, 'epoch': 9.53}
{'eval_loss': 0.3894844055175781, 'eval_wer': 0.5508988640123524, 'eval_runtime': 356.7126, 'eval_samples_per_second': 7.578, 'eval_steps_per_second': 0.474, 'epoch': 9.53}
{'loss': 0.4545, 'learning_rate': 0.002, 'epoch': 9.59}
{'loss': 0.4546, 'learning_rate': 0.002, 'epoch': 9.64}
{'loss': 0.4566, 'learning_rate': 0.002, 'epoch': 9.7}
{'loss': 0.4547, 'learning_rate': 0.002, 'epoch': 9.75}
{'loss': 0.4564, 'learning_rate': 0.002, 'epoch': 9.81}
{'eval_loss': 0.39045602083206177, 'eval_wer': 0.5586007867357817, 'eval_runtime': 356.9412, 'eval_samples_per_second': 7.573, 'eval_steps_per_second': 0.473, 'epoch': 9.81}
{'loss': 0.4516, 'learning_rate': 0.002, 'epoch': 9.87}
{'loss': 0.4516, 'learning_rate': 0.002, 'epoch': 9.92}
{'loss': 0.4578, 'learning_rate': 0.002, 'epoch': 9.98}
{'loss': 0.4627, 'learning_rate': 0.002, 'epoch': 10.03}
{'loss': 0.4582, 'learning_rate': 0.002, 'epoch': 10.09}
{'eval_loss': 0.5791534185409546, 'eval_wer': 0.7051762802838131, 'eval_runtime': 353.9197, 'eval_samples_per_second': 7.637, 'eval_steps_per_second': 0.478, 'epoch': 10.09}
{'loss': 0.4574, 'learning_rate': 0.002, 'epoch': 10.15}
{'loss': 0.449, 'learning_rate': 0.002, 'epoch': 10.2}
{'loss': 0.4549, 'learning_rate': 0.002, 'epoch': 10.26}
{'loss': 0.4542, 'learning_rate': 0.002, 'epoch': 10.31}
{'loss': 0.4557, 'learning_rate': 0.002, 'epoch': 10.37}
{'eval_loss': 0.580549955368042, 'eval_wer': 0.7043307231351789, 'eval_runtime': 347.9706, 'eval_samples_per_second': 7.768, 'eval_steps_per_second': 0.486, 'epoch': 10.37}
{'loss': 0.4578, 'learning_rate': 0.002, 'epoch': 10.43}
{'loss': 0.4597, 'learning_rate': 0.002, 'epoch': 10.48}
{'loss': 0.4523, 'learning_rate': 0.002, 'epoch': 10.54}
{'loss': 0.4524, 'learning_rate': 0.002, 'epoch': 10.59}
{'loss': 0.4569, 'learning_rate': 0.002, 'epoch': 10.65}
{'eval_loss': 0.5826225280761719, 'eval_wer': 0.7005992426749017, 'eval_runtime': 351.1831, 'eval_samples_per_second': 7.697, 'eval_steps_per_second': 0.481, 'epoch': 10.65}
{'loss': 0.4557, 'learning_rate': 0.002, 'epoch': 10.71}
{'loss': 0.4583, 'learning_rate': 0.002, 'epoch': 10.76}
{'loss': 0.4527, 'learning_rate': 0.002, 'epoch': 10.82}
{'loss': 0.459, 'learning_rate': 0.002, 'epoch': 10.87}
{'loss': 0.458, 'learning_rate': 0.002, 'epoch': 10.93}
{'eval_loss': 0.5585567355155945, 'eval_wer': 0.6884673357597147, 'eval_runtime': 355.1907, 'eval_samples_per_second': 7.61, 'eval_steps_per_second': 0.476, 'epoch': 10.93}
{'loss': 0.4507, 'learning_rate': 0.002, 'epoch': 10.99}
{'loss': 0.457, 'learning_rate': 0.002, 'epoch': 11.04}
{'loss': 0.4524, 'learning_rate': 0.002, 'epoch': 11.1}
{'loss': 0.457, 'learning_rate': 0.002, 'epoch': 11.15}
{'loss': 0.4568, 'learning_rate': 0.002, 'epoch': 11.21}
{'eval_loss': 0.39694076776504517, 'eval_wer': 0.5861916841292599, 'eval_runtime': 359.0828, 'eval_samples_per_second': 7.528, 'eval_steps_per_second': 0.471, 'epoch': 11.21}
{'loss': 0.4541, 'learning_rate': 0.002, 'epoch': 11.27}
{'loss': 0.4565, 'learning_rate': 0.002, 'epoch': 11.32}
{'loss': 0.4545, 'learning_rate': 0.002, 'epoch': 11.38}
{'loss': 0.457, 'learning_rate': 0.002, 'epoch': 11.43}
{'loss': 0.4567, 'learning_rate': 0.002, 'epoch': 11.49}
{'eval_loss': 0.41149473190307617, 'eval_wer': 0.5966324767471785, 'eval_runtime': 356.4833, 'eval_samples_per_second': 7.582, 'eval_steps_per_second': 0.474, 'epoch': 11.49}
{'loss': 0.453, 'learning_rate': 0.002, 'epoch': 11.55}
{'loss': 0.4568, 'learning_rate': 0.002, 'epoch': 11.6}
