----->>>> train
Dataset({
    features: ['input_values', 'input_length', 'labels'],
    num_rows: 28539
})
----->>>> valid
Dataset({
    features: ['input_values', 'input_length', 'labels'],
    num_rows: 2703
})
----->>>> test
Dataset({
    features: ['input_values', 'input_length', 'labels'],
    num_rows: 2620
})

 #Train: 28539, #Valid: 2703, #Test: 2620 
------>>> Trainable params(before freeze): 314663070
------>>> Trainable params(after  freeze): 3434526
{'loss': 8.0568, 'learning_rate': 1.98e-06, 'epoch': 0.06}
{'loss': 7.8062, 'learning_rate': 3.98e-06, 'epoch': 0.11}
{'loss': 7.4566, 'learning_rate': 5.98e-06, 'epoch': 0.17}
{'loss': 6.822, 'learning_rate': 7.98e-06, 'epoch': 0.22}
{'loss': 6.1909, 'learning_rate': 9.980000000000001e-06, 'epoch': 0.28}
{'eval_loss': 6.2958292961120605, 'eval_wer': 1.089261424212345, 'eval_runtime': 353.873, 'eval_samples_per_second': 7.638, 'eval_steps_per_second': 0.478, 'epoch': 0.28}
{'loss': 5.3613, 'learning_rate': 1.198e-05, 'epoch': 0.34}
{'loss': 4.5717, 'learning_rate': 1.3980000000000002e-05, 'epoch': 0.39}
{'loss': 3.649, 'learning_rate': 1.598e-05, 'epoch': 0.45}
{'loss': 2.8844, 'learning_rate': 1.798e-05, 'epoch': 0.5}
{'loss': 2.2478, 'learning_rate': 1.9980000000000002e-05, 'epoch': 0.56}
{'eval_loss': 2.1902031898498535, 'eval_wer': 0.8599867651924562, 'eval_runtime': 349.9569, 'eval_samples_per_second': 7.724, 'eval_steps_per_second': 0.483, 'epoch': 0.56}
{'loss': 1.7349, 'learning_rate': 2.198e-05, 'epoch': 0.62}
{'loss': 1.3418, 'learning_rate': 2.398e-05, 'epoch': 0.67}
{'loss': 1.0829, 'learning_rate': 2.598e-05, 'epoch': 0.73}
{'loss': 0.9065, 'learning_rate': 2.798e-05, 'epoch': 0.78}
{'loss': 0.8143, 'learning_rate': 2.998e-05, 'epoch': 0.84}
{'eval_loss': 0.998651921749115, 'eval_wer': 0.9173008345281424, 'eval_runtime': 351.9594, 'eval_samples_per_second': 7.68, 'eval_steps_per_second': 0.48, 'epoch': 0.84}
{'loss': 0.7507, 'learning_rate': 3.198e-05, 'epoch': 0.9}
{'loss': 0.7101, 'learning_rate': 3.398e-05, 'epoch': 0.95}
{'loss': 0.6809, 'learning_rate': 3.5980000000000004e-05, 'epoch': 1.01}
{'loss': 0.6536, 'learning_rate': 3.7980000000000006e-05, 'epoch': 1.07}
{'loss': 0.6407, 'learning_rate': 3.998e-05, 'epoch': 1.12}
{'eval_loss': 0.7754433751106262, 'eval_wer': 0.8629094518583875, 'eval_runtime': 356.6619, 'eval_samples_per_second': 7.579, 'eval_steps_per_second': 0.474, 'epoch': 1.12}
{'loss': 0.6208, 'learning_rate': 4.198e-05, 'epoch': 1.18}
{'loss': 0.6051, 'learning_rate': 4.398e-05, 'epoch': 1.23}
{'loss': 0.5931, 'learning_rate': 4.5980000000000004e-05, 'epoch': 1.29}
{'loss': 0.5853, 'learning_rate': 4.7980000000000005e-05, 'epoch': 1.35}
{'loss': 0.5743, 'learning_rate': 4.9980000000000006e-05, 'epoch': 1.4}
{'eval_loss': 0.6768085956573486, 'eval_wer': 0.7823057975809713, 'eval_runtime': 360.3195, 'eval_samples_per_second': 7.502, 'eval_steps_per_second': 0.469, 'epoch': 1.4}
{'loss': 0.5684, 'learning_rate': 5.198000000000001e-05, 'epoch': 1.46}
{'loss': 0.5701, 'learning_rate': 5.3979999999999995e-05, 'epoch': 1.51}
{'loss': 0.5556, 'learning_rate': 5.5979999999999996e-05, 'epoch': 1.57}
{'loss': 0.5474, 'learning_rate': 5.7980000000000004e-05, 'epoch': 1.63}
{'loss': 0.547, 'learning_rate': 5.9980000000000005e-05, 'epoch': 1.68}
{'eval_loss': 0.6195247769355774, 'eval_wer': 0.7760376456747914, 'eval_runtime': 353.8892, 'eval_samples_per_second': 7.638, 'eval_steps_per_second': 0.478, 'epoch': 1.68}
{'loss': 0.5417, 'learning_rate': 6.198e-05, 'epoch': 1.74}
{'loss': 0.5425, 'learning_rate': 6.398000000000001e-05, 'epoch': 1.79}
{'loss': 0.5335, 'learning_rate': 6.598e-05, 'epoch': 1.85}
{'loss': 0.5333, 'learning_rate': 6.798e-05, 'epoch': 1.91}
{'loss': 0.53, 'learning_rate': 6.998e-05, 'epoch': 1.96}
{'eval_loss': 0.58684903383255, 'eval_wer': 0.7809639351494431, 'eval_runtime': 350.6486, 'eval_samples_per_second': 7.709, 'eval_steps_per_second': 0.482, 'epoch': 1.96}
{'loss': 0.5217, 'learning_rate': 7.198e-05, 'epoch': 2.02}
{'loss': 0.5253, 'learning_rate': 7.398e-05, 'epoch': 2.07}
{'loss': 0.5228, 'learning_rate': 7.598e-05, 'epoch': 2.13}
{'loss': 0.5211, 'learning_rate': 7.798000000000001e-05, 'epoch': 2.19}
{'loss': 0.5196, 'learning_rate': 7.998e-05, 'epoch': 2.24}
{'eval_loss': 0.5653125643730164, 'eval_wer': 0.7808168817322892, 'eval_runtime': 354.4137, 'eval_samples_per_second': 7.627, 'eval_steps_per_second': 0.477, 'epoch': 2.24}
{'loss': 0.5167, 'learning_rate': 8.198e-05, 'epoch': 2.3}
{'loss': 0.5167, 'learning_rate': 8.398e-05, 'epoch': 2.35}
{'loss': 0.5138, 'learning_rate': 8.598e-05, 'epoch': 2.41}
{'loss': 0.5108, 'learning_rate': 8.798000000000001e-05, 'epoch': 2.47}
{'loss': 0.513, 'learning_rate': 8.998e-05, 'epoch': 2.52}
{'eval_loss': 0.5483765006065369, 'eval_wer': 0.7751369434947245, 'eval_runtime': 356.9463, 'eval_samples_per_second': 7.573, 'eval_steps_per_second': 0.473, 'epoch': 2.52}
{'loss': 0.5079, 'learning_rate': 9.198e-05, 'epoch': 2.58}
{'loss': 0.5052, 'learning_rate': 9.398e-05, 'epoch': 2.63}
{'loss': 0.5031, 'learning_rate': 9.598e-05, 'epoch': 2.69}
{'loss': 0.5031, 'learning_rate': 9.798000000000001e-05, 'epoch': 2.75}
{'loss': 0.5014, 'learning_rate': 9.998e-05, 'epoch': 2.8}
{'eval_loss': 0.5341218709945679, 'eval_wer': 0.7675453108341606, 'eval_runtime': 358.573, 'eval_samples_per_second': 7.538, 'eval_steps_per_second': 0.471, 'epoch': 2.8}
{'loss': 0.5, 'learning_rate': 0.0001, 'epoch': 2.86}
{'loss': 0.5003, 'learning_rate': 0.0001, 'epoch': 2.91}
{'loss': 0.5013, 'learning_rate': 0.0001, 'epoch': 2.97}
{'loss': 0.4957, 'learning_rate': 0.0001, 'epoch': 3.03}
{'loss': 0.4999, 'learning_rate': 0.0001, 'epoch': 3.08}
{'eval_loss': 0.520316481590271, 'eval_wer': 0.7576192051762802, 'eval_runtime': 351.8928, 'eval_samples_per_second': 7.681, 'eval_steps_per_second': 0.48, 'epoch': 3.08}
{'loss': 0.4972, 'learning_rate': 0.0001, 'epoch': 3.14}
{'loss': 0.4919, 'learning_rate': 0.0001, 'epoch': 3.2}
{'loss': 0.4989, 'learning_rate': 0.0001, 'epoch': 3.25}
{'loss': 0.4952, 'learning_rate': 0.0001, 'epoch': 3.31}
{'loss': 0.4945, 'learning_rate': 0.0001, 'epoch': 3.36}
{'eval_loss': 0.5128342509269714, 'eval_wer': 0.7509650380500716, 'eval_runtime': 349.3841, 'eval_samples_per_second': 7.736, 'eval_steps_per_second': 0.484, 'epoch': 3.36}
{'loss': 0.4935, 'learning_rate': 0.0001, 'epoch': 3.42}
{'loss': 0.4946, 'learning_rate': 0.0001, 'epoch': 3.48}
{'loss': 0.4897, 'learning_rate': 0.0001, 'epoch': 3.53}
{'loss': 0.4918, 'learning_rate': 0.0001, 'epoch': 3.59}
{'loss': 0.4938, 'learning_rate': 0.0001, 'epoch': 3.64}
{'eval_loss': 0.503589928150177, 'eval_wer': 0.7475092827469578, 'eval_runtime': 353.8999, 'eval_samples_per_second': 7.638, 'eval_steps_per_second': 0.478, 'epoch': 3.64}
{'loss': 0.4899, 'learning_rate': 0.0001, 'epoch': 3.7}
{'loss': 0.4891, 'learning_rate': 0.0001, 'epoch': 3.76}
{'loss': 0.4892, 'learning_rate': 0.0001, 'epoch': 3.81}
{'loss': 0.4883, 'learning_rate': 0.0001, 'epoch': 3.87}
{'loss': 0.485, 'learning_rate': 0.0001, 'epoch': 3.92}
{'eval_loss': 0.49843814969062805, 'eval_wer': 0.7424175581780081, 'eval_runtime': 359.534, 'eval_samples_per_second': 7.518, 'eval_steps_per_second': 0.47, 'epoch': 3.92}
{'loss': 0.4881, 'learning_rate': 0.0001, 'epoch': 3.98}
{'loss': 0.4922, 'learning_rate': 0.0001, 'epoch': 4.04}
{'loss': 0.4885, 'learning_rate': 0.0001, 'epoch': 4.09}
{'loss': 0.4842, 'learning_rate': 0.0001, 'epoch': 4.15}
{'loss': 0.4871, 'learning_rate': 0.0001, 'epoch': 4.2}
{'eval_loss': 0.4902924597263336, 'eval_wer': 0.7416822910922393, 'eval_runtime': 355.4698, 'eval_samples_per_second': 7.604, 'eval_steps_per_second': 0.475, 'epoch': 4.2}
{'loss': 0.4844, 'learning_rate': 0.0001, 'epoch': 4.26}
{'loss': 0.4861, 'learning_rate': 0.0001, 'epoch': 4.32}
{'loss': 0.4845, 'learning_rate': 0.0001, 'epoch': 4.37}
{'loss': 0.4845, 'learning_rate': 0.0001, 'epoch': 4.43}
{'loss': 0.4886, 'learning_rate': 0.0001, 'epoch': 4.48}
{'eval_loss': 0.4856700301170349, 'eval_wer': 0.7382449174662696, 'eval_runtime': 350.9592, 'eval_samples_per_second': 7.702, 'eval_steps_per_second': 0.482, 'epoch': 4.48}
{'loss': 0.4829, 'learning_rate': 0.0001, 'epoch': 4.54}
{'loss': 0.4825, 'learning_rate': 0.0001, 'epoch': 4.6}
{'loss': 0.4811, 'learning_rate': 0.0001, 'epoch': 4.65}
{'loss': 0.4814, 'learning_rate': 0.0001, 'epoch': 4.71}
{'loss': 0.481, 'learning_rate': 0.0001, 'epoch': 4.76}
{'eval_loss': 0.4810335338115692, 'eval_wer': 0.7349545972574538, 'eval_runtime': 349.1715, 'eval_samples_per_second': 7.741, 'eval_steps_per_second': 0.484, 'epoch': 4.76}
{'loss': 0.4832, 'learning_rate': 0.0001, 'epoch': 4.82}
{'loss': 0.4816, 'learning_rate': 0.0001, 'epoch': 4.88}
{'loss': 0.4799, 'learning_rate': 0.0001, 'epoch': 4.93}
{'loss': 0.4799, 'learning_rate': 0.0001, 'epoch': 4.99}
{'loss': 0.4819, 'learning_rate': 0.0001, 'epoch': 5.04}
{'eval_loss': 0.48261845111846924, 'eval_wer': 0.7350832689974633, 'eval_runtime': 355.4577, 'eval_samples_per_second': 7.604, 'eval_steps_per_second': 0.475, 'epoch': 5.04}
{'loss': 0.478, 'learning_rate': 0.0001, 'epoch': 5.1}
{'loss': 0.4792, 'learning_rate': 0.0001, 'epoch': 5.16}
{'loss': 0.4801, 'learning_rate': 0.0001, 'epoch': 5.21}
{'loss': 0.4786, 'learning_rate': 0.0001, 'epoch': 5.27}
{'loss': 0.4797, 'learning_rate': 0.0001, 'epoch': 5.33}
{'eval_loss': 0.47850343585014343, 'eval_wer': 0.7337781699202235, 'eval_runtime': 360.1074, 'eval_samples_per_second': 7.506, 'eval_steps_per_second': 0.469, 'epoch': 5.33}
{'loss': 0.4806, 'learning_rate': 0.0001, 'epoch': 5.38}
{'loss': 0.4774, 'learning_rate': 0.0001, 'epoch': 5.44}
{'loss': 0.4778, 'learning_rate': 0.0001, 'epoch': 5.49}
{'loss': 0.4799, 'learning_rate': 0.0001, 'epoch': 5.55}
{'loss': 0.4789, 'learning_rate': 0.0001, 'epoch': 5.61}
{'eval_loss': 0.47518184781074524, 'eval_wer': 0.7303407962942539, 'eval_runtime': 354.7058, 'eval_samples_per_second': 7.62, 'eval_steps_per_second': 0.476, 'epoch': 5.61}
{'loss': 0.4772, 'learning_rate': 0.0001, 'epoch': 5.66}
{'loss': 0.4804, 'learning_rate': 0.0001, 'epoch': 5.72}
{'loss': 0.4792, 'learning_rate': 0.0001, 'epoch': 5.77}
{'loss': 0.476, 'learning_rate': 0.0001, 'epoch': 5.83}
{'loss': 0.4768, 'learning_rate': 0.0001, 'epoch': 5.89}
{'eval_loss': 0.4746377468109131, 'eval_wer': 0.7307451931914268, 'eval_runtime': 350.4142, 'eval_samples_per_second': 7.714, 'eval_steps_per_second': 0.482, 'epoch': 5.89}
{'loss': 0.4763, 'learning_rate': 0.0001, 'epoch': 5.94}
{'loss': 0.4725, 'learning_rate': 0.0001, 'epoch': 6.0}
{'loss': 0.4725, 'learning_rate': 0.0001, 'epoch': 6.05}
{'loss': 0.475, 'learning_rate': 0.0001, 'epoch': 6.11}
{'loss': 0.4799, 'learning_rate': 0.0001, 'epoch': 6.17}
{'eval_loss': 0.46770796179771423, 'eval_wer': 0.7249917282452851, 'eval_runtime': 350.7735, 'eval_samples_per_second': 7.706, 'eval_steps_per_second': 0.482, 'epoch': 6.17}
{'loss': 0.4764, 'learning_rate': 0.0001, 'epoch': 6.22}
{'loss': 0.4807, 'learning_rate': 0.0001, 'epoch': 6.28}
{'loss': 0.4774, 'learning_rate': 0.0001, 'epoch': 6.33}
{'loss': 0.4743, 'learning_rate': 0.0001, 'epoch': 6.39}
{'loss': 0.4749, 'learning_rate': 0.0001, 'epoch': 6.45}
{'eval_loss': 0.46515363454818726, 'eval_wer': 0.7238704459394876, 'eval_runtime': 356.3945, 'eval_samples_per_second': 7.584, 'eval_steps_per_second': 0.474, 'epoch': 6.45}
{'loss': 0.4773, 'learning_rate': 0.0001, 'epoch': 6.5}
{'loss': 0.4754, 'learning_rate': 0.0001, 'epoch': 6.56}
{'loss': 0.4743, 'learning_rate': 0.0001, 'epoch': 6.61}
{'loss': 0.475, 'learning_rate': 0.0001, 'epoch': 6.67}
{'loss': 0.4737, 'learning_rate': 0.0001, 'epoch': 6.73}
{'eval_loss': 0.46300986409187317, 'eval_wer': 0.7229881254365649, 'eval_runtime': 358.6526, 'eval_samples_per_second': 7.537, 'eval_steps_per_second': 0.471, 'epoch': 6.73}
{'loss': 0.4716, 'learning_rate': 0.0001, 'epoch': 6.78}
{'loss': 0.4759, 'learning_rate': 0.0001, 'epoch': 6.84}
{'loss': 0.4777, 'learning_rate': 0.0001, 'epoch': 6.89}
{'loss': 0.4733, 'learning_rate': 0.0001, 'epoch': 6.95}
{'loss': 0.4782, 'learning_rate': 0.0001, 'epoch': 7.01}
{'eval_loss': 0.46080848574638367, 'eval_wer': 0.7228962170508437, 'eval_runtime': 354.8569, 'eval_samples_per_second': 7.617, 'eval_steps_per_second': 0.476, 'epoch': 7.01}
{'loss': 0.4739, 'learning_rate': 0.0001, 'epoch': 7.06}
{'loss': 0.4738, 'learning_rate': 0.0001, 'epoch': 7.12}
{'loss': 0.475, 'learning_rate': 0.0001, 'epoch': 7.17}
{'loss': 0.4736, 'learning_rate': 0.0001, 'epoch': 7.23}
{'loss': 0.4728, 'learning_rate': 0.0001, 'epoch': 7.29}
{'eval_loss': 0.45864760875701904, 'eval_wer': 0.7222712400279402, 'eval_runtime': 349.1199, 'eval_samples_per_second': 7.742, 'eval_steps_per_second': 0.484, 'epoch': 7.29}
{'loss': 0.4738, 'learning_rate': 0.0001, 'epoch': 7.34}
{'loss': 0.4722, 'learning_rate': 0.0001, 'epoch': 7.4}
{'loss': 0.4755, 'learning_rate': 0.0001, 'epoch': 7.46}
{'loss': 0.4749, 'learning_rate': 0.0001, 'epoch': 7.51}
{'loss': 0.4739, 'learning_rate': 0.0001, 'epoch': 7.57}
{'eval_loss': 0.45767417550086975, 'eval_wer': 0.7205985074078158, 'eval_runtime': 351.3075, 'eval_samples_per_second': 7.694, 'eval_steps_per_second': 0.481, 'epoch': 7.57}
{'loss': 0.4742, 'learning_rate': 0.0001, 'epoch': 7.62}
{'loss': 0.4719, 'learning_rate': 0.0001, 'epoch': 7.68}
{'loss': 0.4753, 'learning_rate': 0.0001, 'epoch': 7.74}
{'loss': 0.4742, 'learning_rate': 0.0001, 'epoch': 7.79}
{'loss': 0.4727, 'learning_rate': 0.0001, 'epoch': 7.85}
{'eval_loss': 0.456116646528244, 'eval_wer': 0.7196058968420279, 'eval_runtime': 356.9391, 'eval_samples_per_second': 7.573, 'eval_steps_per_second': 0.473, 'epoch': 7.85}
{'loss': 0.4733, 'learning_rate': 0.0001, 'epoch': 7.9}
{'loss': 0.4733, 'learning_rate': 0.0001, 'epoch': 7.96}
{'loss': 0.4708, 'learning_rate': 0.0001, 'epoch': 8.02}
{'loss': 0.4709, 'learning_rate': 0.0001, 'epoch': 8.07}
{'loss': 0.4725, 'learning_rate': 0.0001, 'epoch': 8.13}
{'eval_loss': 0.459266722202301, 'eval_wer': 0.7227307819565457, 'eval_runtime': 357.1927, 'eval_samples_per_second': 7.567, 'eval_steps_per_second': 0.473, 'epoch': 8.13}
{'loss': 0.4727, 'learning_rate': 0.0001, 'epoch': 8.18}
{'loss': 0.4715, 'learning_rate': 0.0001, 'epoch': 8.24}
{'loss': 0.4723, 'learning_rate': 0.0001, 'epoch': 8.3}
{'loss': 0.4724, 'learning_rate': 0.0001, 'epoch': 8.35}
{'loss': 0.4708, 'learning_rate': 0.0001, 'epoch': 8.41}
{'eval_loss': 0.4588037431240082, 'eval_wer': 0.7205433623763832, 'eval_runtime': 353.6867, 'eval_samples_per_second': 7.642, 'eval_steps_per_second': 0.478, 'epoch': 8.41}
{'loss': 0.4723, 'learning_rate': 0.0001, 'epoch': 8.46}
{'loss': 0.4717, 'learning_rate': 0.0001, 'epoch': 8.52}
{'loss': 0.4717, 'learning_rate': 0.0001, 'epoch': 8.58}
{'loss': 0.4689, 'learning_rate': 0.0001, 'epoch': 8.63}
{'loss': 0.4715, 'learning_rate': 0.0001, 'epoch': 8.69}
{'eval_loss': 0.4576420187950134, 'eval_wer': 0.7193117900077203, 'eval_runtime': 349.4829, 'eval_samples_per_second': 7.734, 'eval_steps_per_second': 0.484, 'epoch': 8.69}
{'loss': 0.4702, 'learning_rate': 0.0001, 'epoch': 8.74}
{'loss': 0.4725, 'learning_rate': 0.0001, 'epoch': 8.8}
{'loss': 0.4721, 'learning_rate': 0.0001, 'epoch': 8.86}
{'loss': 0.4721, 'learning_rate': 0.0001, 'epoch': 8.91}
{'loss': 0.4711, 'learning_rate': 0.0001, 'epoch': 8.97}
{'eval_loss': 0.4578230082988739, 'eval_wer': 0.7202308738649315, 'eval_runtime': 351.2045, 'eval_samples_per_second': 7.696, 'eval_steps_per_second': 0.481, 'epoch': 8.97}
{'loss': 0.467, 'learning_rate': 0.0001, 'epoch': 9.02}
{'loss': 0.4732, 'learning_rate': 0.0001, 'epoch': 9.08}
{'loss': 0.4704, 'learning_rate': 0.0001, 'epoch': 9.14}
{'loss': 0.4704, 'learning_rate': 0.0001, 'epoch': 9.19}
{'loss': 0.4709, 'learning_rate': 0.0001, 'epoch': 9.25}
{'eval_loss': 0.45158129930496216, 'eval_wer': 0.7151759126502703, 'eval_runtime': 355.7776, 'eval_samples_per_second': 7.597, 'eval_steps_per_second': 0.475, 'epoch': 9.25}
{'loss': 0.4714, 'learning_rate': 0.0001, 'epoch': 9.3}
{'loss': 0.4749, 'learning_rate': 0.0001, 'epoch': 9.36}
{'loss': 0.4712, 'learning_rate': 0.0001, 'epoch': 9.42}
{'loss': 0.4717, 'learning_rate': 0.0001, 'epoch': 9.47}
{'loss': 0.4721, 'learning_rate': 0.0001, 'epoch': 9.53}
{'eval_loss': 0.45016929507255554, 'eval_wer': 0.7143303555016359, 'eval_runtime': 357.6575, 'eval_samples_per_second': 7.558, 'eval_steps_per_second': 0.473, 'epoch': 9.53}
{'loss': 0.4693, 'learning_rate': 0.0001, 'epoch': 9.59}
{'loss': 0.4687, 'learning_rate': 0.0001, 'epoch': 9.64}
{'loss': 0.4737, 'learning_rate': 0.0001, 'epoch': 9.7}
{'loss': 0.4696, 'learning_rate': 0.0001, 'epoch': 9.75}
{'loss': 0.4716, 'learning_rate': 0.0001, 'epoch': 9.81}
{'eval_loss': 0.44940003752708435, 'eval_wer': 0.7126392412043675, 'eval_runtime': 353.2555, 'eval_samples_per_second': 7.652, 'eval_steps_per_second': 0.478, 'epoch': 9.81}
{'loss': 0.469, 'learning_rate': 0.0001, 'epoch': 9.87}
{'loss': 0.4692, 'learning_rate': 0.0001, 'epoch': 9.92}
{'loss': 0.4692, 'learning_rate': 0.0001, 'epoch': 9.98}
{'loss': 0.4727, 'learning_rate': 0.0001, 'epoch': 10.03}
{'loss': 0.4714, 'learning_rate': 0.0001, 'epoch': 10.09}
{'eval_loss': 0.44860297441482544, 'eval_wer': 0.7120877908900408, 'eval_runtime': 349.9123, 'eval_samples_per_second': 7.725, 'eval_steps_per_second': 0.483, 'epoch': 10.09}
{'loss': 0.4718, 'learning_rate': 0.0001, 'epoch': 10.15}
{'loss': 0.4679, 'learning_rate': 0.0001, 'epoch': 10.2}
{'loss': 0.4668, 'learning_rate': 0.0001, 'epoch': 10.26}
{'loss': 0.4702, 'learning_rate': 0.0001, 'epoch': 10.31}
{'loss': 0.4681, 'learning_rate': 0.0001, 'epoch': 10.37}
{'eval_loss': 0.4473654329776764, 'eval_wer': 0.7095878827984266, 'eval_runtime': 352.5822, 'eval_samples_per_second': 7.666, 'eval_steps_per_second': 0.479, 'epoch': 10.37}
{'loss': 0.4702, 'learning_rate': 0.0001, 'epoch': 10.43}
{'loss': 0.4703, 'learning_rate': 0.0001, 'epoch': 10.48}
{'loss': 0.4673, 'learning_rate': 0.0001, 'epoch': 10.54}
{'loss': 0.4685, 'learning_rate': 0.0001, 'epoch': 10.59}
{'loss': 0.4694, 'learning_rate': 0.0001, 'epoch': 10.65}
{'eval_loss': 0.4465741217136383, 'eval_wer': 0.7087423256497923, 'eval_runtime': 358.1982, 'eval_samples_per_second': 7.546, 'eval_steps_per_second': 0.472, 'epoch': 10.65}
{'loss': 0.4685, 'learning_rate': 0.0001, 'epoch': 10.71}
