-----------------------------before filter-----------------------
----->>>> train
Dataset({
    features: ['input_values', 'input_length', 'labels'],
    num_rows: 28539
})
----->>>> valid
Dataset({
    features: ['input_values', 'input_length', 'labels'],
    num_rows: 2703
})
----->>>> test
Dataset({
    features: ['input_values', 'input_length', 'labels'],
    num_rows: 2620
})
-----------------------------after filter-----------------------
----->>>> train
Dataset({
    features: ['input_values', 'input_length', 'labels'],
    num_rows: 28538
})
----->>>> valid
Dataset({
    features: ['input_values', 'input_length', 'labels'],
    num_rows: 2642
})
----->>>> test
Dataset({
    features: ['input_values', 'input_length', 'labels'],
    num_rows: 2528
})

 #Train: 28538, #Valid: 2642, #Test: 2528 
------>>> Trainable params(before freeze): 12808350
------>>> Trainable params(after  freeze): 3569694
{'loss': 7.8695, 'learning_rate': 5.999999999999999e-06, 'epoch': 0.06}
{'loss': 7.5592, 'learning_rate': 1.1999999999999999e-05, 'epoch': 0.11}
{'loss': 6.9883, 'learning_rate': 1.7939999999999998e-05, 'epoch': 0.17}
{'loss': 6.1695, 'learning_rate': 2.3939999999999998e-05, 'epoch': 0.22}
{'loss': 5.0483, 'learning_rate': 2.9939999999999998e-05, 'epoch': 0.28}
{'eval_loss': 4.554874420166016, 'eval_wer': 0.9996826656088854, 'eval_runtime': 150.8392, 'eval_samples_per_second': 17.515, 'eval_steps_per_second': 1.101, 'epoch': 0.28}
{'loss': 3.8995, 'learning_rate': 3.594e-05, 'epoch': 0.34}
{'loss': 2.692, 'learning_rate': 4.194e-05, 'epoch': 0.39}
{'loss': 1.6381, 'learning_rate': 4.794e-05, 'epoch': 0.45}
{'loss': 1.2454, 'learning_rate': 5.393999999999999e-05, 'epoch': 0.5}
{'loss': 1.0763, 'learning_rate': 5.994e-05, 'epoch': 0.56}
{'eval_loss': 0.416920006275177, 'eval_wer': 0.12901626338754463, 'eval_runtime': 151.3704, 'eval_samples_per_second': 17.454, 'eval_steps_per_second': 1.097, 'epoch': 0.56}
{'loss': 1.0259, 'learning_rate': 6.594e-05, 'epoch': 0.62}
{'loss': 1.0206, 'learning_rate': 7.193999999999999e-05, 'epoch': 0.67}
{'loss': 0.9998, 'learning_rate': 7.793999999999999e-05, 'epoch': 0.73}
{'loss': 0.994, 'learning_rate': 8.393999999999999e-05, 'epoch': 0.78}
{'loss': 0.9726, 'learning_rate': 8.994e-05, 'epoch': 0.84}
{'eval_loss': 0.33424943685531616, 'eval_wer': 0.10910353034510115, 'eval_runtime': 150.8127, 'eval_samples_per_second': 17.518, 'eval_steps_per_second': 1.101, 'epoch': 0.84}
{'loss': 1.003, 'learning_rate': 9.593999999999998e-05, 'epoch': 0.9}
{'loss': 0.9357, 'learning_rate': 0.00010193999999999999, 'epoch': 0.95}
{'loss': 1.0853, 'learning_rate': 0.00010794, 'epoch': 1.01}
{'loss': 0.9786, 'learning_rate': 0.00011394, 'epoch': 1.07}
{'loss': 0.9426, 'learning_rate': 0.00011993999999999998, 'epoch': 1.12}
{'eval_loss': 0.304117351770401, 'eval_wer': 0.10374851249504165, 'eval_runtime': 151.315, 'eval_samples_per_second': 17.46, 'eval_steps_per_second': 1.097, 'epoch': 1.12}
{'loss': 0.9308, 'learning_rate': 0.00012594, 'epoch': 1.18}
{'loss': 0.9432, 'learning_rate': 0.00013194, 'epoch': 1.23}
{'loss': 0.937, 'learning_rate': 0.00013794, 'epoch': 1.29}
{'loss': 0.9324, 'learning_rate': 0.00014393999999999998, 'epoch': 1.35}
{'loss': 0.959, 'learning_rate': 0.00014994, 'epoch': 1.4}
{'eval_loss': 0.28938135504722595, 'eval_wer': 0.09879016263387545, 'eval_runtime': 151.1663, 'eval_samples_per_second': 17.477, 'eval_steps_per_second': 1.098, 'epoch': 1.4}
{'loss': 0.9502, 'learning_rate': 0.00015594, 'epoch': 1.46}
{'loss': 0.9589, 'learning_rate': 0.00016193999999999996, 'epoch': 1.51}
{'loss': 0.9281, 'learning_rate': 0.00016793999999999997, 'epoch': 1.57}
{'loss': 0.9506, 'learning_rate': 0.00017393999999999998, 'epoch': 1.63}
{'loss': 0.9343, 'learning_rate': 0.00017994, 'epoch': 1.68}
{'eval_loss': 0.27686724066734314, 'eval_wer': 0.0981951606505355, 'eval_runtime': 151.5663, 'eval_samples_per_second': 17.431, 'eval_steps_per_second': 1.095, 'epoch': 1.68}
{'loss': 0.9328, 'learning_rate': 0.00018594, 'epoch': 1.74}
{'loss': 0.9399, 'learning_rate': 0.00019193999999999998, 'epoch': 1.79}
{'loss': 0.9435, 'learning_rate': 0.00019794, 'epoch': 1.85}
{'loss': 0.9604, 'learning_rate': 0.00020393999999999998, 'epoch': 1.91}
{'loss': 0.942, 'learning_rate': 0.00020993999999999999, 'epoch': 1.96}
{'eval_loss': 0.2712128758430481, 'eval_wer': 0.09783815946053154, 'eval_runtime': 151.1628, 'eval_samples_per_second': 17.478, 'eval_steps_per_second': 1.098, 'epoch': 1.96}
{'loss': 0.9282, 'learning_rate': 0.00021593999999999997, 'epoch': 2.02}
{'loss': 0.9336, 'learning_rate': 0.00022193999999999998, 'epoch': 2.07}
{'loss': 0.901, 'learning_rate': 0.00022794, 'epoch': 2.13}
{'loss': 0.9138, 'learning_rate': 0.00023394, 'epoch': 2.19}
{'loss': 0.9098, 'learning_rate': 0.00023993999999999996, 'epoch': 2.24}
{'eval_loss': 0.2847391963005066, 'eval_wer': 0.09607298690995637, 'eval_runtime': 150.9135, 'eval_samples_per_second': 17.507, 'eval_steps_per_second': 1.1, 'epoch': 2.24}
{'loss': 0.9346, 'learning_rate': 0.00024594, 'epoch': 2.3}
{'loss': 0.9321, 'learning_rate': 0.00025194, 'epoch': 2.35}
{'loss': 0.9233, 'learning_rate': 0.00025793999999999996, 'epoch': 2.41}
{'loss': 0.9406, 'learning_rate': 0.00026394, 'epoch': 2.47}
{'loss': 0.9342, 'learning_rate': 0.00026994, 'epoch': 2.52}
{'eval_loss': 0.29034268856048584, 'eval_wer': 0.09587465291550971, 'eval_runtime': 151.3503, 'eval_samples_per_second': 17.456, 'eval_steps_per_second': 1.097, 'epoch': 2.52}
{'loss': 0.9183, 'learning_rate': 0.00027593999999999996, 'epoch': 2.58}
{'loss': 0.9432, 'learning_rate': 0.00028193999999999995, 'epoch': 2.63}
{'loss': 0.9267, 'learning_rate': 0.00028794, 'epoch': 2.69}
{'loss': 0.9535, 'learning_rate': 0.00029393999999999997, 'epoch': 2.75}
{'loss': 0.9375, 'learning_rate': 0.00029994, 'epoch': 2.8}
{'eval_loss': 0.29092147946357727, 'eval_wer': 0.0957754859182864, 'eval_runtime': 150.7151, 'eval_samples_per_second': 17.53, 'eval_steps_per_second': 1.101, 'epoch': 2.8}
{'loss': 0.9296, 'learning_rate': 0.0003, 'epoch': 2.86}
{'loss': 0.9503, 'learning_rate': 0.0003, 'epoch': 2.91}
{'loss': 0.9396, 'learning_rate': 0.0003, 'epoch': 2.97}
{'loss': 0.8433, 'learning_rate': 0.0003, 'epoch': 3.03}
{'loss': 0.9226, 'learning_rate': 0.0003, 'epoch': 3.08}
{'eval_loss': 0.24941374361515045, 'eval_wer': 0.10051566838556128, 'eval_runtime': 150.5914, 'eval_samples_per_second': 17.544, 'eval_steps_per_second': 1.102, 'epoch': 3.08}
{'loss': 0.9203, 'learning_rate': 0.0003, 'epoch': 3.14}
{'loss': 0.937, 'learning_rate': 0.0003, 'epoch': 3.2}
{'loss': 0.9374, 'learning_rate': 0.0003, 'epoch': 3.25}
{'loss': 0.9417, 'learning_rate': 0.0003, 'epoch': 3.31}
{'loss': 0.9369, 'learning_rate': 0.0003, 'epoch': 3.36}
{'eval_loss': 0.2491098791360855, 'eval_wer': 0.10019833399444665, 'eval_runtime': 151.0365, 'eval_samples_per_second': 17.492, 'eval_steps_per_second': 1.099, 'epoch': 3.36}
{'loss': 0.9366, 'learning_rate': 0.0003, 'epoch': 3.42}
{'loss': 0.9275, 'learning_rate': 0.0003, 'epoch': 3.48}
{'loss': 0.9059, 'learning_rate': 0.0003, 'epoch': 3.53}
{'loss': 0.9117, 'learning_rate': 0.0003, 'epoch': 3.59}
{'loss': 0.9151, 'learning_rate': 0.0003, 'epoch': 3.64}
{'eval_loss': 0.2460649609565735, 'eval_wer': 0.09918683062276874, 'eval_runtime': 150.9123, 'eval_samples_per_second': 17.507, 'eval_steps_per_second': 1.1, 'epoch': 3.64}
{'loss': 0.9135, 'learning_rate': 0.0003, 'epoch': 3.7}
{'loss': 0.9345, 'learning_rate': 0.0003, 'epoch': 3.76}
{'loss': 0.9278, 'learning_rate': 0.0003, 'epoch': 3.81}
{'loss': 0.9017, 'learning_rate': 0.0003, 'epoch': 3.87}
{'loss': 0.9094, 'learning_rate': 0.0003, 'epoch': 3.92}
{'eval_loss': 0.24457840621471405, 'eval_wer': 0.10035700119000397, 'eval_runtime': 150.9376, 'eval_samples_per_second': 17.504, 'eval_steps_per_second': 1.1, 'epoch': 3.92}
{'loss': 0.9063, 'learning_rate': 0.0003, 'epoch': 3.98}
{'loss': 0.9979, 'learning_rate': 0.0003, 'epoch': 4.04}
{'loss': 0.9288, 'learning_rate': 0.0003, 'epoch': 4.09}
{'loss': 0.8967, 'learning_rate': 0.0003, 'epoch': 4.15}
{'loss': 0.9193, 'learning_rate': 0.0003, 'epoch': 4.2}
{'eval_loss': 0.2495972365140915, 'eval_wer': 0.09607298690995637, 'eval_runtime': 150.4829, 'eval_samples_per_second': 17.557, 'eval_steps_per_second': 1.103, 'epoch': 4.2}
{'loss': 0.9092, 'learning_rate': 0.0003, 'epoch': 4.26}
{'loss': 0.9339, 'learning_rate': 0.0003, 'epoch': 4.32}
{'loss': 0.9257, 'learning_rate': 0.0003, 'epoch': 4.37}
{'loss': 0.9202, 'learning_rate': 0.0003, 'epoch': 4.43}
{'loss': 0.9134, 'learning_rate': 0.0003, 'epoch': 4.48}
{'eval_loss': 0.24829436838626862, 'eval_wer': 0.096390321301071, 'eval_runtime': 150.3477, 'eval_samples_per_second': 17.573, 'eval_steps_per_second': 1.104, 'epoch': 4.48}
{'loss': 0.8978, 'learning_rate': 0.0003, 'epoch': 4.54}
{'loss': 0.9109, 'learning_rate': 0.0003, 'epoch': 4.6}
{'loss': 0.9228, 'learning_rate': 0.0003, 'epoch': 4.65}
{'loss': 0.9264, 'learning_rate': 0.0003, 'epoch': 4.71}
{'loss': 0.9182, 'learning_rate': 0.0003, 'epoch': 4.76}
{'eval_loss': 0.2485680729150772, 'eval_wer': 0.0961126537088457, 'eval_runtime': 150.8086, 'eval_samples_per_second': 17.519, 'eval_steps_per_second': 1.101, 'epoch': 4.76}
{'loss': 0.8956, 'learning_rate': 0.0003, 'epoch': 4.82}
{'loss': 0.8945, 'learning_rate': 0.0003, 'epoch': 4.88}
{'loss': 0.9225, 'learning_rate': 0.0003, 'epoch': 4.93}
{'loss': 0.8944, 'learning_rate': 0.0003, 'epoch': 4.99}
{'loss': 0.9352, 'learning_rate': 0.0003, 'epoch': 5.04}
{'eval_loss': 0.29042115807533264, 'eval_wer': 0.09539865132883776, 'eval_runtime': 150.5811, 'eval_samples_per_second': 17.545, 'eval_steps_per_second': 1.102, 'epoch': 5.04}
{'loss': 0.9136, 'learning_rate': 0.0003, 'epoch': 5.1}
{'loss': 0.8985, 'learning_rate': 0.0003, 'epoch': 5.16}
{'loss': 0.9197, 'learning_rate': 0.0003, 'epoch': 5.21}
{'loss': 0.9006, 'learning_rate': 0.0003, 'epoch': 5.27}
{'loss': 0.9011, 'learning_rate': 0.0003, 'epoch': 5.33}
{'eval_loss': 0.2864380180835724, 'eval_wer': 0.09547798492661642, 'eval_runtime': 150.6763, 'eval_samples_per_second': 17.534, 'eval_steps_per_second': 1.102, 'epoch': 5.33}
{'loss': 0.9074, 'learning_rate': 0.0003, 'epoch': 5.38}
{'loss': 0.9257, 'learning_rate': 0.0003, 'epoch': 5.44}
{'loss': 0.9012, 'learning_rate': 0.0003, 'epoch': 5.49}
{'loss': 0.8959, 'learning_rate': 0.0003, 'epoch': 5.55}
{'loss': 0.9059, 'learning_rate': 0.0003, 'epoch': 5.61}
{'eval_loss': 0.27820444107055664, 'eval_wer': 0.09563665212217375, 'eval_runtime': 150.2833, 'eval_samples_per_second': 17.58, 'eval_steps_per_second': 1.105, 'epoch': 5.61}
{'loss': 0.8899, 'learning_rate': 0.0003, 'epoch': 5.66}
{'loss': 0.8962, 'learning_rate': 0.0003, 'epoch': 5.72}
{'loss': 0.9177, 'learning_rate': 0.0003, 'epoch': 5.77}
{'loss': 0.9073, 'learning_rate': 0.0003, 'epoch': 5.83}
{'loss': 0.9058, 'learning_rate': 0.0003, 'epoch': 5.89}
{'eval_loss': 0.275663286447525, 'eval_wer': 0.09549781832606109, 'eval_runtime': 150.3599, 'eval_samples_per_second': 17.571, 'eval_steps_per_second': 1.104, 'epoch': 5.89}
{'loss': 0.9028, 'learning_rate': 0.0003, 'epoch': 5.94}
{'loss': 0.8157, 'learning_rate': 0.0003, 'epoch': 6.0}
{'loss': 0.8924, 'learning_rate': 0.0003, 'epoch': 6.05}
{'loss': 0.8822, 'learning_rate': 0.0003, 'epoch': 6.11}
{'loss': 0.9071, 'learning_rate': 0.0003, 'epoch': 6.17}
{'eval_loss': 0.2424575835466385, 'eval_wer': 0.09851249504165013, 'eval_runtime': 150.6285, 'eval_samples_per_second': 17.54, 'eval_steps_per_second': 1.102, 'epoch': 6.17}
{'loss': 0.9345, 'learning_rate': 0.0003, 'epoch': 6.22}
{'loss': 0.8964, 'learning_rate': 0.0003, 'epoch': 6.28}
{'loss': 0.9126, 'learning_rate': 0.0003, 'epoch': 6.33}
{'loss': 0.9215, 'learning_rate': 0.0003, 'epoch': 6.39}
{'loss': 0.9252, 'learning_rate': 0.0003, 'epoch': 6.45}
{'eval_loss': 0.24246862530708313, 'eval_wer': 0.09835382784609283, 'eval_runtime': 150.7895, 'eval_samples_per_second': 17.521, 'eval_steps_per_second': 1.101, 'epoch': 6.45}
{'loss': 0.902, 'learning_rate': 0.0003, 'epoch': 6.5}
{'loss': 0.8932, 'learning_rate': 0.0003, 'epoch': 6.56}
{'loss': 0.9099, 'learning_rate': 0.0003, 'epoch': 6.61}
{'loss': 0.9178, 'learning_rate': 0.0003, 'epoch': 6.67}
{'loss': 0.8733, 'learning_rate': 0.0003, 'epoch': 6.73}
{'eval_loss': 0.24024242162704468, 'eval_wer': 0.09855216184053947, 'eval_runtime': 150.4602, 'eval_samples_per_second': 17.559, 'eval_steps_per_second': 1.103, 'epoch': 6.73}
{'loss': 0.8842, 'learning_rate': 0.0003, 'epoch': 6.78}
{'loss': 0.8975, 'learning_rate': 0.0003, 'epoch': 6.84}
{'loss': 0.8916, 'learning_rate': 0.0003, 'epoch': 6.89}
{'loss': 0.9057, 'learning_rate': 0.0003, 'epoch': 6.95}
{'loss': 0.9517, 'learning_rate': 0.0003, 'epoch': 7.01}
{'eval_loss': 0.25315216183662415, 'eval_wer': 0.09615232050773502, 'eval_runtime': 150.4396, 'eval_samples_per_second': 17.562, 'eval_steps_per_second': 1.103, 'epoch': 7.01}
{'loss': 0.8996, 'learning_rate': 0.0003, 'epoch': 7.06}
{'loss': 0.9023, 'learning_rate': 0.0003, 'epoch': 7.12}
{'loss': 0.9115, 'learning_rate': 0.0003, 'epoch': 7.17}
{'loss': 0.9109, 'learning_rate': 0.0003, 'epoch': 7.23}
{'loss': 0.8925, 'learning_rate': 0.0003, 'epoch': 7.29}
{'eval_loss': 0.2411542683839798, 'eval_wer': 0.09662832209440698, 'eval_runtime': 150.6932, 'eval_samples_per_second': 17.532, 'eval_steps_per_second': 1.102, 'epoch': 7.29}
{'loss': 0.9104, 'learning_rate': 0.0003, 'epoch': 7.34}
{'loss': 0.9085, 'learning_rate': 0.0003, 'epoch': 7.4}
{'loss': 0.8945, 'learning_rate': 0.0003, 'epoch': 7.46}
{'loss': 0.8842, 'learning_rate': 0.0003, 'epoch': 7.51}
{'loss': 0.8989, 'learning_rate': 0.0003, 'epoch': 7.57}
{'eval_loss': 0.2396986484527588, 'eval_wer': 0.0970051566838556, 'eval_runtime': 150.8008, 'eval_samples_per_second': 17.52, 'eval_steps_per_second': 1.101, 'epoch': 7.57}
{'loss': 0.8798, 'learning_rate': 0.0003, 'epoch': 7.62}
{'loss': 0.9004, 'learning_rate': 0.0003, 'epoch': 7.68}
{'loss': 0.8851, 'learning_rate': 0.0003, 'epoch': 7.74}
{'loss': 0.8976, 'learning_rate': 0.0003, 'epoch': 7.79}
{'loss': 0.9088, 'learning_rate': 0.0003, 'epoch': 7.85}
{'eval_loss': 0.23985111713409424, 'eval_wer': 0.09674732249107497, 'eval_runtime': 150.9255, 'eval_samples_per_second': 17.505, 'eval_steps_per_second': 1.1, 'epoch': 7.85}
{'loss': 0.9113, 'learning_rate': 0.0003, 'epoch': 7.9}
{'loss': 0.8929, 'learning_rate': 0.0003, 'epoch': 7.96}
{'loss': 0.9194, 'learning_rate': 0.0003, 'epoch': 8.02}
{'loss': 0.8876, 'learning_rate': 0.0003, 'epoch': 8.07}
{'loss': 0.9011, 'learning_rate': 0.0003, 'epoch': 8.13}
{'eval_loss': 0.27819114923477173, 'eval_wer': 0.09551765172550575, 'eval_runtime': 150.3444, 'eval_samples_per_second': 17.573, 'eval_steps_per_second': 1.104, 'epoch': 8.13}
{'loss': 0.8758, 'learning_rate': 0.0003, 'epoch': 8.18}
{'loss': 0.895, 'learning_rate': 0.0003, 'epoch': 8.24}
{'loss': 0.9025, 'learning_rate': 0.0003, 'epoch': 8.3}
{'loss': 0.8847, 'learning_rate': 0.0003, 'epoch': 8.35}
{'loss': 0.8982, 'learning_rate': 0.0003, 'epoch': 8.41}
{'eval_loss': 0.28084930777549744, 'eval_wer': 0.09518048393494645, 'eval_runtime': 150.6332, 'eval_samples_per_second': 17.539, 'eval_steps_per_second': 1.102, 'epoch': 8.41}
{'loss': 0.9123, 'learning_rate': 0.0003, 'epoch': 8.46}
{'loss': 0.8999, 'learning_rate': 0.0003, 'epoch': 8.52}
{'loss': 0.8865, 'learning_rate': 0.0003, 'epoch': 8.58}
{'loss': 0.8997, 'learning_rate': 0.0003, 'epoch': 8.63}
{'loss': 0.9043, 'learning_rate': 0.0003, 'epoch': 8.69}
{'eval_loss': 0.280475914478302, 'eval_wer': 0.09520031733439112, 'eval_runtime': 150.711, 'eval_samples_per_second': 17.53, 'eval_steps_per_second': 1.101, 'epoch': 8.69}
{'loss': 0.914, 'learning_rate': 0.0003, 'epoch': 8.74}
{'loss': 0.8857, 'learning_rate': 0.0003, 'epoch': 8.8}
{'loss': 0.89, 'learning_rate': 0.0003, 'epoch': 8.86}
{'loss': 0.898, 'learning_rate': 0.0003, 'epoch': 8.91}
{'loss': 0.8818, 'learning_rate': 0.0003, 'epoch': 8.97}
{'eval_loss': 0.2760389447212219, 'eval_wer': 0.0953193177310591, 'eval_runtime': 150.8107, 'eval_samples_per_second': 17.519, 'eval_steps_per_second': 1.101, 'epoch': 8.97}
{'loss': 0.7742, 'learning_rate': 0.0003, 'epoch': 9.02}
{'loss': 0.9043, 'learning_rate': 0.0003, 'epoch': 9.08}
{'loss': 0.8801, 'learning_rate': 0.0003, 'epoch': 9.14}
{'loss': 0.8792, 'learning_rate': 0.0003, 'epoch': 9.19}
{'loss': 0.9081, 'learning_rate': 0.0003, 'epoch': 9.25}
{'eval_loss': 0.24131013453006744, 'eval_wer': 0.09809599365331217, 'eval_runtime': 151.1345, 'eval_samples_per_second': 17.481, 'eval_steps_per_second': 1.098, 'epoch': 9.25}
{'loss': 0.8821, 'learning_rate': 0.0003, 'epoch': 9.3}
{'loss': 0.8931, 'learning_rate': 0.0003, 'epoch': 9.36}
{'loss': 0.9059, 'learning_rate': 0.0003, 'epoch': 9.42}
{'loss': 0.9089, 'learning_rate': 0.0003, 'epoch': 9.47}
{'loss': 0.9144, 'learning_rate': 0.0003, 'epoch': 9.53}
{'eval_loss': 0.24021293222904205, 'eval_wer': 0.09843316144387149, 'eval_runtime': 150.9442, 'eval_samples_per_second': 17.503, 'eval_steps_per_second': 1.1, 'epoch': 9.53}
{'loss': 0.8728, 'learning_rate': 0.0003, 'epoch': 9.59}
{'loss': 0.8666, 'learning_rate': 0.0003, 'epoch': 9.64}
{'loss': 0.8925, 'learning_rate': 0.0003, 'epoch': 9.7}
{'loss': 0.8865, 'learning_rate': 0.0003, 'epoch': 9.75}
{'loss': 0.8806, 'learning_rate': 0.0003, 'epoch': 9.81}
{'eval_loss': 0.23892980813980103, 'eval_wer': 0.0981951606505355, 'eval_runtime': 150.734, 'eval_samples_per_second': 17.528, 'eval_steps_per_second': 1.101, 'epoch': 9.81}
{'loss': 0.9058, 'learning_rate': 0.0003, 'epoch': 9.87}
{'loss': 0.9266, 'learning_rate': 0.0003, 'epoch': 9.92}
{'loss': 0.8791, 'learning_rate': 0.0003, 'epoch': 9.98}
{'loss': 0.9304, 'learning_rate': 0.0003, 'epoch': 10.03}
{'loss': 0.9047, 'learning_rate': 0.0003, 'epoch': 10.09}
{'eval_loss': 0.23642492294311523, 'eval_wer': 0.09789765965886553, 'eval_runtime': 151.5284, 'eval_samples_per_second': 17.436, 'eval_steps_per_second': 1.096, 'epoch': 10.09}
{'loss': 0.8842, 'learning_rate': 0.0003, 'epoch': 10.15}
{'loss': 0.896, 'learning_rate': 0.0003, 'epoch': 10.2}
{'loss': 0.8826, 'learning_rate': 0.0003, 'epoch': 10.26}
{'loss': 0.8912, 'learning_rate': 0.0003, 'epoch': 10.31}
{'loss': 0.9056, 'learning_rate': 0.0003, 'epoch': 10.37}
{'eval_loss': 0.2365589141845703, 'eval_wer': 0.09744149147163823, 'eval_runtime': 151.0902, 'eval_samples_per_second': 17.486, 'eval_steps_per_second': 1.099, 'epoch': 10.37}
{'loss': 0.8888, 'learning_rate': 0.0003, 'epoch': 10.43}
{'loss': 0.8863, 'learning_rate': 0.0003, 'epoch': 10.48}
{'loss': 0.879, 'learning_rate': 0.0003, 'epoch': 10.54}
{'loss': 0.8604, 'learning_rate': 0.0003, 'epoch': 10.59}
{'loss': 0.884, 'learning_rate': 0.0003, 'epoch': 10.65}
{'eval_loss': 0.23680120706558228, 'eval_wer': 0.0979174930583102, 'eval_runtime': 150.9492, 'eval_samples_per_second': 17.503, 'eval_steps_per_second': 1.1, 'epoch': 10.65}
{'loss': 0.8977, 'learning_rate': 0.0003, 'epoch': 10.71}
{'loss': 0.9218, 'learning_rate': 0.0003, 'epoch': 10.76}
{'loss': 0.9033, 'learning_rate': 0.0003, 'epoch': 10.82}
{'loss': 0.8999, 'learning_rate': 0.0003, 'epoch': 10.87}
{'loss': 0.8894, 'learning_rate': 0.0003, 'epoch': 10.93}
{'eval_loss': 0.23530010879039764, 'eval_wer': 0.09756049186830623, 'eval_runtime': 150.9222, 'eval_samples_per_second': 17.506, 'eval_steps_per_second': 1.1, 'epoch': 10.93}
{'loss': 0.8929, 'learning_rate': 0.0003, 'epoch': 10.99}
{'loss': 0.9235, 'learning_rate': 0.0003, 'epoch': 11.04}
{'loss': 0.8968, 'learning_rate': 0.0003, 'epoch': 11.1}
{'loss': 0.9017, 'learning_rate': 0.0003, 'epoch': 11.15}
{'loss': 0.8954, 'learning_rate': 0.0003, 'epoch': 11.21}
{'eval_loss': 0.2791149914264679, 'eval_wer': 0.09520031733439112, 'eval_runtime': 151.4532, 'eval_samples_per_second': 17.444, 'eval_steps_per_second': 1.096, 'epoch': 11.21}
{'loss': 0.8899, 'learning_rate': 0.0003, 'epoch': 11.27}
{'loss': 0.8882, 'learning_rate': 0.0003, 'epoch': 11.32}
{'loss': 0.8646, 'learning_rate': 0.0003, 'epoch': 11.38}
{'loss': 0.9043, 'learning_rate': 0.0003, 'epoch': 11.43}
{'loss': 0.8882, 'learning_rate': 0.0003, 'epoch': 11.49}
{'eval_loss': 0.27505773305892944, 'eval_wer': 0.09551765172550575, 'eval_runtime': 151.2039, 'eval_samples_per_second': 17.473, 'eval_steps_per_second': 1.098, 'epoch': 11.49}
{'loss': 0.9019, 'learning_rate': 0.0003, 'epoch': 11.55}
{'loss': 0.8835, 'learning_rate': 0.0003, 'epoch': 11.6}
{'loss': 0.8914, 'learning_rate': 0.0003, 'epoch': 11.66}
{'loss': 0.8901, 'learning_rate': 0.0003, 'epoch': 11.72}
{'loss': 0.8847, 'learning_rate': 0.0003, 'epoch': 11.77}
{'eval_loss': 0.27449893951416016, 'eval_wer': 0.09569615232050774, 'eval_runtime': 150.9139, 'eval_samples_per_second': 17.507, 'eval_steps_per_second': 1.1, 'epoch': 11.77}
{'loss': 0.885, 'learning_rate': 0.0003, 'epoch': 11.83}
{'loss': 0.8761, 'learning_rate': 0.0003, 'epoch': 11.88}
{'loss': 0.8916, 'learning_rate': 0.0003, 'epoch': 11.94}
{'loss': 0.8226, 'learning_rate': 0.0003, 'epoch': 12.0}
{'loss': 0.9055, 'learning_rate': 0.0003, 'epoch': 12.05}
{'eval_loss': 0.2441439926624298, 'eval_wer': 0.09680682268940896, 'eval_runtime': 150.674, 'eval_samples_per_second': 17.535, 'eval_steps_per_second': 1.102, 'epoch': 12.05}
{'loss': 0.8907, 'learning_rate': 0.0003, 'epoch': 12.11}
{'loss': 0.874, 'learning_rate': 0.0003, 'epoch': 12.16}
{'loss': 0.8723, 'learning_rate': 0.0003, 'epoch': 12.22}
{'loss': 0.9108, 'learning_rate': 0.0003, 'epoch': 12.28}
{'loss': 0.9064, 'learning_rate': 0.0003, 'epoch': 12.33}
{'eval_loss': 0.24094493687152863, 'eval_wer': 0.0974613248710829, 'eval_runtime': 150.4751, 'eval_samples_per_second': 17.558, 'eval_steps_per_second': 1.103, 'epoch': 12.33}
{'loss': 0.8718, 'learning_rate': 0.0003, 'epoch': 12.39}
{'loss': 0.8807, 'learning_rate': 0.0003, 'epoch': 12.44}
{'loss': 0.9161, 'learning_rate': 0.0003, 'epoch': 12.5}
{'loss': 0.892, 'learning_rate': 0.0003, 'epoch': 12.56}
{'loss': 0.8548, 'learning_rate': 0.0003, 'epoch': 12.61}
{'eval_loss': 0.2405736893415451, 'eval_wer': 0.0974613248710829, 'eval_runtime': 150.8693, 'eval_samples_per_second': 17.512, 'eval_steps_per_second': 1.1, 'epoch': 12.61}
{'loss': 0.8613, 'learning_rate': 0.0003, 'epoch': 12.67}
{'loss': 0.8902, 'learning_rate': 0.0003, 'epoch': 12.72}
{'loss': 0.8873, 'learning_rate': 0.0003, 'epoch': 12.78}
{'loss': 0.889, 'learning_rate': 0.0003, 'epoch': 12.84}
{'loss': 0.9203, 'learning_rate': 0.0003, 'epoch': 12.89}
{'eval_loss': 0.24297700822353363, 'eval_wer': 0.09769932566441888, 'eval_runtime': 150.7018, 'eval_samples_per_second': 17.531, 'eval_steps_per_second': 1.102, 'epoch': 12.89}
{'loss': 0.9028, 'learning_rate': 0.0003, 'epoch': 12.95}
{'loss': 0.8875, 'learning_rate': 0.0003, 'epoch': 13.0}
{'loss': 0.8773, 'learning_rate': 0.0003, 'epoch': 13.06}
{'loss': 0.87, 'learning_rate': 0.0003, 'epoch': 13.12}
{'loss': 0.8824, 'learning_rate': 0.0003, 'epoch': 13.17}
{'eval_loss': 0.23440979421138763, 'eval_wer': 0.09793732645775485, 'eval_runtime': 150.8279, 'eval_samples_per_second': 17.517, 'eval_steps_per_second': 1.101, 'epoch': 13.17}
{'loss': 0.8844, 'learning_rate': 0.0003, 'epoch': 13.23}
{'loss': 0.8916, 'learning_rate': 0.0003, 'epoch': 13.28}
{'loss': 0.8981, 'learning_rate': 0.0003, 'epoch': 13.34}
{'loss': 0.8781, 'learning_rate': 0.0003, 'epoch': 13.4}
{'loss': 0.8917, 'learning_rate': 0.0003, 'epoch': 13.45}
{'eval_loss': 0.23460038006305695, 'eval_wer': 0.09783815946053154, 'eval_runtime': 150.7867, 'eval_samples_per_second': 17.521, 'eval_steps_per_second': 1.101, 'epoch': 13.45}
{'loss': 0.8929, 'learning_rate': 0.0003, 'epoch': 13.51}
{'loss': 0.882, 'learning_rate': 0.0003, 'epoch': 13.57}
{'loss': 0.9004, 'learning_rate': 0.0003, 'epoch': 13.62}
{'loss': 0.886, 'learning_rate': 0.0003, 'epoch': 13.68}
{'loss': 0.8876, 'learning_rate': 0.0003, 'epoch': 13.73}
{'eval_loss': 0.2344346046447754, 'eval_wer': 0.09817532725109084, 'eval_runtime': 151.4218, 'eval_samples_per_second': 17.448, 'eval_steps_per_second': 1.096, 'epoch': 13.73}
{'loss': 0.904, 'learning_rate': 0.0003, 'epoch': 13.79}
{'loss': 0.8691, 'learning_rate': 0.0003, 'epoch': 13.85}
{'loss': 0.8908, 'learning_rate': 0.0003, 'epoch': 13.9}
{'loss': 0.8711, 'learning_rate': 0.0003, 'epoch': 13.96}
{'loss': 0.9284, 'learning_rate': 0.0003, 'epoch': 14.01}
{'eval_loss': 0.2857334315776825, 'eval_wer': 0.09589448631495438, 'eval_runtime': 151.0907, 'eval_samples_per_second': 17.486, 'eval_steps_per_second': 1.099, 'epoch': 14.01}
{'loss': 0.8894, 'learning_rate': 0.00029890799999999996, 'epoch': 14.07}
{'loss': 0.8629, 'learning_rate': 0.000297708, 'epoch': 14.13}
{'loss': 0.8615, 'learning_rate': 0.00029650799999999996, 'epoch': 14.18}
{'loss': 0.9173, 'learning_rate': 0.000295308, 'epoch': 14.24}
{'loss': 0.8868, 'learning_rate': 0.00029410799999999996, 'epoch': 14.29}
{'eval_loss': 0.2685393989086151, 'eval_wer': 0.09595398651328838, 'eval_runtime': 150.7438, 'eval_samples_per_second': 17.526, 'eval_steps_per_second': 1.101, 'epoch': 14.29}
{'loss': 0.8805, 'learning_rate': 0.000292908, 'epoch': 14.35}
{'loss': 0.8912, 'learning_rate': 0.00029170799999999995, 'epoch': 14.41}
{'loss': 0.8996, 'learning_rate': 0.000290508, 'epoch': 14.46}
{'loss': 0.8911, 'learning_rate': 0.00028930799999999995, 'epoch': 14.52}
{'loss': 0.8734, 'learning_rate': 0.000288108, 'epoch': 14.57}
{'eval_loss': 0.267718106508255, 'eval_wer': 0.09591431971439905, 'eval_runtime': 151.3794, 'eval_samples_per_second': 17.453, 'eval_steps_per_second': 1.097, 'epoch': 14.57}
{'loss': 0.8608, 'learning_rate': 0.000286908, 'epoch': 14.63}
{'loss': 0.8892, 'learning_rate': 0.00028570799999999997, 'epoch': 14.69}
{'loss': 0.8657, 'learning_rate': 0.000284508, 'epoch': 14.74}
{'loss': 0.8709, 'learning_rate': 0.00028330799999999996, 'epoch': 14.8}
{'loss': 0.9178, 'learning_rate': 0.000282108, 'epoch': 14.85}
{'eval_loss': 0.27386274933815, 'eval_wer': 0.09583498611662039, 'eval_runtime': 150.8578, 'eval_samples_per_second': 17.513, 'eval_steps_per_second': 1.1, 'epoch': 14.85}
{'loss': 0.8955, 'learning_rate': 0.00028090799999999996, 'epoch': 14.91}
{'loss': 0.8875, 'learning_rate': 0.000279708, 'epoch': 14.97}
{'loss': 0.808, 'learning_rate': 0.00027850799999999996, 'epoch': 15.02}
{'loss': 0.8859, 'learning_rate': 0.000277308, 'epoch': 15.08}
{'loss': 0.9081, 'learning_rate': 0.00027610799999999995, 'epoch': 15.13}
{'eval_loss': 0.24779395759105682, 'eval_wer': 0.0967869892899643, 'eval_runtime': 151.2291, 'eval_samples_per_second': 17.47, 'eval_steps_per_second': 1.098, 'epoch': 15.13}
{'loss': 0.888, 'learning_rate': 0.000274908, 'epoch': 15.19}
{'loss': 0.885, 'learning_rate': 0.00027372, 'epoch': 15.25}
{'loss': 0.868, 'learning_rate': 0.00027251999999999995, 'epoch': 15.3}
{'loss': 0.9091, 'learning_rate': 0.00027131999999999997, 'epoch': 15.36}
{'loss': 0.8734, 'learning_rate': 0.00027012, 'epoch': 15.41}
{'eval_loss': 0.24327316880226135, 'eval_wer': 0.09680682268940896, 'eval_runtime': 151.0894, 'eval_samples_per_second': 17.486, 'eval_steps_per_second': 1.099, 'epoch': 15.41}
{'loss': 0.8645, 'learning_rate': 0.00026891999999999997, 'epoch': 15.47}
{'loss': 0.8804, 'learning_rate': 0.00026772, 'epoch': 15.53}
{'loss': 0.8862, 'learning_rate': 0.00026651999999999996, 'epoch': 15.58}
{'loss': 0.8795, 'learning_rate': 0.00026532, 'epoch': 15.64}
{'loss': 0.8567, 'learning_rate': 0.00026411999999999996, 'epoch': 15.7}
{'eval_loss': 0.24233682453632355, 'eval_wer': 0.0970051566838556, 'eval_runtime': 151.9638, 'eval_samples_per_second': 17.386, 'eval_steps_per_second': 1.092, 'epoch': 15.7}
{'loss': 0.864, 'learning_rate': 0.00026292, 'epoch': 15.75}
{'loss': 0.9003, 'learning_rate': 0.00026171999999999995, 'epoch': 15.81}
{'loss': 0.8558, 'learning_rate': 0.00026052, 'epoch': 15.86}
{'loss': 0.8801, 'learning_rate': 0.00025931999999999995, 'epoch': 15.92}
{'loss': 0.8895, 'learning_rate': 0.00025812, 'epoch': 15.98}
{'eval_loss': 0.24617455899715424, 'eval_wer': 0.09676715589051964, 'eval_runtime': 151.3815, 'eval_samples_per_second': 17.453, 'eval_steps_per_second': 1.097, 'epoch': 15.98}
{'loss': 0.8486, 'learning_rate': 0.00025692, 'epoch': 16.03}
{'loss': 0.887, 'learning_rate': 0.00025571999999999997, 'epoch': 16.09}
{'loss': 0.8877, 'learning_rate': 0.00025452, 'epoch': 16.14}
{'loss': 0.8561, 'learning_rate': 0.00025331999999999997, 'epoch': 16.2}
{'loss': 0.8778, 'learning_rate': 0.00025212, 'epoch': 16.26}
{'eval_loss': 0.23397372663021088, 'eval_wer': 0.0985918286394288, 'eval_runtime': 150.923, 'eval_samples_per_second': 17.506, 'eval_steps_per_second': 1.1, 'epoch': 16.26}
{'loss': 0.8761, 'learning_rate': 0.00025091999999999996, 'epoch': 16.31}
{'loss': 0.8915, 'learning_rate': 0.00024973199999999996, 'epoch': 16.37}
{'loss': 0.9004, 'learning_rate': 0.000248532, 'epoch': 16.42}
{'loss': 0.8666, 'learning_rate': 0.00024733199999999996, 'epoch': 16.48}
{'loss': 0.8644, 'learning_rate': 0.000246132, 'epoch': 16.54}
{'eval_loss': 0.2330355942249298, 'eval_wer': 0.09851249504165013, 'eval_runtime': 151.4932, 'eval_samples_per_second': 17.44, 'eval_steps_per_second': 1.096, 'epoch': 16.54}
{'loss': 0.8866, 'learning_rate': 0.000244932, 'epoch': 16.59}
{'loss': 0.8707, 'learning_rate': 0.000243732, 'epoch': 16.65}
{'loss': 0.8885, 'learning_rate': 0.000242532, 'epoch': 16.7}
{'loss': 0.8909, 'learning_rate': 0.000241332, 'epoch': 16.76}
{'loss': 0.8613, 'learning_rate': 0.000240132, 'epoch': 16.82}
{'eval_loss': 0.23402193188667297, 'eval_wer': 0.09861166203887346, 'eval_runtime': 151.2716, 'eval_samples_per_second': 17.465, 'eval_steps_per_second': 1.097, 'epoch': 16.82}
{'loss': 0.8736, 'learning_rate': 0.000238932, 'epoch': 16.87}
{'loss': 0.8665, 'learning_rate': 0.000237732, 'epoch': 16.93}
{'loss': 0.8729, 'learning_rate': 0.000236532, 'epoch': 16.98}
{'loss': 0.9415, 'learning_rate': 0.000235332, 'epoch': 17.04}
{'loss': 0.8828, 'learning_rate': 0.000234132, 'epoch': 17.1}
{'eval_loss': 0.2588448226451874, 'eval_wer': 0.09601348671162237, 'eval_runtime': 151.6284, 'eval_samples_per_second': 17.424, 'eval_steps_per_second': 1.095, 'epoch': 17.1}
{'loss': 0.863, 'learning_rate': 0.00023293199999999998, 'epoch': 17.15}
{'loss': 0.8834, 'learning_rate': 0.00023173199999999998, 'epoch': 17.21}
{'loss': 0.881, 'learning_rate': 0.00023053199999999998, 'epoch': 17.26}
{'loss': 0.8598, 'learning_rate': 0.00022933199999999998, 'epoch': 17.32}
{'loss': 0.8753, 'learning_rate': 0.00022813199999999998, 'epoch': 17.38}
{'eval_loss': 0.2573065459728241, 'eval_wer': 0.09601348671162237, 'eval_runtime': 151.1267, 'eval_samples_per_second': 17.482, 'eval_steps_per_second': 1.098, 'epoch': 17.38}
{'loss': 0.8832, 'learning_rate': 0.00022693199999999997, 'epoch': 17.43}
{'loss': 0.8998, 'learning_rate': 0.00022573199999999997, 'epoch': 17.49}
{'loss': 0.8765, 'learning_rate': 0.000224544, 'epoch': 17.54}
{'loss': 0.854, 'learning_rate': 0.000223344, 'epoch': 17.6}
{'loss': 0.8608, 'learning_rate': 0.000222144, 'epoch': 17.66}
{'eval_loss': 0.2569400370121002, 'eval_wer': 0.09629115430384767, 'eval_runtime': 150.9241, 'eval_samples_per_second': 17.505, 'eval_steps_per_second': 1.1, 'epoch': 17.66}
{'loss': 0.8787, 'learning_rate': 0.000220944, 'epoch': 17.71}
{'loss': 0.8726, 'learning_rate': 0.000219744, 'epoch': 17.77}
{'loss': 0.8815, 'learning_rate': 0.000218544, 'epoch': 17.83}
{'loss': 0.8879, 'learning_rate': 0.00021734399999999998, 'epoch': 17.88}
{'loss': 0.8499, 'learning_rate': 0.00021614399999999998, 'epoch': 17.94}
{'eval_loss': 0.2538858950138092, 'eval_wer': 0.09633082110273701, 'eval_runtime': 151.3906, 'eval_samples_per_second': 17.452, 'eval_steps_per_second': 1.097, 'epoch': 17.94}
{'loss': 0.8033, 'learning_rate': 0.00021494399999999998, 'epoch': 17.99}
{'loss': 0.8803, 'learning_rate': 0.00021374399999999998, 'epoch': 18.05}
{'loss': 0.8698, 'learning_rate': 0.00021254399999999998, 'epoch': 18.11}
{'loss': 0.8653, 'learning_rate': 0.00021134399999999997, 'epoch': 18.16}
{'loss': 0.85, 'learning_rate': 0.00021014399999999997, 'epoch': 18.22}
{'eval_loss': 0.24729634821414948, 'eval_wer': 0.0970051566838556, 'eval_runtime': 151.3067, 'eval_samples_per_second': 17.461, 'eval_steps_per_second': 1.097, 'epoch': 18.22}
{'loss': 0.8845, 'learning_rate': 0.00020894399999999997, 'epoch': 18.27}
{'loss': 0.8626, 'learning_rate': 0.00020774399999999997, 'epoch': 18.33}
{'loss': 0.8808, 'learning_rate': 0.00020654399999999997, 'epoch': 18.39}
{'loss': 0.8397, 'learning_rate': 0.00020534399999999996, 'epoch': 18.44}
{'loss': 0.901, 'learning_rate': 0.00020414399999999996, 'epoch': 18.5}
{'eval_loss': 0.2501399517059326, 'eval_wer': 0.09696548988496628, 'eval_runtime': 151.4135, 'eval_samples_per_second': 17.449, 'eval_steps_per_second': 1.096, 'epoch': 18.5}
{'loss': 0.8813, 'learning_rate': 0.000202944, 'epoch': 18.55}
{'loss': 0.8434, 'learning_rate': 0.00020174399999999998, 'epoch': 18.61}
{'loss': 0.8828, 'learning_rate': 0.00020054399999999998, 'epoch': 18.67}
{'loss': 0.8473, 'learning_rate': 0.00019934399999999998, 'epoch': 18.72}
{'loss': 0.8581, 'learning_rate': 0.00019815599999999998, 'epoch': 18.78}
{'eval_loss': 0.24604690074920654, 'eval_wer': 0.0970051566838556, 'eval_runtime': 151.6966, 'eval_samples_per_second': 17.416, 'eval_steps_per_second': 1.094, 'epoch': 18.78}
{'loss': 0.8625, 'learning_rate': 0.00019695599999999998, 'epoch': 18.83}
{'loss': 0.8942, 'learning_rate': 0.00019575599999999997, 'epoch': 18.89}
{'loss': 0.8758, 'learning_rate': 0.00019455599999999997, 'epoch': 18.95}
{'loss': 0.8379, 'learning_rate': 0.00019335599999999997, 'epoch': 19.0}
{'loss': 0.8836, 'learning_rate': 0.00019215599999999997, 'epoch': 19.06}
{'eval_loss': 0.2357991337776184, 'eval_wer': 0.09811582705275684, 'eval_runtime': 151.1454, 'eval_samples_per_second': 17.48, 'eval_steps_per_second': 1.098, 'epoch': 19.06}
{'loss': 0.8727, 'learning_rate': 0.00019095599999999997, 'epoch': 19.11}
{'loss': 0.8389, 'learning_rate': 0.00018975599999999996, 'epoch': 19.17}
{'loss': 0.8636, 'learning_rate': 0.00018855599999999996, 'epoch': 19.23}
{'loss': 0.9028, 'learning_rate': 0.00018735599999999999, 'epoch': 19.28}
{'loss': 0.8687, 'learning_rate': 0.00018615599999999998, 'epoch': 19.34}
{'eval_loss': 0.23433130979537964, 'eval_wer': 0.09801666005553351, 'eval_runtime': 151.0403, 'eval_samples_per_second': 17.492, 'eval_steps_per_second': 1.099, 'epoch': 19.34}
{'loss': 0.8655, 'learning_rate': 0.00018495599999999998, 'epoch': 19.39}
{'loss': 0.853, 'learning_rate': 0.00018375599999999998, 'epoch': 19.45}
{'loss': 0.8705, 'learning_rate': 0.00018255599999999998, 'epoch': 19.51}
{'loss': 0.8666, 'learning_rate': 0.00018135599999999998, 'epoch': 19.56}
{'loss': 0.8567, 'learning_rate': 0.000180156, 'epoch': 19.62}
{'eval_loss': 0.234415665268898, 'eval_wer': 0.09781832606108687, 'eval_runtime': 151.2712, 'eval_samples_per_second': 17.465, 'eval_steps_per_second': 1.097, 'epoch': 19.62}
{'loss': 0.8672, 'learning_rate': 0.000178956, 'epoch': 19.67}
{'loss': 0.8784, 'learning_rate': 0.000177756, 'epoch': 19.73}
{'loss': 0.8721, 'learning_rate': 0.000176556, 'epoch': 19.79}
{'loss': 0.8567, 'learning_rate': 0.000175356, 'epoch': 19.84}
{'loss': 0.8838, 'learning_rate': 0.000174156, 'epoch': 19.9}
{'eval_loss': 0.23479238152503967, 'eval_wer': 0.09809599365331217, 'eval_runtime': 152.0337, 'eval_samples_per_second': 17.378, 'eval_steps_per_second': 1.092, 'epoch': 19.9}
{'loss': 0.861, 'learning_rate': 0.000172956, 'epoch': 19.96}
{'loss': 0.9232, 'learning_rate': 0.000171756, 'epoch': 20.01}
{'loss': 0.8795, 'learning_rate': 0.00017056799999999998, 'epoch': 20.07}
{'loss': 0.857, 'learning_rate': 0.00016936799999999998, 'epoch': 20.12}
{'loss': 0.8778, 'learning_rate': 0.00016816799999999998, 'epoch': 20.18}
{'eval_loss': 0.24838902056217194, 'eval_wer': 0.09662832209440698, 'eval_runtime': 151.9323, 'eval_samples_per_second': 17.389, 'eval_steps_per_second': 1.093, 'epoch': 20.18}
{'loss': 0.8747, 'learning_rate': 0.000166968, 'epoch': 20.24}
{'loss': 0.8815, 'learning_rate': 0.000165768, 'epoch': 20.29}
{'loss': 0.8533, 'learning_rate': 0.000164568, 'epoch': 20.35}
{'loss': 0.8686, 'learning_rate': 0.000163368, 'epoch': 20.4}
{'loss': 0.8577, 'learning_rate': 0.000162168, 'epoch': 20.46}
{'eval_loss': 0.24525630474090576, 'eval_wer': 0.09668782229274098, 'eval_runtime': 151.5266, 'eval_samples_per_second': 17.436, 'eval_steps_per_second': 1.096, 'epoch': 20.46}
{'loss': 0.8402, 'learning_rate': 0.000160968, 'epoch': 20.52}
{'loss': 0.8427, 'learning_rate': 0.000159768, 'epoch': 20.57}
{'loss': 0.8741, 'learning_rate': 0.000158568, 'epoch': 20.63}
{'loss': 0.8611, 'learning_rate': 0.000157368, 'epoch': 20.68}
{'loss': 0.8774, 'learning_rate': 0.00015616799999999999, 'epoch': 20.74}
{'eval_loss': 0.2501460313796997, 'eval_wer': 0.09656882189607299, 'eval_runtime': 151.2582, 'eval_samples_per_second': 17.467, 'eval_steps_per_second': 1.097, 'epoch': 20.74}
{'loss': 0.8504, 'learning_rate': 0.00015496799999999998, 'epoch': 20.8}
{'loss': 0.8566, 'learning_rate': 0.00015376799999999998, 'epoch': 20.85}
{'loss': 0.8661, 'learning_rate': 0.00015256799999999998, 'epoch': 20.91}
{'loss': 0.8638, 'learning_rate': 0.00015136799999999998, 'epoch': 20.96}
{'loss': 0.8242, 'learning_rate': 0.00015016799999999998, 'epoch': 21.02}
{'eval_loss': 0.2530307173728943, 'eval_wer': 0.09680682268940896, 'eval_runtime': 151.1528, 'eval_samples_per_second': 17.479, 'eval_steps_per_second': 1.098, 'epoch': 21.02}
{'loss': 0.8338, 'learning_rate': 0.000148968, 'epoch': 21.08}
{'loss': 0.8583, 'learning_rate': 0.000147768, 'epoch': 21.13}
{'loss': 0.844, 'learning_rate': 0.000146568, 'epoch': 21.19}
{'loss': 0.8554, 'learning_rate': 0.000145368, 'epoch': 21.24}
{'loss': 0.8599, 'learning_rate': 0.000144168, 'epoch': 21.3}
{'eval_loss': 0.24927760660648346, 'eval_wer': 0.09674732249107497, 'eval_runtime': 151.7826, 'eval_samples_per_second': 17.406, 'eval_steps_per_second': 1.094, 'epoch': 21.3}
{'loss': 0.9095, 'learning_rate': 0.000142968, 'epoch': 21.36}
{'loss': 0.8855, 'learning_rate': 0.000141768, 'epoch': 21.41}
{'loss': 0.8628, 'learning_rate': 0.00014057999999999999, 'epoch': 21.47}
{'loss': 0.8662, 'learning_rate': 0.00013937999999999998, 'epoch': 21.52}
{'loss': 0.8413, 'learning_rate': 0.00013817999999999998, 'epoch': 21.58}
{'eval_loss': 0.24817906320095062, 'eval_wer': 0.0967869892899643, 'eval_runtime': 151.6732, 'eval_samples_per_second': 17.419, 'eval_steps_per_second': 1.094, 'epoch': 21.58}
{'loss': 0.8494, 'learning_rate': 0.00013697999999999998, 'epoch': 21.64}
{'loss': 0.879, 'learning_rate': 0.00013577999999999998, 'epoch': 21.69}
{'loss': 0.9019, 'learning_rate': 0.00013457999999999998, 'epoch': 21.75}
{'loss': 0.8631, 'learning_rate': 0.00013338, 'epoch': 21.8}
{'loss': 0.834, 'learning_rate': 0.00013218, 'epoch': 21.86}
{'eval_loss': 0.24492208659648895, 'eval_wer': 0.09698532328441095, 'eval_runtime': 151.4079, 'eval_samples_per_second': 17.45, 'eval_steps_per_second': 1.096, 'epoch': 21.86}
{'loss': 0.8525, 'learning_rate': 0.00013098, 'epoch': 21.92}
{'loss': 0.8401, 'learning_rate': 0.00012978, 'epoch': 21.97}
{'loss': 0.8333, 'learning_rate': 0.00012858, 'epoch': 22.03}
{'loss': 0.8538, 'learning_rate': 0.00012738, 'epoch': 22.09}
{'loss': 0.8606, 'learning_rate': 0.00012618, 'epoch': 22.14}
{'eval_loss': 0.2368929237127304, 'eval_wer': 0.0975208250694169, 'eval_runtime': 151.6698, 'eval_samples_per_second': 17.419, 'eval_steps_per_second': 1.094, 'epoch': 22.14}
{'loss': 0.8479, 'learning_rate': 0.00012497999999999999, 'epoch': 22.2}
{'loss': 0.828, 'learning_rate': 0.00012377999999999998, 'epoch': 22.25}
{'loss': 0.8727, 'learning_rate': 0.00012257999999999998, 'epoch': 22.31}
{'loss': 0.8515, 'learning_rate': 0.00012137999999999999, 'epoch': 22.37}
{'loss': 0.8646, 'learning_rate': 0.00012017999999999999, 'epoch': 22.42}
{'eval_loss': 0.23620381951332092, 'eval_wer': 0.09777865926219755, 'eval_runtime': 152.2583, 'eval_samples_per_second': 17.352, 'eval_steps_per_second': 1.09, 'epoch': 22.42}
{'loss': 0.8837, 'learning_rate': 0.00011897999999999999, 'epoch': 22.48}
{'loss': 0.8586, 'learning_rate': 0.00011777999999999999, 'epoch': 22.53}
{'loss': 0.8458, 'learning_rate': 0.00011657999999999998, 'epoch': 22.59}
{'loss': 0.8558, 'learning_rate': 0.00011539199999999998, 'epoch': 22.65}
{'loss': 0.8801, 'learning_rate': 0.00011419199999999998, 'epoch': 22.7}
{'eval_loss': 0.2382352501153946, 'eval_wer': 0.09775882586275288, 'eval_runtime': 151.4329, 'eval_samples_per_second': 17.447, 'eval_steps_per_second': 1.096, 'epoch': 22.7}
{'loss': 0.8808, 'learning_rate': 0.00011299199999999998, 'epoch': 22.76}
{'loss': 0.8554, 'learning_rate': 0.000111792, 'epoch': 22.81}
{'loss': 0.8469, 'learning_rate': 0.000110592, 'epoch': 22.87}
{'loss': 0.8578, 'learning_rate': 0.000109392, 'epoch': 22.93}
{'loss': 0.8381, 'learning_rate': 0.000108192, 'epoch': 22.98}
{'eval_loss': 0.23599718511104584, 'eval_wer': 0.09765965886552955, 'eval_runtime': 151.5652, 'eval_samples_per_second': 17.431, 'eval_steps_per_second': 1.095, 'epoch': 22.98}
{'loss': 0.9514, 'learning_rate': 0.000106992, 'epoch': 23.04}
{'loss': 0.8508, 'learning_rate': 0.00010579199999999999, 'epoch': 23.09}
{'loss': 0.8523, 'learning_rate': 0.00010459199999999999, 'epoch': 23.15}
{'loss': 0.8543, 'learning_rate': 0.00010339199999999999, 'epoch': 23.21}
{'loss': 0.8635, 'learning_rate': 0.00010219199999999999, 'epoch': 23.26}
{'eval_loss': 0.24657994508743286, 'eval_wer': 0.09706465688218961, 'eval_runtime': 151.8308, 'eval_samples_per_second': 17.401, 'eval_steps_per_second': 1.093, 'epoch': 23.26}
{'loss': 0.8533, 'learning_rate': 0.00010099199999999998, 'epoch': 23.32}
{'loss': 0.8562, 'learning_rate': 9.979199999999998e-05, 'epoch': 23.37}
{'loss': 0.8587, 'learning_rate': 9.8592e-05, 'epoch': 23.43}
{'loss': 0.8597, 'learning_rate': 9.739199999999999e-05, 'epoch': 23.49}
{'loss': 0.8735, 'learning_rate': 9.619199999999999e-05, 'epoch': 23.54}
{'eval_loss': 0.24437904357910156, 'eval_wer': 0.09708449028163427, 'eval_runtime': 151.3275, 'eval_samples_per_second': 17.459, 'eval_steps_per_second': 1.097, 'epoch': 23.54}
{'loss': 0.8632, 'learning_rate': 9.499199999999999e-05, 'epoch': 23.6}
{'loss': 0.8777, 'learning_rate': 9.379199999999999e-05, 'epoch': 23.65}
{'loss': 0.8553, 'learning_rate': 9.2592e-05, 'epoch': 23.71}
{'loss': 0.8497, 'learning_rate': 9.1392e-05, 'epoch': 23.77}
{'loss': 0.8484, 'learning_rate': 9.019199999999999e-05, 'epoch': 23.82}
{'eval_loss': 0.24433742463588715, 'eval_wer': 0.09716382387941293, 'eval_runtime': 151.4086, 'eval_samples_per_second': 17.449, 'eval_steps_per_second': 1.096, 'epoch': 23.82}
{'loss': 0.8413, 'learning_rate': 8.899199999999999e-05, 'epoch': 23.88}
{'loss': 0.8593, 'learning_rate': 8.780399999999999e-05, 'epoch': 23.93}
{'loss': 0.8167, 'learning_rate': 8.660399999999999e-05, 'epoch': 23.99}
{'loss': 0.8498, 'learning_rate': 8.540399999999998e-05, 'epoch': 24.05}
{'loss': 0.8855, 'learning_rate': 8.420399999999998e-05, 'epoch': 24.1}
{'eval_loss': 0.2503683865070343, 'eval_wer': 0.09692582308607696, 'eval_runtime': 152.1975, 'eval_samples_per_second': 17.359, 'eval_steps_per_second': 1.091, 'epoch': 24.1}
{'loss': 0.833, 'learning_rate': 8.3004e-05, 'epoch': 24.16}
{'loss': 0.8534, 'learning_rate': 8.180399999999999e-05, 'epoch': 24.22}
{'loss': 0.8664, 'learning_rate': 8.060399999999999e-05, 'epoch': 24.27}
{'loss': 0.8467, 'learning_rate': 7.9404e-05, 'epoch': 24.33}
{'loss': 0.8529, 'learning_rate': 7.8204e-05, 'epoch': 24.38}
{'eval_loss': 0.2491268366575241, 'eval_wer': 0.09694565648552161, 'eval_runtime': 151.5179, 'eval_samples_per_second': 17.437, 'eval_steps_per_second': 1.096, 'epoch': 24.38}
{'loss': 0.8455, 'learning_rate': 7.7004e-05, 'epoch': 24.44}
{'loss': 0.8451, 'learning_rate': 7.5804e-05, 'epoch': 24.5}
{'loss': 0.8626, 'learning_rate': 7.460399999999999e-05, 'epoch': 24.55}
{'loss': 0.8676, 'learning_rate': 7.340399999999999e-05, 'epoch': 24.61}
{'loss': 0.8656, 'learning_rate': 7.2204e-05, 'epoch': 24.66}
{'eval_loss': 0.24940529465675354, 'eval_wer': 0.09698532328441095, 'eval_runtime': 151.907, 'eval_samples_per_second': 17.392, 'eval_steps_per_second': 1.093, 'epoch': 24.66}
{'loss': 0.84, 'learning_rate': 7.1004e-05, 'epoch': 24.72}
{'loss': 0.8314, 'learning_rate': 6.9804e-05, 'epoch': 24.78}
{'loss': 0.8381, 'learning_rate': 6.8604e-05, 'epoch': 24.83}
{'loss': 0.8551, 'learning_rate': 6.7404e-05, 'epoch': 24.89}
{'loss': 0.8709, 'learning_rate': 6.620399999999999e-05, 'epoch': 24.94}
{'eval_loss': 0.24830982089042664, 'eval_wer': 0.09676715589051964, 'eval_runtime': 151.8157, 'eval_samples_per_second': 17.403, 'eval_steps_per_second': 1.093, 'epoch': 24.94}
{'loss': 0.7644, 'learning_rate': 6.5004e-05, 'epoch': 25.0}
{'loss': 0.8503, 'learning_rate': 6.3804e-05, 'epoch': 25.06}
{'loss': 0.8512, 'learning_rate': 6.2604e-05, 'epoch': 25.11}
{'loss': 0.8278, 'learning_rate': 6.1404e-05, 'epoch': 25.17}
{'loss': 0.853, 'learning_rate': 6.0203999999999995e-05, 'epoch': 25.22}
{'eval_loss': 0.23914077877998352, 'eval_wer': 0.09744149147163823, 'eval_runtime': 151.8376, 'eval_samples_per_second': 17.4, 'eval_steps_per_second': 1.093, 'epoch': 25.22}
{'loss': 0.8727, 'learning_rate': 5.900399999999999e-05, 'epoch': 25.28}
{'loss': 0.8807, 'learning_rate': 5.780399999999999e-05, 'epoch': 25.34}
{'loss': 0.8419, 'learning_rate': 5.660399999999999e-05, 'epoch': 25.39}
{'loss': 0.8108, 'learning_rate': 5.5404e-05, 'epoch': 25.45}
{'loss': 0.8326, 'learning_rate': 5.4204e-05, 'epoch': 25.5}
{'eval_loss': 0.23931720852851868, 'eval_wer': 0.09720349067830227, 'eval_runtime': 151.0585, 'eval_samples_per_second': 17.49, 'eval_steps_per_second': 1.099, 'epoch': 25.5}
{'loss': 0.8409, 'learning_rate': 5.3003999999999996e-05, 'epoch': 25.56}
{'loss': 0.8477, 'learning_rate': 5.1803999999999994e-05, 'epoch': 25.62}
{'loss': 0.8586, 'learning_rate': 5.060399999999999e-05, 'epoch': 25.67}
{'loss': 0.8771, 'learning_rate': 4.9403999999999997e-05, 'epoch': 25.73}
{'loss': 0.8659, 'learning_rate': 4.8203999999999995e-05, 'epoch': 25.78}
{'eval_loss': 0.24124281108379364, 'eval_wer': 0.09726299087663626, 'eval_runtime': 151.8945, 'eval_samples_per_second': 17.394, 'eval_steps_per_second': 1.093, 'epoch': 25.78}
{'loss': 0.8484, 'learning_rate': 4.7004e-05, 'epoch': 25.84}
{'loss': 0.8907, 'learning_rate': 4.5804e-05, 'epoch': 25.9}
{'loss': 0.8501, 'learning_rate': 4.4603999999999995e-05, 'epoch': 25.95}
{'loss': 0.9663, 'learning_rate': 4.3404e-05, 'epoch': 26.01}
{'loss': 0.8625, 'learning_rate': 4.2204e-05, 'epoch': 26.07}
{'eval_loss': 0.24452002346515656, 'eval_wer': 0.09724315747719159, 'eval_runtime': 151.2486, 'eval_samples_per_second': 17.468, 'eval_steps_per_second': 1.098, 'epoch': 26.07}
{'loss': 0.8631, 'learning_rate': 4.1003999999999996e-05, 'epoch': 26.12}
{'loss': 0.8683, 'learning_rate': 3.9816e-05, 'epoch': 26.18}
{'loss': 0.8483, 'learning_rate': 3.8616e-05, 'epoch': 26.23}
{'loss': 0.8582, 'learning_rate': 3.7415999999999995e-05, 'epoch': 26.29}
{'loss': 0.8486, 'learning_rate': 3.6215999999999993e-05, 'epoch': 26.35}
{'eval_loss': 0.24329599738121033, 'eval_wer': 0.0971836572788576, 'eval_runtime': 151.2784, 'eval_samples_per_second': 17.464, 'eval_steps_per_second': 1.097, 'epoch': 26.35}
{'loss': 0.869, 'learning_rate': 3.5016e-05, 'epoch': 26.4}
{'loss': 0.8438, 'learning_rate': 3.3815999999999996e-05, 'epoch': 26.46}
{'loss': 0.8653, 'learning_rate': 3.2615999999999994e-05, 'epoch': 26.51}
{'loss': 0.8357, 'learning_rate': 3.1416e-05, 'epoch': 26.57}
{'loss': 0.8543, 'learning_rate': 3.0216e-05, 'epoch': 26.63}
{'eval_loss': 0.24413752555847168, 'eval_wer': 0.0971241570805236, 'eval_runtime': 151.5107, 'eval_samples_per_second': 17.438, 'eval_steps_per_second': 1.096, 'epoch': 26.63}
{'loss': 0.839, 'learning_rate': 2.9015999999999998e-05, 'epoch': 26.68}
{'loss': 0.8479, 'learning_rate': 2.7815999999999996e-05, 'epoch': 26.74}
{'loss': 0.8198, 'learning_rate': 2.6615999999999997e-05, 'epoch': 26.79}
{'loss': 0.8127, 'learning_rate': 2.5416e-05, 'epoch': 26.85}
{'loss': 0.8622, 'learning_rate': 2.4215999999999997e-05, 'epoch': 26.91}
{'eval_loss': 0.24328525364398956, 'eval_wer': 0.09716382387941293, 'eval_runtime': 151.639, 'eval_samples_per_second': 17.423, 'eval_steps_per_second': 1.095, 'epoch': 26.91}
{'loss': 0.8347, 'learning_rate': 2.3015999999999998e-05, 'epoch': 26.96}
{'loss': 0.8342, 'learning_rate': 2.1816e-05, 'epoch': 27.02}
{'loss': 0.8519, 'learning_rate': 2.0616e-05, 'epoch': 27.07}
{'loss': 0.869, 'learning_rate': 1.9416e-05, 'epoch': 27.13}
{'loss': 0.8275, 'learning_rate': 1.8216e-05, 'epoch': 27.19}
{'eval_loss': 0.24471218883991241, 'eval_wer': 0.09730265767552558, 'eval_runtime': 151.8448, 'eval_samples_per_second': 17.399, 'eval_steps_per_second': 1.093, 'epoch': 27.19}
{'loss': 0.845, 'learning_rate': 1.7015999999999998e-05, 'epoch': 27.24}
{'loss': 0.8619, 'learning_rate': 1.5816e-05, 'epoch': 27.3}
{'loss': 0.8426, 'learning_rate': 1.4627999999999998e-05, 'epoch': 27.35}
{'loss': 0.8579, 'learning_rate': 1.3428e-05, 'epoch': 27.41}
{'loss': 0.8588, 'learning_rate': 1.2227999999999999e-05, 'epoch': 27.47}
{'eval_loss': 0.24530147016048431, 'eval_wer': 0.09708449028163427, 'eval_runtime': 151.9168, 'eval_samples_per_second': 17.391, 'eval_steps_per_second': 1.093, 'epoch': 27.47}
{'loss': 0.831, 'learning_rate': 1.1028e-05, 'epoch': 27.52}
{'loss': 0.8409, 'learning_rate': 9.827999999999998e-06, 'epoch': 27.58}
{'loss': 0.8487, 'learning_rate': 8.628e-06, 'epoch': 27.63}
{'loss': 0.8612, 'learning_rate': 7.428e-06, 'epoch': 27.69}
{'loss': 0.8565, 'learning_rate': 6.2279999999999995e-06, 'epoch': 27.75}
{'eval_loss': 0.24440394341945648, 'eval_wer': 0.09728282427608093, 'eval_runtime': 151.709, 'eval_samples_per_second': 17.415, 'eval_steps_per_second': 1.094, 'epoch': 27.75}
{'loss': 0.8359, 'learning_rate': 5.028e-06, 'epoch': 27.8}
{'loss': 0.8238, 'learning_rate': 3.828e-06, 'epoch': 27.86}
{'loss': 0.868, 'learning_rate': 2.628e-06, 'epoch': 27.91}
{'loss': 0.8242, 'learning_rate': 1.428e-06, 'epoch': 27.97}
{'loss': 0.7598, 'learning_rate': 2.28e-07, 'epoch': 28.03}
{'eval_loss': 0.24384871125221252, 'eval_wer': 0.09724315747719159, 'eval_runtime': 152.2411, 'eval_samples_per_second': 17.354, 'eval_steps_per_second': 1.09, 'epoch': 28.03}
{'train_runtime': 89781.2224, 'train_samples_per_second': 8.911, 'train_steps_per_second': 0.557, 'train_loss': 0.9558849403381348, 'epoch': 28.03}
{'test_loss': 0.29942214488983154, 'test_wer': 0.10143912379011717, 'test_runtime': 145.9665, 'test_samples_per_second': 17.319, 'test_steps_per_second': 1.082}
