-----------------------------before filter-----------------------
----->>>> train
Dataset({
    features: ['input_values', 'input_length', 'labels'],
    num_rows: 2602
})
----->>>> valid
Dataset({
    features: ['input_values', 'input_length', 'labels'],
    num_rows: 394
})
----->>>> test
Dataset({
    features: ['input_values', 'input_length', 'labels'],
    num_rows: 647
})
-----------------------------after filter-----------------------
----->>>> train
Dataset({
    features: ['input_values', 'input_length', 'labels'],
    num_rows: 2550
})
----->>>> valid
Dataset({
    features: ['input_values', 'input_length', 'labels'],
    num_rows: 388
})
----->>>> test
Dataset({
    features: ['input_values', 'input_length', 'labels'],
    num_rows: 637
})

 #Train: 2550, #Valid: 388, #Test: 637 
------>>> Trainable params(before freeze): 12854475
------>>> Trainable params(after  freeze): 3615819
{'loss': 13.6673, 'learning_rate': 0.0001, 'epoch': 1.25}
{'loss': 9.8532, 'learning_rate': 0.0002, 'epoch': 2.5}
{'eval_loss': 7.0671586990356445, 'eval_wer': 1.1690620272314676, 'eval_runtime': 23.7805, 'eval_samples_per_second': 16.316, 'eval_steps_per_second': 0.294, 'epoch': 2.5}
{'loss': 5.7084, 'learning_rate': 0.0003, 'epoch': 3.75}
{'loss': 1.476, 'learning_rate': 0.0004, 'epoch': 5.0}
{'eval_loss': 0.5188894271850586, 'eval_wer': 0.21369137670196672, 'eval_runtime': 23.8927, 'eval_samples_per_second': 16.239, 'eval_steps_per_second': 0.293, 'epoch': 5.0}
{'loss': 0.6401, 'learning_rate': 0.0005, 'epoch': 6.25}
{'loss': 0.5797, 'learning_rate': 0.0006, 'epoch': 7.5}
{'eval_loss': 0.414124995470047, 'eval_wer': 0.19162884518406456, 'eval_runtime': 23.8046, 'eval_samples_per_second': 16.299, 'eval_steps_per_second': 0.294, 'epoch': 7.5}
{'loss': 0.5496, 'learning_rate': 0.0007, 'epoch': 8.75}
{'loss': 0.496, 'learning_rate': 0.0008, 'epoch': 10.0}
{'eval_loss': 0.3823636770248413, 'eval_wer': 0.18028240040342916, 'eval_runtime': 24.1831, 'eval_samples_per_second': 16.044, 'eval_steps_per_second': 0.289, 'epoch': 10.0}
{'loss': 0.5364, 'learning_rate': 0.0009000000000000001, 'epoch': 11.25}
{'loss': 0.5119, 'learning_rate': 0.001, 'epoch': 12.5}
{'eval_loss': 0.366170734167099, 'eval_wer': 0.18040847201210286, 'eval_runtime': 23.9277, 'eval_samples_per_second': 16.216, 'eval_steps_per_second': 0.293, 'epoch': 12.5}
{'loss': 0.4873, 'learning_rate': 0.0011, 'epoch': 13.75}
{'loss': 0.4693, 'learning_rate': 0.0012, 'epoch': 15.0}
{'eval_loss': 0.35756638646125793, 'eval_wer': 0.18217347453353505, 'eval_runtime': 24.1423, 'eval_samples_per_second': 16.071, 'eval_steps_per_second': 0.29, 'epoch': 15.0}
{'loss': 0.5074, 'learning_rate': 0.0013000000000000002, 'epoch': 16.25}
{'loss': 0.4814, 'learning_rate': 0.0014, 'epoch': 17.5}
{'eval_loss': 0.34757450222969055, 'eval_wer': 0.1767523953605648, 'eval_runtime': 24.1431, 'eval_samples_per_second': 16.071, 'eval_steps_per_second': 0.29, 'epoch': 17.5}
{'loss': 0.4613, 'learning_rate': 0.0015, 'epoch': 18.75}
{'loss': 0.4495, 'learning_rate': 0.0016, 'epoch': 20.0}
{'eval_loss': 0.3432963192462921, 'eval_wer': 0.17410489157841655, 'eval_runtime': 24.1243, 'eval_samples_per_second': 16.083, 'eval_steps_per_second': 0.29, 'epoch': 20.0}
{'loss': 0.4912, 'learning_rate': 0.0017, 'epoch': 21.25}
{'loss': 0.4439, 'learning_rate': 0.0018000000000000002, 'epoch': 22.5}
{'eval_loss': 0.336154580116272, 'eval_wer': 0.17246596066565809, 'eval_runtime': 24.0129, 'eval_samples_per_second': 16.158, 'eval_steps_per_second': 0.292, 'epoch': 22.5}
{'loss': 0.4578, 'learning_rate': 0.0019, 'epoch': 23.75}
{'loss': 0.4373, 'learning_rate': 0.002, 'epoch': 25.0}
{'eval_loss': 0.33423709869384766, 'eval_wer': 0.17410489157841655, 'eval_runtime': 24.3052, 'eval_samples_per_second': 15.964, 'eval_steps_per_second': 0.288, 'epoch': 25.0}
{'loss': 0.4733, 'learning_rate': 0.0019, 'epoch': 26.25}
{'loss': 0.4372, 'learning_rate': 0.0018000000000000002, 'epoch': 27.5}
{'eval_loss': 0.3300939202308655, 'eval_wer': 0.17738275340393345, 'eval_runtime': 23.954, 'eval_samples_per_second': 16.198, 'eval_steps_per_second': 0.292, 'epoch': 27.5}
{'loss': 0.4431, 'learning_rate': 0.0017, 'epoch': 28.75}
{'loss': 0.4271, 'learning_rate': 0.0016, 'epoch': 30.0}
{'eval_loss': 0.32607150077819824, 'eval_wer': 0.17561775088250126, 'eval_runtime': 23.8869, 'eval_samples_per_second': 16.243, 'eval_steps_per_second': 0.293, 'epoch': 30.0}
{'loss': 0.4641, 'learning_rate': 0.0015, 'epoch': 31.25}
{'loss': 0.4453, 'learning_rate': 0.0014, 'epoch': 32.5}
{'eval_loss': 0.3249019384384155, 'eval_wer': 0.172970247100353, 'eval_runtime': 23.8348, 'eval_samples_per_second': 16.279, 'eval_steps_per_second': 0.294, 'epoch': 32.5}
{'loss': 0.4367, 'learning_rate': 0.0013000000000000002, 'epoch': 33.75}
{'loss': 0.4165, 'learning_rate': 0.0012, 'epoch': 35.0}
{'eval_loss': 0.32403627038002014, 'eval_wer': 0.17549167927382753, 'eval_runtime': 23.9283, 'eval_samples_per_second': 16.215, 'eval_steps_per_second': 0.293, 'epoch': 35.0}
{'loss': 0.4612, 'learning_rate': 0.0011, 'epoch': 36.25}
{'loss': 0.4224, 'learning_rate': 0.001, 'epoch': 37.5}
{'eval_loss': 0.32226958870887756, 'eval_wer': 0.1725920322743318, 'eval_runtime': 23.7163, 'eval_samples_per_second': 16.36, 'eval_steps_per_second': 0.295, 'epoch': 37.5}
{'loss': 0.4361, 'learning_rate': 0.0009000000000000001, 'epoch': 38.75}
{'loss': 0.4142, 'learning_rate': 0.0008, 'epoch': 40.0}
{'eval_loss': 0.3215038776397705, 'eval_wer': 0.17498739283913262, 'eval_runtime': 23.982, 'eval_samples_per_second': 16.179, 'eval_steps_per_second': 0.292, 'epoch': 40.0}
{'loss': 0.4556, 'learning_rate': 0.0007, 'epoch': 41.25}
{'loss': 0.4268, 'learning_rate': 0.0006, 'epoch': 42.5}
{'eval_loss': 0.32061767578125, 'eval_wer': 0.17650025214321735, 'eval_runtime': 23.8161, 'eval_samples_per_second': 16.291, 'eval_steps_per_second': 0.294, 'epoch': 42.5}
{'loss': 0.4266, 'learning_rate': 0.0005, 'epoch': 43.75}
{'loss': 0.4064, 'learning_rate': 0.0004, 'epoch': 45.0}
{'eval_loss': 0.32025033235549927, 'eval_wer': 0.17498739283913262, 'eval_runtime': 23.6149, 'eval_samples_per_second': 16.43, 'eval_steps_per_second': 0.296, 'epoch': 45.0}
{'loss': 0.4492, 'learning_rate': 0.0003, 'epoch': 46.25}
{'loss': 0.4205, 'learning_rate': 0.0002, 'epoch': 47.5}
{'eval_loss': 0.3199630677700043, 'eval_wer': 0.17523953605648007, 'eval_runtime': 23.7847, 'eval_samples_per_second': 16.313, 'eval_steps_per_second': 0.294, 'epoch': 47.5}
{'loss': 0.4403, 'learning_rate': 0.0001, 'epoch': 48.75}
{'loss': 0.4012, 'learning_rate': 0.0, 'epoch': 50.0}
{'eval_loss': 0.3196181356906891, 'eval_wer': 0.1753656076651538, 'eval_runtime': 23.7865, 'eval_samples_per_second': 16.312, 'eval_steps_per_second': 0.294, 'epoch': 50.0}
{'train_runtime': 8966.9625, 'train_samples_per_second': 14.219, 'train_steps_per_second': 0.223, 'train_loss': 1.1852218503952026, 'epoch': 50.0}
{'test_loss': 0.3729029595851898, 'test_wer': 0.16527797730211177, 'test_runtime': 39.6086, 'test_samples_per_second': 16.082, 'test_steps_per_second': 0.252}
<bound method Trainer.predict of <transformers.trainer.Trainer object at 0x7f52dc9924f0>>
{'test_loss': 0.3729029595851898, 'test_wer': 0.16527797730211177, 'test_runtime': 39.4881, 'test_samples_per_second': 16.131, 'test_steps_per_second': 0.253}
