====================
len of train: 209344
len of valid: 11200
len of test : 11200

 #Train: 209344, #Valid: 11200, #Test: 11200 
------>>> Trainable params(before freeze): 336577807
------>>> Trainable params(after  freeze): 25349263
{'loss': 7.3529, 'learning_rate': 4.000000000000001e-06, 'epoch': 0.01}
{'loss': 5.1544, 'learning_rate': 8.000000000000001e-06, 'epoch': 0.02}
{'eval_loss': 3.769695281982422, 'eval_slot_type_f1': 0.0, 'eval_slot_value_cer': 1.0, 'eval_runtime': 490.0794, 'eval_samples_per_second': 22.853, 'eval_steps_per_second': 1.428, 'epoch': 0.02}
{'loss': 3.4702, 'learning_rate': 1.2e-05, 'epoch': 0.02}
{'loss': 3.0455, 'learning_rate': 1.6000000000000003e-05, 'epoch': 0.03}
{'eval_loss': 2.910038471221924, 'eval_slot_type_f1': 0.0, 'eval_slot_value_cer': 1.0, 'eval_runtime': 475.6358, 'eval_samples_per_second': 23.547, 'eval_steps_per_second': 1.472, 'epoch': 0.03}
{'loss': 2.8786, 'learning_rate': 2e-05, 'epoch': 0.04}
{'loss': 2.8039, 'learning_rate': 2.4e-05, 'epoch': 0.05}
{'eval_loss': 2.7459676265716553, 'eval_slot_type_f1': 0.0, 'eval_slot_value_cer': 1.0, 'eval_runtime': 476.9155, 'eval_samples_per_second': 23.484, 'eval_steps_per_second': 1.468, 'epoch': 0.05}
{'loss': 2.712, 'learning_rate': 2.8000000000000003e-05, 'epoch': 0.05}
{'loss': 2.5806, 'learning_rate': 3.2000000000000005e-05, 'epoch': 0.06}
{'eval_loss': 2.4179158210754395, 'eval_slot_type_f1': 0.0, 'eval_slot_value_cer': 1.0, 'eval_runtime': 478.4911, 'eval_samples_per_second': 23.407, 'eval_steps_per_second': 1.463, 'epoch': 0.06}
{'loss': 2.3622, 'learning_rate': 3.6e-05, 'epoch': 0.07}
{'loss': 2.0414, 'learning_rate': 4e-05, 'epoch': 0.08}
{'eval_loss': 1.7611981630325317, 'eval_slot_type_f1': 0.0, 'eval_slot_value_cer': 1.0, 'eval_runtime': 476.8738, 'eval_samples_per_second': 23.486, 'eval_steps_per_second': 1.468, 'epoch': 0.08}
{'loss': 1.7869, 'learning_rate': 4.4000000000000006e-05, 'epoch': 0.08}
{'loss': 1.6327, 'learning_rate': 4.8e-05, 'epoch': 0.09}
{'eval_loss': 1.4066659212112427, 'eval_slot_type_f1': 0.0, 'eval_slot_value_cer': 1.0, 'eval_runtime': 474.7228, 'eval_samples_per_second': 23.593, 'eval_steps_per_second': 1.475, 'epoch': 0.09}
{'loss': 1.5321, 'learning_rate': 5.2000000000000004e-05, 'epoch': 0.1}
{'loss': 1.4472, 'learning_rate': 5.6000000000000006e-05, 'epoch': 0.11}
{'eval_loss': 1.247748613357544, 'eval_slot_type_f1': 0.0, 'eval_slot_value_cer': 1.0, 'eval_runtime': 476.5731, 'eval_samples_per_second': 23.501, 'eval_steps_per_second': 1.469, 'epoch': 0.11}
{'loss': 1.3948, 'learning_rate': 6e-05, 'epoch': 0.11}
{'loss': 1.3513, 'learning_rate': 6.400000000000001e-05, 'epoch': 0.12}
{'eval_loss': 1.1389191150665283, 'eval_slot_type_f1': 0.0, 'eval_slot_value_cer': 1.0, 'eval_runtime': 476.1516, 'eval_samples_per_second': 23.522, 'eval_steps_per_second': 1.47, 'epoch': 0.12}
{'loss': 1.2994, 'learning_rate': 6.800000000000001e-05, 'epoch': 0.13}
{'loss': 1.2242, 'learning_rate': 7.2e-05, 'epoch': 0.14}
{'eval_loss': 1.0483101606369019, 'eval_slot_type_f1': 0.0, 'eval_slot_value_cer': 1.0, 'eval_runtime': 477.2311, 'eval_samples_per_second': 23.469, 'eval_steps_per_second': 1.467, 'epoch': 0.14}
{'loss': 1.1986, 'learning_rate': 7.6e-05, 'epoch': 0.15}
{'loss': 1.1624, 'learning_rate': 8e-05, 'epoch': 0.15}
{'eval_loss': 0.9781609177589417, 'eval_slot_type_f1': 8.035714285714285e-05, 'eval_slot_value_cer': 0.9999808007372517, 'eval_runtime': 475.3043, 'eval_samples_per_second': 23.564, 'eval_steps_per_second': 1.473, 'epoch': 0.15}
{'loss': 1.1399, 'learning_rate': 8.4e-05, 'epoch': 0.16}
{'loss': 1.1329, 'learning_rate': 8.800000000000001e-05, 'epoch': 0.17}
{'eval_loss': 0.8955323100090027, 'eval_slot_type_f1': 0.028228883219954638, 'eval_slot_value_cer': 0.9906947573213188, 'eval_runtime': 473.7051, 'eval_samples_per_second': 23.643, 'eval_steps_per_second': 1.478, 'epoch': 0.17}
{'loss': 1.0768, 'learning_rate': 9.200000000000001e-05, 'epoch': 0.18}
{'loss': 1.0613, 'learning_rate': 9.6e-05, 'epoch': 0.18}
{'eval_loss': 0.8353493213653564, 'eval_slot_type_f1': 0.06107886904761848, 'eval_slot_value_cer': 0.9802151597378661, 'eval_runtime': 476.7488, 'eval_samples_per_second': 23.492, 'eval_steps_per_second': 1.468, 'epoch': 0.18}
{'loss': 1.0219, 'learning_rate': 0.0001, 'epoch': 0.19}
{'loss': 0.9813, 'learning_rate': 0.00010400000000000001, 'epoch': 0.2}
{'eval_loss': 0.7860670685768127, 'eval_slot_type_f1': 0.21579797335601106, 'eval_slot_value_cer': 0.9253436668031948, 'eval_runtime': 477.5734, 'eval_samples_per_second': 23.452, 'eval_steps_per_second': 1.466, 'epoch': 0.2}
{'loss': 0.993, 'learning_rate': 0.00010800000000000001, 'epoch': 0.21}
{'loss': 0.9541, 'learning_rate': 0.00011200000000000001, 'epoch': 0.21}
{'eval_loss': 0.7473847270011902, 'eval_slot_type_f1': 0.23450559807256233, 'eval_slot_value_cer': 0.8961735869342617, 'eval_runtime': 475.7586, 'eval_samples_per_second': 23.541, 'eval_steps_per_second': 1.471, 'epoch': 0.21}
{'loss': 0.947, 'learning_rate': 0.000116, 'epoch': 0.22}
{'loss': 0.9113, 'learning_rate': 0.00012, 'epoch': 0.23}
{'eval_loss': 0.7474076747894287, 'eval_slot_type_f1': 0.34387025226756784, 'eval_slot_value_cer': 0.8525080636903543, 'eval_runtime': 476.6244, 'eval_samples_per_second': 23.499, 'eval_steps_per_second': 1.469, 'epoch': 0.23}
{'loss': 0.8871, 'learning_rate': 0.000124, 'epoch': 0.24}
{'loss': 0.8634, 'learning_rate': 0.00012800000000000002, 'epoch': 0.24}
{'eval_loss': 0.6796828508377075, 'eval_slot_type_f1': 0.4163805272108871, 'eval_slot_value_cer': 0.7998924841286095, 'eval_runtime': 478.4019, 'eval_samples_per_second': 23.411, 'eval_steps_per_second': 1.463, 'epoch': 0.24}
{'loss': 0.8381, 'learning_rate': 0.000132, 'epoch': 0.25}
{'loss': 0.8232, 'learning_rate': 0.00013600000000000003, 'epoch': 0.26}
{'eval_loss': 0.6541852951049805, 'eval_slot_type_f1': 0.5286650368480914, 'eval_slot_value_cer': 0.6994739402006963, 'eval_runtime': 480.5774, 'eval_samples_per_second': 23.305, 'eval_steps_per_second': 1.457, 'epoch': 0.26}
{'loss': 0.8191, 'learning_rate': 0.00014, 'epoch': 0.27}
{'loss': 0.8104, 'learning_rate': 0.000144, 'epoch': 0.28}
{'eval_loss': 0.6046510338783264, 'eval_slot_type_f1': 0.5395798611111321, 'eval_slot_value_cer': 0.7019346457096047, 'eval_runtime': 477.4343, 'eval_samples_per_second': 23.459, 'eval_steps_per_second': 1.466, 'epoch': 0.28}
{'loss': 0.8211, 'learning_rate': 0.000148, 'epoch': 0.28}
{'loss': 0.7621, 'learning_rate': 0.000152, 'epoch': 0.29}
{'eval_loss': 0.5926462411880493, 'eval_slot_type_f1': 0.548779484900042, 'eval_slot_value_cer': 0.688056778619701, 'eval_runtime': 479.0703, 'eval_samples_per_second': 23.379, 'eval_steps_per_second': 1.461, 'epoch': 0.29}
{'loss': 0.7695, 'learning_rate': 0.00015600000000000002, 'epoch': 0.3}
{'loss': 0.7904, 'learning_rate': 0.00016, 'epoch': 0.31}
{'eval_loss': 0.5894702672958374, 'eval_slot_type_f1': 0.5794571286848329, 'eval_slot_value_cer': 0.6626433544951874, 'eval_runtime': 479.9516, 'eval_samples_per_second': 23.336, 'eval_steps_per_second': 1.458, 'epoch': 0.31}
{'loss': 0.7348, 'learning_rate': 0.000164, 'epoch': 0.31}
{'loss': 0.7575, 'learning_rate': 0.000168, 'epoch': 0.32}
{'eval_loss': 0.5726071000099182, 'eval_slot_type_f1': 0.6162837945784623, 'eval_slot_value_cer': 0.6064567120622568, 'eval_runtime': 479.6513, 'eval_samples_per_second': 23.35, 'eval_steps_per_second': 1.459, 'epoch': 0.32}
{'loss': 0.7252, 'learning_rate': 0.000172, 'epoch': 0.33}
{'loss': 0.733, 'learning_rate': 0.00017600000000000002, 'epoch': 0.34}
{'eval_loss': 0.5134521722793579, 'eval_slot_type_f1': 0.6446219271799908, 'eval_slot_value_cer': 0.5884510034814663, 'eval_runtime': 477.3101, 'eval_samples_per_second': 23.465, 'eval_steps_per_second': 1.467, 'epoch': 0.34}
{'loss': 0.723, 'learning_rate': 0.00018, 'epoch': 0.34}
{'loss': 0.718, 'learning_rate': 0.00018400000000000003, 'epoch': 0.35}
{'eval_loss': 0.5053218007087708, 'eval_slot_type_f1': 0.6242677411874095, 'eval_slot_value_cer': 0.6094741961908663, 'eval_runtime': 474.8763, 'eval_samples_per_second': 23.585, 'eval_steps_per_second': 1.474, 'epoch': 0.35}
{'loss': 0.7154, 'learning_rate': 0.000188, 'epoch': 0.36}
{'loss': 0.723, 'learning_rate': 0.000192, 'epoch': 0.37}
{'eval_loss': 0.5116921663284302, 'eval_slot_type_f1': 0.6529842236137171, 'eval_slot_value_cer': 0.5758146887159533, 'eval_runtime': 475.5178, 'eval_samples_per_second': 23.553, 'eval_steps_per_second': 1.472, 'epoch': 0.37}
{'loss': 0.6943, 'learning_rate': 0.000196, 'epoch': 0.37}
{'loss': 0.696, 'learning_rate': 0.0002, 'epoch': 0.38}
{'eval_loss': 0.4910070300102234, 'eval_slot_type_f1': 0.6318467261905019, 'eval_slot_value_cer': 0.5808768943272579, 'eval_runtime': 475.8026, 'eval_samples_per_second': 23.539, 'eval_steps_per_second': 1.471, 'epoch': 0.38}
{'loss': 0.6788, 'learning_rate': 0.0002, 'epoch': 0.39}
{'loss': 0.6619, 'learning_rate': 0.0002, 'epoch': 0.4}
{'eval_loss': 0.5166658759117126, 'eval_slot_type_f1': 0.6829180130385843, 'eval_slot_value_cer': 0.5488813229571985, 'eval_runtime': 473.223, 'eval_samples_per_second': 23.667, 'eval_steps_per_second': 1.479, 'epoch': 0.4}
{'loss': 0.6876, 'learning_rate': 0.0002, 'epoch': 0.41}
{'loss': 0.6517, 'learning_rate': 0.0002, 'epoch': 0.41}
{'eval_loss': 0.46676257252693176, 'eval_slot_type_f1': 0.718398203978596, 'eval_slot_value_cer': 0.5069917315175098, 'eval_runtime': 475.3132, 'eval_samples_per_second': 23.563, 'eval_steps_per_second': 1.473, 'epoch': 0.41}
{'loss': 0.6555, 'learning_rate': 0.0002, 'epoch': 0.42}
{'loss': 0.6726, 'learning_rate': 0.0002, 'epoch': 0.43}
{'eval_loss': 0.43479230999946594, 'eval_slot_type_f1': 0.7192398925479628, 'eval_slot_value_cer': 0.48956200081916856, 'eval_runtime': 474.5973, 'eval_samples_per_second': 23.599, 'eval_steps_per_second': 1.475, 'epoch': 0.43}
{'loss': 0.6207, 'learning_rate': 0.0002, 'epoch': 0.44}
{'loss': 0.632, 'learning_rate': 0.0002, 'epoch': 0.44}
{'eval_loss': 0.4384753406047821, 'eval_slot_type_f1': 0.7336721552257582, 'eval_slot_value_cer': 0.47195627687896785, 'eval_runtime': 474.502, 'eval_samples_per_second': 23.604, 'eval_steps_per_second': 1.475, 'epoch': 0.44}
{'loss': 0.6521, 'learning_rate': 0.0002, 'epoch': 0.45}
{'loss': 0.6619, 'learning_rate': 0.0002, 'epoch': 0.46}
{'eval_loss': 0.4431293308734894, 'eval_slot_type_f1': 0.7209973330241517, 'eval_slot_value_cer': 0.47385380401392585, 'eval_runtime': 475.3461, 'eval_samples_per_second': 23.562, 'eval_steps_per_second': 1.473, 'epoch': 0.46}
{'loss': 0.6003, 'learning_rate': 0.0002, 'epoch': 0.47}
{'loss': 0.6228, 'learning_rate': 0.0002, 'epoch': 0.47}
{'eval_loss': 0.4478320777416229, 'eval_slot_type_f1': 0.7288108637394685, 'eval_slot_value_cer': 0.4557872977677657, 'eval_runtime': 475.4635, 'eval_samples_per_second': 23.556, 'eval_steps_per_second': 1.472, 'epoch': 0.47}
{'loss': 0.5961, 'learning_rate': 0.0002, 'epoch': 0.48}
{'loss': 0.6022, 'learning_rate': 0.0002, 'epoch': 0.49}
{'eval_loss': 0.4105101227760315, 'eval_slot_type_f1': 0.7340055787466836, 'eval_slot_value_cer': 0.461124692811796, 'eval_runtime': 474.1885, 'eval_samples_per_second': 23.619, 'eval_steps_per_second': 1.476, 'epoch': 0.49}
{'loss': 0.5722, 'learning_rate': 0.0002, 'epoch': 0.5}
{'loss': 0.5805, 'learning_rate': 0.0002, 'epoch': 0.5}
{'eval_loss': 0.4153265357017517, 'eval_slot_type_f1': 0.7932826930014609, 'eval_slot_value_cer': 0.39556881015768997, 'eval_runtime': 475.7116, 'eval_samples_per_second': 23.544, 'eval_steps_per_second': 1.471, 'epoch': 0.5}
{'loss': 0.579, 'learning_rate': 0.0002, 'epoch': 0.51}
{'loss': 0.5924, 'learning_rate': 0.0002, 'epoch': 0.52}
{'eval_loss': 0.3836703598499298, 'eval_slot_type_f1': 0.769030605802952, 'eval_slot_value_cer': 0.43142343334015976, 'eval_runtime': 472.9505, 'eval_samples_per_second': 23.681, 'eval_steps_per_second': 1.48, 'epoch': 0.52}
{'loss': 0.5735, 'learning_rate': 0.0002, 'epoch': 0.53}
{'loss': 0.5651, 'learning_rate': 0.0002, 'epoch': 0.54}
{'eval_loss': 0.4228666126728058, 'eval_slot_type_f1': 0.7735841901154615, 'eval_slot_value_cer': 0.41955508908457917, 'eval_runtime': 476.7593, 'eval_samples_per_second': 23.492, 'eval_steps_per_second': 1.468, 'epoch': 0.54}
{'loss': 0.5704, 'learning_rate': 0.0002, 'epoch': 0.54}
{'loss': 0.5693, 'learning_rate': 0.0002, 'epoch': 0.55}
{'eval_loss': 0.3854909837245941, 'eval_slot_type_f1': 0.7581365182436897, 'eval_slot_value_cer': 0.43345855519148063, 'eval_runtime': 477.1645, 'eval_samples_per_second': 23.472, 'eval_steps_per_second': 1.467, 'epoch': 0.55}
{'loss': 0.5428, 'learning_rate': 0.0002, 'epoch': 0.56}
{'loss': 0.553, 'learning_rate': 0.0002, 'epoch': 0.57}
{'eval_loss': 0.38632917404174805, 'eval_slot_type_f1': 0.7962902206920228, 'eval_slot_value_cer': 0.38628916649600653, 'eval_runtime': 473.1627, 'eval_samples_per_second': 23.671, 'eval_steps_per_second': 1.479, 'epoch': 0.57}
{'loss': 0.559, 'learning_rate': 0.0002, 'epoch': 0.57}
{'loss': 0.5438, 'learning_rate': 0.0002, 'epoch': 0.58}
{'eval_loss': 0.3875865042209625, 'eval_slot_type_f1': 0.7797302489177704, 'eval_slot_value_cer': 0.41718718001228755, 'eval_runtime': 473.9131, 'eval_samples_per_second': 23.633, 'eval_steps_per_second': 1.477, 'epoch': 0.58}
{'loss': 0.5515, 'learning_rate': 0.0002, 'epoch': 0.59}
{'loss': 0.5416, 'learning_rate': 0.0002, 'epoch': 0.6}
{'eval_loss': 0.3733450770378113, 'eval_slot_type_f1': 0.8127706078643714, 'eval_slot_value_cer': 0.3722353061642433, 'eval_runtime': 474.7647, 'eval_samples_per_second': 23.591, 'eval_steps_per_second': 1.474, 'epoch': 0.6}
{'loss': 0.5158, 'learning_rate': 0.0002, 'epoch': 0.6}
{'loss': 0.5343, 'learning_rate': 0.0002, 'epoch': 0.61}
{'eval_loss': 0.3851597011089325, 'eval_slot_type_f1': 0.7853521760977321, 'eval_slot_value_cer': 0.3893802477984845, 'eval_runtime': 474.4879, 'eval_samples_per_second': 23.604, 'eval_steps_per_second': 1.475, 'epoch': 0.61}
{'loss': 0.5366, 'learning_rate': 0.0002, 'epoch': 0.62}
{'loss': 0.5411, 'learning_rate': 0.0002, 'epoch': 0.63}
{'eval_loss': 0.3456089198589325, 'eval_slot_type_f1': 0.798078128221003, 'eval_slot_value_cer': 0.4010853983207045, 'eval_runtime': 473.3759, 'eval_samples_per_second': 23.66, 'eval_steps_per_second': 1.479, 'epoch': 0.63}
{'loss': 0.534, 'learning_rate': 0.0002, 'epoch': 0.63}
{'loss': 0.5019, 'learning_rate': 0.0002, 'epoch': 0.64}
{'eval_loss': 0.3557727634906769, 'eval_slot_type_f1': 0.8001299732014161, 'eval_slot_value_cer': 0.3738800430063486, 'eval_runtime': 474.2781, 'eval_samples_per_second': 23.615, 'eval_steps_per_second': 1.476, 'epoch': 0.64}
{'loss': 0.5118, 'learning_rate': 0.0002, 'epoch': 0.65}
{'loss': 0.508, 'learning_rate': 0.0002, 'epoch': 0.66}
{'eval_loss': 0.3728368580341339, 'eval_slot_type_f1': 0.8059638218924083, 'eval_slot_value_cer': 0.3632244521810363, 'eval_runtime': 475.278, 'eval_samples_per_second': 23.565, 'eval_steps_per_second': 1.473, 'epoch': 0.66}
{'loss': 0.5073, 'learning_rate': 0.0002, 'epoch': 0.66}
{'loss': 0.536, 'learning_rate': 0.0002, 'epoch': 0.67}
{'eval_loss': 0.33745092153549194, 'eval_slot_type_f1': 0.8093831813028378, 'eval_slot_value_cer': 0.3687378404669261, 'eval_runtime': 477.2131, 'eval_samples_per_second': 23.47, 'eval_steps_per_second': 1.467, 'epoch': 0.67}
{'loss': 0.5142, 'learning_rate': 0.0002, 'epoch': 0.68}
{'loss': 0.4973, 'learning_rate': 0.0002, 'epoch': 0.69}
{'eval_loss': 0.3564160168170929, 'eval_slot_type_f1': 0.813518527107827, 'eval_slot_value_cer': 0.36402122158509115, 'eval_runtime': 475.7771, 'eval_samples_per_second': 23.54, 'eval_steps_per_second': 1.471, 'epoch': 0.69}
{'loss': 0.4923, 'learning_rate': 0.0002, 'epoch': 0.7}
{'loss': 0.5055, 'learning_rate': 0.0002, 'epoch': 0.7}
{'eval_loss': 0.34544920921325684, 'eval_slot_type_f1': 0.8352891285302048, 'eval_slot_value_cer': 0.3362654874052836, 'eval_runtime': 475.1029, 'eval_samples_per_second': 23.574, 'eval_steps_per_second': 1.473, 'epoch': 0.7}
{'loss': 0.4855, 'learning_rate': 0.0002, 'epoch': 0.71}
{'loss': 0.4784, 'learning_rate': 0.0002, 'epoch': 0.72}
{'eval_loss': 0.3615209460258484, 'eval_slot_type_f1': 0.8299455911152437, 'eval_slot_value_cer': 0.3459707147245546, 'eval_runtime': 477.1574, 'eval_samples_per_second': 23.472, 'eval_steps_per_second': 1.467, 'epoch': 0.72}
{'loss': 0.4781, 'learning_rate': 0.0002, 'epoch': 0.73}
{'loss': 0.5016, 'learning_rate': 0.0002, 'epoch': 0.73}
{'eval_loss': 0.3473263084888458, 'eval_slot_type_f1': 0.8152909709338401, 'eval_slot_value_cer': 0.3613909225885726, 'eval_runtime': 478.3411, 'eval_samples_per_second': 23.414, 'eval_steps_per_second': 1.463, 'epoch': 0.73}
{'loss': 0.4833, 'learning_rate': 0.0002, 'epoch': 0.74}
{'loss': 0.4601, 'learning_rate': 0.0002, 'epoch': 0.75}
{'eval_loss': 0.35015809535980225, 'eval_slot_type_f1': 0.841978390656967, 'eval_slot_value_cer': 0.3358463035019455, 'eval_runtime': 476.1011, 'eval_samples_per_second': 23.524, 'eval_steps_per_second': 1.47, 'epoch': 0.75}
{'loss': 0.4724, 'learning_rate': 0.0002, 'epoch': 0.76}
{'loss': 0.4909, 'learning_rate': 0.0002, 'epoch': 0.76}
{'eval_loss': 0.34070315957069397, 'eval_slot_type_f1': 0.8323366187384118, 'eval_slot_value_cer': 0.3284897859922179, 'eval_runtime': 477.2509, 'eval_samples_per_second': 23.468, 'eval_steps_per_second': 1.467, 'epoch': 0.76}
{'loss': 0.4954, 'learning_rate': 0.0002, 'epoch': 0.77}
{'loss': 0.4954, 'learning_rate': 0.0002, 'epoch': 0.78}
{'eval_loss': 0.3170664310455322, 'eval_slot_type_f1': 0.8375090509688786, 'eval_slot_value_cer': 0.32837779029285274, 'eval_runtime': 476.4168, 'eval_samples_per_second': 23.509, 'eval_steps_per_second': 1.469, 'epoch': 0.78}
{'loss': 0.5032, 'learning_rate': 0.0002, 'epoch': 0.79}
{'loss': 0.4682, 'learning_rate': 0.0002, 'epoch': 0.79}
{'eval_loss': 0.3308630883693695, 'eval_slot_type_f1': 0.8052132034632187, 'eval_slot_value_cer': 0.3595445934876101, 'eval_runtime': 478.4771, 'eval_samples_per_second': 23.408, 'eval_steps_per_second': 1.463, 'epoch': 0.79}
{'loss': 0.4861, 'learning_rate': 0.0002, 'epoch': 0.8}
{'loss': 0.473, 'learning_rate': 0.0002, 'epoch': 0.81}
{'eval_loss': 0.31577232480049133, 'eval_slot_type_f1': 0.8445545540768802, 'eval_slot_value_cer': 0.31545988634036454, 'eval_runtime': 476.4942, 'eval_samples_per_second': 23.505, 'eval_steps_per_second': 1.469, 'epoch': 0.81}
{'loss': 0.4835, 'learning_rate': 0.0002, 'epoch': 0.82}
{'loss': 0.467, 'learning_rate': 0.0002, 'epoch': 0.83}
{'eval_loss': 0.3139449954032898, 'eval_slot_type_f1': 0.8577646103896136, 'eval_slot_value_cer': 0.295102268072906, 'eval_runtime': 472.6085, 'eval_samples_per_second': 23.698, 'eval_steps_per_second': 1.481, 'epoch': 0.83}
{'loss': 0.4579, 'learning_rate': 0.0002, 'epoch': 0.83}
{'loss': 0.4496, 'learning_rate': 0.0002, 'epoch': 0.84}
{'eval_loss': 0.3270818889141083, 'eval_slot_type_f1': 0.830915887683753, 'eval_slot_value_cer': 0.3210884702027442, 'eval_runtime': 470.0508, 'eval_samples_per_second': 23.827, 'eval_steps_per_second': 1.489, 'epoch': 0.84}
{'loss': 0.4607, 'learning_rate': 0.0002, 'epoch': 0.85}
{'loss': 0.4583, 'learning_rate': 0.0002, 'epoch': 0.86}
{'eval_loss': 0.31686004996299744, 'eval_slot_type_f1': 0.8561349756394449, 'eval_slot_value_cer': 0.28889130657382756, 'eval_runtime': 472.4169, 'eval_samples_per_second': 23.708, 'eval_steps_per_second': 1.482, 'epoch': 0.86}
{'loss': 0.4454, 'learning_rate': 0.0002, 'epoch': 0.86}
{'loss': 0.4577, 'learning_rate': 0.0002, 'epoch': 0.87}
{'eval_loss': 0.3122450113296509, 'eval_slot_type_f1': 0.8334015344774334, 'eval_slot_value_cer': 0.32355237558877736, 'eval_runtime': 471.4907, 'eval_samples_per_second': 23.754, 'eval_steps_per_second': 1.485, 'epoch': 0.87}
{'loss': 0.4578, 'learning_rate': 0.0002, 'epoch': 0.88}
{'loss': 0.4581, 'learning_rate': 0.0002, 'epoch': 0.89}
{'eval_loss': 0.3191010355949402, 'eval_slot_type_f1': 0.834435374149667, 'eval_slot_value_cer': 0.3163270530411632, 'eval_runtime': 471.0555, 'eval_samples_per_second': 23.776, 'eval_steps_per_second': 1.486, 'epoch': 0.89}
{'loss': 0.4577, 'learning_rate': 0.0002, 'epoch': 0.89}
{'loss': 0.4748, 'learning_rate': 0.0002, 'epoch': 0.9}
{'eval_loss': 0.3157760500907898, 'eval_slot_type_f1': 0.8353445973669262, 'eval_slot_value_cer': 0.3228388029899652, 'eval_runtime': 469.9175, 'eval_samples_per_second': 23.834, 'eval_steps_per_second': 1.49, 'epoch': 0.9}
{'loss': 0.4322, 'learning_rate': 0.0002, 'epoch': 0.91}
{'loss': 0.4365, 'learning_rate': 0.0002, 'epoch': 0.92}
{'eval_loss': 0.3141030967235565, 'eval_slot_type_f1': 0.8340248209132209, 'eval_slot_value_cer': 0.31715902109359, 'eval_runtime': 471.3006, 'eval_samples_per_second': 23.764, 'eval_steps_per_second': 1.485, 'epoch': 0.92}
{'loss': 0.454, 'learning_rate': 0.0002, 'epoch': 0.92}
{'loss': 0.4223, 'learning_rate': 0.0002, 'epoch': 0.93}
{'eval_loss': 0.3074851334095001, 'eval_slot_type_f1': 0.8613394576653536, 'eval_slot_value_cer': 0.2877553501945525, 'eval_runtime': 473.0678, 'eval_samples_per_second': 23.675, 'eval_steps_per_second': 1.48, 'epoch': 0.93}
{'loss': 0.45, 'learning_rate': 0.0002, 'epoch': 0.94}
{'loss': 0.4533, 'learning_rate': 0.0002, 'epoch': 0.95}
{'eval_loss': 0.332302063703537, 'eval_slot_type_f1': 0.8260643865063608, 'eval_slot_value_cer': 0.3211492678681139, 'eval_runtime': 471.9858, 'eval_samples_per_second': 23.73, 'eval_steps_per_second': 1.483, 'epoch': 0.95}
{'loss': 0.4588, 'learning_rate': 0.0002, 'epoch': 0.96}
{'loss': 0.4686, 'learning_rate': 0.0002, 'epoch': 0.96}
{'eval_loss': 0.29653552174568176, 'eval_slot_type_f1': 0.8479502035662769, 'eval_slot_value_cer': 0.2959214366168339, 'eval_runtime': 468.894, 'eval_samples_per_second': 23.886, 'eval_steps_per_second': 1.493, 'epoch': 0.96}
{'loss': 0.4471, 'learning_rate': 0.0002, 'epoch': 0.97}
{'loss': 0.4456, 'learning_rate': 0.0002, 'epoch': 0.98}
{'eval_loss': 0.3102797865867615, 'eval_slot_type_f1': 0.8485605287569605, 'eval_slot_value_cer': 0.30103804013925867, 'eval_runtime': 468.8804, 'eval_samples_per_second': 23.887, 'eval_steps_per_second': 1.493, 'epoch': 0.98}
{'loss': 0.4443, 'learning_rate': 0.0002, 'epoch': 0.99}
{'loss': 0.4174, 'learning_rate': 0.0002, 'epoch': 0.99}
{'eval_loss': 0.2846151888370514, 'eval_slot_type_f1': 0.859336050853911, 'eval_slot_value_cer': 0.29769416854392794, 'eval_runtime': 469.9394, 'eval_samples_per_second': 23.833, 'eval_steps_per_second': 1.49, 'epoch': 0.99}
{'loss': 0.4425, 'learning_rate': 0.0002, 'epoch': 1.0}
{'loss': 0.4563, 'learning_rate': 0.0002, 'epoch': 1.01}
{'eval_loss': 0.2815142869949341, 'eval_slot_type_f1': 0.8545627641208025, 'eval_slot_value_cer': 0.2977101679295515, 'eval_runtime': 470.6757, 'eval_samples_per_second': 23.796, 'eval_steps_per_second': 1.487, 'epoch': 1.01}
{'loss': 0.4202, 'learning_rate': 0.0002, 'epoch': 1.02}
{'loss': 0.4401, 'learning_rate': 0.0002, 'epoch': 1.02}
{'eval_loss': 0.29120004177093506, 'eval_slot_type_f1': 0.8567026019615344, 'eval_slot_value_cer': 0.2885841183698546, 'eval_runtime': 467.9648, 'eval_samples_per_second': 23.933, 'eval_steps_per_second': 1.496, 'epoch': 1.02}
{'loss': 0.4232, 'learning_rate': 0.0002, 'epoch': 1.03}
{'loss': 0.4324, 'learning_rate': 0.0002, 'epoch': 1.04}
{'eval_loss': 0.28423500061035156, 'eval_slot_type_f1': 0.8571322021232785, 'eval_slot_value_cer': 0.28504185439279134, 'eval_runtime': 468.1042, 'eval_samples_per_second': 23.926, 'eval_steps_per_second': 1.495, 'epoch': 1.04}
{'loss': 0.4146, 'learning_rate': 0.0002, 'epoch': 1.05}
{'loss': 0.426, 'learning_rate': 0.0002, 'epoch': 1.05}
{'eval_loss': 0.28932660818099976, 'eval_slot_type_f1': 0.8635182619959431, 'eval_slot_value_cer': 0.2821523653491706, 'eval_runtime': 470.9586, 'eval_samples_per_second': 23.781, 'eval_steps_per_second': 1.486, 'epoch': 1.05}
{'loss': 0.4072, 'learning_rate': 0.0002, 'epoch': 1.06}
{'loss': 0.4136, 'learning_rate': 0.0002, 'epoch': 1.07}
{'eval_loss': 0.29207733273506165, 'eval_slot_type_f1': 0.8625375695732893, 'eval_slot_value_cer': 0.28362750870366576, 'eval_runtime': 469.1305, 'eval_samples_per_second': 23.874, 'eval_steps_per_second': 1.492, 'epoch': 1.07}
{'loss': 0.4061, 'learning_rate': 0.0002, 'epoch': 1.08}
{'loss': 0.4195, 'learning_rate': 0.0002, 'epoch': 1.09}
{'eval_loss': 0.2811394929885864, 'eval_slot_type_f1': 0.8736306808271124, 'eval_slot_value_cer': 0.2719415574441941, 'eval_runtime': 469.5773, 'eval_samples_per_second': 23.851, 'eval_steps_per_second': 1.491, 'epoch': 1.09}
{'loss': 0.4179, 'learning_rate': 0.0002, 'epoch': 1.09}
{'loss': 0.4041, 'learning_rate': 0.0002, 'epoch': 1.1}
{'eval_loss': 0.31534433364868164, 'eval_slot_type_f1': 0.8531021473566165, 'eval_slot_value_cer': 0.2957038449723531, 'eval_runtime': 467.5436, 'eval_samples_per_second': 23.955, 'eval_steps_per_second': 1.497, 'epoch': 1.1}
{'loss': 0.4125, 'learning_rate': 0.0002, 'epoch': 1.11}
{'loss': 0.4166, 'learning_rate': 0.0002, 'epoch': 1.12}
{'eval_loss': 0.292024701833725, 'eval_slot_type_f1': 0.8539856988249896, 'eval_slot_value_cer': 0.2833235203768175, 'eval_runtime': 467.7787, 'eval_samples_per_second': 23.943, 'eval_steps_per_second': 1.496, 'epoch': 1.12}
{'loss': 0.4133, 'learning_rate': 0.0002, 'epoch': 1.12}
{'loss': 0.4222, 'learning_rate': 0.0002, 'epoch': 1.13}
{'eval_loss': 0.2931925058364868, 'eval_slot_type_f1': 0.8650038651824399, 'eval_slot_value_cer': 0.2755190200696293, 'eval_runtime': 467.6061, 'eval_samples_per_second': 23.952, 'eval_steps_per_second': 1.497, 'epoch': 1.13}
{'loss': 0.4287, 'learning_rate': 0.0002, 'epoch': 1.14}
{'loss': 0.4246, 'learning_rate': 0.0002, 'epoch': 1.15}
{'eval_loss': 0.2817555367946625, 'eval_slot_type_f1': 0.8649292736033835, 'eval_slot_value_cer': 0.2753206276878968, 'eval_runtime': 467.6422, 'eval_samples_per_second': 23.95, 'eval_steps_per_second': 1.497, 'epoch': 1.15}
{'loss': 0.4196, 'learning_rate': 0.0002, 'epoch': 1.15}
{'loss': 0.4305, 'learning_rate': 0.0002, 'epoch': 1.16}
{'eval_loss': 0.28259119391441345, 'eval_slot_type_f1': 0.8612557011440977, 'eval_slot_value_cer': 0.2842930831456072, 'eval_runtime': 466.8849, 'eval_samples_per_second': 23.989, 'eval_steps_per_second': 1.499, 'epoch': 1.16}
{'loss': 0.4441, 'learning_rate': 0.0002, 'epoch': 1.17}
{'loss': 0.3973, 'learning_rate': 0.0002, 'epoch': 1.18}
{'eval_loss': 0.2803313434123993, 'eval_slot_type_f1': 0.8690831529581549, 'eval_slot_value_cer': 0.27048561335244725, 'eval_runtime': 467.2963, 'eval_samples_per_second': 23.968, 'eval_steps_per_second': 1.498, 'epoch': 1.18}
{'loss': 0.3798, 'learning_rate': 0.0002, 'epoch': 1.18}
{'loss': 0.4001, 'learning_rate': 0.0002, 'epoch': 1.19}
{'eval_loss': 0.287836492061615, 'eval_slot_type_f1': 0.8686079416615171, 'eval_slot_value_cer': 0.2738678834732746, 'eval_runtime': 467.1253, 'eval_samples_per_second': 23.976, 'eval_steps_per_second': 1.499, 'epoch': 1.19}
{'loss': 0.4034, 'learning_rate': 0.0002, 'epoch': 1.2}
{'loss': 0.3792, 'learning_rate': 0.0002, 'epoch': 1.21}
{'eval_loss': 0.2937278747558594, 'eval_slot_type_f1': 0.8776121968309488, 'eval_slot_value_cer': 0.2589980544747082, 'eval_runtime': 468.049, 'eval_samples_per_second': 23.929, 'eval_steps_per_second': 1.496, 'epoch': 1.21}
{'loss': 0.4166, 'learning_rate': 0.0002, 'epoch': 1.22}
{'loss': 0.3965, 'learning_rate': 0.0002, 'epoch': 1.22}
{'eval_loss': 0.27247026562690735, 'eval_slot_type_f1': 0.8640543370320185, 'eval_slot_value_cer': 0.27227434466516487, 'eval_runtime': 467.6901, 'eval_samples_per_second': 23.947, 'eval_steps_per_second': 1.497, 'epoch': 1.22}
{'loss': 0.4063, 'learning_rate': 0.0002, 'epoch': 1.23}
{'loss': 0.3818, 'learning_rate': 0.0002, 'epoch': 1.24}
{'eval_loss': 0.2796122431755066, 'eval_slot_type_f1': 0.8619835665326777, 'eval_slot_value_cer': 0.2806388234691788, 'eval_runtime': 468.6494, 'eval_samples_per_second': 23.898, 'eval_steps_per_second': 1.494, 'epoch': 1.24}
{'loss': 0.4157, 'learning_rate': 0.0002, 'epoch': 1.25}
{'loss': 0.4147, 'learning_rate': 0.0002, 'epoch': 1.25}
{'eval_loss': 0.2776240408420563, 'eval_slot_type_f1': 0.8724211864524395, 'eval_slot_value_cer': 0.26651776571779645, 'eval_runtime': 468.5163, 'eval_samples_per_second': 23.905, 'eval_steps_per_second': 1.494, 'epoch': 1.25}
{'loss': 0.3846, 'learning_rate': 0.0002, 'epoch': 1.26}
{'loss': 0.3898, 'learning_rate': 0.0002, 'epoch': 1.27}
{'eval_loss': 0.29793664813041687, 'eval_slot_type_f1': 0.8796279633065363, 'eval_slot_value_cer': 0.2733207044849478, 'eval_runtime': 468.0319, 'eval_samples_per_second': 23.93, 'eval_steps_per_second': 1.496, 'epoch': 1.27}
{'loss': 0.3791, 'learning_rate': 0.0002, 'epoch': 1.28}
{'loss': 0.3772, 'learning_rate': 0.0002, 'epoch': 1.28}
{'eval_loss': 0.2593095302581787, 'eval_slot_type_f1': 0.8572229169639919, 'eval_slot_value_cer': 0.27587100655334834, 'eval_runtime': 467.0623, 'eval_samples_per_second': 23.98, 'eval_steps_per_second': 1.499, 'epoch': 1.28}
{'loss': 0.4019, 'learning_rate': 0.0002, 'epoch': 1.29}
{'loss': 0.3968, 'learning_rate': 0.0002, 'epoch': 1.3}
{'eval_loss': 0.27768975496292114, 'eval_slot_type_f1': 0.8687829764481585, 'eval_slot_value_cer': 0.2726967284456277, 'eval_runtime': 467.9372, 'eval_samples_per_second': 23.935, 'eval_steps_per_second': 1.496, 'epoch': 1.3}
{'loss': 0.3925, 'learning_rate': 0.0002, 'epoch': 1.31}
{'loss': 0.3696, 'learning_rate': 0.0002, 'epoch': 1.31}
{'eval_loss': 0.2681860625743866, 'eval_slot_type_f1': 0.8696261278404157, 'eval_slot_value_cer': 0.26330508908457917, 'eval_runtime': 467.5404, 'eval_samples_per_second': 23.955, 'eval_steps_per_second': 1.497, 'epoch': 1.31}
{'loss': 0.3801, 'learning_rate': 0.0002, 'epoch': 1.32}
{'loss': 0.3888, 'learning_rate': 0.0002, 'epoch': 1.33}
{'eval_loss': 0.26479238271713257, 'eval_slot_type_f1': 0.8773965677179966, 'eval_slot_value_cer': 0.26015960987098097, 'eval_runtime': 466.5275, 'eval_samples_per_second': 24.007, 'eval_steps_per_second': 1.5, 'epoch': 1.33}
{'loss': 0.3915, 'learning_rate': 0.0002, 'epoch': 1.34}
{'loss': 0.3974, 'learning_rate': 0.0002, 'epoch': 1.35}
{'eval_loss': 0.26301947236061096, 'eval_slot_type_f1': 0.8798129603531388, 'eval_slot_value_cer': 0.25963802989965185, 'eval_runtime': 466.3799, 'eval_samples_per_second': 24.015, 'eval_steps_per_second': 1.501, 'epoch': 1.35}
{'loss': 0.3877, 'learning_rate': 0.0002, 'epoch': 1.35}
{'loss': 0.4092, 'learning_rate': 0.0002, 'epoch': 1.36}
{'eval_loss': 0.27183836698532104, 'eval_slot_type_f1': 0.8594709179709209, 'eval_slot_value_cer': 0.27152877329510544, 'eval_runtime': 464.9784, 'eval_samples_per_second': 24.087, 'eval_steps_per_second': 1.505, 'epoch': 1.36}
{'loss': 0.3845, 'learning_rate': 0.0002, 'epoch': 1.37}
{'loss': 0.3866, 'learning_rate': 0.0002, 'epoch': 1.38}
{'eval_loss': 0.2691378891468048, 'eval_slot_type_f1': 0.8728873978204353, 'eval_slot_value_cer': 0.2630330995289781, 'eval_runtime': 466.118, 'eval_samples_per_second': 24.028, 'eval_steps_per_second': 1.502, 'epoch': 1.38}
{'loss': 0.3876, 'learning_rate': 0.0002, 'epoch': 1.38}
{'loss': 0.3868, 'learning_rate': 0.0002, 'epoch': 1.39}
{'eval_loss': 0.25989648699760437, 'eval_slot_type_f1': 0.8766445761579698, 'eval_slot_value_cer': 0.26270991193938154, 'eval_runtime': 469.7186, 'eval_samples_per_second': 23.844, 'eval_steps_per_second': 1.49, 'epoch': 1.39}
{'loss': 0.3913, 'learning_rate': 0.0002, 'epoch': 1.4}
{'loss': 0.3852, 'learning_rate': 0.0002, 'epoch': 1.41}
{'eval_loss': 0.26957544684410095, 'eval_slot_type_f1': 0.8702476308413833, 'eval_slot_value_cer': 0.2786772987917264, 'eval_runtime': 471.7674, 'eval_samples_per_second': 23.741, 'eval_steps_per_second': 1.484, 'epoch': 1.41}
{'loss': 0.3791, 'learning_rate': 0.0002, 'epoch': 1.41}
{'loss': 0.3882, 'learning_rate': 0.0002, 'epoch': 1.42}
{'eval_loss': 0.284073144197464, 'eval_slot_type_f1': 0.8829554527813454, 'eval_slot_value_cer': 0.2500671974196191, 'eval_runtime': 474.748, 'eval_samples_per_second': 23.591, 'eval_steps_per_second': 1.474, 'epoch': 1.42}
{'loss': 0.3703, 'learning_rate': 0.0002, 'epoch': 1.43}
{'loss': 0.3751, 'learning_rate': 0.0002, 'epoch': 1.44}
{'eval_loss': 0.25976601243019104, 'eval_slot_type_f1': 0.8798948026180164, 'eval_slot_value_cer': 0.25202552221994673, 'eval_runtime': 474.2021, 'eval_samples_per_second': 23.619, 'eval_steps_per_second': 1.476, 'epoch': 1.44}
{'loss': 0.39, 'learning_rate': 0.0002, 'epoch': 1.44}
{'loss': 0.3691, 'learning_rate': 0.0002, 'epoch': 1.45}
{'eval_loss': 0.2512616515159607, 'eval_slot_type_f1': 0.8870914943191721, 'eval_slot_value_cer': 0.2472577053041163, 'eval_runtime': 475.5439, 'eval_samples_per_second': 23.552, 'eval_steps_per_second': 1.472, 'epoch': 1.45}
{'loss': 0.3671, 'learning_rate': 0.0002, 'epoch': 1.46}
{'loss': 0.3776, 'learning_rate': 0.0002, 'epoch': 1.47}
{'eval_loss': 0.2625907361507416, 'eval_slot_type_f1': 0.8657425907425922, 'eval_slot_value_cer': 0.2724727370468974, 'eval_runtime': 475.938, 'eval_samples_per_second': 23.532, 'eval_steps_per_second': 1.471, 'epoch': 1.47}
{'loss': 0.3745, 'learning_rate': 0.0002, 'epoch': 1.48}
{'loss': 0.3744, 'learning_rate': 0.0002, 'epoch': 1.48}
{'eval_loss': 0.2625610828399658, 'eval_slot_type_f1': 0.8752184150175244, 'eval_slot_value_cer': 0.2675193272578333, 'eval_runtime': 476.7265, 'eval_samples_per_second': 23.494, 'eval_steps_per_second': 1.468, 'epoch': 1.48}
{'loss': 0.3939, 'learning_rate': 0.0002, 'epoch': 1.49}
{'loss': 0.3882, 'learning_rate': 0.0002, 'epoch': 1.5}
{'eval_loss': 0.25297391414642334, 'eval_slot_type_f1': 0.8816553922268218, 'eval_slot_value_cer': 0.2571421257423715, 'eval_runtime': 476.9544, 'eval_samples_per_second': 23.482, 'eval_steps_per_second': 1.468, 'epoch': 1.5}
{'loss': 0.3821, 'learning_rate': 0.0002, 'epoch': 1.51}
{'loss': 0.3826, 'learning_rate': 0.0002, 'epoch': 1.51}
{'eval_loss': 0.2606755197048187, 'eval_slot_type_f1': 0.8787923529843179, 'eval_slot_value_cer': 0.25640295412656156, 'eval_runtime': 476.933, 'eval_samples_per_second': 23.483, 'eval_steps_per_second': 1.468, 'epoch': 1.51}
{'loss': 0.36, 'learning_rate': 0.0002, 'epoch': 1.52}
{'loss': 0.3686, 'learning_rate': 0.0002, 'epoch': 1.53}
{'eval_loss': 0.26055029034614563, 'eval_slot_type_f1': 0.8582309510925616, 'eval_slot_value_cer': 0.27677977165676837, 'eval_runtime': 476.1217, 'eval_samples_per_second': 23.523, 'eval_steps_per_second': 1.47, 'epoch': 1.53}
{'loss': 0.3763, 'learning_rate': 0.0002, 'epoch': 1.54}
{'loss': 0.3646, 'learning_rate': 0.0002, 'epoch': 1.54}
{'eval_loss': 0.25845828652381897, 'eval_slot_type_f1': 0.8838224850546286, 'eval_slot_value_cer': 0.2515647399139873, 'eval_runtime': 476.3969, 'eval_samples_per_second': 23.51, 'eval_steps_per_second': 1.469, 'epoch': 1.54}
{'loss': 0.3668, 'learning_rate': 0.0002, 'epoch': 1.55}
{'loss': 0.3634, 'learning_rate': 0.0002, 'epoch': 1.56}
{'eval_loss': 0.2544325292110443, 'eval_slot_type_f1': 0.8839192498969265, 'eval_slot_value_cer': 0.26734013413884905, 'eval_runtime': 475.4121, 'eval_samples_per_second': 23.559, 'eval_steps_per_second': 1.472, 'epoch': 1.56}
{'loss': 0.3713, 'learning_rate': 0.0002, 'epoch': 1.57}
{'loss': 0.3748, 'learning_rate': 0.0002, 'epoch': 1.57}
{'eval_loss': 0.24891182780265808, 'eval_slot_type_f1': 0.8842177410882758, 'eval_slot_value_cer': 0.2527742934671309, 'eval_runtime': 476.3676, 'eval_samples_per_second': 23.511, 'eval_steps_per_second': 1.469, 'epoch': 1.57}
{'loss': 0.3701, 'learning_rate': 0.0002, 'epoch': 1.58}
{'loss': 0.3735, 'learning_rate': 0.0002, 'epoch': 1.59}
{'eval_loss': 0.24817870557308197, 'eval_slot_type_f1': 0.8853630684791394, 'eval_slot_value_cer': 0.2591100501740733, 'eval_runtime': 476.0478, 'eval_samples_per_second': 23.527, 'eval_steps_per_second': 1.47, 'epoch': 1.59}
{'loss': 0.3536, 'learning_rate': 0.0002, 'epoch': 1.6}
{'loss': 0.3639, 'learning_rate': 0.0002, 'epoch': 1.61}
{'eval_loss': 0.25617292523384094, 'eval_slot_type_f1': 0.8742664919406005, 'eval_slot_value_cer': 0.26515141818554167, 'eval_runtime': 475.9829, 'eval_samples_per_second': 23.53, 'eval_steps_per_second': 1.471, 'epoch': 1.61}
{'loss': 0.3724, 'learning_rate': 0.0002, 'epoch': 1.61}
{'loss': 0.3828, 'learning_rate': 0.0002, 'epoch': 1.62}
{'eval_loss': 0.25756993889808655, 'eval_slot_type_f1': 0.8739349544304909, 'eval_slot_value_cer': 0.2663097737046897, 'eval_runtime': 478.9114, 'eval_samples_per_second': 23.386, 'eval_steps_per_second': 1.462, 'epoch': 1.62}
{'loss': 0.3649, 'learning_rate': 0.0002, 'epoch': 1.63}
{'loss': 0.3652, 'learning_rate': 0.0002, 'epoch': 1.64}
{'eval_loss': 0.25751563906669617, 'eval_slot_type_f1': 0.8763722041847044, 'eval_slot_value_cer': 0.2582876817530207, 'eval_runtime': 476.9719, 'eval_samples_per_second': 23.481, 'eval_steps_per_second': 1.468, 'epoch': 1.64}
{'loss': 0.3543, 'learning_rate': 0.0002, 'epoch': 1.64}
{'loss': 0.375, 'learning_rate': 0.0002, 'epoch': 1.65}
{'eval_loss': 0.24422620236873627, 'eval_slot_type_f1': 0.8867541144371475, 'eval_slot_value_cer': 0.24583695986074136, 'eval_runtime': 476.6677, 'eval_samples_per_second': 23.496, 'eval_steps_per_second': 1.469, 'epoch': 1.65}
{'loss': 0.3715, 'learning_rate': 0.0002, 'epoch': 1.66}
{'loss': 0.3725, 'learning_rate': 0.0002, 'epoch': 1.67}
{'eval_loss': 0.24536077678203583, 'eval_slot_type_f1': 0.8868072037089882, 'eval_slot_value_cer': 0.24415382449313947, 'eval_runtime': 473.9941, 'eval_samples_per_second': 23.629, 'eval_steps_per_second': 1.477, 'epoch': 1.67}
{'loss': 0.3721, 'learning_rate': 0.0002, 'epoch': 1.67}
{'loss': 0.3656, 'learning_rate': 0.0002, 'epoch': 1.68}
{'eval_loss': 0.24804526567459106, 'eval_slot_type_f1': 0.8892696995464844, 'eval_slot_value_cer': 0.23696690047102192, 'eval_runtime': 477.2899, 'eval_samples_per_second': 23.466, 'eval_steps_per_second': 1.467, 'epoch': 1.68}
{'loss': 0.3622, 'learning_rate': 0.0002, 'epoch': 1.69}
{'loss': 0.3513, 'learning_rate': 0.0002, 'epoch': 1.7}
{'eval_loss': 0.2686846852302551, 'eval_slot_type_f1': 0.8777471293587372, 'eval_slot_value_cer': 0.24537297767765717, 'eval_runtime': 476.4258, 'eval_samples_per_second': 23.508, 'eval_steps_per_second': 1.469, 'epoch': 1.7}
{'loss': 0.3822, 'learning_rate': 0.0002, 'epoch': 1.7}
{'loss': 0.3512, 'learning_rate': 0.0002, 'epoch': 1.71}
{'eval_loss': 0.24932315945625305, 'eval_slot_type_f1': 0.8906930004519262, 'eval_slot_value_cer': 0.2421795003071882, 'eval_runtime': 475.1847, 'eval_samples_per_second': 23.57, 'eval_steps_per_second': 1.473, 'epoch': 1.71}
{'loss': 0.3811, 'learning_rate': 0.0002, 'epoch': 1.72}
{'loss': 0.3601, 'learning_rate': 0.0002, 'epoch': 1.73}
{'eval_loss': 0.23406638205051422, 'eval_slot_type_f1': 0.8948027805527778, 'eval_slot_value_cer': 0.24639373848044235, 'eval_runtime': 475.5672, 'eval_samples_per_second': 23.551, 'eval_steps_per_second': 1.472, 'epoch': 1.73}
{'loss': 0.3462, 'learning_rate': 0.0002, 'epoch': 1.73}
{'loss': 0.3657, 'learning_rate': 0.0002, 'epoch': 1.74}
{'eval_loss': 0.2548507750034332, 'eval_slot_type_f1': 0.8960125103071522, 'eval_slot_value_cer': 0.23449979520786401, 'eval_runtime': 477.327, 'eval_samples_per_second': 23.464, 'eval_steps_per_second': 1.466, 'epoch': 1.74}
{'loss': 0.3448, 'learning_rate': 0.0002, 'epoch': 1.75}
{'loss': 0.3642, 'learning_rate': 0.0002, 'epoch': 1.76}
{'eval_loss': 0.24011549353599548, 'eval_slot_type_f1': 0.8814485137877988, 'eval_slot_value_cer': 0.24952961806266638, 'eval_runtime': 479.8039, 'eval_samples_per_second': 23.343, 'eval_steps_per_second': 1.459, 'epoch': 1.76}
{'loss': 0.3652, 'learning_rate': 0.0002, 'epoch': 1.77}
{'loss': 0.3452, 'learning_rate': 0.0002, 'epoch': 1.77}
{'eval_loss': 0.24025683104991913, 'eval_slot_type_f1': 0.886298190400869, 'eval_slot_value_cer': 0.24486739709195168, 'eval_runtime': 478.4852, 'eval_samples_per_second': 23.407, 'eval_steps_per_second': 1.463, 'epoch': 1.77}
{'loss': 0.3423, 'learning_rate': 0.0002, 'epoch': 1.78}
{'loss': 0.3649, 'learning_rate': 0.0002, 'epoch': 1.79}
{'eval_loss': 0.2406741827726364, 'eval_slot_type_f1': 0.8787125776009713, 'eval_slot_value_cer': 0.244249820806881, 'eval_runtime': 480.6052, 'eval_samples_per_second': 23.304, 'eval_steps_per_second': 1.456, 'epoch': 1.79}
{'loss': 0.3632, 'learning_rate': 0.0002, 'epoch': 1.8}
{'loss': 0.3516, 'learning_rate': 0.0002, 'epoch': 1.8}
{'eval_loss': 0.24292753636837006, 'eval_slot_type_f1': 0.8897563245286433, 'eval_slot_value_cer': 0.2336806266639361, 'eval_runtime': 481.0206, 'eval_samples_per_second': 23.284, 'eval_steps_per_second': 1.455, 'epoch': 1.8}
{'loss': 0.3531, 'learning_rate': 0.0002, 'epoch': 1.81}
{'loss': 0.3691, 'learning_rate': 0.0002, 'epoch': 1.82}
{'eval_loss': 0.24998563528060913, 'eval_slot_type_f1': 0.8839228757353749, 'eval_slot_value_cer': 0.24664012901904567, 'eval_runtime': 481.984, 'eval_samples_per_second': 23.237, 'eval_steps_per_second': 1.452, 'epoch': 1.82}
{'loss': 0.3553, 'learning_rate': 0.0002, 'epoch': 1.83}
{'loss': 0.3453, 'learning_rate': 0.0002, 'epoch': 1.83}
{'eval_loss': 0.2545205354690552, 'eval_slot_type_f1': 0.8951160664732072, 'eval_slot_value_cer': 0.22306663424124515, 'eval_runtime': 480.7362, 'eval_samples_per_second': 23.298, 'eval_steps_per_second': 1.456, 'epoch': 1.83}
{'loss': 0.3729, 'learning_rate': 0.0002, 'epoch': 1.84}
{'loss': 0.3603, 'learning_rate': 0.0002, 'epoch': 1.85}
{'eval_loss': 0.23636217415332794, 'eval_slot_type_f1': 0.8877622580792206, 'eval_slot_value_cer': 0.23455419311898423, 'eval_runtime': 478.2681, 'eval_samples_per_second': 23.418, 'eval_steps_per_second': 1.464, 'epoch': 1.85}
{'loss': 0.3447, 'learning_rate': 0.0002, 'epoch': 1.86}
{'loss': 0.3581, 'learning_rate': 0.0002, 'epoch': 1.86}
{'eval_loss': 0.25633057951927185, 'eval_slot_type_f1': 0.8891108182492089, 'eval_slot_value_cer': 0.236579715338931, 'eval_runtime': 481.4371, 'eval_samples_per_second': 23.264, 'eval_steps_per_second': 1.454, 'epoch': 1.86}
{'loss': 0.3529, 'learning_rate': 0.0002, 'epoch': 1.87}
{'loss': 0.356, 'learning_rate': 0.0002, 'epoch': 1.88}
{'eval_loss': 0.26968637108802795, 'eval_slot_type_f1': 0.8920043934240334, 'eval_slot_value_cer': 0.24104674380503788, 'eval_runtime': 479.2152, 'eval_samples_per_second': 23.372, 'eval_steps_per_second': 1.461, 'epoch': 1.88}
{'loss': 0.3552, 'learning_rate': 0.0002, 'epoch': 1.89}
{'loss': 0.3567, 'learning_rate': 0.0002, 'epoch': 1.9}
{'eval_loss': 0.23293180763721466, 'eval_slot_type_f1': 0.8837553706214417, 'eval_slot_value_cer': 0.25400944603727216, 'eval_runtime': 477.2429, 'eval_samples_per_second': 23.468, 'eval_steps_per_second': 1.467, 'epoch': 1.9}
{'loss': 0.3645, 'learning_rate': 0.0002, 'epoch': 1.9}
{'loss': 0.3525, 'learning_rate': 0.0002, 'epoch': 1.91}
{'eval_loss': 0.2439994364976883, 'eval_slot_type_f1': 0.8992740577874491, 'eval_slot_value_cer': 0.22550814048740528, 'eval_runtime': 474.9471, 'eval_samples_per_second': 23.582, 'eval_steps_per_second': 1.474, 'epoch': 1.91}
{'loss': 0.3311, 'learning_rate': 0.00019920000000000002, 'epoch': 1.92}
{'loss': 0.354, 'learning_rate': 0.0001984, 'epoch': 1.93}
{'eval_loss': 0.2492651790380478, 'eval_slot_type_f1': 0.9035193838899176, 'eval_slot_value_cer': 0.22426658816301454, 'eval_runtime': 477.2927, 'eval_samples_per_second': 23.466, 'eval_steps_per_second': 1.467, 'epoch': 1.93}
{'loss': 0.3844, 'learning_rate': 0.0001976, 'epoch': 1.93}
{'loss': 0.319, 'learning_rate': 0.0001968, 'epoch': 1.94}
{'eval_loss': 0.24315063655376434, 'eval_slot_type_f1': 0.9043369527298073, 'eval_slot_value_cer': 0.22520735203768175, 'eval_runtime': 476.3803, 'eval_samples_per_second': 23.511, 'eval_steps_per_second': 1.469, 'epoch': 1.94}
{'loss': 0.3464, 'learning_rate': 0.000196, 'epoch': 1.95}
{'loss': 0.3516, 'learning_rate': 0.0001952, 'epoch': 1.96}
{'eval_loss': 0.24404403567314148, 'eval_slot_type_f1': 0.899240452999379, 'eval_slot_value_cer': 0.22559453716977268, 'eval_runtime': 474.1025, 'eval_samples_per_second': 23.624, 'eval_steps_per_second': 1.476, 'epoch': 1.96}
{'loss': 0.3451, 'learning_rate': 0.0001944, 'epoch': 1.96}
{'loss': 0.3449, 'learning_rate': 0.00019360000000000002, 'epoch': 1.97}
{'eval_loss': 0.23804913461208344, 'eval_slot_type_f1': 0.8861101963512655, 'eval_slot_value_cer': 0.24503379070243703, 'eval_runtime': 476.4627, 'eval_samples_per_second': 23.507, 'eval_steps_per_second': 1.469, 'epoch': 1.97}
{'loss': 0.3526, 'learning_rate': 0.0001928, 'epoch': 1.98}
{'loss': 0.3572, 'learning_rate': 0.000192, 'epoch': 1.99}
{'eval_loss': 0.24322324991226196, 'eval_slot_type_f1': 0.8961494334038954, 'eval_slot_value_cer': 0.23685490477165677, 'eval_runtime': 477.0387, 'eval_samples_per_second': 23.478, 'eval_steps_per_second': 1.467, 'epoch': 1.99}
{'loss': 0.3308, 'learning_rate': 0.0001912, 'epoch': 1.99}
{'loss': 0.3422, 'learning_rate': 0.0001904, 'epoch': 2.0}
{'eval_loss': 0.25898414850234985, 'eval_slot_type_f1': 0.8937251761135675, 'eval_slot_value_cer': 0.23488698033995495, 'eval_runtime': 475.3475, 'eval_samples_per_second': 23.562, 'eval_steps_per_second': 1.473, 'epoch': 2.0}
{'loss': 0.3329, 'learning_rate': 0.0001896, 'epoch': 2.01}
{'loss': 0.3429, 'learning_rate': 0.0001888, 'epoch': 2.02}
{'eval_loss': 0.24412912130355835, 'eval_slot_type_f1': 0.89892406204906, 'eval_slot_value_cer': 0.23550135674790088, 'eval_runtime': 474.4704, 'eval_samples_per_second': 23.605, 'eval_steps_per_second': 1.475, 'epoch': 2.02}
{'loss': 0.339, 'learning_rate': 0.000188, 'epoch': 2.03}
{'loss': 0.3255, 'learning_rate': 0.00018720000000000002, 'epoch': 2.03}
{'eval_loss': 0.24426552653312683, 'eval_slot_type_f1': 0.8967288232600699, 'eval_slot_value_cer': 0.23180869854597583, 'eval_runtime': 473.5468, 'eval_samples_per_second': 23.651, 'eval_steps_per_second': 1.478, 'epoch': 2.03}
{'loss': 0.3525, 'learning_rate': 0.00018640000000000003, 'epoch': 2.04}
{'loss': 0.3437, 'learning_rate': 0.0001856, 'epoch': 2.05}
{'eval_loss': 0.24744302034378052, 'eval_slot_type_f1': 0.8964911422902474, 'eval_slot_value_cer': 0.23743728240835552, 'eval_runtime': 477.3684, 'eval_samples_per_second': 23.462, 'eval_steps_per_second': 1.466, 'epoch': 2.05}
{'loss': 0.3421, 'learning_rate': 0.00018480000000000002, 'epoch': 2.06}
{'loss': 0.3325, 'learning_rate': 0.00018400000000000003, 'epoch': 2.06}
{'eval_loss': 0.24598462879657745, 'eval_slot_type_f1': 0.8959003169449574, 'eval_slot_value_cer': 0.23500857567069425, 'eval_runtime': 476.1113, 'eval_samples_per_second': 23.524, 'eval_steps_per_second': 1.47, 'epoch': 2.06}
{'loss': 0.3393, 'learning_rate': 0.0001832, 'epoch': 2.07}
{'loss': 0.3273, 'learning_rate': 0.00018240000000000002, 'epoch': 2.08}
{'eval_loss': 0.24642063677310944, 'eval_slot_type_f1': 0.8970585317460306, 'eval_slot_value_cer': 0.22854802375588779, 'eval_runtime': 475.9718, 'eval_samples_per_second': 23.531, 'eval_steps_per_second': 1.471, 'epoch': 2.08}
{'loss': 0.3423, 'learning_rate': 0.00018160000000000002, 'epoch': 2.09}
{'loss': 0.3215, 'learning_rate': 0.0001808, 'epoch': 2.09}
{'eval_loss': 0.2435685098171234, 'eval_slot_type_f1': 0.8953592236136848, 'eval_slot_value_cer': 0.24235229367192299, 'eval_runtime': 474.8606, 'eval_samples_per_second': 23.586, 'eval_steps_per_second': 1.474, 'epoch': 2.09}
{'loss': 0.3292, 'learning_rate': 0.00018, 'epoch': 2.1}
{'loss': 0.3264, 'learning_rate': 0.00017920000000000002, 'epoch': 2.11}
{'eval_loss': 0.24374036490917206, 'eval_slot_type_f1': 0.8977106643356612, 'eval_slot_value_cer': 0.23905642023346305, 'eval_runtime': 477.9301, 'eval_samples_per_second': 23.434, 'eval_steps_per_second': 1.465, 'epoch': 2.11}
{'loss': 0.3225, 'learning_rate': 0.0001784, 'epoch': 2.12}
{'loss': 0.3222, 'learning_rate': 0.0001776, 'epoch': 2.12}
{'eval_loss': 0.23380039632320404, 'eval_slot_type_f1': 0.8980380849309404, 'eval_slot_value_cer': 0.22897040753635062, 'eval_runtime': 475.7758, 'eval_samples_per_second': 23.541, 'eval_steps_per_second': 1.471, 'epoch': 2.12}
{'loss': 0.314, 'learning_rate': 0.00017680000000000001, 'epoch': 2.13}
{'loss': 0.3216, 'learning_rate': 0.00017600000000000002, 'epoch': 2.14}
{'eval_loss': 0.24650700390338898, 'eval_slot_type_f1': 0.9052519648010666, 'eval_slot_value_cer': 0.22175148474298587, 'eval_runtime': 475.2077, 'eval_samples_per_second': 23.569, 'eval_steps_per_second': 1.473, 'epoch': 2.14}
{'loss': 0.3261, 'learning_rate': 0.0001752, 'epoch': 2.15}
{'loss': 0.3054, 'learning_rate': 0.0001744, 'epoch': 2.16}
{'eval_loss': 0.24949680268764496, 'eval_slot_type_f1': 0.8932489113069434, 'eval_slot_value_cer': 0.24007078128199877, 'eval_runtime': 472.858, 'eval_samples_per_second': 23.686, 'eval_steps_per_second': 1.48, 'epoch': 2.16}
{'loss': 0.3162, 'learning_rate': 0.00017360000000000002, 'epoch': 2.16}
{'loss': 0.3334, 'learning_rate': 0.0001728, 'epoch': 2.17}
{'eval_loss': 0.24020132422447205, 'eval_slot_type_f1': 0.8955706039991721, 'eval_slot_value_cer': 0.22921359819782922, 'eval_runtime': 473.3069, 'eval_samples_per_second': 23.663, 'eval_steps_per_second': 1.479, 'epoch': 2.17}
{'loss': 0.3065, 'learning_rate': 0.000172, 'epoch': 2.18}
{'loss': 0.3322, 'learning_rate': 0.00017120000000000001, 'epoch': 2.19}
{'eval_loss': 0.22345112264156342, 'eval_slot_type_f1': 0.8960863417336613, 'eval_slot_value_cer': 0.23236547716567685, 'eval_runtime': 471.6507, 'eval_samples_per_second': 23.746, 'eval_steps_per_second': 1.484, 'epoch': 2.19}
{'loss': 0.3253, 'learning_rate': 0.0001704, 'epoch': 2.19}
{'loss': 0.3136, 'learning_rate': 0.0001696, 'epoch': 2.2}
{'eval_loss': 0.234058678150177, 'eval_slot_type_f1': 0.8940612621505467, 'eval_slot_value_cer': 0.23317504607823059, 'eval_runtime': 473.7048, 'eval_samples_per_second': 23.643, 'eval_steps_per_second': 1.478, 'epoch': 2.2}
{'loss': 0.3108, 'learning_rate': 0.0001688, 'epoch': 2.21}
{'loss': 0.3434, 'learning_rate': 0.000168, 'epoch': 2.22}
{'eval_loss': 0.23495328426361084, 'eval_slot_type_f1': 0.9004579547436661, 'eval_slot_value_cer': 0.2300135674790088, 'eval_runtime': 470.9641, 'eval_samples_per_second': 23.781, 'eval_steps_per_second': 1.486, 'epoch': 2.22}
{'loss': 0.3253, 'learning_rate': 0.0001672, 'epoch': 2.22}
{'loss': 0.3263, 'learning_rate': 0.0001664, 'epoch': 2.23}
{'eval_loss': 0.22835813462734222, 'eval_slot_type_f1': 0.9011797998628354, 'eval_slot_value_cer': 0.22996556932213802, 'eval_runtime': 469.7468, 'eval_samples_per_second': 23.843, 'eval_steps_per_second': 1.49, 'epoch': 2.23}
{'loss': 0.2987, 'learning_rate': 0.0001656, 'epoch': 2.24}
{'loss': 0.3196, 'learning_rate': 0.0001648, 'epoch': 2.25}
{'eval_loss': 0.23901799321174622, 'eval_slot_type_f1': 0.9036713524570634, 'eval_slot_value_cer': 0.2189067939791112, 'eval_runtime': 470.8385, 'eval_samples_per_second': 23.787, 'eval_steps_per_second': 1.487, 'epoch': 2.25}
{'loss': 0.3231, 'learning_rate': 0.000164, 'epoch': 2.25}
{'loss': 0.3358, 'learning_rate': 0.0001632, 'epoch': 2.26}
{'eval_loss': 0.22398480772972107, 'eval_slot_type_f1': 0.9043379373602556, 'eval_slot_value_cer': 0.21973236227728854, 'eval_runtime': 470.7429, 'eval_samples_per_second': 23.792, 'eval_steps_per_second': 1.487, 'epoch': 2.26}
{'loss': 0.3014, 'learning_rate': 0.00016240000000000002, 'epoch': 2.27}
{'loss': 0.3127, 'learning_rate': 0.00016160000000000002, 'epoch': 2.28}
{'eval_loss': 0.22738006711006165, 'eval_slot_type_f1': 0.90309829704026, 'eval_slot_value_cer': 0.22586972660249846, 'eval_runtime': 473.1027, 'eval_samples_per_second': 23.674, 'eval_steps_per_second': 1.48, 'epoch': 2.28}
{'loss': 0.3054, 'learning_rate': 0.0001608, 'epoch': 2.29}
{'loss': 0.2915, 'learning_rate': 0.00016, 'epoch': 2.29}
{'eval_loss': 0.2197573035955429, 'eval_slot_type_f1': 0.9100562299803348, 'eval_slot_value_cer': 0.21090070141306574, 'eval_runtime': 471.8033, 'eval_samples_per_second': 23.739, 'eval_steps_per_second': 1.484, 'epoch': 2.29}
{'loss': 0.3145, 'learning_rate': 0.00015920000000000002, 'epoch': 2.3}
{'loss': 0.3037, 'learning_rate': 0.00015840000000000003, 'epoch': 2.31}
{'eval_loss': 0.22451533377170563, 'eval_slot_type_f1': 0.9037902157366435, 'eval_slot_value_cer': 0.21688767151341387, 'eval_runtime': 470.6838, 'eval_samples_per_second': 23.795, 'eval_steps_per_second': 1.487, 'epoch': 2.31}
{'loss': 0.3229, 'learning_rate': 0.0001576, 'epoch': 2.32}
{'loss': 0.3244, 'learning_rate': 0.00015680000000000002, 'epoch': 2.32}
{'eval_loss': 0.22236408293247223, 'eval_slot_type_f1': 0.8940545971885233, 'eval_slot_value_cer': 0.22209707147245547, 'eval_runtime': 470.9734, 'eval_samples_per_second': 23.781, 'eval_steps_per_second': 1.486, 'epoch': 2.32}
{'loss': 0.3101, 'learning_rate': 0.00015600000000000002, 'epoch': 2.33}
{'loss': 0.2904, 'learning_rate': 0.0001552, 'epoch': 2.34}
{'eval_loss': 0.24556435644626617, 'eval_slot_type_f1': 0.9062520143546899, 'eval_slot_value_cer': 0.22447778005324595, 'eval_runtime': 471.5484, 'eval_samples_per_second': 23.752, 'eval_steps_per_second': 1.484, 'epoch': 2.34}
{'loss': 0.3226, 'learning_rate': 0.0001544, 'epoch': 2.35}
{'loss': 0.3017, 'learning_rate': 0.00015360000000000002, 'epoch': 2.35}
{'eval_loss': 0.2287895828485489, 'eval_slot_type_f1': 0.9086187656589415, 'eval_slot_value_cer': 0.20933596149907843, 'eval_runtime': 472.0509, 'eval_samples_per_second': 23.726, 'eval_steps_per_second': 1.483, 'epoch': 2.35}
{'loss': 0.2989, 'learning_rate': 0.0001528, 'epoch': 2.36}
{'loss': 0.2904, 'learning_rate': 0.000152, 'epoch': 2.37}
{'eval_loss': 0.23008976876735687, 'eval_slot_type_f1': 0.9012748912793522, 'eval_slot_value_cer': 0.21636289166496006, 'eval_runtime': 469.1105, 'eval_samples_per_second': 23.875, 'eval_steps_per_second': 1.492, 'epoch': 2.37}
{'loss': 0.2823, 'learning_rate': 0.00015120000000000002, 'epoch': 2.38}
{'loss': 0.3009, 'learning_rate': 0.0001504, 'epoch': 2.38}
