====================
len of train: 209344
len of valid: 11200
len of test : 11200

 #Train: 209344, #Valid: 11200, #Test: 11200 
------>>> Trainable params(before freeze): 314778895
------>>> Trainable params(after  freeze): 3550351
{'loss': 7.752, 'learning_rate': 4.0000000000000003e-07, 'epoch': 0.01}
{'loss': 7.6726, 'learning_rate': 8.000000000000001e-07, 'epoch': 0.02}
-----------------------
{'slot_type_f1': 8.928571428571429e-05, 'slot_value_cer': 1.001795131066967}
{'eval_loss': 7.647650718688965, 'eval_slot_type_f1': 8.928571428571429e-05, 'eval_slot_value_cer': 1.001795131066967, 'eval_runtime': 1341.299, 'eval_samples_per_second': 8.35, 'eval_steps_per_second': 0.522, 'epoch': 0.02}
{'loss': 7.6699, 'learning_rate': 1.2000000000000002e-06, 'epoch': 0.02}
{'loss': 7.5607, 'learning_rate': 1.6000000000000001e-06, 'epoch': 0.03}
-----------------------
{'slot_type_f1': 0.0002232142857142857, 'slot_value_cer': 1.001523141511366}
{'eval_loss': 7.543123722076416, 'eval_slot_type_f1': 0.0002232142857142857, 'eval_slot_value_cer': 1.001523141511366, 'eval_runtime': 1259.7538, 'eval_samples_per_second': 8.891, 'eval_steps_per_second': 0.556, 'epoch': 0.03}
{'loss': 7.5597, 'learning_rate': 2.0000000000000003e-06, 'epoch': 0.04}
{'loss': 7.5059, 'learning_rate': 2.4000000000000003e-06, 'epoch': 0.05}
-----------------------
{'slot_type_f1': 0.0004821428571428572, 'slot_value_cer': 1.0015135418799919}
{'eval_loss': 7.368113994598389, 'eval_slot_type_f1': 0.0004821428571428572, 'eval_slot_value_cer': 1.0015135418799919, 'eval_runtime': 1302.0987, 'eval_samples_per_second': 8.601, 'eval_steps_per_second': 0.538, 'epoch': 0.05}
{'loss': 7.3568, 'learning_rate': 2.8000000000000003e-06, 'epoch': 0.05}
{'loss': 7.2862, 'learning_rate': 3.2000000000000003e-06, 'epoch': 0.06}
-----------------------
{'slot_type_f1': 0.00011479591836734693, 'slot_value_cer': 1.000543979111202}
{'eval_loss': 7.109769821166992, 'eval_slot_type_f1': 0.00011479591836734693, 'eval_slot_value_cer': 1.000543979111202, 'eval_runtime': 1258.8419, 'eval_samples_per_second': 8.897, 'eval_steps_per_second': 0.556, 'epoch': 0.06}
{'loss': 7.1473, 'learning_rate': 3.6000000000000003e-06, 'epoch': 0.07}
{'loss': 6.9854, 'learning_rate': 4.000000000000001e-06, 'epoch': 0.08}
-----------------------
{'slot_type_f1': 0.0, 'slot_value_cer': 1.0}
{'eval_loss': 6.736994743347168, 'eval_slot_type_f1': 0.0, 'eval_slot_value_cer': 1.0, 'eval_runtime': 1279.0134, 'eval_samples_per_second': 8.757, 'eval_steps_per_second': 0.547, 'epoch': 0.08}
{'loss': 6.7331, 'learning_rate': 4.4e-06, 'epoch': 0.08}
{'loss': 6.5177, 'learning_rate': 4.800000000000001e-06, 'epoch': 0.09}
-----------------------
{'slot_type_f1': 0.0, 'slot_value_cer': 1.0}
{'eval_loss': 6.179717540740967, 'eval_slot_type_f1': 0.0, 'eval_slot_value_cer': 1.0, 'eval_runtime': 1265.9994, 'eval_samples_per_second': 8.847, 'eval_steps_per_second': 0.553, 'epoch': 0.09}
{'loss': 6.1397, 'learning_rate': 5.2e-06, 'epoch': 0.1}
{'loss': 5.7894, 'learning_rate': 5.600000000000001e-06, 'epoch': 0.11}
-----------------------
{'slot_type_f1': 0.0, 'slot_value_cer': 1.0}
{'eval_loss': 5.372873783111572, 'eval_slot_type_f1': 0.0, 'eval_slot_value_cer': 1.0, 'eval_runtime': 1258.346, 'eval_samples_per_second': 8.901, 'eval_steps_per_second': 0.556, 'epoch': 0.11}
{'loss': 5.3227, 'learning_rate': 6e-06, 'epoch': 0.11}
{'loss': 4.8293, 'learning_rate': 6.4000000000000006e-06, 'epoch': 0.12}
-----------------------
{'slot_type_f1': 0.0, 'slot_value_cer': 1.0}
{'eval_loss': 4.475501537322998, 'eval_slot_type_f1': 0.0, 'eval_slot_value_cer': 1.0, 'eval_runtime': 1280.6921, 'eval_samples_per_second': 8.745, 'eval_steps_per_second': 0.547, 'epoch': 0.12}
{'loss': 4.4049, 'learning_rate': 6.800000000000001e-06, 'epoch': 0.13}
{'loss': 4.0396, 'learning_rate': 7.2000000000000005e-06, 'epoch': 0.14}
-----------------------
{'slot_type_f1': 0.0, 'slot_value_cer': 1.0}
{'eval_loss': 3.7058167457580566, 'eval_slot_type_f1': 0.0, 'eval_slot_value_cer': 1.0, 'eval_runtime': 1255.5412, 'eval_samples_per_second': 8.92, 'eval_steps_per_second': 0.558, 'epoch': 0.14}
{'loss': 3.688, 'learning_rate': 7.600000000000001e-06, 'epoch': 0.15}
{'loss': 3.4172, 'learning_rate': 8.000000000000001e-06, 'epoch': 0.15}
-----------------------
{'slot_type_f1': 0.0, 'slot_value_cer': 1.0}
{'eval_loss': 3.1744258403778076, 'eval_slot_type_f1': 0.0, 'eval_slot_value_cer': 1.0, 'eval_runtime': 1261.2194, 'eval_samples_per_second': 8.88, 'eval_steps_per_second': 0.555, 'epoch': 0.15}
{'loss': 3.1853, 'learning_rate': 8.400000000000001e-06, 'epoch': 0.16}
{'loss': 3.0426, 'learning_rate': 8.8e-06, 'epoch': 0.17}
-----------------------
{'slot_type_f1': 0.0, 'slot_value_cer': 1.0}
{'eval_loss': 2.9123432636260986, 'eval_slot_type_f1': 0.0, 'eval_slot_value_cer': 1.0, 'eval_runtime': 1253.2286, 'eval_samples_per_second': 8.937, 'eval_steps_per_second': 0.559, 'epoch': 0.17}
{'loss': 2.922, 'learning_rate': 9.200000000000002e-06, 'epoch': 0.18}
{'loss': 2.8832, 'learning_rate': 9.600000000000001e-06, 'epoch': 0.18}
-----------------------
{'slot_type_f1': 0.0, 'slot_value_cer': 1.0}
{'eval_loss': 2.8382747173309326, 'eval_slot_type_f1': 0.0, 'eval_slot_value_cer': 1.0, 'eval_runtime': 1275.7493, 'eval_samples_per_second': 8.779, 'eval_steps_per_second': 0.549, 'epoch': 0.18}
{'loss': 2.8628, 'learning_rate': 1e-05, 'epoch': 0.19}
{'loss': 2.8438, 'learning_rate': 1.04e-05, 'epoch': 0.2}
-----------------------
{'slot_type_f1': 0.0, 'slot_value_cer': 1.0}
{'eval_loss': 2.81904673576355, 'eval_slot_type_f1': 0.0, 'eval_slot_value_cer': 1.0, 'eval_runtime': 1256.8573, 'eval_samples_per_second': 8.911, 'eval_steps_per_second': 0.557, 'epoch': 0.2}
{'loss': 2.8411, 'learning_rate': 1.0800000000000002e-05, 'epoch': 0.21}
{'loss': 2.8335, 'learning_rate': 1.1200000000000001e-05, 'epoch': 0.21}
-----------------------
{'slot_type_f1': 0.0, 'slot_value_cer': 1.0}
{'eval_loss': 2.807933807373047, 'eval_slot_type_f1': 0.0, 'eval_slot_value_cer': 1.0, 'eval_runtime': 1277.1846, 'eval_samples_per_second': 8.769, 'eval_steps_per_second': 0.548, 'epoch': 0.21}
{'loss': 2.8287, 'learning_rate': 1.16e-05, 'epoch': 0.22}
{'loss': 2.8019, 'learning_rate': 1.2e-05, 'epoch': 0.23}
-----------------------
{'slot_type_f1': 0.0, 'slot_value_cer': 1.0}
{'eval_loss': 2.7963435649871826, 'eval_slot_type_f1': 0.0, 'eval_slot_value_cer': 1.0, 'eval_runtime': 1256.5422, 'eval_samples_per_second': 8.913, 'eval_steps_per_second': 0.557, 'epoch': 0.23}
{'loss': 2.8247, 'learning_rate': 1.2400000000000002e-05, 'epoch': 0.24}
{'loss': 2.8076, 'learning_rate': 1.2800000000000001e-05, 'epoch': 0.24}
-----------------------
{'slot_type_f1': 0.0, 'slot_value_cer': 1.0}
{'eval_loss': 2.776517391204834, 'eval_slot_type_f1': 0.0, 'eval_slot_value_cer': 1.0, 'eval_runtime': 1293.1196, 'eval_samples_per_second': 8.661, 'eval_steps_per_second': 0.541, 'epoch': 0.24}
{'loss': 2.7979, 'learning_rate': 1.3200000000000002e-05, 'epoch': 0.25}
{'loss': 2.7748, 'learning_rate': 1.3600000000000002e-05, 'epoch': 0.26}
-----------------------
{'slot_type_f1': 0.0, 'slot_value_cer': 1.0}
{'eval_loss': 2.747727155685425, 'eval_slot_type_f1': 0.0, 'eval_slot_value_cer': 1.0, 'eval_runtime': 1239.0132, 'eval_samples_per_second': 9.039, 'eval_steps_per_second': 0.565, 'epoch': 0.26}
{'loss': 2.7631, 'learning_rate': 1.4e-05, 'epoch': 0.27}
{'loss': 2.74, 'learning_rate': 1.4400000000000001e-05, 'epoch': 0.28}
-----------------------
{'slot_type_f1': 0.0, 'slot_value_cer': 1.0}
{'eval_loss': 2.692417860031128, 'eval_slot_type_f1': 0.0, 'eval_slot_value_cer': 1.0, 'eval_runtime': 1289.9893, 'eval_samples_per_second': 8.682, 'eval_steps_per_second': 0.543, 'epoch': 0.28}
{'loss': 2.7156, 'learning_rate': 1.48e-05, 'epoch': 0.28}
{'loss': 2.6768, 'learning_rate': 1.5200000000000002e-05, 'epoch': 0.29}
-----------------------
{'slot_type_f1': 0.0, 'slot_value_cer': 1.0}
{'eval_loss': 2.6147687435150146, 'eval_slot_type_f1': 0.0, 'eval_slot_value_cer': 1.0, 'eval_runtime': 1257.0513, 'eval_samples_per_second': 8.91, 'eval_steps_per_second': 0.557, 'epoch': 0.29}
{'loss': 2.6417, 'learning_rate': 1.5600000000000003e-05, 'epoch': 0.3}
{'loss': 2.58, 'learning_rate': 1.6000000000000003e-05, 'epoch': 0.31}
-----------------------
{'slot_type_f1': 0.0, 'slot_value_cer': 1.0}
{'eval_loss': 2.515705108642578, 'eval_slot_type_f1': 0.0, 'eval_slot_value_cer': 1.0, 'eval_runtime': 1292.8559, 'eval_samples_per_second': 8.663, 'eval_steps_per_second': 0.541, 'epoch': 0.31}
{'loss': 2.5347, 'learning_rate': 1.64e-05, 'epoch': 0.31}
{'loss': 2.4923, 'learning_rate': 1.6800000000000002e-05, 'epoch': 0.32}
-----------------------
{'slot_type_f1': 0.0, 'slot_value_cer': 1.0}
{'eval_loss': 2.413964033126831, 'eval_slot_type_f1': 0.0, 'eval_slot_value_cer': 1.0, 'eval_runtime': 1256.5511, 'eval_samples_per_second': 8.913, 'eval_steps_per_second': 0.557, 'epoch': 0.32}
{'loss': 2.4588, 'learning_rate': 1.72e-05, 'epoch': 0.33}
{'loss': 2.4039, 'learning_rate': 1.76e-05, 'epoch': 0.34}
-----------------------
{'slot_type_f1': 0.0, 'slot_value_cer': 1.0}
{'eval_loss': 2.3237366676330566, 'eval_slot_type_f1': 0.0, 'eval_slot_value_cer': 1.0, 'eval_runtime': 1299.1795, 'eval_samples_per_second': 8.621, 'eval_steps_per_second': 0.539, 'epoch': 0.34}
{'loss': 2.3654, 'learning_rate': 1.8e-05, 'epoch': 0.34}
{'loss': 2.3396, 'learning_rate': 1.8400000000000003e-05, 'epoch': 0.35}
-----------------------
{'slot_type_f1': 0.0, 'slot_value_cer': 1.0}
{'eval_loss': 2.2462258338928223, 'eval_slot_type_f1': 0.0, 'eval_slot_value_cer': 1.0, 'eval_runtime': 1262.868, 'eval_samples_per_second': 8.869, 'eval_steps_per_second': 0.554, 'epoch': 0.35}
{'loss': 2.3073, 'learning_rate': 1.88e-05, 'epoch': 0.36}
{'loss': 2.2667, 'learning_rate': 1.9200000000000003e-05, 'epoch': 0.37}
-----------------------
{'slot_type_f1': 0.0, 'slot_value_cer': 1.0}
{'eval_loss': 2.1821484565734863, 'eval_slot_type_f1': 0.0, 'eval_slot_value_cer': 1.0, 'eval_runtime': 1204.0309, 'eval_samples_per_second': 9.302, 'eval_steps_per_second': 0.581, 'epoch': 0.37}
{'loss': 2.2377, 'learning_rate': 1.9600000000000002e-05, 'epoch': 0.37}
{'loss': 2.2147, 'learning_rate': 2e-05, 'epoch': 0.38}
-----------------------
{'slot_type_f1': 0.0, 'slot_value_cer': 1.0}
{'eval_loss': 2.1264114379882812, 'eval_slot_type_f1': 0.0, 'eval_slot_value_cer': 1.0, 'eval_runtime': 1158.5917, 'eval_samples_per_second': 9.667, 'eval_steps_per_second': 0.604, 'epoch': 0.38}
{'loss': 2.2043, 'learning_rate': 2e-05, 'epoch': 0.39}
{'loss': 2.1581, 'learning_rate': 2e-05, 'epoch': 0.4}
-----------------------
{'slot_type_f1': 0.0, 'slot_value_cer': 1.0}
{'eval_loss': 2.081073045730591, 'eval_slot_type_f1': 0.0, 'eval_slot_value_cer': 1.0, 'eval_runtime': 1165.6532, 'eval_samples_per_second': 9.608, 'eval_steps_per_second': 0.601, 'epoch': 0.4}
{'loss': 2.1352, 'learning_rate': 2e-05, 'epoch': 0.41}
{'loss': 2.1293, 'learning_rate': 2e-05, 'epoch': 0.41}
-----------------------
{'slot_type_f1': 0.0, 'slot_value_cer': 1.0}
{'eval_loss': 2.0433011054992676, 'eval_slot_type_f1': 0.0, 'eval_slot_value_cer': 1.0, 'eval_runtime': 1164.1796, 'eval_samples_per_second': 9.621, 'eval_steps_per_second': 0.601, 'epoch': 0.41}
{'loss': 2.1289, 'learning_rate': 2e-05, 'epoch': 0.42}
{'loss': 2.1053, 'learning_rate': 2e-05, 'epoch': 0.43}
-----------------------
{'slot_type_f1': 0.0, 'slot_value_cer': 1.0}
{'eval_loss': 2.009935140609741, 'eval_slot_type_f1': 0.0, 'eval_slot_value_cer': 1.0, 'eval_runtime': 1174.5092, 'eval_samples_per_second': 9.536, 'eval_steps_per_second': 0.596, 'epoch': 0.43}
{'loss': 2.0842, 'learning_rate': 2e-05, 'epoch': 0.44}
{'loss': 2.0824, 'learning_rate': 2e-05, 'epoch': 0.44}
-----------------------
{'slot_type_f1': 0.0, 'slot_value_cer': 1.0}
{'eval_loss': 1.9874696731567383, 'eval_slot_type_f1': 0.0, 'eval_slot_value_cer': 1.0, 'eval_runtime': 1171.1003, 'eval_samples_per_second': 9.564, 'eval_steps_per_second': 0.598, 'epoch': 0.44}
{'loss': 2.0616, 'learning_rate': 2e-05, 'epoch': 0.45}
{'loss': 2.057, 'learning_rate': 2e-05, 'epoch': 0.46}
-----------------------
{'slot_type_f1': 0.0, 'slot_value_cer': 1.0}
{'eval_loss': 1.9619261026382446, 'eval_slot_type_f1': 0.0, 'eval_slot_value_cer': 1.0, 'eval_runtime': 1171.5774, 'eval_samples_per_second': 9.56, 'eval_steps_per_second': 0.597, 'epoch': 0.46}
{'loss': 2.0419, 'learning_rate': 2e-05, 'epoch': 0.47}
{'loss': 2.0428, 'learning_rate': 2e-05, 'epoch': 0.47}
-----------------------
{'slot_type_f1': 0.0, 'slot_value_cer': 1.0}
{'eval_loss': 1.947567343711853, 'eval_slot_type_f1': 0.0, 'eval_slot_value_cer': 1.0, 'eval_runtime': 1171.5868, 'eval_samples_per_second': 9.56, 'eval_steps_per_second': 0.597, 'epoch': 0.47}
{'loss': 2.0073, 'learning_rate': 2e-05, 'epoch': 0.48}
{'loss': 2.0278, 'learning_rate': 2e-05, 'epoch': 0.49}
-----------------------
{'slot_type_f1': 0.0, 'slot_value_cer': 1.0}
{'eval_loss': 1.92989182472229, 'eval_slot_type_f1': 0.0, 'eval_slot_value_cer': 1.0, 'eval_runtime': 1173.5994, 'eval_samples_per_second': 9.543, 'eval_steps_per_second': 0.596, 'epoch': 0.49}
{'loss': 1.9953, 'learning_rate': 2e-05, 'epoch': 0.5}
{'loss': 2.005, 'learning_rate': 2e-05, 'epoch': 0.5}
