====================
len of train: 209344
len of valid: 11200
len of test : 11200

 #Train: 209344, #Valid: 11200, #Test: 11200 
------>>> Trainable params(before freeze): 311375119
------>>> Trainable params(after  freeze): 311375119
{'loss': 7.566, 'learning_rate': 4.000000000000001e-06, 'epoch': 0.01}
{'loss': 6.0415, 'learning_rate': 8.000000000000001e-06, 'epoch': 0.02}
{'eval_loss': 4.239294052124023, 'eval_slot_type_f1': 0.0, 'eval_slot_value_cer': 1.0, 'eval_runtime': 463.8648, 'eval_samples_per_second': 24.145, 'eval_steps_per_second': 1.509, 'epoch': 0.02}
{'loss': 3.7776, 'learning_rate': 1.2e-05, 'epoch': 0.02}
{'loss': 3.1242, 'learning_rate': 1.6000000000000003e-05, 'epoch': 0.03}
{'eval_loss': 2.9308156967163086, 'eval_slot_type_f1': 0.0, 'eval_slot_value_cer': 1.0, 'eval_runtime': 444.5308, 'eval_samples_per_second': 25.195, 'eval_steps_per_second': 1.575, 'epoch': 0.03}
{'loss': 2.8914, 'learning_rate': 2e-05, 'epoch': 0.04}
{'loss': 2.8121, 'learning_rate': 2.4e-05, 'epoch': 0.05}
{'eval_loss': 2.7614080905914307, 'eval_slot_type_f1': 0.0, 'eval_slot_value_cer': 1.0, 'eval_runtime': 443.2315, 'eval_samples_per_second': 25.269, 'eval_steps_per_second': 1.579, 'epoch': 0.05}
{'loss': 2.7095, 'learning_rate': 2.8000000000000003e-05, 'epoch': 0.05}
{'loss': 2.5396, 'learning_rate': 3.2000000000000005e-05, 'epoch': 0.06}
{'eval_loss': 2.3263707160949707, 'eval_slot_type_f1': 0.0, 'eval_slot_value_cer': 1.0, 'eval_runtime': 444.0531, 'eval_samples_per_second': 25.222, 'eval_steps_per_second': 1.576, 'epoch': 0.06}
{'loss': 2.2707, 'learning_rate': 3.6e-05, 'epoch': 0.07}
{'loss': 1.8961, 'learning_rate': 4e-05, 'epoch': 0.08}
{'eval_loss': 1.5620404481887817, 'eval_slot_type_f1': 0.0, 'eval_slot_value_cer': 1.0, 'eval_runtime': 443.4295, 'eval_samples_per_second': 25.258, 'eval_steps_per_second': 1.579, 'epoch': 0.08}
{'loss': 1.6052, 'learning_rate': 4.4000000000000006e-05, 'epoch': 0.08}
{'loss': 1.445, 'learning_rate': 4.8e-05, 'epoch': 0.09}
{'eval_loss': 1.1915204524993896, 'eval_slot_type_f1': 0.0, 'eval_slot_value_cer': 1.0, 'eval_runtime': 442.5004, 'eval_samples_per_second': 25.311, 'eval_steps_per_second': 1.582, 'epoch': 0.09}
{'loss': 1.3292, 'learning_rate': 5.2000000000000004e-05, 'epoch': 0.1}
{'loss': 1.2304, 'learning_rate': 5.6000000000000006e-05, 'epoch': 0.11}
{'eval_loss': 0.9955800175666809, 'eval_slot_type_f1': 0.0, 'eval_slot_value_cer': 1.0, 'eval_runtime': 441.381, 'eval_samples_per_second': 25.375, 'eval_steps_per_second': 1.586, 'epoch': 0.11}
{'loss': 1.1648, 'learning_rate': 6e-05, 'epoch': 0.11}
{'loss': 1.114, 'learning_rate': 6.400000000000001e-05, 'epoch': 0.12}
{'eval_loss': 0.8733934760093689, 'eval_slot_type_f1': 0.008946428571428586, 'eval_slot_value_cer': 0.99744329817735, 'eval_runtime': 442.0819, 'eval_samples_per_second': 25.335, 'eval_steps_per_second': 1.583, 'epoch': 0.12}
{'loss': 1.0472, 'learning_rate': 6.800000000000001e-05, 'epoch': 0.13}
{'loss': 0.9802, 'learning_rate': 7.2e-05, 'epoch': 0.14}
{'eval_loss': 0.7635042667388916, 'eval_slot_type_f1': 0.16361238662131808, 'eval_slot_value_cer': 0.9362808468154823, 'eval_runtime': 442.6485, 'eval_samples_per_second': 25.302, 'eval_steps_per_second': 1.581, 'epoch': 0.14}
{'loss': 0.9439, 'learning_rate': 7.6e-05, 'epoch': 0.15}
{'loss': 0.8897, 'learning_rate': 8e-05, 'epoch': 0.15}
{'eval_loss': 0.7026652693748474, 'eval_slot_type_f1': 0.37736415816326185, 'eval_slot_value_cer': 0.8479738378046283, 'eval_runtime': 441.8393, 'eval_samples_per_second': 25.349, 'eval_steps_per_second': 1.584, 'epoch': 0.15}
{'loss': 0.8734, 'learning_rate': 8.4e-05, 'epoch': 0.16}
{'loss': 0.8572, 'learning_rate': 8.800000000000001e-05, 'epoch': 0.17}
{'eval_loss': 0.6262927055358887, 'eval_slot_type_f1': 0.4185860260771, 'eval_slot_value_cer': 0.8221220305140282, 'eval_runtime': 442.282, 'eval_samples_per_second': 25.323, 'eval_steps_per_second': 1.583, 'epoch': 0.17}
{'loss': 0.8022, 'learning_rate': 9.200000000000001e-05, 'epoch': 0.18}
{'loss': 0.7688, 'learning_rate': 9.6e-05, 'epoch': 0.18}
{'eval_loss': 0.6034840941429138, 'eval_slot_type_f1': 0.5435483276644186, 'eval_slot_value_cer': 0.7285416240016384, 'eval_runtime': 442.0982, 'eval_samples_per_second': 25.334, 'eval_steps_per_second': 1.583, 'epoch': 0.18}
{'loss': 0.7654, 'learning_rate': 0.0001, 'epoch': 0.19}
{'loss': 0.7212, 'learning_rate': 0.00010400000000000001, 'epoch': 0.2}
{'eval_loss': 0.5410997867584229, 'eval_slot_type_f1': 0.5540846088435583, 'eval_slot_value_cer': 0.6864504403030923, 'eval_runtime': 442.2844, 'eval_samples_per_second': 25.323, 'eval_steps_per_second': 1.583, 'epoch': 0.2}
{'loss': 0.7237, 'learning_rate': 0.00010800000000000001, 'epoch': 0.21}
{'loss': 0.7002, 'learning_rate': 0.00011200000000000001, 'epoch': 0.21}
{'eval_loss': 0.5236908197402954, 'eval_slot_type_f1': 0.629920087353152, 'eval_slot_value_cer': 0.6146579971329101, 'eval_runtime': 442.4407, 'eval_samples_per_second': 25.314, 'eval_steps_per_second': 1.582, 'epoch': 0.21}
{'loss': 0.6807, 'learning_rate': 0.000116, 'epoch': 0.22}
{'loss': 0.6711, 'learning_rate': 0.00012, 'epoch': 0.23}
{'eval_loss': 0.47890526056289673, 'eval_slot_type_f1': 0.6656682964852917, 'eval_slot_value_cer': 0.5828224196190867, 'eval_runtime': 442.8452, 'eval_samples_per_second': 25.291, 'eval_steps_per_second': 1.581, 'epoch': 0.23}
{'loss': 0.6433, 'learning_rate': 0.000124, 'epoch': 0.24}
{'loss': 0.6348, 'learning_rate': 0.00012800000000000002, 'epoch': 0.24}
{'eval_loss': 0.4658549427986145, 'eval_slot_type_f1': 0.7203336618738723, 'eval_slot_value_cer': 0.518386493958632, 'eval_runtime': 442.9717, 'eval_samples_per_second': 25.284, 'eval_steps_per_second': 1.58, 'epoch': 0.24}
{'loss': 0.6262, 'learning_rate': 0.000132, 'epoch': 0.25}
{'loss': 0.5948, 'learning_rate': 0.00013600000000000003, 'epoch': 0.26}
{'eval_loss': 0.42525625228881836, 'eval_slot_type_f1': 0.7387050865801156, 'eval_slot_value_cer': 0.4696299662092976, 'eval_runtime': 442.5551, 'eval_samples_per_second': 25.308, 'eval_steps_per_second': 1.582, 'epoch': 0.26}
{'loss': 0.599, 'learning_rate': 0.00014, 'epoch': 0.27}
{'loss': 0.5999, 'learning_rate': 0.000144, 'epoch': 0.28}
{'eval_loss': 0.435914009809494, 'eval_slot_type_f1': 0.7734690205627904, 'eval_slot_value_cer': 0.44467412451361865, 'eval_runtime': 442.6552, 'eval_samples_per_second': 25.302, 'eval_steps_per_second': 1.581, 'epoch': 0.28}
{'loss': 0.5994, 'learning_rate': 0.000148, 'epoch': 0.28}
{'loss': 0.5804, 'learning_rate': 0.000152, 'epoch': 0.29}
{'eval_loss': 0.4058322608470917, 'eval_slot_type_f1': 0.7657258232838824, 'eval_slot_value_cer': 0.4515154618062666, 'eval_runtime': 443.7314, 'eval_samples_per_second': 25.24, 'eval_steps_per_second': 1.578, 'epoch': 0.29}
{'loss': 0.5587, 'learning_rate': 0.00015600000000000002, 'epoch': 0.3}
{'loss': 0.5846, 'learning_rate': 0.00016, 'epoch': 0.31}
{'eval_loss': 0.4144916236400604, 'eval_slot_type_f1': 0.7592837980472203, 'eval_slot_value_cer': 0.44696843641204176, 'eval_runtime': 442.418, 'eval_samples_per_second': 25.315, 'eval_steps_per_second': 1.582, 'epoch': 0.31}
{'loss': 0.5539, 'learning_rate': 0.000164, 'epoch': 0.31}
{'loss': 0.5639, 'learning_rate': 0.000168, 'epoch': 0.32}
{'eval_loss': 0.4179092049598694, 'eval_slot_type_f1': 0.7728515125747486, 'eval_slot_value_cer': 0.43814957505631785, 'eval_runtime': 442.9619, 'eval_samples_per_second': 25.284, 'eval_steps_per_second': 1.58, 'epoch': 0.32}
{'loss': 0.5394, 'learning_rate': 0.000172, 'epoch': 0.33}
{'loss': 0.5567, 'learning_rate': 0.00017600000000000002, 'epoch': 0.34}
{'eval_loss': 0.38972777128219604, 'eval_slot_type_f1': 0.769423907441787, 'eval_slot_value_cer': 0.4399351064919107, 'eval_runtime': 442.9748, 'eval_samples_per_second': 25.284, 'eval_steps_per_second': 1.58, 'epoch': 0.34}
{'loss': 0.5415, 'learning_rate': 0.00018, 'epoch': 0.34}
{'loss': 0.5579, 'learning_rate': 0.00018400000000000003, 'epoch': 0.35}
{'eval_loss': 0.37260183691978455, 'eval_slot_type_f1': 0.7792880398371684, 'eval_slot_value_cer': 0.41630401392586525, 'eval_runtime': 442.6931, 'eval_samples_per_second': 25.3, 'eval_steps_per_second': 1.581, 'epoch': 0.35}
{'loss': 0.5625, 'learning_rate': 0.000188, 'epoch': 0.36}
{'loss': 0.5503, 'learning_rate': 0.000192, 'epoch': 0.37}
{'eval_loss': 0.38265132904052734, 'eval_slot_type_f1': 0.7776545106679277, 'eval_slot_value_cer': 0.42229738378046283, 'eval_runtime': 442.6756, 'eval_samples_per_second': 25.301, 'eval_steps_per_second': 1.581, 'epoch': 0.37}
{'loss': 0.537, 'learning_rate': 0.000196, 'epoch': 0.37}
{'loss': 0.5344, 'learning_rate': 0.0002, 'epoch': 0.38}
{'eval_loss': 0.4193885028362274, 'eval_slot_type_f1': 0.8056772379406445, 'eval_slot_value_cer': 0.3806157843538808, 'eval_runtime': 442.1894, 'eval_samples_per_second': 25.329, 'eval_steps_per_second': 1.583, 'epoch': 0.38}
{'loss': 0.5303, 'learning_rate': 0.0002, 'epoch': 0.39}
{'loss': 0.513, 'learning_rate': 0.0002, 'epoch': 0.4}
{'eval_loss': 0.37508589029312134, 'eval_slot_type_f1': 0.8321020601422473, 'eval_slot_value_cer': 0.37079536145812003, 'eval_runtime': 443.1866, 'eval_samples_per_second': 25.272, 'eval_steps_per_second': 1.579, 'epoch': 0.4}
{'loss': 0.5294, 'learning_rate': 0.0002, 'epoch': 0.41}
{'loss': 0.4935, 'learning_rate': 0.0002, 'epoch': 0.41}
{'eval_loss': 0.3911268711090088, 'eval_slot_type_f1': 0.8268038419913496, 'eval_slot_value_cer': 0.3624724810567274, 'eval_runtime': 442.6187, 'eval_samples_per_second': 25.304, 'eval_steps_per_second': 1.581, 'epoch': 0.41}
{'loss': 0.5319, 'learning_rate': 0.0002, 'epoch': 0.42}
{'loss': 0.5405, 'learning_rate': 0.0002, 'epoch': 0.43}
{'eval_loss': 0.375207781791687, 'eval_slot_type_f1': 0.8247342687074936, 'eval_slot_value_cer': 0.3522776725373746, 'eval_runtime': 442.6549, 'eval_samples_per_second': 25.302, 'eval_steps_per_second': 1.581, 'epoch': 0.43}
{'loss': 0.487, 'learning_rate': 0.0002, 'epoch': 0.44}
{'loss': 0.4893, 'learning_rate': 0.0002, 'epoch': 0.44}
{'eval_loss': 0.33610692620277405, 'eval_slot_type_f1': 0.8503931054065014, 'eval_slot_value_cer': 0.3284737866065943, 'eval_runtime': 442.2873, 'eval_samples_per_second': 25.323, 'eval_steps_per_second': 1.583, 'epoch': 0.44}
{'loss': 0.5183, 'learning_rate': 0.0002, 'epoch': 0.45}
{'loss': 0.5038, 'learning_rate': 0.0002, 'epoch': 0.46}
{'eval_loss': 0.3444884717464447, 'eval_slot_type_f1': 0.8476780050306884, 'eval_slot_value_cer': 0.3281729981568708, 'eval_runtime': 442.4141, 'eval_samples_per_second': 25.316, 'eval_steps_per_second': 1.582, 'epoch': 0.46}
{'loss': 0.4958, 'learning_rate': 0.0002, 'epoch': 0.47}
{'loss': 0.4878, 'learning_rate': 0.0002, 'epoch': 0.47}
{'eval_loss': 0.33765408396720886, 'eval_slot_type_f1': 0.852290764790768, 'eval_slot_value_cer': 0.3193701361867704, 'eval_runtime': 442.3286, 'eval_samples_per_second': 25.321, 'eval_steps_per_second': 1.583, 'epoch': 0.47}
{'loss': 0.4821, 'learning_rate': 0.0002, 'epoch': 0.48}
{'loss': 0.4732, 'learning_rate': 0.0002, 'epoch': 0.49}
{'eval_loss': 0.3334932029247284, 'eval_slot_type_f1': 0.8378775059266209, 'eval_slot_value_cer': 0.3212772629531026, 'eval_runtime': 442.3752, 'eval_samples_per_second': 25.318, 'eval_steps_per_second': 1.582, 'epoch': 0.49}
{'loss': 0.4731, 'learning_rate': 0.0002, 'epoch': 0.5}
{'loss': 0.4565, 'learning_rate': 0.0002, 'epoch': 0.5}
{'eval_loss': 0.3421482443809509, 'eval_slot_type_f1': 0.8577542710265974, 'eval_slot_value_cer': 0.3106696702846611, 'eval_runtime': 442.0445, 'eval_samples_per_second': 25.337, 'eval_steps_per_second': 1.584, 'epoch': 0.5}
{'loss': 0.4478, 'learning_rate': 0.0002, 'epoch': 0.51}
{'loss': 0.4588, 'learning_rate': 0.0002, 'epoch': 0.52}
{'eval_loss': 0.3270779848098755, 'eval_slot_type_f1': 0.8534714105339138, 'eval_slot_value_cer': 0.31572547614171614, 'eval_runtime': 442.8693, 'eval_samples_per_second': 25.29, 'eval_steps_per_second': 1.581, 'epoch': 0.52}
{'loss': 0.4629, 'learning_rate': 0.0002, 'epoch': 0.53}
{'loss': 0.44, 'learning_rate': 0.0002, 'epoch': 0.54}
{'eval_loss': 0.3288070261478424, 'eval_slot_type_f1': 0.8673165262317082, 'eval_slot_value_cer': 0.3012588316608642, 'eval_runtime': 442.6406, 'eval_samples_per_second': 25.303, 'eval_steps_per_second': 1.581, 'epoch': 0.54}
{'loss': 0.4576, 'learning_rate': 0.0002, 'epoch': 0.54}
{'loss': 0.4521, 'learning_rate': 0.0002, 'epoch': 0.55}
{'eval_loss': 0.32277172803878784, 'eval_slot_type_f1': 0.8675438346375896, 'eval_slot_value_cer': 0.2949742729879173, 'eval_runtime': 442.147, 'eval_samples_per_second': 25.331, 'eval_steps_per_second': 1.583, 'epoch': 0.55}
{'loss': 0.4259, 'learning_rate': 0.0002, 'epoch': 0.56}
{'loss': 0.4314, 'learning_rate': 0.0002, 'epoch': 0.57}
{'eval_loss': 0.3233668804168701, 'eval_slot_type_f1': 0.8694317730880272, 'eval_slot_value_cer': 0.2969517970509932, 'eval_runtime': 442.3859, 'eval_samples_per_second': 25.317, 'eval_steps_per_second': 1.582, 'epoch': 0.57}
{'loss': 0.4448, 'learning_rate': 0.0002, 'epoch': 0.57}
{'loss': 0.4239, 'learning_rate': 0.0002, 'epoch': 0.58}
{'eval_loss': 0.30018869042396545, 'eval_slot_type_f1': 0.873767998866215, 'eval_slot_value_cer': 0.28418108744624204, 'eval_runtime': 442.0311, 'eval_samples_per_second': 25.338, 'eval_steps_per_second': 1.584, 'epoch': 0.58}
{'loss': 0.4484, 'learning_rate': 0.0002, 'epoch': 0.59}
{'loss': 0.4416, 'learning_rate': 0.0002, 'epoch': 0.6}
{'eval_loss': 0.304195761680603, 'eval_slot_type_f1': 0.8750285314883549, 'eval_slot_value_cer': 0.28487226090518125, 'eval_runtime': 442.2036, 'eval_samples_per_second': 25.328, 'eval_steps_per_second': 1.583, 'epoch': 0.6}
{'loss': 0.4087, 'learning_rate': 0.0002, 'epoch': 0.6}
{'loss': 0.4274, 'learning_rate': 0.0002, 'epoch': 0.61}
{'eval_loss': 0.2936398983001709, 'eval_slot_type_f1': 0.8717382756132778, 'eval_slot_value_cer': 0.2698424380503789, 'eval_runtime': 441.0263, 'eval_samples_per_second': 25.395, 'eval_steps_per_second': 1.587, 'epoch': 0.61}
{'loss': 0.4341, 'learning_rate': 0.0002, 'epoch': 0.62}
{'loss': 0.4382, 'learning_rate': 0.0002, 'epoch': 0.63}
{'eval_loss': 0.2861603796482086, 'eval_slot_type_f1': 0.8844056092716809, 'eval_slot_value_cer': 0.25673894122465696, 'eval_runtime': 441.8048, 'eval_samples_per_second': 25.351, 'eval_steps_per_second': 1.584, 'epoch': 0.63}
{'loss': 0.4127, 'learning_rate': 0.0002, 'epoch': 0.63}
{'loss': 0.403, 'learning_rate': 0.0002, 'epoch': 0.64}
{'eval_loss': 0.29157859086990356, 'eval_slot_type_f1': 0.8823623018846238, 'eval_slot_value_cer': 0.26492422690968664, 'eval_runtime': 441.5027, 'eval_samples_per_second': 25.368, 'eval_steps_per_second': 1.585, 'epoch': 0.64}
{'loss': 0.3993, 'learning_rate': 0.0002, 'epoch': 0.65}
{'loss': 0.4075, 'learning_rate': 0.0002, 'epoch': 0.66}
{'eval_loss': 0.2925569713115692, 'eval_slot_type_f1': 0.8723824984539292, 'eval_slot_value_cer': 0.27134958017612126, 'eval_runtime': 441.559, 'eval_samples_per_second': 25.365, 'eval_steps_per_second': 1.585, 'epoch': 0.66}
{'loss': 0.3983, 'learning_rate': 0.0002, 'epoch': 0.66}
{'loss': 0.4291, 'learning_rate': 0.0002, 'epoch': 0.67}
{'eval_loss': 0.2771141231060028, 'eval_slot_type_f1': 0.8879052643784782, 'eval_slot_value_cer': 0.26361227728855213, 'eval_runtime': 441.0284, 'eval_samples_per_second': 25.395, 'eval_steps_per_second': 1.587, 'epoch': 0.67}
{'loss': 0.426, 'learning_rate': 0.0002, 'epoch': 0.68}
{'loss': 0.4027, 'learning_rate': 0.0002, 'epoch': 0.69}
{'eval_loss': 0.29491257667541504, 'eval_slot_type_f1': 0.8908393308080776, 'eval_slot_value_cer': 0.2600092156461192, 'eval_runtime': 441.6737, 'eval_samples_per_second': 25.358, 'eval_steps_per_second': 1.585, 'epoch': 0.69}
{'loss': 0.4057, 'learning_rate': 0.0002, 'epoch': 0.7}
{'loss': 0.3948, 'learning_rate': 0.0002, 'epoch': 0.7}
{'eval_loss': 0.30570274591445923, 'eval_slot_type_f1': 0.8934893088062703, 'eval_slot_value_cer': 0.24693451771451977, 'eval_runtime': 441.1313, 'eval_samples_per_second': 25.389, 'eval_steps_per_second': 1.587, 'epoch': 0.7}
{'loss': 0.3864, 'learning_rate': 0.0002, 'epoch': 0.71}
{'loss': 0.3665, 'learning_rate': 0.0002, 'epoch': 0.72}
{'eval_loss': 0.2931831181049347, 'eval_slot_type_f1': 0.8840055143269437, 'eval_slot_value_cer': 0.27350949723530615, 'eval_runtime': 441.2559, 'eval_samples_per_second': 25.382, 'eval_steps_per_second': 1.586, 'epoch': 0.72}
{'loss': 0.3845, 'learning_rate': 0.0002, 'epoch': 0.73}
{'loss': 0.3697, 'learning_rate': 0.0002, 'epoch': 0.73}
{'eval_loss': 0.29758530855178833, 'eval_slot_type_f1': 0.8926160005668909, 'eval_slot_value_cer': 0.26458823981159124, 'eval_runtime': 440.3518, 'eval_samples_per_second': 25.434, 'eval_steps_per_second': 1.59, 'epoch': 0.73}
{'loss': 0.4044, 'learning_rate': 0.0002, 'epoch': 0.74}
{'loss': 0.3701, 'learning_rate': 0.0002, 'epoch': 0.75}
{'eval_loss': 0.27877315878868103, 'eval_slot_type_f1': 0.8941525245587743, 'eval_slot_value_cer': 0.2484512594716363, 'eval_runtime': 441.2511, 'eval_samples_per_second': 25.382, 'eval_steps_per_second': 1.586, 'epoch': 0.75}
{'loss': 0.3744, 'learning_rate': 0.0002, 'epoch': 0.76}
{'loss': 0.3794, 'learning_rate': 0.0002, 'epoch': 0.76}
{'eval_loss': 0.275603711605072, 'eval_slot_type_f1': 0.8957375214071622, 'eval_slot_value_cer': 0.24576336268687282, 'eval_runtime': 441.3009, 'eval_samples_per_second': 25.38, 'eval_steps_per_second': 1.586, 'epoch': 0.76}
{'loss': 0.3817, 'learning_rate': 0.0002, 'epoch': 0.77}
{'loss': 0.3985, 'learning_rate': 0.0002, 'epoch': 0.78}
{'eval_loss': 0.27542582154273987, 'eval_slot_type_f1': 0.8922182267137616, 'eval_slot_value_cer': 0.2561949621134548, 'eval_runtime': 441.9033, 'eval_samples_per_second': 25.345, 'eval_steps_per_second': 1.584, 'epoch': 0.78}
{'loss': 0.386, 'learning_rate': 0.0002, 'epoch': 0.79}
{'loss': 0.39, 'learning_rate': 0.0002, 'epoch': 0.79}
{'eval_loss': 0.25956812500953674, 'eval_slot_type_f1': 0.8882687193758604, 'eval_slot_value_cer': 0.2543806317837395, 'eval_runtime': 440.9586, 'eval_samples_per_second': 25.399, 'eval_steps_per_second': 1.587, 'epoch': 0.79}
{'loss': 0.3878, 'learning_rate': 0.0002, 'epoch': 0.8}
{'loss': 0.3848, 'learning_rate': 0.0002, 'epoch': 0.81}
{'eval_loss': 0.26888465881347656, 'eval_slot_type_f1': 0.9029802414847032, 'eval_slot_value_cer': 0.2387748310464878, 'eval_runtime': 441.524, 'eval_samples_per_second': 25.367, 'eval_steps_per_second': 1.585, 'epoch': 0.81}
{'loss': 0.3676, 'learning_rate': 0.0002, 'epoch': 0.82}
{'loss': 0.3688, 'learning_rate': 0.0002, 'epoch': 0.83}
{'eval_loss': 0.27150535583496094, 'eval_slot_type_f1': 0.9051020006778899, 'eval_slot_value_cer': 0.23471738685234486, 'eval_runtime': 441.8, 'eval_samples_per_second': 25.351, 'eval_steps_per_second': 1.584, 'epoch': 0.83}
{'loss': 0.3747, 'learning_rate': 0.0002, 'epoch': 0.83}
{'loss': 0.3729, 'learning_rate': 0.0002, 'epoch': 0.84}
{'eval_loss': 0.2727963626384735, 'eval_slot_type_f1': 0.896165991746349, 'eval_slot_value_cer': 0.24687372004915012, 'eval_runtime': 441.1726, 'eval_samples_per_second': 25.387, 'eval_steps_per_second': 1.587, 'epoch': 0.84}
{'loss': 0.3709, 'learning_rate': 0.0002, 'epoch': 0.85}
{'loss': 0.3609, 'learning_rate': 0.0002, 'epoch': 0.86}
{'eval_loss': 0.27072909474372864, 'eval_slot_type_f1': 0.9009681295886631, 'eval_slot_value_cer': 0.24078115400368627, 'eval_runtime': 440.6703, 'eval_samples_per_second': 25.416, 'eval_steps_per_second': 1.588, 'epoch': 0.86}
{'loss': 0.3564, 'learning_rate': 0.0002, 'epoch': 0.86}
{'loss': 0.3601, 'learning_rate': 0.0002, 'epoch': 0.87}
{'eval_loss': 0.2796401083469391, 'eval_slot_type_f1': 0.893891835347189, 'eval_slot_value_cer': 0.2571389258652468, 'eval_runtime': 440.7008, 'eval_samples_per_second': 25.414, 'eval_steps_per_second': 1.588, 'epoch': 0.87}
{'loss': 0.3547, 'learning_rate': 0.0002, 'epoch': 0.88}
{'loss': 0.3729, 'learning_rate': 0.0002, 'epoch': 0.89}
{'eval_loss': 0.26282721757888794, 'eval_slot_type_f1': 0.8981883904785651, 'eval_slot_value_cer': 0.2427490784353881, 'eval_runtime': 441.5199, 'eval_samples_per_second': 25.367, 'eval_steps_per_second': 1.585, 'epoch': 0.89}
{'loss': 0.3647, 'learning_rate': 0.0002, 'epoch': 0.89}
{'loss': 0.3711, 'learning_rate': 0.0002, 'epoch': 0.9}
{'eval_loss': 0.26316431164741516, 'eval_slot_type_f1': 0.891301616538223, 'eval_slot_value_cer': 0.2499136033176326, 'eval_runtime': 441.4804, 'eval_samples_per_second': 25.369, 'eval_steps_per_second': 1.586, 'epoch': 0.9}
{'loss': 0.3481, 'learning_rate': 0.0002, 'epoch': 0.91}
{'loss': 0.3621, 'learning_rate': 0.0002, 'epoch': 0.92}
{'eval_loss': 0.2672698199748993, 'eval_slot_type_f1': 0.9034007158516061, 'eval_slot_value_cer': 0.23347583452795412, 'eval_runtime': 441.085, 'eval_samples_per_second': 25.392, 'eval_steps_per_second': 1.587, 'epoch': 0.92}
{'loss': 0.3705, 'learning_rate': 0.0002, 'epoch': 0.92}
{'loss': 0.3413, 'learning_rate': 0.0002, 'epoch': 0.93}
{'eval_loss': 0.2670910060405731, 'eval_slot_type_f1': 0.9057973326276858, 'eval_slot_value_cer': 0.2360933340159738, 'eval_runtime': 441.8013, 'eval_samples_per_second': 25.351, 'eval_steps_per_second': 1.584, 'epoch': 0.93}
{'loss': 0.3439, 'learning_rate': 0.0002, 'epoch': 0.94}
{'loss': 0.3675, 'learning_rate': 0.0002, 'epoch': 0.95}
{'eval_loss': 0.2737114429473877, 'eval_slot_type_f1': 0.888830496388532, 'eval_slot_value_cer': 0.25372465697317226, 'eval_runtime': 441.3661, 'eval_samples_per_second': 25.376, 'eval_steps_per_second': 1.586, 'epoch': 0.95}
{'loss': 0.3624, 'learning_rate': 0.0002, 'epoch': 0.96}
{'loss': 0.3625, 'learning_rate': 0.0002, 'epoch': 0.96}
{'eval_loss': 0.26238834857940674, 'eval_slot_type_f1': 0.9013706358125984, 'eval_slot_value_cer': 0.22797204587343847, 'eval_runtime': 441.065, 'eval_samples_per_second': 25.393, 'eval_steps_per_second': 1.587, 'epoch': 0.96}
{'loss': 0.3504, 'learning_rate': 0.0002, 'epoch': 0.97}
{'loss': 0.35, 'learning_rate': 0.0002, 'epoch': 0.98}
{'eval_loss': 0.25672397017478943, 'eval_slot_type_f1': 0.9091752285412984, 'eval_slot_value_cer': 0.220090748515257, 'eval_runtime': 440.985, 'eval_samples_per_second': 25.398, 'eval_steps_per_second': 1.587, 'epoch': 0.98}
{'loss': 0.3519, 'learning_rate': 0.0002, 'epoch': 0.99}
{'loss': 0.3552, 'learning_rate': 0.0002, 'epoch': 0.99}
{'eval_loss': 0.2791282534599304, 'eval_slot_type_f1': 0.9018619946521724, 'eval_slot_value_cer': 0.24357784661069015, 'eval_runtime': 441.2227, 'eval_samples_per_second': 25.384, 'eval_steps_per_second': 1.587, 'epoch': 0.99}
{'loss': 0.3503, 'learning_rate': 0.0002, 'epoch': 1.0}
{'loss': 0.3374, 'learning_rate': 0.0002, 'epoch': 1.01}
{'eval_loss': 0.26212525367736816, 'eval_slot_type_f1': 0.9066561925177976, 'eval_slot_value_cer': 0.23388221892279337, 'eval_runtime': 442.3719, 'eval_samples_per_second': 25.318, 'eval_steps_per_second': 1.582, 'epoch': 1.01}
{'loss': 0.3263, 'learning_rate': 0.0002, 'epoch': 1.02}
{'loss': 0.3445, 'learning_rate': 0.0002, 'epoch': 1.02}
{'eval_loss': 0.2758979797363281, 'eval_slot_type_f1': 0.9043208027091937, 'eval_slot_value_cer': 0.22094511570755682, 'eval_runtime': 441.2899, 'eval_samples_per_second': 25.38, 'eval_steps_per_second': 1.586, 'epoch': 1.02}
{'loss': 0.3391, 'learning_rate': 0.0002, 'epoch': 1.03}
{'loss': 0.3559, 'learning_rate': 0.0002, 'epoch': 1.04}
{'eval_loss': 0.2845146656036377, 'eval_slot_type_f1': 0.9067617828599965, 'eval_slot_value_cer': 0.22837203051402827, 'eval_runtime': 441.9542, 'eval_samples_per_second': 25.342, 'eval_steps_per_second': 1.584, 'epoch': 1.04}
{'loss': 0.3301, 'learning_rate': 0.0002, 'epoch': 1.05}
{'loss': 0.3165, 'learning_rate': 0.0002, 'epoch': 1.05}
{'eval_loss': 0.2580264210700989, 'eval_slot_type_f1': 0.9048319730864343, 'eval_slot_value_cer': 0.226624897603932, 'eval_runtime': 440.6185, 'eval_samples_per_second': 25.419, 'eval_steps_per_second': 1.589, 'epoch': 1.05}
{'loss': 0.352, 'learning_rate': 0.0002, 'epoch': 1.06}
{'loss': 0.3378, 'learning_rate': 0.0002, 'epoch': 1.07}
{'eval_loss': 0.26732978224754333, 'eval_slot_type_f1': 0.9116226625556971, 'eval_slot_value_cer': 0.22386980339954946, 'eval_runtime': 439.8604, 'eval_samples_per_second': 25.463, 'eval_steps_per_second': 1.591, 'epoch': 1.07}
{'loss': 0.343, 'learning_rate': 0.0002, 'epoch': 1.08}
{'loss': 0.3485, 'learning_rate': 0.0002, 'epoch': 1.09}
{'eval_loss': 0.26320880651474, 'eval_slot_type_f1': 0.9065144191126328, 'eval_slot_value_cer': 0.22305383473274626, 'eval_runtime': 441.1575, 'eval_samples_per_second': 25.388, 'eval_steps_per_second': 1.587, 'epoch': 1.09}
{'loss': 0.3292, 'learning_rate': 0.0002, 'epoch': 1.09}
{'loss': 0.3043, 'learning_rate': 0.0002, 'epoch': 1.1}
{'eval_loss': 0.2655317783355713, 'eval_slot_type_f1': 0.9064813762626235, 'eval_slot_value_cer': 0.23226948085193527, 'eval_runtime': 440.6004, 'eval_samples_per_second': 25.42, 'eval_steps_per_second': 1.589, 'epoch': 1.1}
{'loss': 0.3279, 'learning_rate': 0.0002, 'epoch': 1.11}
{'loss': 0.3303, 'learning_rate': 0.0002, 'epoch': 1.12}
{'eval_loss': 0.24604222178459167, 'eval_slot_type_f1': 0.9106454492927692, 'eval_slot_value_cer': 0.21811322445218104, 'eval_runtime': 440.7144, 'eval_samples_per_second': 25.413, 'eval_steps_per_second': 1.588, 'epoch': 1.12}
{'loss': 0.3187, 'learning_rate': 0.0002, 'epoch': 1.12}
{'loss': 0.3367, 'learning_rate': 0.0002, 'epoch': 1.13}
{'eval_loss': 0.24998949468135834, 'eval_slot_type_f1': 0.9074499523294154, 'eval_slot_value_cer': 0.2212491040344051, 'eval_runtime': 441.2684, 'eval_samples_per_second': 25.381, 'eval_steps_per_second': 1.586, 'epoch': 1.13}
{'loss': 0.3216, 'learning_rate': 0.0002, 'epoch': 1.14}
{'loss': 0.3414, 'learning_rate': 0.0002, 'epoch': 1.15}
{'eval_loss': 0.2652635872364044, 'eval_slot_type_f1': 0.9134752861226054, 'eval_slot_value_cer': 0.21570051710014335, 'eval_runtime': 440.6994, 'eval_samples_per_second': 25.414, 'eval_steps_per_second': 1.588, 'epoch': 1.15}
{'loss': 0.3194, 'learning_rate': 0.0002, 'epoch': 1.15}
{'loss': 0.3256, 'learning_rate': 0.0002, 'epoch': 1.16}
{'eval_loss': 0.25915080308914185, 'eval_slot_type_f1': 0.9084181384092074, 'eval_slot_value_cer': 0.21905078844972353, 'eval_runtime': 441.4299, 'eval_samples_per_second': 25.372, 'eval_steps_per_second': 1.586, 'epoch': 1.16}
{'loss': 0.3484, 'learning_rate': 0.0002, 'epoch': 1.17}
{'loss': 0.3215, 'learning_rate': 0.0002, 'epoch': 1.18}
{'eval_loss': 0.2548258900642395, 'eval_slot_type_f1': 0.9161991307303775, 'eval_slot_value_cer': 0.21177426786811387, 'eval_runtime': 441.2096, 'eval_samples_per_second': 25.385, 'eval_steps_per_second': 1.587, 'epoch': 1.18}
{'loss': 0.2908, 'learning_rate': 0.0002, 'epoch': 1.18}
{'loss': 0.3145, 'learning_rate': 0.0002, 'epoch': 1.19}
{'eval_loss': 0.2606510519981384, 'eval_slot_type_f1': 0.9115298139360617, 'eval_slot_value_cer': 0.22569693323776366, 'eval_runtime': 441.3018, 'eval_samples_per_second': 25.379, 'eval_steps_per_second': 1.586, 'epoch': 1.19}
{'loss': 0.3239, 'learning_rate': 0.0002, 'epoch': 1.2}
{'loss': 0.3107, 'learning_rate': 0.0002, 'epoch': 1.21}
{'eval_loss': 0.2496664822101593, 'eval_slot_type_f1': 0.9076064605037791, 'eval_slot_value_cer': 0.22003315072701207, 'eval_runtime': 441.5614, 'eval_samples_per_second': 25.365, 'eval_steps_per_second': 1.585, 'epoch': 1.21}
{'loss': 0.3342, 'learning_rate': 0.0002, 'epoch': 1.22}
{'loss': 0.3208, 'learning_rate': 0.0002, 'epoch': 1.22}
{'eval_loss': 0.24079956114292145, 'eval_slot_type_f1': 0.9111589888286281, 'eval_slot_value_cer': 0.21384138849068196, 'eval_runtime': 442.6089, 'eval_samples_per_second': 25.305, 'eval_steps_per_second': 1.582, 'epoch': 1.22}
{'loss': 0.3158, 'learning_rate': 0.0002, 'epoch': 1.23}
{'loss': 0.3036, 'learning_rate': 0.0002, 'epoch': 1.24}
{'eval_loss': 0.25426730513572693, 'eval_slot_type_f1': 0.9142816157057202, 'eval_slot_value_cer': 0.2187851986483719, 'eval_runtime': 443.4129, 'eval_samples_per_second': 25.259, 'eval_steps_per_second': 1.579, 'epoch': 1.24}
{'loss': 0.3107, 'learning_rate': 0.0002, 'epoch': 1.25}
{'loss': 0.309, 'learning_rate': 0.0002, 'epoch': 1.25}
{'eval_loss': 0.24851423501968384, 'eval_slot_type_f1': 0.9071227913951118, 'eval_slot_value_cer': 0.22093551607618267, 'eval_runtime': 444.6185, 'eval_samples_per_second': 25.19, 'eval_steps_per_second': 1.574, 'epoch': 1.25}
{'loss': 0.3143, 'learning_rate': 0.0002, 'epoch': 1.26}
{'loss': 0.3105, 'learning_rate': 0.0002, 'epoch': 1.27}
{'eval_loss': 0.26974719762802124, 'eval_slot_type_f1': 0.9132260011813549, 'eval_slot_value_cer': 0.21340300532459552, 'eval_runtime': 444.5104, 'eval_samples_per_second': 25.196, 'eval_steps_per_second': 1.575, 'epoch': 1.27}
{'loss': 0.3014, 'learning_rate': 0.0002, 'epoch': 1.28}
{'loss': 0.2987, 'learning_rate': 0.0002, 'epoch': 1.28}
{'eval_loss': 0.24578936398029327, 'eval_slot_type_f1': 0.9059559592193513, 'eval_slot_value_cer': 0.21382538910505836, 'eval_runtime': 443.0164, 'eval_samples_per_second': 25.281, 'eval_steps_per_second': 1.58, 'epoch': 1.28}
{'loss': 0.3219, 'learning_rate': 0.0002, 'epoch': 1.29}
{'loss': 0.3051, 'learning_rate': 0.0002, 'epoch': 1.3}
{'eval_loss': 0.2506890296936035, 'eval_slot_type_f1': 0.9224587431417783, 'eval_slot_value_cer': 0.20069629326233873, 'eval_runtime': 441.8807, 'eval_samples_per_second': 25.346, 'eval_steps_per_second': 1.584, 'epoch': 1.3}
{'loss': 0.3095, 'learning_rate': 0.0002, 'epoch': 1.31}
{'loss': 0.2951, 'learning_rate': 0.0002, 'epoch': 1.31}
{'eval_loss': 0.24125346541404724, 'eval_slot_type_f1': 0.9191794802419775, 'eval_slot_value_cer': 0.21236304525906205, 'eval_runtime': 444.3439, 'eval_samples_per_second': 25.206, 'eval_steps_per_second': 1.575, 'epoch': 1.31}
{'loss': 0.2993, 'learning_rate': 0.0002, 'epoch': 1.32}
{'loss': 0.3115, 'learning_rate': 0.0002, 'epoch': 1.33}
{'eval_loss': 0.29860958456993103, 'eval_slot_type_f1': 0.9156250133794748, 'eval_slot_value_cer': 0.21095509932418596, 'eval_runtime': 446.2266, 'eval_samples_per_second': 25.099, 'eval_steps_per_second': 1.569, 'epoch': 1.33}
{'loss': 0.3199, 'learning_rate': 0.0002, 'epoch': 1.34}
{'loss': 0.2925, 'learning_rate': 0.0002, 'epoch': 1.35}
{'eval_loss': 0.2405312955379486, 'eval_slot_type_f1': 0.9233858581894281, 'eval_slot_value_cer': 0.20128827053041162, 'eval_runtime': 447.8525, 'eval_samples_per_second': 25.008, 'eval_steps_per_second': 1.563, 'epoch': 1.35}
{'loss': 0.2995, 'learning_rate': 0.0002, 'epoch': 1.35}
{'loss': 0.3063, 'learning_rate': 0.0002, 'epoch': 1.36}
{'eval_loss': 0.23450827598571777, 'eval_slot_type_f1': 0.9139479131979119, 'eval_slot_value_cer': 0.2177420387057137, 'eval_runtime': 448.3089, 'eval_samples_per_second': 24.983, 'eval_steps_per_second': 1.561, 'epoch': 1.36}
{'loss': 0.3024, 'learning_rate': 0.0002, 'epoch': 1.37}
{'loss': 0.3039, 'learning_rate': 0.0002, 'epoch': 1.38}
{'eval_loss': 0.24872635304927826, 'eval_slot_type_f1': 0.9048786149366478, 'eval_slot_value_cer': 0.22220266741757116, 'eval_runtime': 446.5689, 'eval_samples_per_second': 25.08, 'eval_steps_per_second': 1.568, 'epoch': 1.38}
{'loss': 0.3083, 'learning_rate': 0.0002, 'epoch': 1.38}
{'loss': 0.3019, 'learning_rate': 0.0002, 'epoch': 1.39}
{'eval_loss': 0.26570630073547363, 'eval_slot_type_f1': 0.9105665108700804, 'eval_slot_value_cer': 0.22088431804218717, 'eval_runtime': 446.7506, 'eval_samples_per_second': 25.07, 'eval_steps_per_second': 1.567, 'epoch': 1.39}
{'loss': 0.316, 'learning_rate': 0.0002, 'epoch': 1.4}
{'loss': 0.2866, 'learning_rate': 0.0002, 'epoch': 1.41}
{'eval_loss': 0.23845484852790833, 'eval_slot_type_f1': 0.9192939466287656, 'eval_slot_value_cer': 0.21129748617653082, 'eval_runtime': 446.4644, 'eval_samples_per_second': 25.086, 'eval_steps_per_second': 1.568, 'epoch': 1.41}
{'loss': 0.2969, 'learning_rate': 0.0002, 'epoch': 1.41}
{'loss': 0.2946, 'learning_rate': 0.0002, 'epoch': 1.42}
{'eval_loss': 0.22895754873752594, 'eval_slot_type_f1': 0.9173219647416044, 'eval_slot_value_cer': 0.20770402416547204, 'eval_runtime': 445.6562, 'eval_samples_per_second': 25.131, 'eval_steps_per_second': 1.571, 'epoch': 1.42}
{'loss': 0.2817, 'learning_rate': 0.0002, 'epoch': 1.43}
{'loss': 0.3019, 'learning_rate': 0.0002, 'epoch': 1.44}
{'eval_loss': 0.23706983029842377, 'eval_slot_type_f1': 0.9106428259240735, 'eval_slot_value_cer': 0.21849400983002254, 'eval_runtime': 446.8461, 'eval_samples_per_second': 25.065, 'eval_steps_per_second': 1.567, 'epoch': 1.44}
{'loss': 0.305, 'learning_rate': 0.0002, 'epoch': 1.44}
{'loss': 0.2785, 'learning_rate': 0.0002, 'epoch': 1.45}
{'eval_loss': 0.24083258211612701, 'eval_slot_type_f1': 0.9103964215348115, 'eval_slot_value_cer': 0.21275983002252713, 'eval_runtime': 444.27, 'eval_samples_per_second': 25.21, 'eval_steps_per_second': 1.576, 'epoch': 1.45}
{'loss': 0.2924, 'learning_rate': 0.0002, 'epoch': 1.46}
{'loss': 0.2847, 'learning_rate': 0.0002, 'epoch': 1.47}
{'eval_loss': 0.2343364655971527, 'eval_slot_type_f1': 0.9169550746872144, 'eval_slot_value_cer': 0.20804961089494164, 'eval_runtime': 442.8847, 'eval_samples_per_second': 25.289, 'eval_steps_per_second': 1.581, 'epoch': 1.47}
{'loss': 0.275, 'learning_rate': 0.0002, 'epoch': 1.48}
{'loss': 0.2891, 'learning_rate': 0.0002, 'epoch': 1.48}
{'eval_loss': 0.22753405570983887, 'eval_slot_type_f1': 0.9230602463013154, 'eval_slot_value_cer': 0.19645645607208684, 'eval_runtime': 442.2785, 'eval_samples_per_second': 25.323, 'eval_steps_per_second': 1.583, 'epoch': 1.48}
{'loss': 0.2827, 'learning_rate': 0.0002, 'epoch': 1.49}
{'loss': 0.3025, 'learning_rate': 0.0002, 'epoch': 1.5}
{'eval_loss': 0.24459753930568695, 'eval_slot_type_f1': 0.9189785759875018, 'eval_slot_value_cer': 0.20565290292852753, 'eval_runtime': 442.3875, 'eval_samples_per_second': 25.317, 'eval_steps_per_second': 1.582, 'epoch': 1.5}
{'loss': 0.2893, 'learning_rate': 0.0002, 'epoch': 1.51}
{'loss': 0.2849, 'learning_rate': 0.0002, 'epoch': 1.51}
{'eval_loss': 0.23905761539936066, 'eval_slot_type_f1': 0.9157873158587405, 'eval_slot_value_cer': 0.21015513004300634, 'eval_runtime': 442.7543, 'eval_samples_per_second': 25.296, 'eval_steps_per_second': 1.581, 'epoch': 1.51}
{'loss': 0.282, 'learning_rate': 0.0002, 'epoch': 1.52}
{'loss': 0.2789, 'learning_rate': 0.0002, 'epoch': 1.53}
{'eval_loss': 0.23078273236751556, 'eval_slot_type_f1': 0.9132813763617319, 'eval_slot_value_cer': 0.21163987302887569, 'eval_runtime': 442.7609, 'eval_samples_per_second': 25.296, 'eval_steps_per_second': 1.581, 'epoch': 1.53}
{'loss': 0.2662, 'learning_rate': 0.0002, 'epoch': 1.54}
{'loss': 0.2916, 'learning_rate': 0.0002, 'epoch': 1.54}
{'eval_loss': 0.24890080094337463, 'eval_slot_type_f1': 0.9174034328766446, 'eval_slot_value_cer': 0.207124846405898, 'eval_runtime': 442.4029, 'eval_samples_per_second': 25.316, 'eval_steps_per_second': 1.582, 'epoch': 1.54}
{'loss': 0.2752, 'learning_rate': 0.0002, 'epoch': 1.55}
{'loss': 0.2761, 'learning_rate': 0.0002, 'epoch': 1.56}
{'eval_loss': 0.2508302927017212, 'eval_slot_type_f1': 0.913465171733028, 'eval_slot_value_cer': 0.22081712062256809, 'eval_runtime': 441.7308, 'eval_samples_per_second': 25.355, 'eval_steps_per_second': 1.585, 'epoch': 1.56}
{'loss': 0.303, 'learning_rate': 0.0002, 'epoch': 1.57}
{'loss': 0.2896, 'learning_rate': 0.0002, 'epoch': 1.57}
{'eval_loss': 0.2315855175256729, 'eval_slot_type_f1': 0.9285669489240908, 'eval_slot_value_cer': 0.19828358591030104, 'eval_runtime': 442.0718, 'eval_samples_per_second': 25.335, 'eval_steps_per_second': 1.583, 'epoch': 1.57}
{'loss': 0.2827, 'learning_rate': 0.0002, 'epoch': 1.58}
{'loss': 0.2782, 'learning_rate': 0.0002, 'epoch': 1.59}
{'eval_loss': 0.22686824202537537, 'eval_slot_type_f1': 0.9140702184720023, 'eval_slot_value_cer': 0.21203025803809133, 'eval_runtime': 440.8144, 'eval_samples_per_second': 25.408, 'eval_steps_per_second': 1.588, 'epoch': 1.59}
{'loss': 0.2688, 'learning_rate': 0.0002, 'epoch': 1.6}
{'loss': 0.2907, 'learning_rate': 0.0002, 'epoch': 1.61}
{'eval_loss': 0.22449319064617157, 'eval_slot_type_f1': 0.9192944505890885, 'eval_slot_value_cer': 0.21062551198033996, 'eval_runtime': 440.9606, 'eval_samples_per_second': 25.399, 'eval_steps_per_second': 1.587, 'epoch': 1.61}
{'loss': 0.2932, 'learning_rate': 0.0002, 'epoch': 1.61}
{'loss': 0.2928, 'learning_rate': 0.0002, 'epoch': 1.62}
{'eval_loss': 0.24031056463718414, 'eval_slot_type_f1': 0.9175510010822479, 'eval_slot_value_cer': 0.20559530514028262, 'eval_runtime': 440.4948, 'eval_samples_per_second': 25.426, 'eval_steps_per_second': 1.589, 'epoch': 1.62}
{'loss': 0.2816, 'learning_rate': 0.0002, 'epoch': 1.63}
{'loss': 0.2817, 'learning_rate': 0.0002, 'epoch': 1.64}
{'eval_loss': 0.2224484086036682, 'eval_slot_type_f1': 0.9195159215784182, 'eval_slot_value_cer': 0.20287220970714726, 'eval_runtime': 440.649, 'eval_samples_per_second': 25.417, 'eval_steps_per_second': 1.589, 'epoch': 1.64}
{'loss': 0.2604, 'learning_rate': 0.0002, 'epoch': 1.64}
{'loss': 0.2799, 'learning_rate': 0.0002, 'epoch': 1.65}
{'eval_loss': 0.23654212057590485, 'eval_slot_type_f1': 0.9215469228192421, 'eval_slot_value_cer': 0.19653645300020478, 'eval_runtime': 440.3838, 'eval_samples_per_second': 25.432, 'eval_steps_per_second': 1.59, 'epoch': 1.65}
{'loss': 0.2718, 'learning_rate': 0.0002, 'epoch': 1.66}
{'loss': 0.2742, 'learning_rate': 0.0002, 'epoch': 1.67}
{'eval_loss': 0.22483162581920624, 'eval_slot_type_f1': 0.9213665585406615, 'eval_slot_value_cer': 0.20658086729469588, 'eval_runtime': 440.274, 'eval_samples_per_second': 25.439, 'eval_steps_per_second': 1.59, 'epoch': 1.67}
{'loss': 0.2754, 'learning_rate': 0.0002, 'epoch': 1.67}
{'loss': 0.2832, 'learning_rate': 0.0002, 'epoch': 1.68}
{'eval_loss': 0.23341675102710724, 'eval_slot_type_f1': 0.9195076396817451, 'eval_slot_value_cer': 0.202341030104444, 'eval_runtime': 440.0731, 'eval_samples_per_second': 25.45, 'eval_steps_per_second': 1.591, 'epoch': 1.68}
{'loss': 0.2613, 'learning_rate': 0.0002, 'epoch': 1.69}
{'loss': 0.2748, 'learning_rate': 0.0002, 'epoch': 1.7}
{'eval_loss': 0.2440958470106125, 'eval_slot_type_f1': 0.9169988776104817, 'eval_slot_value_cer': 0.20605928732336679, 'eval_runtime': 440.0785, 'eval_samples_per_second': 25.45, 'eval_steps_per_second': 1.591, 'epoch': 1.7}
{'loss': 0.2842, 'learning_rate': 0.0002, 'epoch': 1.7}
{'loss': 0.2694, 'learning_rate': 0.0002, 'epoch': 1.71}
{'eval_loss': 0.24314579367637634, 'eval_slot_type_f1': 0.919551659649872, 'eval_slot_value_cer': 0.20388657075568298, 'eval_runtime': 440.2937, 'eval_samples_per_second': 25.438, 'eval_steps_per_second': 1.59, 'epoch': 1.71}
{'loss': 0.2853, 'learning_rate': 0.0002, 'epoch': 1.72}
{'loss': 0.2984, 'learning_rate': 0.0002, 'epoch': 1.73}
{'eval_loss': 0.240991473197937, 'eval_slot_type_f1': 0.9202032947211481, 'eval_slot_value_cer': 0.2153997286504198, 'eval_runtime': 440.1856, 'eval_samples_per_second': 25.444, 'eval_steps_per_second': 1.59, 'epoch': 1.73}
{'loss': 0.2724, 'learning_rate': 0.0002, 'epoch': 1.73}
{'loss': 0.2723, 'learning_rate': 0.0002, 'epoch': 1.74}
{'eval_loss': 0.22879554331302643, 'eval_slot_type_f1': 0.9227154373404346, 'eval_slot_value_cer': 0.19780360434159328, 'eval_runtime': 440.9258, 'eval_samples_per_second': 25.401, 'eval_steps_per_second': 1.588, 'epoch': 1.74}
{'loss': 0.2573, 'learning_rate': 0.0002, 'epoch': 1.75}
{'loss': 0.2778, 'learning_rate': 0.0002, 'epoch': 1.76}
{'eval_loss': 0.22703777253627777, 'eval_slot_type_f1': 0.9193992892028571, 'eval_slot_value_cer': 0.20656806778619702, 'eval_runtime': 441.8998, 'eval_samples_per_second': 25.345, 'eval_steps_per_second': 1.584, 'epoch': 1.76}
{'loss': 0.2907, 'learning_rate': 0.0002, 'epoch': 1.77}
{'loss': 0.255, 'learning_rate': 0.0002, 'epoch': 1.77}
{'eval_loss': 0.22225628793239594, 'eval_slot_type_f1': 0.9244325619816642, 'eval_slot_value_cer': 0.18967911632193324, 'eval_runtime': 440.5131, 'eval_samples_per_second': 25.425, 'eval_steps_per_second': 1.589, 'epoch': 1.77}
{'loss': 0.2548, 'learning_rate': 0.0002, 'epoch': 1.78}
{'loss': 0.2758, 'learning_rate': 0.0002, 'epoch': 1.79}
{'eval_loss': 0.22079141438007355, 'eval_slot_type_f1': 0.9218212858569971, 'eval_slot_value_cer': 0.19918915113659635, 'eval_runtime': 440.6868, 'eval_samples_per_second': 25.415, 'eval_steps_per_second': 1.588, 'epoch': 1.79}
{'loss': 0.2726, 'learning_rate': 0.0002, 'epoch': 1.8}
{'loss': 0.2596, 'learning_rate': 0.0002, 'epoch': 1.8}
{'eval_loss': 0.22331787645816803, 'eval_slot_type_f1': 0.9241348418446593, 'eval_slot_value_cer': 0.19721162707352038, 'eval_runtime': 441.5165, 'eval_samples_per_second': 25.367, 'eval_steps_per_second': 1.585, 'epoch': 1.8}
{'loss': 0.2594, 'learning_rate': 0.0002, 'epoch': 1.81}
{'loss': 0.271, 'learning_rate': 0.0002, 'epoch': 1.82}
{'eval_loss': 0.2311665117740631, 'eval_slot_type_f1': 0.9198424893558802, 'eval_slot_value_cer': 0.206670463854188, 'eval_runtime': 440.9758, 'eval_samples_per_second': 25.398, 'eval_steps_per_second': 1.587, 'epoch': 1.82}
{'loss': 0.2699, 'learning_rate': 0.0002, 'epoch': 1.83}
{'loss': 0.2672, 'learning_rate': 0.0002, 'epoch': 1.83}
{'eval_loss': 0.2232934981584549, 'eval_slot_type_f1': 0.9231413076011254, 'eval_slot_value_cer': 0.20045630247798485, 'eval_runtime': 441.7055, 'eval_samples_per_second': 25.356, 'eval_steps_per_second': 1.585, 'epoch': 1.83}
{'loss': 0.2576, 'learning_rate': 0.0002, 'epoch': 1.84}
{'loss': 0.2797, 'learning_rate': 0.0002, 'epoch': 1.85}
{'eval_loss': 0.2579735815525055, 'eval_slot_type_f1': 0.9248297213698975, 'eval_slot_value_cer': 0.20220983514233054, 'eval_runtime': 442.2259, 'eval_samples_per_second': 25.326, 'eval_steps_per_second': 1.583, 'epoch': 1.85}
{'loss': 0.2547, 'learning_rate': 0.0002, 'epoch': 1.86}
{'loss': 0.272, 'learning_rate': 0.0002, 'epoch': 1.86}
{'eval_loss': 0.22717265784740448, 'eval_slot_type_f1': 0.9235296177037216, 'eval_slot_value_cer': 0.19873476858488634, 'eval_runtime': 440.5219, 'eval_samples_per_second': 25.424, 'eval_steps_per_second': 1.589, 'epoch': 1.86}
{'loss': 0.2586, 'learning_rate': 0.0002, 'epoch': 1.87}
{'loss': 0.2584, 'learning_rate': 0.0002, 'epoch': 1.88}
{'eval_loss': 0.24529939889907837, 'eval_slot_type_f1': 0.9218247318157996, 'eval_slot_value_cer': 0.19915075261109974, 'eval_runtime': 438.8054, 'eval_samples_per_second': 25.524, 'eval_steps_per_second': 1.595, 'epoch': 1.88}
{'loss': 0.2494, 'learning_rate': 0.0002, 'epoch': 1.89}
{'loss': 0.2581, 'learning_rate': 0.0002, 'epoch': 1.9}
{'eval_loss': 0.24516884982585907, 'eval_slot_type_f1': 0.9231040526933352, 'eval_slot_value_cer': 0.20094268380094205, 'eval_runtime': 438.2823, 'eval_samples_per_second': 25.554, 'eval_steps_per_second': 1.597, 'epoch': 1.9}
{'loss': 0.2643, 'learning_rate': 0.0002, 'epoch': 1.9}
{'loss': 0.257, 'learning_rate': 0.0002, 'epoch': 1.91}
{'eval_loss': 0.22882217168807983, 'eval_slot_type_f1': 0.9294877166484291, 'eval_slot_value_cer': 0.18896874360024576, 'eval_runtime': 438.6772, 'eval_samples_per_second': 25.531, 'eval_steps_per_second': 1.596, 'epoch': 1.91}
{'loss': 0.2474, 'learning_rate': 0.00019920000000000002, 'epoch': 1.92}
{'loss': 0.267, 'learning_rate': 0.0001984, 'epoch': 1.93}
{'eval_loss': 0.22627565264701843, 'eval_slot_type_f1': 0.9306616602643378, 'eval_slot_value_cer': 0.18895594409174687, 'eval_runtime': 438.5671, 'eval_samples_per_second': 25.538, 'eval_steps_per_second': 1.596, 'epoch': 1.93}
{'loss': 0.2817, 'learning_rate': 0.0001976, 'epoch': 1.93}
{'loss': 0.2449, 'learning_rate': 0.0001968, 'epoch': 1.94}
{'eval_loss': 0.22799065709114075, 'eval_slot_type_f1': 0.9309519835323378, 'eval_slot_value_cer': 0.19463572598812207, 'eval_runtime': 438.3092, 'eval_samples_per_second': 25.553, 'eval_steps_per_second': 1.597, 'epoch': 1.94}
{'loss': 0.2511, 'learning_rate': 0.000196, 'epoch': 1.95}
{'loss': 0.2577, 'learning_rate': 0.0001952, 'epoch': 1.96}
{'eval_loss': 0.23306597769260406, 'eval_slot_type_f1': 0.931702705528596, 'eval_slot_value_cer': 0.18699441941429448, 'eval_runtime': 438.1968, 'eval_samples_per_second': 25.559, 'eval_steps_per_second': 1.597, 'epoch': 1.96}
{'loss': 0.2548, 'learning_rate': 0.0001944, 'epoch': 1.96}
{'loss': 0.2597, 'learning_rate': 0.00019360000000000002, 'epoch': 1.97}
{'eval_loss': 0.23066870868206024, 'eval_slot_type_f1': 0.9266311327561313, 'eval_slot_value_cer': 0.1970580329715339, 'eval_runtime': 438.7719, 'eval_samples_per_second': 25.526, 'eval_steps_per_second': 1.595, 'epoch': 1.97}
{'loss': 0.2527, 'learning_rate': 0.0001928, 'epoch': 1.98}
{'loss': 0.2577, 'learning_rate': 0.000192, 'epoch': 1.99}
{'eval_loss': 0.22472970187664032, 'eval_slot_type_f1': 0.9292252420198809, 'eval_slot_value_cer': 0.1949237149293467, 'eval_runtime': 438.4829, 'eval_samples_per_second': 25.543, 'eval_steps_per_second': 1.596, 'epoch': 1.99}
{'loss': 0.2535, 'learning_rate': 0.0001912, 'epoch': 1.99}
{'loss': 0.2375, 'learning_rate': 0.0001904, 'epoch': 2.0}
{'eval_loss': 0.22288177907466888, 'eval_slot_type_f1': 0.9291392724339118, 'eval_slot_value_cer': 0.18793198341183698, 'eval_runtime': 439.6049, 'eval_samples_per_second': 25.477, 'eval_steps_per_second': 1.592, 'epoch': 2.0}
{'loss': 0.2416, 'learning_rate': 0.0001896, 'epoch': 2.01}
{'loss': 0.2399, 'learning_rate': 0.0001888, 'epoch': 2.02}
{'eval_loss': 0.21822306513786316, 'eval_slot_type_f1': 0.929297300417834, 'eval_slot_value_cer': 0.18456891255375793, 'eval_runtime': 439.5114, 'eval_samples_per_second': 25.483, 'eval_steps_per_second': 1.593, 'epoch': 2.02}
{'loss': 0.2261, 'learning_rate': 0.000188, 'epoch': 2.03}
{'loss': 0.2421, 'learning_rate': 0.00018720000000000002, 'epoch': 2.03}
{'eval_loss': 0.21516379714012146, 'eval_slot_type_f1': 0.9246020923520907, 'eval_slot_value_cer': 0.19934914499283227, 'eval_runtime': 439.2793, 'eval_samples_per_second': 25.496, 'eval_steps_per_second': 1.594, 'epoch': 2.03}
{'loss': 0.2405, 'learning_rate': 0.00018640000000000003, 'epoch': 2.04}
{'loss': 0.2476, 'learning_rate': 0.0001856, 'epoch': 2.05}
{'eval_loss': 0.2226729840040207, 'eval_slot_type_f1': 0.9318698920127463, 'eval_slot_value_cer': 0.1817466209297563, 'eval_runtime': 439.0451, 'eval_samples_per_second': 25.51, 'eval_steps_per_second': 1.594, 'epoch': 2.05}
{'loss': 0.2403, 'learning_rate': 0.00018480000000000002, 'epoch': 2.06}
{'loss': 0.2293, 'learning_rate': 0.00018400000000000003, 'epoch': 2.06}
{'eval_loss': 0.23630014061927795, 'eval_slot_type_f1': 0.9260262108922787, 'eval_slot_value_cer': 0.19109026213393407, 'eval_runtime': 439.0377, 'eval_samples_per_second': 25.51, 'eval_steps_per_second': 1.594, 'epoch': 2.06}
{'loss': 0.2349, 'learning_rate': 0.0001832, 'epoch': 2.07}
{'loss': 0.2332, 'learning_rate': 0.00018240000000000002, 'epoch': 2.08}
{'eval_loss': 0.22747698426246643, 'eval_slot_type_f1': 0.9298850797020417, 'eval_slot_value_cer': 0.18103944808519354, 'eval_runtime': 440.424, 'eval_samples_per_second': 25.43, 'eval_steps_per_second': 1.589, 'epoch': 2.08}
{'loss': 0.238, 'learning_rate': 0.00018160000000000002, 'epoch': 2.09}
{'loss': 0.2196, 'learning_rate': 0.0001808, 'epoch': 2.09}
{'eval_loss': 0.22820794582366943, 'eval_slot_type_f1': 0.9285508920642818, 'eval_slot_value_cer': 0.1867352293671923, 'eval_runtime': 439.0654, 'eval_samples_per_second': 25.509, 'eval_steps_per_second': 1.594, 'epoch': 2.09}
{'loss': 0.2287, 'learning_rate': 0.00018, 'epoch': 2.1}
{'loss': 0.2314, 'learning_rate': 0.00017920000000000002, 'epoch': 2.11}
{'eval_loss': 0.2152702361345291, 'eval_slot_type_f1': 0.9351075551432662, 'eval_slot_value_cer': 0.1821274063075978, 'eval_runtime': 439.8472, 'eval_samples_per_second': 25.463, 'eval_steps_per_second': 1.591, 'epoch': 2.11}
{'loss': 0.2293, 'learning_rate': 0.0001784, 'epoch': 2.12}
{'loss': 0.2228, 'learning_rate': 0.0001776, 'epoch': 2.12}
{'eval_loss': 0.2126702517271042, 'eval_slot_type_f1': 0.9307747168506079, 'eval_slot_value_cer': 0.1768444091746877, 'eval_runtime': 439.8971, 'eval_samples_per_second': 25.46, 'eval_steps_per_second': 1.591, 'epoch': 2.12}
{'loss': 0.2135, 'learning_rate': 0.00017680000000000001, 'epoch': 2.13}
{'loss': 0.2281, 'learning_rate': 0.00017600000000000002, 'epoch': 2.14}
{'eval_loss': 0.22070558369159698, 'eval_slot_type_f1': 0.9327296577430491, 'eval_slot_value_cer': 0.17800596457096046, 'eval_runtime': 439.6501, 'eval_samples_per_second': 25.475, 'eval_steps_per_second': 1.592, 'epoch': 2.14}
{'loss': 0.224, 'learning_rate': 0.0001752, 'epoch': 2.15}
{'loss': 0.2276, 'learning_rate': 0.0001744, 'epoch': 2.16}
{'eval_loss': 0.22194811701774597, 'eval_slot_type_f1': 0.9349577153996789, 'eval_slot_value_cer': 0.17716119701003483, 'eval_runtime': 440.1313, 'eval_samples_per_second': 25.447, 'eval_steps_per_second': 1.59, 'epoch': 2.16}
{'loss': 0.2122, 'learning_rate': 0.00017360000000000002, 'epoch': 2.16}
{'loss': 0.2356, 'learning_rate': 0.0001728, 'epoch': 2.17}
{'eval_loss': 0.22253282368183136, 'eval_slot_type_f1': 0.9317929862795922, 'eval_slot_value_cer': 0.17846354699979522, 'eval_runtime': 439.3541, 'eval_samples_per_second': 25.492, 'eval_steps_per_second': 1.593, 'epoch': 2.17}
{'loss': 0.2123, 'learning_rate': 0.000172, 'epoch': 2.18}
{'loss': 0.2211, 'learning_rate': 0.00017120000000000001, 'epoch': 2.19}
{'eval_loss': 0.21100923418998718, 'eval_slot_type_f1': 0.9286396336798091, 'eval_slot_value_cer': 0.18551927605979932, 'eval_runtime': 439.1445, 'eval_samples_per_second': 25.504, 'eval_steps_per_second': 1.594, 'epoch': 2.19}
{'loss': 0.223, 'learning_rate': 0.0001704, 'epoch': 2.19}
{'loss': 0.2157, 'learning_rate': 0.0001696, 'epoch': 2.2}
{'eval_loss': 0.2137901932001114, 'eval_slot_type_f1': 0.9359461163836132, 'eval_slot_value_cer': 0.18587766229776775, 'eval_runtime': 438.9642, 'eval_samples_per_second': 25.515, 'eval_steps_per_second': 1.595, 'epoch': 2.2}
{'loss': 0.2212, 'learning_rate': 0.0001688, 'epoch': 2.21}
{'loss': 0.237, 'learning_rate': 0.000168, 'epoch': 2.22}
{'eval_loss': 0.2076641470193863, 'eval_slot_type_f1': 0.930186332516687, 'eval_slot_value_cer': 0.1851736893303297, 'eval_runtime': 439.526, 'eval_samples_per_second': 25.482, 'eval_steps_per_second': 1.593, 'epoch': 2.22}
{'loss': 0.226, 'learning_rate': 0.0001672, 'epoch': 2.22}
{'loss': 0.2279, 'learning_rate': 0.0001664, 'epoch': 2.23}
{'eval_loss': 0.2070351243019104, 'eval_slot_type_f1': 0.9349261908726185, 'eval_slot_value_cer': 0.17441890231415114, 'eval_runtime': 439.2685, 'eval_samples_per_second': 25.497, 'eval_steps_per_second': 1.594, 'epoch': 2.23}
{'loss': 0.2165, 'learning_rate': 0.0001656, 'epoch': 2.24}
{'loss': 0.2055, 'learning_rate': 0.0001648, 'epoch': 2.25}
{'eval_loss': 0.21883763372898102, 'eval_slot_type_f1': 0.9343951499888973, 'eval_slot_value_cer': 0.17542686360843743, 'eval_runtime': 439.7819, 'eval_samples_per_second': 25.467, 'eval_steps_per_second': 1.592, 'epoch': 2.25}
{'loss': 0.2107, 'learning_rate': 0.000164, 'epoch': 2.25}
{'loss': 0.2072, 'learning_rate': 0.0001632, 'epoch': 2.26}
{'eval_loss': 0.20979426801204681, 'eval_slot_type_f1': 0.9284880625327018, 'eval_slot_value_cer': 0.18096905078844971, 'eval_runtime': 439.9601, 'eval_samples_per_second': 25.457, 'eval_steps_per_second': 1.591, 'epoch': 2.26}
{'loss': 0.2087, 'learning_rate': 0.00016240000000000002, 'epoch': 2.27}
{'loss': 0.215, 'learning_rate': 0.00016160000000000002, 'epoch': 2.28}
{'eval_loss': 0.20124971866607666, 'eval_slot_type_f1': 0.9325669647812468, 'eval_slot_value_cer': 0.18078025803809133, 'eval_runtime': 439.7937, 'eval_samples_per_second': 25.466, 'eval_steps_per_second': 1.592, 'epoch': 2.28}
{'loss': 0.2023, 'learning_rate': 0.0001608, 'epoch': 2.29}
{'loss': 0.2029, 'learning_rate': 0.00016, 'epoch': 2.29}
{'eval_loss': 0.2043987661600113, 'eval_slot_type_f1': 0.9361841006215976, 'eval_slot_value_cer': 0.17603804013925864, 'eval_runtime': 440.1855, 'eval_samples_per_second': 25.444, 'eval_steps_per_second': 1.59, 'epoch': 2.29}
{'loss': 0.1992, 'learning_rate': 0.00015920000000000002, 'epoch': 2.3}
{'loss': 0.204, 'learning_rate': 0.00015840000000000003, 'epoch': 2.31}
{'eval_loss': 0.20529571175575256, 'eval_slot_type_f1': 0.9322879159530915, 'eval_slot_value_cer': 0.18103304833094408, 'eval_runtime': 439.8705, 'eval_samples_per_second': 25.462, 'eval_steps_per_second': 1.591, 'epoch': 2.31}
{'loss': 0.2155, 'learning_rate': 0.0001576, 'epoch': 2.32}
{'loss': 0.2209, 'learning_rate': 0.00015680000000000002, 'epoch': 2.32}
{'eval_loss': 0.2009248584508896, 'eval_slot_type_f1': 0.9276906000745271, 'eval_slot_value_cer': 0.18135303604341593, 'eval_runtime': 438.1905, 'eval_samples_per_second': 25.56, 'eval_steps_per_second': 1.597, 'epoch': 2.32}
{'loss': 0.1981, 'learning_rate': 0.00015600000000000002, 'epoch': 2.33}
{'loss': 0.2085, 'learning_rate': 0.0001552, 'epoch': 2.34}
{'eval_loss': 0.20003212988376617, 'eval_slot_type_f1': 0.9341811739847433, 'eval_slot_value_cer': 0.16766396170387057, 'eval_runtime': 438.4753, 'eval_samples_per_second': 25.543, 'eval_steps_per_second': 1.596, 'epoch': 2.34}
{'loss': 0.2, 'learning_rate': 0.0001544, 'epoch': 2.35}
{'loss': 0.2041, 'learning_rate': 0.00015360000000000002, 'epoch': 2.35}
{'eval_loss': 0.21525108814239502, 'eval_slot_type_f1': 0.9312537517046419, 'eval_slot_value_cer': 0.17852114478804013, 'eval_runtime': 438.7147, 'eval_samples_per_second': 25.529, 'eval_steps_per_second': 1.596, 'epoch': 2.35}
{'loss': 0.2106, 'learning_rate': 0.0001528, 'epoch': 2.36}
{'loss': 0.1991, 'learning_rate': 0.000152, 'epoch': 2.37}
{'eval_loss': 0.20824770629405975, 'eval_slot_type_f1': 0.9317051772632101, 'eval_slot_value_cer': 0.18002188715953307, 'eval_runtime': 437.8349, 'eval_samples_per_second': 25.58, 'eval_steps_per_second': 1.599, 'epoch': 2.37}
{'loss': 0.1947, 'learning_rate': 0.00015120000000000002, 'epoch': 2.38}
{'loss': 0.1817, 'learning_rate': 0.0001504, 'epoch': 2.38}
{'eval_loss': 0.2151671051979065, 'eval_slot_type_f1': 0.9340014970148887, 'eval_slot_value_cer': 0.17325414704075365, 'eval_runtime': 438.8884, 'eval_samples_per_second': 25.519, 'eval_steps_per_second': 1.595, 'epoch': 2.38}
{'loss': 0.1957, 'learning_rate': 0.0001496, 'epoch': 2.39}
{'loss': 0.2186, 'learning_rate': 0.0001488, 'epoch': 2.4}
{'eval_loss': 0.20063790678977966, 'eval_slot_type_f1': 0.9302090796108616, 'eval_slot_value_cer': 0.18033547511775547, 'eval_runtime': 441.19, 'eval_samples_per_second': 25.386, 'eval_steps_per_second': 1.587, 'epoch': 2.4}
{'loss': 0.185, 'learning_rate': 0.000148, 'epoch': 2.41}
{'loss': 0.2216, 'learning_rate': 0.0001472, 'epoch': 2.42}
{'eval_loss': 0.20055092871189117, 'eval_slot_type_f1': 0.9299161190991525, 'eval_slot_value_cer': 0.17825555498668852, 'eval_runtime': 443.1626, 'eval_samples_per_second': 25.273, 'eval_steps_per_second': 1.58, 'epoch': 2.42}
{'loss': 0.2013, 'learning_rate': 0.0001464, 'epoch': 2.42}
{'loss': 0.19, 'learning_rate': 0.00014560000000000002, 'epoch': 2.43}
{'eval_loss': 0.20350538194179535, 'eval_slot_type_f1': 0.9332842311458361, 'eval_slot_value_cer': 0.1797146989555601, 'eval_runtime': 444.3655, 'eval_samples_per_second': 25.204, 'eval_steps_per_second': 1.575, 'epoch': 2.43}
{'loss': 0.1933, 'learning_rate': 0.0001448, 'epoch': 2.44}
{'loss': 0.1955, 'learning_rate': 0.000144, 'epoch': 2.45}
{'eval_loss': 0.2080063670873642, 'eval_slot_type_f1': 0.9329456951778347, 'eval_slot_value_cer': 0.18027787732951053, 'eval_runtime': 443.2958, 'eval_samples_per_second': 25.265, 'eval_steps_per_second': 1.579, 'epoch': 2.45}
{'loss': 0.1989, 'learning_rate': 0.0001432, 'epoch': 2.45}
{'loss': 0.1868, 'learning_rate': 0.0001424, 'epoch': 2.46}
{'eval_loss': 0.21341009438037872, 'eval_slot_type_f1': 0.9389534889713443, 'eval_slot_value_cer': 0.17000947163628916, 'eval_runtime': 446.0394, 'eval_samples_per_second': 25.11, 'eval_steps_per_second': 1.569, 'epoch': 2.46}
{'loss': 0.2025, 'learning_rate': 0.0001416, 'epoch': 2.47}
{'loss': 0.1836, 'learning_rate': 0.0001408, 'epoch': 2.48}
{'eval_loss': 0.21285812556743622, 'eval_slot_type_f1': 0.936914469954646, 'eval_slot_value_cer': 0.1643840876510342, 'eval_runtime': 445.5011, 'eval_samples_per_second': 25.14, 'eval_steps_per_second': 1.571, 'epoch': 2.48}
{'loss': 0.19, 'learning_rate': 0.00014, 'epoch': 2.48}
{'loss': 0.1798, 'learning_rate': 0.0001392, 'epoch': 2.49}
{'eval_loss': 0.213711678981781, 'eval_slot_type_f1': 0.9298332277841176, 'eval_slot_value_cer': 0.17658841900471023, 'eval_runtime': 445.681, 'eval_samples_per_second': 25.13, 'eval_steps_per_second': 1.571, 'epoch': 2.49}
{'loss': 0.1939, 'learning_rate': 0.0001384, 'epoch': 2.5}
{'loss': 0.197, 'learning_rate': 0.00013759999999999998, 'epoch': 2.51}
{'eval_loss': 0.19620317220687866, 'eval_slot_type_f1': 0.9281955911152308, 'eval_slot_value_cer': 0.17398371902518944, 'eval_runtime': 445.036, 'eval_samples_per_second': 25.167, 'eval_steps_per_second': 1.573, 'epoch': 2.51}
{'loss': 0.1759, 'learning_rate': 0.00013680000000000002, 'epoch': 2.51}
{'loss': 0.1909, 'learning_rate': 0.00013600000000000003, 'epoch': 2.52}
{'eval_loss': 0.208378866314888, 'eval_slot_type_f1': 0.9345008587642485, 'eval_slot_value_cer': 0.17415971226704893, 'eval_runtime': 446.4214, 'eval_samples_per_second': 25.088, 'eval_steps_per_second': 1.568, 'epoch': 2.52}
{'loss': 0.1889, 'learning_rate': 0.0001352, 'epoch': 2.53}
{'loss': 0.1897, 'learning_rate': 0.00013440000000000001, 'epoch': 2.54}
{'eval_loss': 0.2078905552625656, 'eval_slot_type_f1': 0.9369166349523483, 'eval_slot_value_cer': 0.16930869854597583, 'eval_runtime': 444.7502, 'eval_samples_per_second': 25.183, 'eval_steps_per_second': 1.574, 'epoch': 2.54}
{'loss': 0.1779, 'learning_rate': 0.00013360000000000002, 'epoch': 2.55}
{'loss': 0.1809, 'learning_rate': 0.0001328, 'epoch': 2.55}
{'eval_loss': 0.2006969153881073, 'eval_slot_type_f1': 0.9369035726178563, 'eval_slot_value_cer': 0.17114862789268892, 'eval_runtime': 443.5861, 'eval_samples_per_second': 25.249, 'eval_steps_per_second': 1.578, 'epoch': 2.55}
{'loss': 0.1764, 'learning_rate': 0.000132, 'epoch': 2.56}
{'loss': 0.1719, 'learning_rate': 0.00013120000000000002, 'epoch': 2.57}
{'eval_loss': 0.20824404060840607, 'eval_slot_type_f1': 0.9248548846986323, 'eval_slot_value_cer': 0.1831001689535122, 'eval_runtime': 444.7464, 'eval_samples_per_second': 25.183, 'eval_steps_per_second': 1.574, 'epoch': 2.57}
{'loss': 0.1827, 'learning_rate': 0.0001304, 'epoch': 2.58}
{'loss': 0.1798, 'learning_rate': 0.0001296, 'epoch': 2.58}
{'eval_loss': 0.21041332185268402, 'eval_slot_type_f1': 0.9337457215403618, 'eval_slot_value_cer': 0.17085423919721482, 'eval_runtime': 444.3201, 'eval_samples_per_second': 25.207, 'eval_steps_per_second': 1.575, 'epoch': 2.58}
{'loss': 0.1843, 'learning_rate': 0.00012880000000000001, 'epoch': 2.59}
{'loss': 0.1737, 'learning_rate': 0.00012800000000000002, 'epoch': 2.6}
{'eval_loss': 0.20363131165504456, 'eval_slot_type_f1': 0.9307141593525488, 'eval_slot_value_cer': 0.1719229981568708, 'eval_runtime': 443.6493, 'eval_samples_per_second': 25.245, 'eval_steps_per_second': 1.578, 'epoch': 2.6}
{'loss': 0.1741, 'learning_rate': 0.0001272, 'epoch': 2.61}
{'loss': 0.1837, 'learning_rate': 0.0001264, 'epoch': 2.61}
{'eval_loss': 0.19626885652542114, 'eval_slot_type_f1': 0.9333765901756939, 'eval_slot_value_cer': 0.1686559236125333, 'eval_runtime': 443.7215, 'eval_samples_per_second': 25.241, 'eval_steps_per_second': 1.578, 'epoch': 2.61}
{'loss': 0.1769, 'learning_rate': 0.00012560000000000002, 'epoch': 2.62}
{'loss': 0.1784, 'learning_rate': 0.0001248, 'epoch': 2.63}
{'eval_loss': 0.21150033175945282, 'eval_slot_type_f1': 0.9290285047293949, 'eval_slot_value_cer': 0.16998387261929143, 'eval_runtime': 444.1602, 'eval_samples_per_second': 25.216, 'eval_steps_per_second': 1.576, 'epoch': 2.63}
{'loss': 0.1842, 'learning_rate': 0.000124, 'epoch': 2.64}
{'loss': 0.1715, 'learning_rate': 0.0001232, 'epoch': 2.64}
{'eval_loss': 0.20940835773944855, 'eval_slot_type_f1': 0.9296431475270738, 'eval_slot_value_cer': 0.17295655846815483, 'eval_runtime': 444.8546, 'eval_samples_per_second': 25.177, 'eval_steps_per_second': 1.574, 'epoch': 2.64}
{'loss': 0.1649, 'learning_rate': 0.0001224, 'epoch': 2.65}
{'loss': 0.1637, 'learning_rate': 0.0001216, 'epoch': 2.66}
{'eval_loss': 0.20140589773654938, 'eval_slot_type_f1': 0.9367493290439687, 'eval_slot_value_cer': 0.16952309031333196, 'eval_runtime': 443.83, 'eval_samples_per_second': 25.235, 'eval_steps_per_second': 1.577, 'epoch': 2.66}
{'loss': 0.1627, 'learning_rate': 0.0001208, 'epoch': 2.67}
{'loss': 0.1738, 'learning_rate': 0.00012, 'epoch': 2.68}
{'eval_loss': 0.19542934000492096, 'eval_slot_type_f1': 0.9314071905277234, 'eval_slot_value_cer': 0.17059824902723736, 'eval_runtime': 442.6825, 'eval_samples_per_second': 25.3, 'eval_steps_per_second': 1.581, 'epoch': 2.68}
{'loss': 0.1642, 'learning_rate': 0.0001192, 'epoch': 2.68}
{'loss': 0.1699, 'learning_rate': 0.0001184, 'epoch': 2.69}
{'eval_loss': 0.19733598828315735, 'eval_slot_type_f1': 0.9303085173754786, 'eval_slot_value_cer': 0.1747260905181241, 'eval_runtime': 442.1867, 'eval_samples_per_second': 25.329, 'eval_steps_per_second': 1.583, 'epoch': 2.69}
{'loss': 0.1673, 'learning_rate': 0.0001176, 'epoch': 2.7}
{'loss': 0.1529, 'learning_rate': 0.00011679999999999999, 'epoch': 2.71}
{'eval_loss': 0.20006948709487915, 'eval_slot_type_f1': 0.9365327817024226, 'eval_slot_value_cer': 0.16425609256604545, 'eval_runtime': 442.3147, 'eval_samples_per_second': 25.321, 'eval_steps_per_second': 1.583, 'epoch': 2.71}
{'loss': 0.1585, 'learning_rate': 0.000116, 'epoch': 2.71}
{'loss': 0.1612, 'learning_rate': 0.0001152, 'epoch': 2.72}
{'eval_loss': 0.19830302894115448, 'eval_slot_type_f1': 0.9349478780148406, 'eval_slot_value_cer': 0.16391050583657588, 'eval_runtime': 441.8288, 'eval_samples_per_second': 25.349, 'eval_steps_per_second': 1.584, 'epoch': 2.72}
{'loss': 0.1648, 'learning_rate': 0.0001144, 'epoch': 2.73}
{'loss': 0.1529, 'learning_rate': 0.0001136, 'epoch': 2.74}
{'eval_loss': 0.18814967572689056, 'eval_slot_type_f1': 0.9359081300643769, 'eval_slot_value_cer': 0.1622977677657178, 'eval_runtime': 441.8017, 'eval_samples_per_second': 25.351, 'eval_steps_per_second': 1.584, 'epoch': 2.74}
{'loss': 0.1582, 'learning_rate': 0.00011279999999999999, 'epoch': 2.74}
{'loss': 0.1631, 'learning_rate': 0.00011200000000000001, 'epoch': 2.75}
{'eval_loss': 0.19783225655555725, 'eval_slot_type_f1': 0.9372721638480539, 'eval_slot_value_cer': 0.1633217284456277, 'eval_runtime': 442.0477, 'eval_samples_per_second': 25.337, 'eval_steps_per_second': 1.584, 'epoch': 2.75}
{'loss': 0.1583, 'learning_rate': 0.00011120000000000002, 'epoch': 2.76}
{'loss': 0.1435, 'learning_rate': 0.00011040000000000001, 'epoch': 2.77}
{'eval_loss': 0.20456913113594055, 'eval_slot_type_f1': 0.9404640027631083, 'eval_slot_value_cer': 0.1641568963751792, 'eval_runtime': 442.5435, 'eval_samples_per_second': 25.308, 'eval_steps_per_second': 1.582, 'epoch': 2.77}
{'loss': 0.1564, 'learning_rate': 0.00010960000000000001, 'epoch': 2.77}
{'loss': 0.1654, 'learning_rate': 0.00010880000000000002, 'epoch': 2.78}
{'eval_loss': 0.1937689185142517, 'eval_slot_type_f1': 0.9424854039809355, 'eval_slot_value_cer': 0.1609058212164653, 'eval_runtime': 444.7209, 'eval_samples_per_second': 25.184, 'eval_steps_per_second': 1.574, 'epoch': 2.78}
{'loss': 0.1458, 'learning_rate': 0.00010800000000000001, 'epoch': 2.79}
{'loss': 0.1579, 'learning_rate': 0.00010720000000000002, 'epoch': 2.8}
{'eval_loss': 0.1902415007352829, 'eval_slot_type_f1': 0.9380930052090752, 'eval_slot_value_cer': 0.16234896579971328, 'eval_runtime': 444.7656, 'eval_samples_per_second': 25.182, 'eval_steps_per_second': 1.574, 'epoch': 2.8}
{'loss': 0.167, 'learning_rate': 0.00010640000000000001, 'epoch': 2.8}
{'loss': 0.1587, 'learning_rate': 0.0001056, 'epoch': 2.81}
{'eval_loss': 0.19522757828235626, 'eval_slot_type_f1': 0.9386087459167795, 'eval_slot_value_cer': 0.16166419209502356, 'eval_runtime': 444.9585, 'eval_samples_per_second': 25.171, 'eval_steps_per_second': 1.573, 'epoch': 2.81}
{'loss': 0.15, 'learning_rate': 0.00010480000000000001, 'epoch': 2.82}
{'loss': 0.1676, 'learning_rate': 0.00010400000000000001, 'epoch': 2.83}
{'eval_loss': 0.18740655481815338, 'eval_slot_type_f1': 0.939759892389354, 'eval_slot_value_cer': 0.1612354085603113, 'eval_runtime': 443.6926, 'eval_samples_per_second': 25.243, 'eval_steps_per_second': 1.578, 'epoch': 2.83}
{'loss': 0.1541, 'learning_rate': 0.0001032, 'epoch': 2.84}
{'loss': 0.1421, 'learning_rate': 0.00010240000000000001, 'epoch': 2.84}
{'eval_loss': 0.19604936242103577, 'eval_slot_type_f1': 0.9398500715554254, 'eval_slot_value_cer': 0.15753315072701207, 'eval_runtime': 443.2935, 'eval_samples_per_second': 25.265, 'eval_steps_per_second': 1.579, 'epoch': 2.84}
{'loss': 0.1606, 'learning_rate': 0.0001016, 'epoch': 2.85}
{'loss': 0.1458, 'learning_rate': 0.00010080000000000001, 'epoch': 2.86}
{'eval_loss': 0.19868718087673187, 'eval_slot_type_f1': 0.9353938789385191, 'eval_slot_value_cer': 0.16437448801966004, 'eval_runtime': 442.1296, 'eval_samples_per_second': 25.332, 'eval_steps_per_second': 1.583, 'epoch': 2.86}
{'loss': 0.1434, 'learning_rate': 0.0001, 'epoch': 2.87}
{'loss': 0.1439, 'learning_rate': 9.92e-05, 'epoch': 2.87}
{'eval_loss': 0.1900351345539093, 'eval_slot_type_f1': 0.9411207319466218, 'eval_slot_value_cer': 0.1523365502764694, 'eval_runtime': 442.1365, 'eval_samples_per_second': 25.332, 'eval_steps_per_second': 1.583, 'epoch': 2.87}
{'loss': 0.1552, 'learning_rate': 9.84e-05, 'epoch': 2.88}
{'loss': 0.1511, 'learning_rate': 9.76e-05, 'epoch': 2.89}
{'eval_loss': 0.20054253935813904, 'eval_slot_type_f1': 0.9425590010188188, 'eval_slot_value_cer': 0.15193016588163014, 'eval_runtime': 441.9785, 'eval_samples_per_second': 25.341, 'eval_steps_per_second': 1.584, 'epoch': 2.89}
{'loss': 0.1461, 'learning_rate': 9.680000000000001e-05, 'epoch': 2.9}
{'loss': 0.1402, 'learning_rate': 9.6e-05, 'epoch': 2.9}
{'eval_loss': 0.19718942046165466, 'eval_slot_type_f1': 0.9378673330637574, 'eval_slot_value_cer': 0.15834271963956584, 'eval_runtime': 442.6248, 'eval_samples_per_second': 25.304, 'eval_steps_per_second': 1.581, 'epoch': 2.9}
{'loss': 0.155, 'learning_rate': 9.52e-05, 'epoch': 2.91}
{'loss': 0.1479, 'learning_rate': 9.44e-05, 'epoch': 2.92}
{'eval_loss': 0.18495666980743408, 'eval_slot_type_f1': 0.9424225655297047, 'eval_slot_value_cer': 0.15508204484947777, 'eval_runtime': 442.3613, 'eval_samples_per_second': 25.319, 'eval_steps_per_second': 1.582, 'epoch': 2.92}
{'loss': 0.1555, 'learning_rate': 9.360000000000001e-05, 'epoch': 2.93}
{'loss': 0.1437, 'learning_rate': 9.28e-05, 'epoch': 2.93}
{'eval_loss': 0.19677555561065674, 'eval_slot_type_f1': 0.9385307286959049, 'eval_slot_value_cer': 0.15406768380094205, 'eval_runtime': 443.1058, 'eval_samples_per_second': 25.276, 'eval_steps_per_second': 1.58, 'epoch': 2.93}
{'loss': 0.1385, 'learning_rate': 9.200000000000001e-05, 'epoch': 2.94}
{'loss': 0.147, 'learning_rate': 9.120000000000001e-05, 'epoch': 2.95}
{'eval_loss': 0.19009007513523102, 'eval_slot_type_f1': 0.9388330389848222, 'eval_slot_value_cer': 0.15292212779029285, 'eval_runtime': 442.2042, 'eval_samples_per_second': 25.328, 'eval_steps_per_second': 1.583, 'epoch': 2.95}
{'loss': 0.1487, 'learning_rate': 9.04e-05, 'epoch': 2.96}
{'loss': 0.1432, 'learning_rate': 8.960000000000001e-05, 'epoch': 2.97}
{'eval_loss': 0.19488130509853363, 'eval_slot_type_f1': 0.9389160492285461, 'eval_slot_value_cer': 0.15900509420438255, 'eval_runtime': 443.291, 'eval_samples_per_second': 25.266, 'eval_steps_per_second': 1.579, 'epoch': 2.97}
{'loss': 0.1319, 'learning_rate': 8.88e-05, 'epoch': 2.97}
{'loss': 0.1402, 'learning_rate': 8.800000000000001e-05, 'epoch': 2.98}
{'eval_loss': 0.18732839822769165, 'eval_slot_type_f1': 0.9422655831271877, 'eval_slot_value_cer': 0.15514284251484742, 'eval_runtime': 442.7974, 'eval_samples_per_second': 25.294, 'eval_steps_per_second': 1.581, 'epoch': 2.98}
{'loss': 0.1298, 'learning_rate': 8.72e-05, 'epoch': 2.99}
{'loss': 0.1401, 'learning_rate': 8.64e-05, 'epoch': 3.0}
{'eval_loss': 0.18443433940410614, 'eval_slot_type_f1': 0.9434799441629785, 'eval_slot_value_cer': 0.15224055396272784, 'eval_runtime': 443.0668, 'eval_samples_per_second': 25.278, 'eval_steps_per_second': 1.58, 'epoch': 3.0}
{'loss': 0.1371, 'learning_rate': 8.560000000000001e-05, 'epoch': 3.0}
{'loss': 0.1249, 'learning_rate': 8.48e-05, 'epoch': 3.01}
{'eval_loss': 0.19270315766334534, 'eval_slot_type_f1': 0.9437369713619684, 'eval_slot_value_cer': 0.1516805754659021, 'eval_runtime': 442.7023, 'eval_samples_per_second': 25.299, 'eval_steps_per_second': 1.581, 'epoch': 3.01}
{'loss': 0.1368, 'learning_rate': 8.4e-05, 'epoch': 3.02}
{'loss': 0.1339, 'learning_rate': 8.32e-05, 'epoch': 3.03}
{'eval_loss': 0.1922864019870758, 'eval_slot_type_f1': 0.9406966193528662, 'eval_slot_value_cer': 0.15486445320499692, 'eval_runtime': 443.5358, 'eval_samples_per_second': 25.252, 'eval_steps_per_second': 1.578, 'epoch': 3.03}
{'loss': 0.1353, 'learning_rate': 8.24e-05, 'epoch': 3.03}
{'loss': 0.1233, 'learning_rate': 8.16e-05, 'epoch': 3.04}
{'eval_loss': 0.19818738102912903, 'eval_slot_type_f1': 0.939855185489112, 'eval_slot_value_cer': 0.15396208785582632, 'eval_runtime': 444.2453, 'eval_samples_per_second': 25.211, 'eval_steps_per_second': 1.576, 'epoch': 3.04}
{'loss': 0.1238, 'learning_rate': 8.080000000000001e-05, 'epoch': 3.05}
{'loss': 0.124, 'learning_rate': 8e-05, 'epoch': 3.06}
{'eval_loss': 0.2000005692243576, 'eval_slot_type_f1': 0.939321739272629, 'eval_slot_value_cer': 0.15803553143559287, 'eval_runtime': 443.1357, 'eval_samples_per_second': 25.274, 'eval_steps_per_second': 1.58, 'epoch': 3.06}
{'loss': 0.1244, 'learning_rate': 7.920000000000001e-05, 'epoch': 3.06}
{'loss': 0.1189, 'learning_rate': 7.840000000000001e-05, 'epoch': 3.07}
{'eval_loss': 0.20034682750701904, 'eval_slot_type_f1': 0.9387191097592859, 'eval_slot_value_cer': 0.1584419158304321, 'eval_runtime': 442.6844, 'eval_samples_per_second': 25.3, 'eval_steps_per_second': 1.581, 'epoch': 3.07}
{'loss': 0.1189, 'learning_rate': 7.76e-05, 'epoch': 3.08}
{'loss': 0.1209, 'learning_rate': 7.680000000000001e-05, 'epoch': 3.09}
{'eval_loss': 0.19318252801895142, 'eval_slot_type_f1': 0.9401274707435384, 'eval_slot_value_cer': 0.15991385930780258, 'eval_runtime': 442.9599, 'eval_samples_per_second': 25.284, 'eval_steps_per_second': 1.58, 'epoch': 3.09}
{'loss': 0.1252, 'learning_rate': 7.6e-05, 'epoch': 3.1}
{'loss': 0.1186, 'learning_rate': 7.52e-05, 'epoch': 3.1}
{'eval_loss': 0.19358429312705994, 'eval_slot_type_f1': 0.9449869901923442, 'eval_slot_value_cer': 0.15335411120212983, 'eval_runtime': 443.5904, 'eval_samples_per_second': 25.249, 'eval_steps_per_second': 1.578, 'epoch': 3.1}
{'loss': 0.1296, 'learning_rate': 7.44e-05, 'epoch': 3.11}
{'loss': 0.1184, 'learning_rate': 7.36e-05, 'epoch': 3.12}
{'eval_loss': 0.19840489327907562, 'eval_slot_type_f1': 0.9419015354684971, 'eval_slot_value_cer': 0.154909251484743, 'eval_runtime': 444.2846, 'eval_samples_per_second': 25.209, 'eval_steps_per_second': 1.576, 'epoch': 3.12}
{'loss': 0.1193, 'learning_rate': 7.280000000000001e-05, 'epoch': 3.13}
{'loss': 0.1244, 'learning_rate': 7.2e-05, 'epoch': 3.13}
{'eval_loss': 0.18567392230033875, 'eval_slot_type_f1': 0.9416783330756505, 'eval_slot_value_cer': 0.15745315379889413, 'eval_runtime': 445.8831, 'eval_samples_per_second': 25.119, 'eval_steps_per_second': 1.57, 'epoch': 3.13}
{'loss': 0.1201, 'learning_rate': 7.12e-05, 'epoch': 3.14}
{'loss': 0.1328, 'learning_rate': 7.04e-05, 'epoch': 3.15}
{'eval_loss': 0.19037684798240662, 'eval_slot_type_f1': 0.9416255445942918, 'eval_slot_value_cer': 0.15638119496211345, 'eval_runtime': 444.1559, 'eval_samples_per_second': 25.216, 'eval_steps_per_second': 1.576, 'epoch': 3.15}
{'loss': 0.1141, 'learning_rate': 6.96e-05, 'epoch': 3.16}
{'loss': 0.1219, 'learning_rate': 6.879999999999999e-05, 'epoch': 3.16}
{'eval_loss': 0.19488608837127686, 'eval_slot_type_f1': 0.9402814254198161, 'eval_slot_value_cer': 0.15659878660659432, 'eval_runtime': 443.3367, 'eval_samples_per_second': 25.263, 'eval_steps_per_second': 1.579, 'epoch': 3.16}
{'loss': 0.1201, 'learning_rate': 6.800000000000001e-05, 'epoch': 3.17}
{'loss': 0.1107, 'learning_rate': 6.720000000000001e-05, 'epoch': 3.18}
{'eval_loss': 0.18891356885433197, 'eval_slot_type_f1': 0.9406931367243843, 'eval_slot_value_cer': 0.1537668953512185, 'eval_runtime': 443.7836, 'eval_samples_per_second': 25.238, 'eval_steps_per_second': 1.577, 'epoch': 3.18}
{'loss': 0.1172, 'learning_rate': 6.64e-05, 'epoch': 3.19}
{'loss': 0.1182, 'learning_rate': 6.560000000000001e-05, 'epoch': 3.19}
{'eval_loss': 0.18803414702415466, 'eval_slot_type_f1': 0.9395561363239905, 'eval_slot_value_cer': 0.15639719434773705, 'eval_runtime': 442.9216, 'eval_samples_per_second': 25.287, 'eval_steps_per_second': 1.58, 'epoch': 3.19}
{'loss': 0.122, 'learning_rate': 6.48e-05, 'epoch': 3.2}
{'loss': 0.1245, 'learning_rate': 6.400000000000001e-05, 'epoch': 3.21}
{'eval_loss': 0.18552818894386292, 'eval_slot_type_f1': 0.936853447148088, 'eval_slot_value_cer': 0.15957467233258243, 'eval_runtime': 443.3222, 'eval_samples_per_second': 25.264, 'eval_steps_per_second': 1.579, 'epoch': 3.21}
{'loss': 0.1169, 'learning_rate': 6.32e-05, 'epoch': 3.22}
{'loss': 0.1149, 'learning_rate': 6.24e-05, 'epoch': 3.23}
{'eval_loss': 0.18638072907924652, 'eval_slot_type_f1': 0.9457389867077333, 'eval_slot_value_cer': 0.14899267868113863, 'eval_runtime': 443.6152, 'eval_samples_per_second': 25.247, 'eval_steps_per_second': 1.578, 'epoch': 3.23}
{'loss': 0.1117, 'learning_rate': 6.16e-05, 'epoch': 3.23}
{'loss': 0.1216, 'learning_rate': 6.08e-05, 'epoch': 3.24}
{'eval_loss': 0.19354355335235596, 'eval_slot_type_f1': 0.9430627205136101, 'eval_slot_value_cer': 0.14913987302887569, 'eval_runtime': 443.4075, 'eval_samples_per_second': 25.259, 'eval_steps_per_second': 1.579, 'epoch': 3.24}
{'loss': 0.12, 'learning_rate': 6e-05, 'epoch': 3.25}
{'loss': 0.1051, 'learning_rate': 5.92e-05, 'epoch': 3.26}
{'eval_loss': 0.19025985896587372, 'eval_slot_type_f1': 0.9411222294570476, 'eval_slot_value_cer': 0.15209975936924022, 'eval_runtime': 444.2897, 'eval_samples_per_second': 25.209, 'eval_steps_per_second': 1.576, 'epoch': 3.26}
{'loss': 0.0994, 'learning_rate': 5.8399999999999997e-05, 'epoch': 3.26}
{'loss': 0.1082, 'learning_rate': 5.76e-05, 'epoch': 3.27}
{'eval_loss': 0.19189614057540894, 'eval_slot_type_f1': 0.9424996640264462, 'eval_slot_value_cer': 0.14721674687691993, 'eval_runtime': 444.7329, 'eval_samples_per_second': 25.184, 'eval_steps_per_second': 1.574, 'epoch': 3.27}
{'loss': 0.1133, 'learning_rate': 5.68e-05, 'epoch': 3.28}
{'loss': 0.1106, 'learning_rate': 5.6000000000000006e-05, 'epoch': 3.29}
{'eval_loss': 0.18392860889434814, 'eval_slot_type_f1': 0.9434747469792096, 'eval_slot_value_cer': 0.14721674687691993, 'eval_runtime': 444.1283, 'eval_samples_per_second': 25.218, 'eval_steps_per_second': 1.576, 'epoch': 3.29}
{'loss': 0.1127, 'learning_rate': 5.520000000000001e-05, 'epoch': 3.29}
{'loss': 0.1165, 'learning_rate': 5.440000000000001e-05, 'epoch': 3.3}
{'eval_loss': 0.18485115468502045, 'eval_slot_type_f1': 0.9436416851997181, 'eval_slot_value_cer': 0.1454056164243293, 'eval_runtime': 444.4997, 'eval_samples_per_second': 25.197, 'eval_steps_per_second': 1.575, 'epoch': 3.3}
{'loss': 0.1153, 'learning_rate': 5.360000000000001e-05, 'epoch': 3.31}
{'loss': 0.105, 'learning_rate': 5.28e-05, 'epoch': 3.32}
{'eval_loss': 0.18677957355976105, 'eval_slot_type_f1': 0.9429504518299133, 'eval_slot_value_cer': 0.14843270018431293, 'eval_runtime': 446.427, 'eval_samples_per_second': 25.088, 'eval_steps_per_second': 1.568, 'epoch': 3.32}
{'loss': 0.1003, 'learning_rate': 5.2000000000000004e-05, 'epoch': 3.32}
{'loss': 0.1076, 'learning_rate': 5.1200000000000004e-05, 'epoch': 3.33}
{'eval_loss': 0.1829802542924881, 'eval_slot_type_f1': 0.943746760184258, 'eval_slot_value_cer': 0.14520082428834732, 'eval_runtime': 447.0505, 'eval_samples_per_second': 25.053, 'eval_steps_per_second': 1.566, 'epoch': 3.33}
{'loss': 0.1164, 'learning_rate': 5.0400000000000005e-05, 'epoch': 3.34}
{'loss': 0.0997, 'learning_rate': 4.96e-05, 'epoch': 3.35}
{'eval_loss': 0.18140000104904175, 'eval_slot_type_f1': 0.9433829389856154, 'eval_slot_value_cer': 0.14814791112021297, 'eval_runtime': 444.6498, 'eval_samples_per_second': 25.188, 'eval_steps_per_second': 1.574, 'epoch': 3.35}
{'loss': 0.0985, 'learning_rate': 4.88e-05, 'epoch': 3.36}
{'loss': 0.111, 'learning_rate': 4.8e-05, 'epoch': 3.36}
{'eval_loss': 0.18356187641620636, 'eval_slot_type_f1': 0.9454647351656257, 'eval_slot_value_cer': 0.14509202846610691, 'eval_runtime': 445.3126, 'eval_samples_per_second': 25.151, 'eval_steps_per_second': 1.572, 'epoch': 3.36}
{'loss': 0.1116, 'learning_rate': 4.72e-05, 'epoch': 3.37}
{'loss': 0.1081, 'learning_rate': 4.64e-05, 'epoch': 3.38}
{'eval_loss': 0.1818196177482605, 'eval_slot_type_f1': 0.9451786209821899, 'eval_slot_value_cer': 0.14577360229367192, 'eval_runtime': 445.5815, 'eval_samples_per_second': 25.136, 'eval_steps_per_second': 1.571, 'epoch': 3.38}
{'loss': 0.104, 'learning_rate': 4.5600000000000004e-05, 'epoch': 3.39}
{'loss': 0.1063, 'learning_rate': 4.4800000000000005e-05, 'epoch': 3.39}
{'eval_loss': 0.18477478623390198, 'eval_slot_type_f1': 0.9436669664660714, 'eval_slot_value_cer': 0.14683596149907843, 'eval_runtime': 444.4251, 'eval_samples_per_second': 25.201, 'eval_steps_per_second': 1.575, 'epoch': 3.39}
{'loss': 0.1067, 'learning_rate': 4.4000000000000006e-05, 'epoch': 3.4}
{'loss': 0.1133, 'learning_rate': 4.32e-05, 'epoch': 3.41}
{'eval_loss': 0.18229030072689056, 'eval_slot_type_f1': 0.9429880159522984, 'eval_slot_value_cer': 0.14715274933442557, 'eval_runtime': 445.0751, 'eval_samples_per_second': 25.164, 'eval_steps_per_second': 1.573, 'epoch': 3.41}
{'loss': 0.099, 'learning_rate': 4.24e-05, 'epoch': 3.42}
{'loss': 0.0887, 'learning_rate': 4.16e-05, 'epoch': 3.42}
{'eval_loss': 0.18593855202198029, 'eval_slot_type_f1': 0.9450759543036299, 'eval_slot_value_cer': 0.14421526213393407, 'eval_runtime': 444.6573, 'eval_samples_per_second': 25.188, 'eval_steps_per_second': 1.574, 'epoch': 3.42}
{'loss': 0.0927, 'learning_rate': 4.08e-05, 'epoch': 3.43}
{'loss': 0.0942, 'learning_rate': 4e-05, 'epoch': 3.44}
{'eval_loss': 0.18128693103790283, 'eval_slot_type_f1': 0.9452286850054682, 'eval_slot_value_cer': 0.14279131681343438, 'eval_runtime': 444.4457, 'eval_samples_per_second': 25.2, 'eval_steps_per_second': 1.575, 'epoch': 3.44}
{'loss': 0.0961, 'learning_rate': 3.9200000000000004e-05, 'epoch': 3.45}
{'loss': 0.1007, 'learning_rate': 3.8400000000000005e-05, 'epoch': 3.45}
{'eval_loss': 0.1791607141494751, 'eval_slot_type_f1': 0.9423196109446069, 'eval_slot_value_cer': 0.1482183084169568, 'eval_runtime': 444.9158, 'eval_samples_per_second': 25.173, 'eval_steps_per_second': 1.573, 'epoch': 3.45}
{'loss': 0.1033, 'learning_rate': 3.76e-05, 'epoch': 3.46}
{'loss': 0.0895, 'learning_rate': 3.68e-05, 'epoch': 3.47}
{'eval_loss': 0.18013827502727509, 'eval_slot_type_f1': 0.9450605470917942, 'eval_slot_value_cer': 0.14323929961089493, 'eval_runtime': 445.5174, 'eval_samples_per_second': 25.139, 'eval_steps_per_second': 1.571, 'epoch': 3.47}
{'loss': 0.0999, 'learning_rate': 3.6e-05, 'epoch': 3.48}
{'loss': 0.1006, 'learning_rate': 3.52e-05, 'epoch': 3.49}
{'eval_loss': 0.1777196228504181, 'eval_slot_type_f1': 0.943746544130471, 'eval_slot_value_cer': 0.14497043313536762, 'eval_runtime': 445.8185, 'eval_samples_per_second': 25.122, 'eval_steps_per_second': 1.57, 'epoch': 3.49}
{'loss': 0.1035, 'learning_rate': 3.4399999999999996e-05, 'epoch': 3.49}
{'loss': 0.1027, 'learning_rate': 3.3600000000000004e-05, 'epoch': 3.5}
{'eval_loss': 0.17761766910552979, 'eval_slot_type_f1': 0.9450358347010098, 'eval_slot_value_cer': 0.1440008703665779, 'eval_runtime': 447.1862, 'eval_samples_per_second': 25.045, 'eval_steps_per_second': 1.565, 'epoch': 3.5}
{'loss': 0.0931, 'learning_rate': 3.2800000000000004e-05, 'epoch': 3.51}
{'loss': 0.09, 'learning_rate': 3.2000000000000005e-05, 'epoch': 3.52}
{'eval_loss': 0.18021829426288605, 'eval_slot_type_f1': 0.9446621671978787, 'eval_slot_value_cer': 0.14132897296743804, 'eval_runtime': 445.5526, 'eval_samples_per_second': 25.137, 'eval_steps_per_second': 1.571, 'epoch': 3.52}
{'loss': 0.0941, 'learning_rate': 3.12e-05, 'epoch': 3.52}
{'loss': 0.095, 'learning_rate': 3.04e-05, 'epoch': 3.53}
{'eval_loss': 0.17670680582523346, 'eval_slot_type_f1': 0.9476526246570869, 'eval_slot_value_cer': 0.14029221277902928, 'eval_runtime': 445.3405, 'eval_samples_per_second': 25.149, 'eval_steps_per_second': 1.572, 'epoch': 3.53}
{'loss': 0.0995, 'learning_rate': 2.96e-05, 'epoch': 3.54}
{'loss': 0.0994, 'learning_rate': 2.88e-05, 'epoch': 3.55}
{'eval_loss': 0.17865987122058868, 'eval_slot_type_f1': 0.9456306079832834, 'eval_slot_value_cer': 0.1413033739504403, 'eval_runtime': 446.2179, 'eval_samples_per_second': 25.1, 'eval_steps_per_second': 1.569, 'epoch': 3.55}
{'loss': 0.0902, 'learning_rate': 2.8000000000000003e-05, 'epoch': 3.55}
{'loss': 0.0903, 'learning_rate': 2.7200000000000004e-05, 'epoch': 3.56}
{'eval_loss': 0.18989764153957367, 'eval_slot_type_f1': 0.9452233272679677, 'eval_slot_value_cer': 0.143284097890641, 'eval_runtime': 446.2838, 'eval_samples_per_second': 25.096, 'eval_steps_per_second': 1.569, 'epoch': 3.56}
{'loss': 0.1013, 'learning_rate': 2.64e-05, 'epoch': 3.57}
{'loss': 0.0848, 'learning_rate': 2.5600000000000002e-05, 'epoch': 3.58}
{'eval_loss': 0.18500326573848724, 'eval_slot_type_f1': 0.945547054631874, 'eval_slot_value_cer': 0.1417577565021503, 'eval_runtime': 445.9796, 'eval_samples_per_second': 25.113, 'eval_steps_per_second': 1.57, 'epoch': 3.58}
{'loss': 0.088, 'learning_rate': 2.48e-05, 'epoch': 3.58}
{'loss': 0.0974, 'learning_rate': 2.4e-05, 'epoch': 3.59}
{'eval_loss': 0.179831862449646, 'eval_slot_type_f1': 0.9449412967984373, 'eval_slot_value_cer': 0.1429513106696703, 'eval_runtime': 444.809, 'eval_samples_per_second': 25.179, 'eval_steps_per_second': 1.574, 'epoch': 3.59}
{'loss': 0.1017, 'learning_rate': 2.32e-05, 'epoch': 3.6}
{'loss': 0.0937, 'learning_rate': 2.2400000000000002e-05, 'epoch': 3.61}
{'eval_loss': 0.17891748249530792, 'eval_slot_type_f1': 0.9455414005637195, 'eval_slot_value_cer': 0.14150816608642228, 'eval_runtime': 444.1691, 'eval_samples_per_second': 25.216, 'eval_steps_per_second': 1.576, 'epoch': 3.61}
{'loss': 0.0921, 'learning_rate': 2.16e-05, 'epoch': 3.62}
{'loss': 0.0981, 'learning_rate': 2.08e-05, 'epoch': 3.62}
{'eval_loss': 0.17968931794166565, 'eval_slot_type_f1': 0.9434910298035285, 'eval_slot_value_cer': 0.14379287835347124, 'eval_runtime': 443.4388, 'eval_samples_per_second': 25.257, 'eval_steps_per_second': 1.579, 'epoch': 3.62}
{'loss': 0.0899, 'learning_rate': 2e-05, 'epoch': 3.63}
{'loss': 0.0929, 'learning_rate': 1.9200000000000003e-05, 'epoch': 3.64}
{'eval_loss': 0.1782352328300476, 'eval_slot_type_f1': 0.9437702312568361, 'eval_slot_value_cer': 0.14427925967642843, 'eval_runtime': 444.4965, 'eval_samples_per_second': 25.197, 'eval_steps_per_second': 1.575, 'epoch': 3.64}
{'loss': 0.0861, 'learning_rate': 1.84e-05, 'epoch': 3.65}
{'loss': 0.0972, 'learning_rate': 1.76e-05, 'epoch': 3.65}
{'eval_loss': 0.17674346268177032, 'eval_slot_type_f1': 0.9439603144870975, 'eval_slot_value_cer': 0.14281371595330739, 'eval_runtime': 442.7653, 'eval_samples_per_second': 25.296, 'eval_steps_per_second': 1.581, 'epoch': 3.65}
{'loss': 0.0864, 'learning_rate': 1.6800000000000002e-05, 'epoch': 3.66}
{'loss': 0.0967, 'learning_rate': 1.6000000000000003e-05, 'epoch': 3.67}
{'eval_loss': 0.17984071373939514, 'eval_slot_type_f1': 0.944212677699282, 'eval_slot_value_cer': 0.1428681138644276, 'eval_runtime': 441.7103, 'eval_samples_per_second': 25.356, 'eval_steps_per_second': 1.585, 'epoch': 3.67}
{'loss': 0.0939, 'learning_rate': 1.52e-05, 'epoch': 3.68}
{'loss': 0.0921, 'learning_rate': 1.44e-05, 'epoch': 3.68}
{'eval_loss': 0.1805431842803955, 'eval_slot_type_f1': 0.9433072938965774, 'eval_slot_value_cer': 0.1429513106696703, 'eval_runtime': 442.2115, 'eval_samples_per_second': 25.327, 'eval_steps_per_second': 1.583, 'epoch': 3.68}
{'loss': 0.0957, 'learning_rate': 1.3600000000000002e-05, 'epoch': 3.69}
{'loss': 0.0921, 'learning_rate': 1.2800000000000001e-05, 'epoch': 3.7}
{'eval_loss': 0.18079590797424316, 'eval_slot_type_f1': 0.9433720768318964, 'eval_slot_value_cer': 0.14327129838214211, 'eval_runtime': 441.6819, 'eval_samples_per_second': 25.358, 'eval_steps_per_second': 1.585, 'epoch': 3.7}
{'loss': 0.085, 'learning_rate': 1.2e-05, 'epoch': 3.71}
{'loss': 0.0879, 'learning_rate': 1.1200000000000001e-05, 'epoch': 3.71}
{'eval_loss': 0.18135197460651398, 'eval_slot_type_f1': 0.9437729894113808, 'eval_slot_value_cer': 0.14165536043415933, 'eval_runtime': 441.6402, 'eval_samples_per_second': 25.36, 'eval_steps_per_second': 1.585, 'epoch': 3.71}
{'loss': 0.0914, 'learning_rate': 1.04e-05, 'epoch': 3.72}
{'loss': 0.084, 'learning_rate': 9.600000000000001e-06, 'epoch': 3.73}
{'eval_loss': 0.18256497383117676, 'eval_slot_type_f1': 0.944353937233399, 'eval_slot_value_cer': 0.14104738378046283, 'eval_runtime': 440.9074, 'eval_samples_per_second': 25.402, 'eval_steps_per_second': 1.588, 'epoch': 3.73}
{'loss': 0.085, 'learning_rate': 8.8e-06, 'epoch': 3.74}
{'loss': 0.0862, 'learning_rate': 8.000000000000001e-06, 'epoch': 3.75}
{'eval_loss': 0.18070262670516968, 'eval_slot_type_f1': 0.9448955181723019, 'eval_slot_value_cer': 0.14026341388490682, 'eval_runtime': 441.0066, 'eval_samples_per_second': 25.396, 'eval_steps_per_second': 1.587, 'epoch': 3.75}
{'loss': 0.089, 'learning_rate': 7.2e-06, 'epoch': 3.75}
{'loss': 0.0852, 'learning_rate': 6.4000000000000006e-06, 'epoch': 3.76}
{'eval_loss': 0.17884096503257751, 'eval_slot_type_f1': 0.946425101684028, 'eval_slot_value_cer': 0.13908905898013516, 'eval_runtime': 441.1945, 'eval_samples_per_second': 25.386, 'eval_steps_per_second': 1.587, 'epoch': 3.76}
{'loss': 0.0822, 'learning_rate': 5.600000000000001e-06, 'epoch': 3.77}
{'loss': 0.0831, 'learning_rate': 4.800000000000001e-06, 'epoch': 3.78}
{'eval_loss': 0.17871218919754028, 'eval_slot_type_f1': 0.9460432657620133, 'eval_slot_value_cer': 0.13916905590825313, 'eval_runtime': 439.6137, 'eval_samples_per_second': 25.477, 'eval_steps_per_second': 1.592, 'epoch': 3.78}
{'loss': 0.0872, 'learning_rate': 4.000000000000001e-06, 'epoch': 3.78}
{'loss': 0.0896, 'learning_rate': 3.2000000000000003e-06, 'epoch': 3.79}
{'eval_loss': 0.17775942385196686, 'eval_slot_type_f1': 0.9463112700791249, 'eval_slot_value_cer': 0.1395306420233463, 'eval_runtime': 441.5117, 'eval_samples_per_second': 25.367, 'eval_steps_per_second': 1.585, 'epoch': 3.79}
{'loss': 0.0968, 'learning_rate': 2.4000000000000003e-06, 'epoch': 3.8}
{'loss': 0.08, 'learning_rate': 1.6000000000000001e-06, 'epoch': 3.81}
{'eval_loss': 0.1766563355922699, 'eval_slot_type_f1': 0.9462570866633345, 'eval_slot_value_cer': 0.14004262236330126, 'eval_runtime': 441.7573, 'eval_samples_per_second': 25.353, 'eval_steps_per_second': 1.585, 'epoch': 3.81}
{'loss': 0.0946, 'learning_rate': 8.000000000000001e-07, 'epoch': 3.81}
{'loss': 0.0859, 'learning_rate': 0.0, 'epoch': 3.82}
{'eval_loss': 0.17653222382068634, 'eval_slot_type_f1': 0.9465434441550489, 'eval_slot_value_cer': 0.13970983514233054, 'eval_runtime': 441.1491, 'eval_samples_per_second': 25.388, 'eval_steps_per_second': 1.587, 'epoch': 3.82}
{'train_runtime': 185832.9083, 'train_samples_per_second': 4.305, 'train_steps_per_second': 0.269, 'train_loss': 0.3478290255260468, 'epoch': 3.82}
{'test_loss': 0.1937057077884674, 'test_slot_type_f1': 0.9389046137394332, 'test_slot_value_cer': 0.1411082474226804, 'test_runtime': 545.56, 'test_samples_per_second': 20.529, 'test_steps_per_second': 1.283}
